# JRE version: OpenJDK Runtime Environment (8.0_222-b10) (build 1.8.0_222-b10)
# Java VM: OpenJDK 64-Bit Server VM (25.222-b10 mixed mode linux-amd64 compressed oops)
Heap:
 PSYoungGen      total 1222656K, used 0K [0x0000000770d80000, 0x00000007c0000000, 0x00000007c0000000)
  eden space 1154048K, 0% used [0x0000000770d80000,0x0000000770d80000,0x00000007b7480000)
  from space 68608K, 0% used [0x00000007b7480000,0x00000007b7480000,0x00000007bb780000)
  to   space 67584K, 0% used [0x00000007bbe00000,0x00000007bbe00000,0x00000007c0000000)
 ParOldGen       total 1767424K, used 505705K [0x00000006d2800000, 0x000000073e600000, 0x0000000770d80000)
  object space 1767424K, 28% used [0x00000006d2800000,0x00000006f15da6b8,0x000000073e600000)
 Metaspace       used 102059K, capacity 111618K, committed 111768K, reserved 1146880K
  class space    used 12998K, capacity 15013K, committed 15016K, reserved 1048576K
GC Heap History (250 events):
Event: 193246.176 GC heap after
Heap after GC invocations=10036 (full 5):
 PSYoungGen      total 1290752K, used 5183K [0x0000000770d80000, 0x00000007c0000000, 0x00000007c0000000)
  eden space 1284608K, 0% used [0x0000000770d80000,0x0000000770d80000,0x00000007bf400000)
  from space 6144K, 84% used [0x00000007bf400000,0x00000007bf90ff68,0x00000007bfa00000)
  to   space 6144K, 0% used [0x00000007bfa00000,0x00000007bfa00000,0x00000007c0000000)
 ParOldGen       total 1767424K, used 1671507K [0x00000006d2800000, 0x000000073e600000, 0x0000000770d80000)
  object space 1767424K, 94% used [0x00000006d2800000,0x0000000738854f30,0x000000073e600000)
 Metaspace       used 102024K, capacity 111550K, committed 111768K, reserved 1146880K
  class space    used 12998K, capacity 15015K, committed 15016K, reserved 1048576K
}
Event: 193266.303 GC heap before
{Heap before GC invocations=10037 (full 5):
 PSYoungGen      total 1290752K, used 1289791K [0x0000000770d80000, 0x00000007c0000000, 0x00000007c0000000)
  eden space 1284608K, 100% used [0x0000000770d80000,0x00000007bf400000,0x00000007bf400000)
  from space 6144K, 84% used [0x00000007bf400000,0x00000007bf90ff68,0x00000007bfa00000)
  to   space 6144K, 0% used [0x00000007bfa00000,0x00000007bfa00000,0x00000007c0000000)
 ParOldGen       total 1767424K, used 1671507K [0x00000006d2800000, 0x000000073e600000, 0x0000000770d80000)
  object space 1767424K, 94% used [0x00000006d2800000,0x0000000738854f30,0x000000073e600000)
 Metaspace       used 102024K, capacity 111550K, committed 111768K, reserved 1146880K
  class space    used 12998K, capacity 15015K, committed 15016K, reserved 1048576K
Event: 193266.320 GC heap after
Heap after GC invocations=10037 (full 5):
 PSYoungGen      total 1290752K, used 5375K [0x0000000770d80000, 0x00000007c0000000, 0x00000007c0000000)
  eden space 1284608K, 0% used [0x0000000770d80000,0x0000000770d80000,0x00000007bf400000)
  from space 6144K, 87% used [0x00000007bfa00000,0x00000007bff3fde8,0x00000007c0000000)
  to   space 6144K, 0% used [0x00000007bf400000,0x00000007bf400000,0x00000007bfa00000)
 ParOldGen       total 1767424K, used 1671571K [0x00000006d2800000, 0x000000073e600000, 0x0000000770d80000)
  object space 1767424K, 94% used [0x00000006d2800000,0x0000000738864f30,0x000000073e600000)
 Metaspace       used 102024K, capacity 111550K, committed 111768K, reserved 1146880K
  class space    used 12998K, capacity 15015K, committed 15016K, reserved 1048576K
}
Event: 193286.477 GC heap before
{Heap before GC invocations=10038 (full 5):
 PSYoungGen      total 1290752K, used 1289983K [0x0000000770d80000, 0x00000007c0000000, 0x00000007c0000000)
  eden space 1284608K, 100% used [0x0000000770d80000,0x00000007bf400000,0x00000007bf400000)
  from space 6144K, 87% used [0x00000007bfa00000,0x00000007bff3fde8,0x00000007c0000000)
  to   space 6144K, 0% used [0x00000007bf400000,0x00000007bf400000,0x00000007bfa00000)
 ParOldGen       total 1767424K, used 1671571K [0x00000006d2800000, 0x000000073e600000, 0x0000000770d80000)
  object space 1767424K, 94% used [0x00000006d2800000,0x0000000738864f30,0x000000073e600000)
 Metaspace       used 102024K, capacity 111550K, committed 111768K, reserved 1146880K
  class space    used 12998K, capacity 15015K, committed 15016K, reserved 1048576K
Event: 193286.494 GC heap after
Heap after GC invocations=10038 (full 5):
 PSYoungGen      total 1290752K, used 5151K [0x0000000770d80000, 0x00000007c0000000, 0x00000007c0000000)
  eden space 1284608K, 0% used [0x0000000770d80000,0x0000000770d80000,0x00000007bf400000)
  from space 6144K, 83% used [0x00000007bf400000,0x00000007bf907f68,0x00000007bfa00000)
  to   space 6144K, 0% used [0x00000007bfa00000,0x00000007bfa00000,0x00000007c0000000)
 ParOldGen       total 1767424K, used 1671699K [0x00000006d2800000, 0x000000073e600000, 0x0000000770d80000)
  object space 1767424K, 94% used [0x00000006d2800000,0x0000000738884f30,0x000000073e600000)
 Metaspace       used 102024K, capacity 111550K, committed 111768K, reserved 1146880K
  class space    used 12998K, capacity 15015K, committed 15016K, reserved 1048576K
}
Event: 193306.278 GC heap before
{Heap before GC invocations=10039 (full 5):
 PSYoungGen      total 1290752K, used 1289759K [0x0000000770d80000, 0x00000007c0000000, 0x00000007c0000000)
  eden space 1284608K, 100% used [0x0000000770d80000,0x00000007bf400000,0x00000007bf400000)
  from space 6144K, 83% used [0x00000007bf400000,0x00000007bf907f68,0x00000007bfa00000)
  to   space 6144K, 0% used [0x00000007bfa00000,0x00000007bfa00000,0x00000007c0000000)
 ParOldGen       total 1767424K, used 1671699K [0x00000006d2800000, 0x000000073e600000, 0x0000000770d80000)
  object space 1767424K, 94% used [0x00000006d2800000,0x0000000738884f30,0x000000073e600000)
 Metaspace       used 102024K, capacity 111550K, committed 111768K, reserved 1146880K
  class space    used 12998K, capacity 15015K, committed 15016K, reserved 1048576K
Event: 193306.299 GC heap after
Heap after GC invocations=10039 (full 5):
 PSYoungGen      total 1290752K, used 5119K [0x0000000770d80000, 0x00000007c0000000, 0x00000007c0000000)
  eden space 1284608K, 0% used [0x0000000770d80000,0x0000000770d80000,0x00000007bf400000)
  from space 6144K, 83% used [0x00000007bfa00000,0x00000007bfefff68,0x00000007c0000000)
  to   space 6144K, 0% used [0x00000007bf400000,0x00000007bf400000,0x00000007bfa00000)
 ParOldGen       total 1767424K, used 1671755K [0x00000006d2800000, 0x000000073e600000, 0x0000000770d80000)
  object space 1767424K, 94% used [0x00000006d2800000,0x0000000738892f30,0x000000073e600000)
 Metaspace       used 102024K, capacity 111550K, committed 111768K, reserved 1146880K
  class space    used 12998K, capacity 15015K, committed 15016K, reserved 1048576K
}
Event: 193327.753 GC heap before
{Heap before GC invocations=10040 (full 5):
 PSYoungGen      total 1290752K, used 1289727K [0x0000000770d80000, 0x00000007c0000000, 0x00000007c0000000)
  eden space 1284608K, 100% used [0x0000000770d80000,0x00000007bf400000,0x00000007bf400000)
  from space 6144K, 83% used [0x00000007bfa00000,0x00000007bfefff68,0x00000007c0000000)
  to   space 6144K, 0% used [0x00000007bf400000,0x00000007bf400000,0x00000007bfa00000)
 ParOldGen       total 1767424K, used 1671755K [0x00000006d2800000, 0x000000073e600000, 0x0000000770d80000)
  object space 1767424K, 94% used [0x00000006d2800000,0x0000000738892f30,0x000000073e600000)
 Metaspace       used 102024K, capacity 111550K, committed 111768K, reserved 1146880K
  class space    used 12998K, capacity 15015K, committed 15016K, reserved 1048576K
Event: 193327.770 GC heap after
Heap after GC invocations=10040 (full 5):
 PSYoungGen      total 1290752K, used 4991K [0x0000000770d80000, 0x00000007c0000000, 0x00000007c0000000)
  eden space 1284608K, 0% used [0x0000000770d80000,0x0000000770d80000,0x00000007bf400000)
  from space 6144K, 81% used [0x00000007bf400000,0x00000007bf8dfde8,0x00000007bfa00000)
  to   space 6144K, 0% used [0x00000007bfa00000,0x00000007bfa00000,0x00000007c0000000)
 ParOldGen       total 1767424K, used 1671859K [0x00000006d2800000, 0x000000073e600000, 0x0000000770d80000)
  object space 1767424K, 94% used [0x00000006d2800000,0x00000007388acf30,0x000000073e600000)
 Metaspace       used 102024K, capacity 111550K, committed 111768K, reserved 1146880K
  class space    used 12998K, capacity 15015K, committed 15016K, reserved 1048576K
}
Event: 193349.054 GC heap before
{Heap before GC invocations=10041 (full 5):
 PSYoungGen      total 1290752K, used 1289599K [0x0000000770d80000, 0x00000007c0000000, 0x00000007c0000000)
  eden space 1284608K, 100% used [0x0000000770d80000,0x00000007bf400000,0x00000007bf400000)
  from space 6144K, 81% used [0x00000007bf400000,0x00000007bf8dfde8,0x00000007bfa00000)
  to   space 6144K, 0% used [0x00000007bfa00000,0x00000007bfa00000,0x00000007c0000000)
 ParOldGen       total 1767424K, used 1671859K [0x00000006d2800000, 0x000000073e600000, 0x0000000770d80000)
  object space 1767424K, 94% used [0x00000006d2800000,0x00000007388acf30,0x000000073e600000)
 Metaspace       used 102024K, capacity 111550K, committed 111768K, reserved 1146880K
  class space    used 12998K, capacity 15015K, committed 15016K, reserved 1048576K
Event: 193349.071 GC heap after
Heap after GC invocations=10041 (full 5):
 PSYoungGen      total 1290752K, used 5087K [0x0000000770d80000, 0x00000007c0000000, 0x00000007c0000000)
  eden space 1284608K, 0% used [0x0000000770d80000,0x0000000770d80000,0x00000007bf400000)
  from space 6144K, 82% used [0x00000007bfa00000,0x00000007bfef7f68,0x00000007c0000000)
  to   space 6144K, 0% used [0x00000007bf400000,0x00000007bf400000,0x00000007bfa00000)
 ParOldGen       total 1767424K, used 1671987K [0x00000006d2800000, 0x000000073e600000, 0x0000000770d80000)
  object space 1767424K, 94% used [0x00000006d2800000,0x00000007388ccf30,0x000000073e600000)
 Metaspace       used 102024K, capacity 111550K, committed 111768K, reserved 1146880K
  class space    used 12998K, capacity 15015K, committed 15016K, reserved 1048576K
}
Event: 193370.111 GC heap before
{Heap before GC invocations=10042 (full 5):
 PSYoungGen      total 1290752K, used 1289695K [0x0000000770d80000, 0x00000007c0000000, 0x00000007c0000000)
  eden space 1284608K, 100% used [0x0000000770d80000,0x00000007bf400000,0x00000007bf400000)
  from space 6144K, 82% used [0x00000007bfa00000,0x00000007bfef7f68,0x00000007c0000000)
  to   space 6144K, 0% used [0x00000007bf400000,0x00000007bf400000,0x00000007bfa00000)
 ParOldGen       total 1767424K, used 1671987K [0x00000006d2800000, 0x000000073e600000, 0x0000000770d80000)
  object space 1767424K, 94% used [0x00000006d2800000,0x00000007388ccf30,0x000000073e600000)
 Metaspace       used 102024K, capacity 111550K, committed 111768K, reserved 1146880K
  class space    used 12998K, capacity 15015K, committed 15016K, reserved 1048576K
Event: 193370.127 GC heap after
Heap after GC invocations=10042 (full 5):
 PSYoungGen      total 1290752K, used 5055K [0x0000000770d80000, 0x00000007c0000000, 0x00000007c0000000)
  eden space 1284608K, 0% used [0x0000000770d80000,0x0000000770d80000,0x00000007bf400000)
  from space 6144K, 82% used [0x00000007bf400000,0x00000007bf8efdf8,0x00000007bfa00000)
  to   space 6144K, 0% used [0x00000007bfa00000,0x00000007bfa00000,0x00000007c0000000)
 ParOldGen       total 1767424K, used 1672003K [0x00000006d2800000, 0x000000073e600000, 0x0000000770d80000)
  object space 1767424K, 94% used [0x00000006d2800000,0x00000007388d0f30,0x000000073e600000)
 Metaspace       used 102024K, capacity 111550K, committed 111768K, reserved 1146880K
  class space    used 12998K, capacity 15015K, committed 15016K, reserved 1048576K
}
Event: 193395.170 GC heap before
{Heap before GC invocations=10043 (full 5):
 PSYoungGen      total 1290752K, used 1289663K [0x0000000770d80000, 0x00000007c0000000, 0x00000007c0000000)
  eden space 1284608K, 100% used [0x0000000770d80000,0x00000007bf400000,0x00000007bf400000)
  from space 6144K, 82% used [0x00000007bf400000,0x00000007bf8efdf8,0x00000007bfa00000)
  to   space 6144K, 0% used [0x00000007bfa00000,0x00000007bfa00000,0x00000007c0000000)
 ParOldGen       total 1767424K, used 1672003K [0x00000006d2800000, 0x000000073e600000, 0x0000000770d80000)
  object space 1767424K, 94% used [0x00000006d2800000,0x00000007388d0f30,0x000000073e600000)
 Metaspace       used 102024K, capacity 111550K, committed 111768K, reserved 1146880K
  class space    used 12998K, capacity 15015K, committed 15016K, reserved 1048576K
Event: 193395.187 GC heap after
Heap after GC invocations=10043 (full 5):
 PSYoungGen      total 1290752K, used 4863K [0x0000000770d80000, 0x00000007c0000000, 0x00000007c0000000)
  eden space 1284608K, 0% used [0x0000000770d80000,0x0000000770d80000,0x00000007bf400000)
  from space 6144K, 79% used [0x00000007bfa00000,0x00000007bfebff68,0x00000007c0000000)
  to   space 6144K, 0% used [0x00000007bf400000,0x00000007bf400000,0x00000007bfa00000)
 ParOldGen       total 1767424K, used 1672035K [0x00000006d2800000, 0x000000073e600000, 0x0000000770d80000)
  object space 1767424K, 94% used [0x00000006d2800000,0x00000007388d8f30,0x000000073e600000)
 Metaspace       used 102024K, capacity 111550K, committed 111768K, reserved 1146880K
  class space    used 12998K, capacity 15015K, committed 15016K, reserved 1048576K
}
Event: 193420.703 GC heap before
{Heap before GC invocations=10044 (full 5):
 PSYoungGen      total 1290752K, used 1289471K [0x0000000770d80000, 0x00000007c0000000, 0x00000007c0000000)
  eden space 1284608K, 100% used [0x0000000770d80000,0x00000007bf400000,0x00000007bf400000)
  from space 6144K, 79% used [0x00000007bfa00000,0x00000007bfebff68,0x00000007c0000000)
  to   space 6144K, 0% used [0x00000007bf400000,0x00000007bf400000,0x00000007bfa00000)
 ParOldGen       total 1767424K, used 1672035K [0x00000006d2800000, 0x000000073e600000, 0x0000000770d80000)
  object space 1767424K, 94% used [0x00000006d2800000,0x00000007388d8f30,0x000000073e600000)
 Metaspace       used 102024K, capacity 111550K, committed 111768K, reserved 1146880K
  class space    used 12998K, capacity 15015K, committed 15016K, reserved 1048576K
Event: 193420.721 GC heap after
Heap after GC invocations=10044 (full 5):
 PSYoungGen      total 1290752K, used 5151K [0x0000000770d80000, 0x00000007c0000000, 0x00000007c0000000)
  eden space 1284608K, 0% used [0x0000000770d80000,0x0000000770d80000,0x00000007bf400000)
  from space 6144K, 83% used [0x00000007bf400000,0x00000007bf907f68,0x00000007bfa00000)
  to   space 6144K, 0% used [0x00000007bfa00000,0x00000007bfa00000,0x00000007c0000000)
 ParOldGen       total 1767424K, used 1672067K [0x00000006d2800000, 0x000000073e600000, 0x0000000770d80000)
  object space 1767424K, 94% used [0x00000006d2800000,0x00000007388e0f30,0x000000073e600000)
 Metaspace       used 102024K, capacity 111550K, committed 111768K, reserved 1146880K
  class space    used 12998K, capacity 15015K, committed 15016K, reserved 1048576K
}
Event: 193444.144 GC heap before
{Heap before GC invocations=10045 (full 5):
 PSYoungGen      total 1290752K, used 1289759K [0x0000000770d80000, 0x00000007c0000000, 0x00000007c0000000)
  eden space 1284608K, 100% used [0x0000000770d80000,0x00000007bf400000,0x00000007bf400000)
  from space 6144K, 83% used [0x00000007bf400000,0x00000007bf907f68,0x00000007bfa00000)
  to   space 6144K, 0% used [0x00000007bfa00000,0x00000007bfa00000,0x00000007c0000000)
 ParOldGen       total 1767424K, used 1672067K [0x00000006d2800000, 0x000000073e600000, 0x0000000770d80000)
  object space 1767424K, 94% used [0x00000006d2800000,0x00000007388e0f30,0x000000073e600000)
 Metaspace       used 102024K, capacity 111550K, committed 111768K, reserved 1146880K
  class space    used 12998K, capacity 15015K, committed 15016K, reserved 1048576K
Event: 193444.161 GC heap after
Heap after GC invocations=10045 (full 5):
 PSYoungGen      total 1290752K, used 5183K [0x0000000770d80000, 0x00000007c0000000, 0x00000007c0000000)
  eden space 1284608K, 0% used [0x0000000770d80000,0x0000000770d80000,0x00000007bf400000)
  from space 6144K, 84% used [0x00000007bfa00000,0x00000007bff0ff68,0x00000007c0000000)
  to   space 6144K, 0% used [0x00000007bf400000,0x00000007bf400000,0x00000007bfa00000)
 ParOldGen       total 1767424K, used 1672131K [0x00000006d2800000, 0x000000073e600000, 0x0000000770d80000)
  object space 1767424K, 94% used [0x00000006d2800000,0x00000007388f0f30,0x000000073e600000)
 Metaspace       used 102024K, capacity 111550K, committed 111768K, reserved 1146880K
  class space    used 12998K, capacity 15015K, committed 15016K, reserved 1048576K
}
Event: 193467.461 GC heap before
{Heap before GC invocations=10046 (full 5):
 PSYoungGen      total 1290752K, used 1289791K [0x0000000770d80000, 0x00000007c0000000, 0x00000007c0000000)
  eden space 1284608K, 100% used [0x0000000770d80000,0x00000007bf400000,0x00000007bf400000)
  from space 6144K, 84% used [0x00000007bfa00000,0x00000007bff0ff68,0x00000007c0000000)
  to   space 6144K, 0% used [0x00000007bf400000,0x00000007bf400000,0x00000007bfa00000)
 ParOldGen       total 1767424K, used 1672131K [0x00000006d2800000, 0x000000073e600000, 0x0000000770d80000)
  object space 1767424K, 94% used [0x00000006d2800000,0x00000007388f0f30,0x000000073e600000)
 Metaspace       used 102024K, capacity 111550K, committed 111768K, reserved 1146880K
  class space    used 12998K, capacity 15015K, committed 15016K, reserved 1048576K
Event: 193467.478 GC heap after
Heap after GC invocations=10046 (full 5):
 PSYoungGen      total 1290752K, used 5151K [0x0000000770d80000, 0x00000007c0000000, 0x00000007c0000000)
  eden space 1284608K, 0% used [0x0000000770d80000,0x0000000770d80000,0x00000007bf400000)
  from space 6144K, 83% used [0x00000007bf400000,0x00000007bf907de8,0x00000007bfa00000)
  to   space 6144K, 0% used [0x00000007bfa00000,0x00000007bfa00000,0x00000007c0000000)
 ParOldGen       total 1767424K, used 1672163K [0x00000006d2800000, 0x000000073e600000, 0x0000000770d80000)
  object space 1767424K, 94% used [0x00000006d2800000,0x00000007388f8f30,0x000000073e600000)
 Metaspace       used 102024K, capacity 111550K, committed 111768K, reserved 1146880K
  class space    used 12998K, capacity 15015K, committed 15016K, reserved 1048576K
}
Event: 193490.507 GC heap before
{Heap before GC invocations=10047 (full 5):
 PSYoungGen      total 1290752K, used 1289759K [0x0000000770d80000, 0x00000007c0000000, 0x00000007c0000000)
  eden space 1284608K, 100% used [0x0000000770d80000,0x00000007bf400000,0x00000007bf400000)
  from space 6144K, 83% used [0x00000007bf400000,0x00000007bf907de8,0x00000007bfa00000)
  to   space 6144K, 0% used [0x00000007bfa00000,0x00000007bfa00000,0x00000007c0000000)
 ParOldGen       total 1767424K, used 1672163K [0x00000006d2800000, 0x000000073e600000, 0x0000000770d80000)
  object space 1767424K, 94% used [0x00000006d2800000,0x00000007388f8f30,0x000000073e600000)
 Metaspace       used 102024K, capacity 111550K, committed 111768K, reserved 1146880K
  class space    used 12998K, capacity 15015K, committed 15016K, reserved 1048576K
Event: 193490.523 GC heap after
Heap after GC invocations=10047 (full 5):
 PSYoungGen      total 1290752K, used 5151K [0x0000000770d80000, 0x00000007c0000000, 0x00000007c0000000)
  eden space 1284608K, 0% used [0x0000000770d80000,0x0000000770d80000,0x00000007bf400000)
  from space 6144K, 83% used [0x00000007bfa00000,0x00000007bff07de8,0x00000007c0000000)
  to   space 6144K, 0% used [0x00000007bf400000,0x00000007bf400000,0x00000007bfa00000)
 ParOldGen       total 1767424K, used 1672195K [0x00000006d2800000, 0x000000073e600000, 0x0000000770d80000)
  object space 1767424K, 94% used [0x00000006d2800000,0x0000000738900f30,0x000000073e600000)
 Metaspace       used 102024K, capacity 111550K, committed 111768K, reserved 1146880K
  class space    used 12998K, capacity 15015K, committed 15016K, reserved 1048576K
}
Event: 193513.558 GC heap before
{Heap before GC invocations=10048 (full 5):
 PSYoungGen      total 1290752K, used 1289759K [0x0000000770d80000, 0x00000007c0000000, 0x00000007c0000000)
  eden space 1284608K, 100% used [0x0000000770d80000,0x00000007bf400000,0x00000007bf400000)
  from space 6144K, 83% used [0x00000007bfa00000,0x00000007bff07de8,0x00000007c0000000)
  to   space 6144K, 0% used [0x00000007bf400000,0x00000007bf400000,0x00000007bfa00000)
 ParOldGen       total 1767424K, used 1672195K [0x00000006d2800000, 0x000000073e600000, 0x0000000770d80000)
  object space 1767424K, 94% used [0x00000006d2800000,0x0000000738900f30,0x000000073e600000)
 Metaspace       used 102024K, capacity 111550K, committed 111768K, reserved 1146880K
  class space    used 12998K, capacity 15015K, committed 15016K, reserved 1048576K
Event: 193513.574 GC heap after
Heap after GC invocations=10048 (full 5):
 PSYoungGen      total 1290752K, used 4959K [0x0000000770d80000, 0x00000007c0000000, 0x00000007c0000000)
  eden space 1284608K, 0% used [0x0000000770d80000,0x0000000770d80000,0x00000007bf400000)
  from space 6144K, 80% used [0x00000007bf400000,0x00000007bf8d7f68,0x00000007bfa00000)
  to   space 6144K, 0% used [0x00000007bfa00000,0x00000007bfa00000,0x00000007c0000000)
 ParOldGen       total 1767424K, used 1672235K [0x00000006d2800000, 0x000000073e600000, 0x0000000770d80000)
  object space 1767424K, 94% used [0x00000006d2800000,0x000000073890af30,0x000000073e600000)
 Metaspace       used 102024K, capacity 111550K, committed 111768K, reserved 1146880K
  class space    used 12998K, capacity 15015K, committed 15016K, reserved 1048576K
}
Event: 193535.652 GC heap before
{Heap before GC invocations=10049 (full 5):
 PSYoungGen      total 1290752K, used 1289567K [0x0000000770d80000, 0x00000007c0000000, 0x00000007c0000000)
  eden space 1284608K, 100% used [0x0000000770d80000,0x00000007bf400000,0x00000007bf400000)
  from space 6144K, 80% used [0x00000007bf400000,0x00000007bf8d7f68,0x00000007bfa00000)
  to   space 6144K, 0% used [0x00000007bfa00000,0x00000007bfa00000,0x00000007c0000000)
 ParOldGen       total 1767424K, used 1672235K [0x00000006d2800000, 0x000000073e600000, 0x0000000770d80000)
  object space 1767424K, 94% used [0x00000006d2800000,0x000000073890af30,0x000000073e600000)
 Metaspace       used 102024K, capacity 111550K, committed 111768K, reserved 1146880K
  class space    used 12998K, capacity 15015K, committed 15016K, reserved 1048576K
Event: 193535.669 GC heap after
Heap after GC invocations=10049 (full 5):
 PSYoungGen      total 1290752K, used 5151K [0x0000000770d80000, 0x00000007c0000000, 0x00000007c0000000)
  eden space 1284608K, 0% used [0x0000000770d80000,0x0000000770d80000,0x00000007bf400000)
  from space 6144K, 83% used [0x00000007bfa00000,0x00000007bff07de8,0x00000007c0000000)
  to   space 6144K, 0% used [0x00000007bf400000,0x00000007bf400000,0x00000007bfa00000)
 ParOldGen       total 1767424K, used 1672251K [0x00000006d2800000, 0x000000073e600000, 0x0000000770d80000)
  object space 1767424K, 94% used [0x00000006d2800000,0x000000073890ef30,0x000000073e600000)
 Metaspace       used 102024K, capacity 111550K, committed 111768K, reserved 1146880K
  class space    used 12998K, capacity 15015K, committed 15016K, reserved 1048576K
}
Event: 193555.966 GC heap before
{Heap before GC invocations=10050 (full 5):
 PSYoungGen      total 1290752K, used 1289759K [0x0000000770d80000, 0x00000007c0000000, 0x00000007c0000000)
  eden space 1284608K, 100% used [0x0000000770d80000,0x00000007bf400000,0x00000007bf400000)
  from space 6144K, 83% used [0x00000007bfa00000,0x00000007bff07de8,0x00000007c0000000)
  to   space 6144K, 0% used [0x00000007bf400000,0x00000007bf400000,0x00000007bfa00000)
 ParOldGen       total 1767424K, used 1672251K [0x00000006d2800000, 0x000000073e600000, 0x0000000770d80000)
  object space 1767424K, 94% used [0x00000006d2800000,0x000000073890ef30,0x000000073e600000)
 Metaspace       used 102024K, capacity 111550K, committed 111768K, reserved 1146880K
  class space    used 12998K, capacity 15015K, committed 15016K, reserved 1048576K
Event: 193555.983 GC heap after
Heap after GC invocations=10050 (full 5):
 PSYoungGen      total 1290752K, used 5279K [0x0000000770d80000, 0x00000007c0000000, 0x00000007c0000000)
  eden space 1284608K, 0% used [0x0000000770d80000,0x0000000770d80000,0x00000007bf400000)
  from space 6144K, 85% used [0x00000007bf400000,0x00000007bf927f68,0x00000007bfa00000)
  to   space 6144K, 0% used [0x00000007bfa00000,0x00000007bfa00000,0x00000007c0000000)
 ParOldGen       total 1767424K, used 1672267K [0x00000006d2800000, 0x000000073e600000, 0x0000000770d80000)
  object space 1767424K, 94% used [0x00000006d2800000,0x0000000738912f30,0x000000073e600000)
 Metaspace       used 102024K, capacity 111550K, committed 111768K, reserved 1146880K
  class space    used 12998K, capacity 15015K, committed 15016K, reserved 1048576K
}
Event: 193576.170 GC heap before
{Heap before GC invocations=10051 (full 5):
 PSYoungGen      total 1290752K, used 1289887K [0x0000000770d80000, 0x00000007c0000000, 0x00000007c0000000)
  eden space 1284608K, 100% used [0x0000000770d80000,0x00000007bf400000,0x00000007bf400000)
  from space 6144K, 85% used [0x00000007bf400000,0x00000007bf927f68,0x00000007bfa00000)
  to   space 6144K, 0% used [0x00000007bfa00000,0x00000007bfa00000,0x00000007c0000000)
 ParOldGen       total 1767424K, used 1672267K [0x00000006d2800000, 0x000000073e600000, 0x0000000770d80000)
  object space 1767424K, 94% used [0x00000006d2800000,0x0000000738912f30,0x000000073e600000)
 Metaspace       used 102024K, capacity 111550K, committed 111768K, reserved 1146880K
  class space    used 12998K, capacity 15015K, committed 15016K, reserved 1048576K
Event: 193576.187 GC heap after
Heap after GC invocations=10051 (full 5):
 PSYoungGen      total 1290752K, used 5343K [0x0000000770d80000, 0x00000007c0000000, 0x00000007c0000000)
  eden space 1284608K, 0% used [0x0000000770d80000,0x0000000770d80000,0x00000007bf400000)
  from space 6144K, 86% used [0x00000007bfa00000,0x00000007bff37f68,0x00000007c0000000)
  to   space 6144K, 0% used [0x00000007bf400000,0x00000007bf400000,0x00000007bfa00000)
 ParOldGen       total 1767424K, used 1672307K [0x00000006d2800000, 0x000000073e600000, 0x0000000770d80000)
  object space 1767424K, 94% used [0x00000006d2800000,0x000000073891cf30,0x000000073e600000)
 Metaspace       used 102024K, capacity 111550K, committed 111768K, reserved 1146880K
  class space    used 12998K, capacity 15015K, committed 15016K, reserved 1048576K
}
Event: 193596.255 GC heap before
{Heap before GC invocations=10052 (full 5):
 PSYoungGen      total 1290752K, used 1289951K [0x0000000770d80000, 0x00000007c0000000, 0x00000007c0000000)
  eden space 1284608K, 100% used [0x0000000770d80000,0x00000007bf400000,0x00000007bf400000)
  from space 6144K, 86% used [0x00000007bfa00000,0x00000007bff37f68,0x00000007c0000000)
  to   space 6144K, 0% used [0x00000007bf400000,0x00000007bf400000,0x00000007bfa00000)
 ParOldGen       total 1767424K, used 1672307K [0x00000006d2800000, 0x000000073e600000, 0x0000000770d80000)
  object space 1767424K, 94% used [0x00000006d2800000,0x000000073891cf30,0x000000073e600000)
 Metaspace       used 102024K, capacity 111550K, committed 111768K, reserved 1146880K
  class space    used 12998K, capacity 15015K, committed 15016K, reserved 1048576K
Event: 193596.272 GC heap after
Heap after GC invocations=10052 (full 5):
 PSYoungGen      total 1290240K, used 5215K [0x0000000770d80000, 0x00000007bff00000, 0x00000007c0000000)
  eden space 1284608K, 0% used [0x0000000770d80000,0x0000000770d80000,0x00000007bf400000)
  from space 5632K, 92% used [0x00000007bf400000,0x00000007bf917de8,0x00000007bf980000)
  to   space 5632K, 0% used [0x00000007bf980000,0x00000007bf980000,0x00000007bff00000)
 ParOldGen       total 1767424K, used 1672427K [0x00000006d2800000, 0x000000073e600000, 0x0000000770d80000)
  object space 1767424K, 94% used [0x00000006d2800000,0x000000073893af30,0x000000073e600000)
 Metaspace       used 102024K, capacity 111550K, committed 111768K, reserved 1146880K
  class space    used 12998K, capacity 15015K, committed 15016K, reserved 1048576K
}
Event: 193615.154 GC heap before
{Heap before GC invocations=10053 (full 5):
 PSYoungGen      total 1290240K, used 1289823K [0x0000000770d80000, 0x00000007bff00000, 0x00000007c0000000)
  eden space 1284608K, 100% used [0x0000000770d80000,0x00000007bf400000,0x00000007bf400000)
  from space 5632K, 92% used [0x00000007bf400000,0x00000007bf917de8,0x00000007bf980000)
  to   space 5632K, 0% used [0x00000007bf980000,0x00000007bf980000,0x00000007bff00000)
 ParOldGen       total 1767424K, used 1672427K [0x00000006d2800000, 0x000000073e600000, 0x0000000770d80000)
  object space 1767424K, 94% used [0x00000006d2800000,0x000000073893af30,0x000000073e600000)
 Metaspace       used 102024K, capacity 111550K, committed 111768K, reserved 1146880K
  class space    used 12998K, capacity 15015K, committed 15016K, reserved 1048576K
Event: 193615.171 GC heap after
Heap after GC invocations=10053 (full 5):
 PSYoungGen      total 1290240K, used 5247K [0x0000000770d80000, 0x00000007c0000000, 0x00000007c0000000)
  eden space 1284608K, 0% used [0x0000000770d80000,0x0000000770d80000,0x00000007bf400000)
  from space 5632K, 93% used [0x00000007bf980000,0x00000007bfe9ff68,0x00000007bff00000)
  to   space 5632K, 0% used [0x00000007bf400000,0x00000007bf400000,0x00000007bf980000)
 ParOldGen       total 1767424K, used 1672443K [0x00000006d2800000, 0x000000073e600000, 0x0000000770d80000)
  object space 1767424K, 94% used [0x00000006d2800000,0x000000073893ef30,0x000000073e600000)
 Metaspace       used 102024K, capacity 111550K, committed 111768K, reserved 1146880K
  class space    used 12998K, capacity 15015K, committed 15016K, reserved 1048576K
}
Event: 193633.347 GC heap before
{Heap before GC invocations=10054 (full 5):
 PSYoungGen      total 1290240K, used 1289855K [0x0000000770d80000, 0x00000007c0000000, 0x00000007c0000000)
  eden space 1284608K, 100% used [0x0000000770d80000,0x00000007bf400000,0x00000007bf400000)
  from space 5632K, 93% used [0x00000007bf980000,0x00000007bfe9ff68,0x00000007bff00000)
  to   space 5632K, 0% used [0x00000007bf400000,0x00000007bf400000,0x00000007bf980000)
 ParOldGen       total 1767424K, used 1672443K [0x00000006d2800000, 0x000000073e600000, 0x0000000770d80000)
  object space 1767424K, 94% used [0x00000006d2800000,0x000000073893ef30,0x000000073e600000)
 Metaspace       used 102024K, capacity 111550K, committed 111768K, reserved 1146880K
  class space    used 12998K, capacity 15015K, committed 15016K, reserved 1048576K
Event: 193633.365 GC heap after
Heap after GC invocations=10054 (full 5):
 PSYoungGen      total 1290240K, used 5599K [0x0000000770d80000, 0x00000007c0000000, 0x00000007c0000000)
  eden space 1284608K, 0% used [0x0000000770d80000,0x0000000770d80000,0x00000007bf400000)
  from space 5632K, 99% used [0x00000007bf400000,0x00000007bf977f68,0x00000007bf980000)
  to   space 6144K, 0% used [0x00000007bfa00000,0x00000007bfa00000,0x00000007c0000000)
 ParOldGen       total 1767424K, used 1672499K [0x00000006d2800000, 0x000000073e600000, 0x0000000770d80000)
  object space 1767424K, 94% used [0x00000006d2800000,0x000000073894cf30,0x000000073e600000)
 Metaspace       used 102024K, capacity 111550K, committed 111768K, reserved 1146880K
  class space    used 12998K, capacity 15015K, committed 15016K, reserved 1048576K
}
Event: 193651.253 GC heap before
{Heap before GC invocations=10055 (full 5):
 PSYoungGen      total 1290240K, used 1290207K [0x0000000770d80000, 0x00000007c0000000, 0x00000007c0000000)
  eden space 1284608K, 100% used [0x0000000770d80000,0x00000007bf400000,0x00000007bf400000)
  from space 5632K, 99% used [0x00000007bf400000,0x00000007bf977f68,0x00000007bf980000)
  to   space 6144K, 0% used [0x00000007bfa00000,0x00000007bfa00000,0x00000007c0000000)
 ParOldGen       total 1767424K, used 1672499K [0x00000006d2800000, 0x000000073e600000, 0x0000000770d80000)
  object space 1767424K, 94% used [0x00000006d2800000,0x000000073894cf30,0x000000073e600000)
 Metaspace       used 102024K, capacity 111550K, committed 111768K, reserved 1146880K
  class space    used 12998K, capacity 15015K, committed 15016K, reserved 1048576K
Event: 193651.271 GC heap after
Heap after GC invocations=10055 (full 5):
 PSYoungGen      total 1290752K, used 5631K [0x0000000770d80000, 0x00000007c0000000, 0x00000007c0000000)
  eden space 1284608K, 0% used [0x0000000770d80000,0x0000000770d80000,0x00000007bf400000)
  from space 6144K, 91% used [0x00000007bfa00000,0x00000007bff7ff68,0x00000007c0000000)
  to   space 6144K, 0% used [0x00000007bf400000,0x00000007bf400000,0x00000007bfa00000)
 ParOldGen       total 1767424K, used 1672515K [0x00000006d2800000, 0x000000073e600000, 0x0000000770d80000)
  object space 1767424K, 94% used [0x00000006d2800000,0x0000000738950f30,0x000000073e600000)
 Metaspace       used 102024K, capacity 111550K, committed 111768K, reserved 1146880K
  class space    used 12998K, capacity 15015K, committed 15016K, reserved 1048576K
}
Event: 193669.071 GC heap before
{Heap before GC invocations=10056 (full 5):
 PSYoungGen      total 1290752K, used 1290239K [0x0000000770d80000, 0x00000007c0000000, 0x00000007c0000000)
  eden space 1284608K, 100% used [0x0000000770d80000,0x00000007bf400000,0x00000007bf400000)
  from space 6144K, 91% used [0x00000007bfa00000,0x00000007bff7ff68,0x00000007c0000000)
  to   space 6144K, 0% used [0x00000007bf400000,0x00000007bf400000,0x00000007bfa00000)
 ParOldGen       total 1767424K, used 1672515K [0x00000006d2800000, 0x000000073e600000, 0x0000000770d80000)
  object space 1767424K, 94% used [0x00000006d2800000,0x0000000738950f30,0x000000073e600000)
 Metaspace       used 102024K, capacity 111550K, committed 111768K, reserved 1146880K
  class space    used 12998K, capacity 15015K, committed 15016K, reserved 1048576K
Event: 193669.088 GC heap after
Heap after GC invocations=10056 (full 5):
 PSYoungGen      total 1290752K, used 5567K [0x0000000770d80000, 0x00000007c0000000, 0x00000007c0000000)
  eden space 1284608K, 0% used [0x0000000770d80000,0x0000000770d80000,0x00000007bf400000)
  from space 6144K, 90% used [0x00000007bf400000,0x00000007bf96ff68,0x00000007bfa00000)
  to   space 6144K, 0% used [0x00000007bfa00000,0x00000007bfa00000,0x00000007c0000000)
 ParOldGen       total 1767424K, used 1672579K [0x00000006d2800000, 0x000000073e600000, 0x0000000770d80000)
  object space 1767424K, 94% used [0x00000006d2800000,0x0000000738960f30,0x000000073e600000)
 Metaspace       used 102024K, capacity 111550K, committed 111768K, reserved 1146880K
  class space    used 12998K, capacity 15015K, committed 15016K, reserved 1048576K
}
Event: 193686.604 GC heap before
{Heap before GC invocations=10057 (full 5):
 PSYoungGen      total 1290752K, used 1290175K [0x0000000770d80000, 0x00000007c0000000, 0x00000007c0000000)
  eden space 1284608K, 100% used [0x0000000770d80000,0x00000007bf400000,0x00000007bf400000)
  from space 6144K, 90% used [0x00000007bf400000,0x00000007bf96ff68,0x00000007bfa00000)
  to   space 6144K, 0% used [0x00000007bfa00000,0x00000007bfa00000,0x00000007c0000000)
 ParOldGen       total 1767424K, used 1672579K [0x00000006d2800000, 0x000000073e600000, 0x0000000770d80000)
  object space 1767424K, 94% used [0x00000006d2800000,0x0000000738960f30,0x000000073e600000)
 Metaspace       used 102024K, capacity 111550K, committed 111768K, reserved 1146880K
  class space    used 12998K, capacity 15015K, committed 15016K, reserved 1048576K
Event: 193686.622 GC heap after
Heap after GC invocations=10057 (full 5):
 PSYoungGen      total 1290752K, used 5663K [0x0000000770d80000, 0x00000007c0000000, 0x00000007c0000000)
  eden space 1284608K, 0% used [0x0000000770d80000,0x0000000770d80000,0x00000007bf400000)
  from space 6144K, 92% used [0x00000007bfa00000,0x00000007bff87f78,0x00000007c0000000)
  to   space 6144K, 0% used [0x00000007bf400000,0x00000007bf400000,0x00000007bfa00000)
 ParOldGen       total 1767424K, used 1672691K [0x00000006d2800000, 0x000000073e600000, 0x0000000770d80000)
  object space 1767424K, 94% used [0x00000006d2800000,0x000000073897cf30,0x000000073e600000)
 Metaspace       used 102024K, capacity 111550K, committed 111768K, reserved 1146880K
  class space    used 12998K, capacity 15015K, committed 15016K, reserved 1048576K
}
Event: 193703.953 GC heap before
{Heap before GC invocations=10058 (full 5):
 PSYoungGen      total 1290752K, used 1290271K [0x0000000770d80000, 0x00000007c0000000, 0x00000007c0000000)
  eden space 1284608K, 100% used [0x0000000770d80000,0x00000007bf400000,0x00000007bf400000)
  from space 6144K, 92% used [0x00000007bfa00000,0x00000007bff87f78,0x00000007c0000000)
  to   space 6144K, 0% used [0x00000007bf400000,0x00000007bf400000,0x00000007bfa00000)
 ParOldGen       total 1767424K, used 1672691K [0x00000006d2800000, 0x000000073e600000, 0x0000000770d80000)
  object space 1767424K, 94% used [0x00000006d2800000,0x000000073897cf30,0x000000073e600000)
 Metaspace       used 102024K, capacity 111550K, committed 111768K, reserved 1146880K
  class space    used 12998K, capacity 15015K, committed 15016K, reserved 1048576K
Event: 193703.971 GC heap after
Heap after GC invocations=10058 (full 5):
 PSYoungGen      total 1290752K, used 5503K [0x0000000770d80000, 0x00000007c0000000, 0x00000007c0000000)
  eden space 1284608K, 0% used [0x0000000770d80000,0x0000000770d80000,0x00000007bf400000)
  from space 6144K, 89% used [0x00000007bf400000,0x00000007bf95ff68,0x00000007bfa00000)
  to   space 6144K, 0% used [0x00000007bfa00000,0x00000007bfa00000,0x00000007c0000000)
 ParOldGen       total 1767424K, used 1672723K [0x00000006d2800000, 0x000000073e600000, 0x0000000770d80000)
  object space 1767424K, 94% used [0x00000006d2800000,0x0000000738984f30,0x000000073e600000)
 Metaspace       used 102024K, capacity 111550K, committed 111768K, reserved 1146880K
  class space    used 12998K, capacity 15015K, committed 15016K, reserved 1048576K
}
Event: 193721.679 GC heap before
{Heap before GC invocations=10059 (full 5):
 PSYoungGen      total 1290752K, used 1290111K [0x0000000770d80000, 0x00000007c0000000, 0x00000007c0000000)
  eden space 1284608K, 100% used [0x0000000770d80000,0x00000007bf400000,0x00000007bf400000)
  from space 6144K, 89% used [0x00000007bf400000,0x00000007bf95ff68,0x00000007bfa00000)
  to   space 6144K, 0% used [0x00000007bfa00000,0x00000007bfa00000,0x00000007c0000000)
 ParOldGen       total 1767424K, used 1672723K [0x00000006d2800000, 0x000000073e600000, 0x0000000770d80000)
  object space 1767424K, 94% used [0x00000006d2800000,0x0000000738984f30,0x000000073e600000)
 Metaspace       used 102024K, capacity 111550K, committed 111768K, reserved 1146880K
  class space    used 12998K, capacity 15015K, committed 15016K, reserved 1048576K
Event: 193721.697 GC heap after
Heap after GC invocations=10059 (full 5):
 PSYoungGen      total 1290752K, used 4511K [0x0000000770d80000, 0x00000007c0000000, 0x00000007c0000000)
  eden space 1284608K, 0% used [0x0000000770d80000,0x0000000770d80000,0x00000007bf400000)
  from space 6144K, 73% used [0x00000007bfa00000,0x00000007bfe67ec0,0x00000007c0000000)
  to   space 6144K, 0% used [0x00000007bf400000,0x00000007bf400000,0x00000007bfa00000)
 ParOldGen       total 1767424K, used 1673883K [0x00000006d2800000, 0x000000073e600000, 0x0000000770d80000)
  object space 1767424K, 94% used [0x00000006d2800000,0x0000000738aa6fd8,0x000000073e600000)
 Metaspace       used 102024K, capacity 111550K, committed 111768K, reserved 1146880K
  class space    used 12998K, capacity 15015K, committed 15016K, reserved 1048576K
}
Event: 193739.727 GC heap before
{Heap before GC invocations=10060 (full 5):
 PSYoungGen      total 1290752K, used 1289119K [0x0000000770d80000, 0x00000007c0000000, 0x00000007c0000000)
  eden space 1284608K, 100% used [0x0000000770d80000,0x00000007bf400000,0x00000007bf400000)
  from space 6144K, 73% used [0x00000007bfa00000,0x00000007bfe67ec0,0x00000007c0000000)
  to   space 6144K, 0% used [0x00000007bf400000,0x00000007bf400000,0x00000007bfa00000)
 ParOldGen       total 1767424K, used 1673883K [0x00000006d2800000, 0x000000073e600000, 0x0000000770d80000)
  object space 1767424K, 94% used [0x00000006d2800000,0x0000000738aa6fd8,0x000000073e600000)
 Metaspace       used 102024K, capacity 111550K, committed 111768K, reserved 1146880K
  class space    used 12998K, capacity 15015K, committed 15016K, reserved 1048576K
Event: 193739.745 GC heap after
Heap after GC invocations=10060 (full 5):
 PSYoungGen      total 1290752K, used 4703K [0x0000000770d80000, 0x00000007c0000000, 0x00000007c0000000)
  eden space 1284608K, 0% used [0x0000000770d80000,0x0000000770d80000,0x00000007bf400000)
  from space 6144K, 76% used [0x00000007bf400000,0x00000007bf897ec0,0x00000007bfa00000)
  to   space 6144K, 0% used [0x00000007bfa00000,0x00000007bfa00000,0x00000007c0000000)
 ParOldGen       total 1767424K, used 1673939K [0x00000006d2800000, 0x000000073e600000, 0x0000000770d80000)
  object space 1767424K, 94% used [0x00000006d2800000,0x0000000738ab4fd8,0x000000073e600000)
 Metaspace       used 102024K, capacity 111550K, committed 111768K, reserved 1146880K
  class space    used 12998K, capacity 15015K, committed 15016K, reserved 1048576K
}
Event: 193757.805 GC heap before
{Heap before GC invocations=10061 (full 5):
 PSYoungGen      total 1290752K, used 1289311K [0x0000000770d80000, 0x00000007c0000000, 0x00000007c0000000)
  eden space 1284608K, 100% used [0x0000000770d80000,0x00000007bf400000,0x00000007bf400000)
  from space 6144K, 76% used [0x00000007bf400000,0x00000007bf897ec0,0x00000007bfa00000)
  to   space 6144K, 0% used [0x00000007bfa00000,0x00000007bfa00000,0x00000007c0000000)
 ParOldGen       total 1767424K, used 1673939K [0x00000006d2800000, 0x000000073e600000, 0x0000000770d80000)
  object space 1767424K, 94% used [0x00000006d2800000,0x0000000738ab4fd8,0x000000073e600000)
 Metaspace       used 102024K, capacity 111550K, committed 111768K, reserved 1146880K
  class space    used 12998K, capacity 15015K, committed 15016K, reserved 1048576K
Event: 193757.822 GC heap after
Heap after GC invocations=10061 (full 5):
 PSYoungGen      total 1290752K, used 4639K [0x0000000770d80000, 0x00000007c0000000, 0x00000007c0000000)
  eden space 1284608K, 0% used [0x0000000770d80000,0x0000000770d80000,0x00000007bf400000)
  from space 6144K, 75% used [0x00000007bfa00000,0x00000007bfe87d40,0x00000007c0000000)
  to   space 6144K, 0% used [0x00000007bf400000,0x00000007bf400000,0x00000007bfa00000)
 ParOldGen       total 1767424K, used 1674019K [0x00000006d2800000, 0x000000073e600000, 0x0000000770d80000)
  object space 1767424K, 94% used [0x00000006d2800000,0x0000000738ac8fd8,0x000000073e600000)
 Metaspace       used 102024K, capacity 111550K, committed 111768K, reserved 1146880K
  class space    used 12998K, capacity 15015K, committed 15016K, reserved 1048576K
}
Event: 193776.460 GC heap before
{Heap before GC invocations=10062 (full 5):
 PSYoungGen      total 1290752K, used 1289247K [0x0000000770d80000, 0x00000007c0000000, 0x00000007c0000000)
  eden space 1284608K, 100% used [0x0000000770d80000,0x00000007bf400000,0x00000007bf400000)
  from space 6144K, 75% used [0x00000007bfa00000,0x00000007bfe87d40,0x00000007c0000000)
  to   space 6144K, 0% used [0x00000007bf400000,0x00000007bf400000,0x00000007bfa00000)
 ParOldGen       total 1767424K, used 1674019K [0x00000006d2800000, 0x000000073e600000, 0x0000000770d80000)
  object space 1767424K, 94% used [0x00000006d2800000,0x0000000738ac8fd8,0x000000073e600000)
 Metaspace       used 102024K, capacity 111550K, committed 111768K, reserved 1146880K
  class space    used 12998K, capacity 15015K, committed 15016K, reserved 1048576K
Event: 193776.477 GC heap after
Heap after GC invocations=10062 (full 5):
 PSYoungGen      total 1288704K, used 3839K [0x0000000770d80000, 0x00000007c0000000, 0x00000007c0000000)
  eden space 1284608K, 0% used [0x0000000770d80000,0x0000000770d80000,0x00000007bf400000)
  from space 4096K, 93% used [0x00000007bf400000,0x00000007bf7bfe90,0x00000007bf800000)
  to   space 6656K, 0% used [0x00000007bf980000,0x00000007bf980000,0x00000007c0000000)
 ParOldGen       total 1767424K, used 1674828K [0x00000006d2800000, 0x000000073e600000, 0x0000000770d80000)
  object space 1767424K, 94% used [0x00000006d2800000,0x0000000738b93008,0x000000073e600000)
 Metaspace       used 102024K, capacity 111550K, committed 111768K, reserved 1146880K
  class space    used 12998K, capacity 15015K, committed 15016K, reserved 1048576K
}
Event: 193795.105 GC heap before
{Heap before GC invocations=10063 (full 5):
 PSYoungGen      total 1288704K, used 1288447K [0x0000000770d80000, 0x00000007c0000000, 0x00000007c0000000)
  eden space 1284608K, 100% used [0x0000000770d80000,0x00000007bf400000,0x00000007bf400000)
  from space 4096K, 93% used [0x00000007bf400000,0x00000007bf7bfe90,0x00000007bf800000)
  to   space 6656K, 0% used [0x00000007bf980000,0x00000007bf980000,0x00000007c0000000)
 ParOldGen       total 1767424K, used 1674828K [0x00000006d2800000, 0x000000073e600000, 0x0000000770d80000)
  object space 1767424K, 94% used [0x00000006d2800000,0x0000000738b93008,0x000000073e600000)
 Metaspace       used 102024K, capacity 111550K, committed 111768K, reserved 1146880K
  class space    used 12998K, capacity 15015K, committed 15016K, reserved 1048576K
Event: 193795.122 GC heap after
Heap after GC invocations=10063 (full 5):
 PSYoungGen      total 1290240K, used 3839K [0x0000000770d80000, 0x00000007c0000000, 0x00000007c0000000)
  eden space 1283584K, 0% used [0x0000000770d80000,0x0000000770d80000,0x00000007bf300000)
  from space 6656K, 57% used [0x00000007bf980000,0x00000007bfd3fe90,0x00000007c0000000)
  to   space 6656K, 0% used [0x00000007bf300000,0x00000007bf300000,0x00000007bf980000)
 ParOldGen       total 1767424K, used 1674876K [0x00000006d2800000, 0x000000073e600000, 0x0000000770d80000)
  object space 1767424K, 94% used [0x00000006d2800000,0x0000000738b9f008,0x000000073e600000)
 Metaspace       used 102024K, capacity 111550K, committed 111768K, reserved 1146880K
  class space    used 12998K, capacity 15015K, committed 15016K, reserved 1048576K
}
Event: 193813.609 GC heap before
{Heap before GC invocations=10064 (full 5):
 PSYoungGen      total 1290240K, used 1287423K [0x0000000770d80000, 0x00000007c0000000, 0x00000007c0000000)
  eden space 1283584K, 100% used [0x0000000770d80000,0x00000007bf300000,0x00000007bf300000)
  from space 6656K, 57% used [0x00000007bf980000,0x00000007bfd3fe90,0x00000007c0000000)
  to   space 6656K, 0% used [0x00000007bf300000,0x00000007bf300000,0x00000007bf980000)
 ParOldGen       total 1767424K, used 1674876K [0x00000006d2800000, 0x000000073e600000, 0x0000000770d80000)
  object space 1767424K, 94% used [0x00000006d2800000,0x0000000738b9f008,0x000000073e600000)
 Metaspace       used 102024K, capacity 111550K, committed 111768K, reserved 1146880K
  class space    used 12998K, capacity 15015K, committed 15016K, reserved 1048576K
Event: 193813.626 GC heap after
Heap after GC invocations=10064 (full 5):
 PSYoungGen      total 1290240K, used 3839K [0x0000000770d80000, 0x00000007c0000000, 0x00000007c0000000)
  eden space 1283584K, 0% used [0x0000000770d80000,0x0000000770d80000,0x00000007bf300000)
  from space 6656K, 57% used [0x00000007bf300000,0x00000007bf6bfe90,0x00000007bf980000)
  to   space 6656K, 0% used [0x00000007bf980000,0x00000007bf980000,0x00000007c0000000)
 ParOldGen       total 1767424K, used 1674892K [0x00000006d2800000, 0x000000073e600000, 0x0000000770d80000)
  object space 1767424K, 94% used [0x00000006d2800000,0x0000000738ba3008,0x000000073e600000)
 Metaspace       used 102024K, capacity 111550K, committed 111768K, reserved 1146880K
  class space    used 12998K, capacity 15015K, committed 15016K, reserved 1048576K
}
Event: 193831.759 GC heap before
{Heap before GC invocations=10065 (full 5):
 PSYoungGen      total 1290240K, used 1287423K [0x0000000770d80000, 0x00000007c0000000, 0x00000007c0000000)
  eden space 1283584K, 100% used [0x0000000770d80000,0x00000007bf300000,0x00000007bf300000)
  from space 6656K, 57% used [0x00000007bf300000,0x00000007bf6bfe90,0x00000007bf980000)
  to   space 6656K, 0% used [0x00000007bf980000,0x00000007bf980000,0x00000007c0000000)
 ParOldGen       total 1767424K, used 1674892K [0x00000006d2800000, 0x000000073e600000, 0x0000000770d80000)
  object space 1767424K, 94% used [0x00000006d2800000,0x0000000738ba3008,0x000000073e600000)
 Metaspace       used 102024K, capacity 111550K, committed 111768K, reserved 1146880K
  class space    used 12998K, capacity 15015K, committed 15016K, reserved 1048576K
Event: 193831.777 GC heap after
Heap after GC invocations=10065 (full 5):
 PSYoungGen      total 1290240K, used 3615K [0x0000000770d80000, 0x00000007c0000000, 0x00000007c0000000)
  eden space 1283584K, 0% used [0x0000000770d80000,0x0000000770d80000,0x00000007bf300000)
  from space 6656K, 54% used [0x00000007bf980000,0x00000007bfd07e90,0x00000007c0000000)
  to   space 6656K, 0% used [0x00000007bf300000,0x00000007bf300000,0x00000007bf980000)
 ParOldGen       total 1767424K, used 1675124K [0x00000006d2800000, 0x000000073e600000, 0x0000000770d80000)
  object space 1767424K, 94% used [0x00000006d2800000,0x0000000738bdd008,0x000000073e600000)
 Metaspace       used 102024K, capacity 111550K, committed 111768K, reserved 1146880K
  class space    used 12998K, capacity 15015K, committed 15016K, reserved 1048576K
}
Event: 193849.457 GC heap before
{Heap before GC invocations=10066 (full 5):
 PSYoungGen      total 1290240K, used 1287199K [0x0000000770d80000, 0x00000007c0000000, 0x00000007c0000000)
  eden space 1283584K, 100% used [0x0000000770d80000,0x00000007bf300000,0x00000007bf300000)
  from space 6656K, 54% used [0x00000007bf980000,0x00000007bfd07e90,0x00000007c0000000)
  to   space 6656K, 0% used [0x00000007bf300000,0x00000007bf300000,0x00000007bf980000)
 ParOldGen       total 1767424K, used 1675124K [0x00000006d2800000, 0x000000073e600000, 0x0000000770d80000)
  object space 1767424K, 94% used [0x00000006d2800000,0x0000000738bdd008,0x000000073e600000)
 Metaspace       used 102024K, capacity 111550K, committed 111768K, reserved 1146880K
  class space    used 12998K, capacity 15015K, committed 15016K, reserved 1048576K
Event: 193849.474 GC heap after
Heap after GC invocations=10066 (full 5):
 PSYoungGen      total 1290240K, used 3728K [0x0000000770d80000, 0x00000007c0000000, 0x00000007c0000000)
  eden space 1283584K, 0% used [0x0000000770d80000,0x0000000770d80000,0x00000007bf300000)
  from space 6656K, 56% used [0x00000007bf300000,0x00000007bf6a4300,0x00000007bf980000)
  to   space 6656K, 0% used [0x00000007bf980000,0x00000007bf980000,0x00000007c0000000)
 ParOldGen       total 1767424K, used 1675156K [0x00000006d2800000, 0x000000073e600000, 0x0000000770d80000)
  object space 1767424K, 94% used [0x00000006d2800000,0x0000000738be5008,0x000000073e600000)
 Metaspace       used 102024K, capacity 111550K, committed 111768K, reserved 1146880K
  class space    used 12998K, capacity 15015K, committed 15016K, reserved 1048576K
}
Event: 193867.259 GC heap before
{Heap before GC invocations=10067 (full 5):
 PSYoungGen      total 1290240K, used 1287312K [0x0000000770d80000, 0x00000007c0000000, 0x00000007c0000000)
  eden space 1283584K, 100% used [0x0000000770d80000,0x00000007bf300000,0x00000007bf300000)
  from space 6656K, 56% used [0x00000007bf300000,0x00000007bf6a4300,0x00000007bf980000)
  to   space 6656K, 0% used [0x00000007bf980000,0x00000007bf980000,0x00000007c0000000)
 ParOldGen       total 1767424K, used 1675156K [0x00000006d2800000, 0x000000073e600000, 0x0000000770d80000)
  object space 1767424K, 94% used [0x00000006d2800000,0x0000000738be5008,0x000000073e600000)
 Metaspace       used 102024K, capacity 111550K, committed 111768K, reserved 1146880K
  class space    used 12998K, capacity 15015K, committed 15016K, reserved 1048576K
Event: 193867.276 GC heap after
Heap after GC invocations=10067 (full 5):
 PSYoungGen      total 1290240K, used 3760K [0x0000000770d80000, 0x00000007c0000000, 0x00000007c0000000)
  eden space 1283584K, 0% used [0x0000000770d80000,0x0000000770d80000,0x00000007bf300000)
  from space 6656K, 56% used [0x00000007bf980000,0x00000007bfd2c230,0x00000007c0000000)
  to   space 6656K, 0% used [0x00000007bf300000,0x00000007bf300000,0x00000007bf980000)
 ParOldGen       total 1767424K, used 1675244K [0x00000006d2800000, 0x000000073e600000, 0x0000000770d80000)
  object space 1767424K, 94% used [0x00000006d2800000,0x0000000738bfb008,0x000000073e600000)
 Metaspace       used 102024K, capacity 111550K, committed 111768K, reserved 1146880K
  class space    used 12998K, capacity 15015K, committed 15016K, reserved 1048576K
}
Event: 193884.807 GC heap before
{Heap before GC invocations=10068 (full 5):
 PSYoungGen      total 1290240K, used 1287344K [0x0000000770d80000, 0x00000007c0000000, 0x00000007c0000000)
  eden space 1283584K, 100% used [0x0000000770d80000,0x00000007bf300000,0x00000007bf300000)
  from space 6656K, 56% used [0x00000007bf980000,0x00000007bfd2c230,0x00000007c0000000)
  to   space 6656K, 0% used [0x00000007bf300000,0x00000007bf300000,0x00000007bf980000)
 ParOldGen       total 1767424K, used 1675244K [0x00000006d2800000, 0x000000073e600000, 0x0000000770d80000)
  object space 1767424K, 94% used [0x00000006d2800000,0x0000000738bfb008,0x000000073e600000)
 Metaspace       used 102024K, capacity 111550K, committed 111768K, reserved 1146880K
  class space    used 12998K, capacity 15015K, committed 15016K, reserved 1048576K
Event: 193884.824 GC heap after
Heap after GC invocations=10068 (full 5):
 PSYoungGen      total 1290240K, used 3807K [0x0000000770d80000, 0x00000007c0000000, 0x00000007c0000000)
  eden space 1283584K, 0% used [0x0000000770d80000,0x0000000770d80000,0x00000007bf300000)
  from space 6656K, 57% used [0x00000007bf300000,0x00000007bf6b7d10,0x00000007bf980000)
  to   space 6656K, 0% used [0x00000007bf980000,0x00000007bf980000,0x00000007c0000000)
 ParOldGen       total 1767424K, used 1675348K [0x00000006d2800000, 0x000000073e600000, 0x0000000770d80000)
  object space 1767424K, 94% used [0x00000006d2800000,0x0000000738c15008,0x000000073e600000)
 Metaspace       used 102024K, capacity 111550K, committed 111768K, reserved 1146880K
  class space    used 12998K, capacity 15015K, committed 15016K, reserved 1048576K
}
Event: 193902.509 GC heap before
{Heap before GC invocations=10069 (full 5):
 PSYoungGen      total 1290240K, used 1287391K [0x0000000770d80000, 0x00000007c0000000, 0x00000007c0000000)
  eden space 1283584K, 100% used [0x0000000770d80000,0x00000007bf300000,0x00000007bf300000)
  from space 6656K, 57% used [0x00000007bf300000,0x00000007bf6b7d10,0x00000007bf980000)
  to   space 6656K, 0% used [0x00000007bf980000,0x00000007bf980000,0x00000007c0000000)
 ParOldGen       total 1767424K, used 1675348K [0x00000006d2800000, 0x000000073e600000, 0x0000000770d80000)
  object space 1767424K, 94% used [0x00000006d2800000,0x0000000738c15008,0x000000073e600000)
 Metaspace       used 102024K, capacity 111550K, committed 111768K, reserved 1146880K
  class space    used 12998K, capacity 15015K, committed 15016K, reserved 1048576K
Event: 193902.526 GC heap after
Heap after GC invocations=10069 (full 5):
 PSYoungGen      total 1289216K, used 4575K [0x0000000770d80000, 0x00000007bff00000, 0x00000007c0000000)
  eden space 1283584K, 0% used [0x0000000770d80000,0x0000000770d80000,0x00000007bf300000)
  from space 5632K, 81% used [0x00000007bf980000,0x00000007bfdf7ee0,0x00000007bff00000)
  to   space 6144K, 0% used [0x00000007bf300000,0x00000007bf300000,0x00000007bf900000)
 ParOldGen       total 1767424K, used 1675452K [0x00000006d2800000, 0x000000073e600000, 0x0000000770d80000)
  object space 1767424K, 94% used [0x00000006d2800000,0x0000000738c2f038,0x000000073e600000)
 Metaspace       used 102024K, capacity 111550K, committed 111768K, reserved 1146880K
  class space    used 12998K, capacity 15015K, committed 15016K, reserved 1048576K
}
Event: 193920.103 GC heap before
{Heap before GC invocations=10070 (full 5):
 PSYoungGen      total 1289216K, used 1288159K [0x0000000770d80000, 0x00000007bff00000, 0x00000007c0000000)
  eden space 1283584K, 100% used [0x0000000770d80000,0x00000007bf300000,0x00000007bf300000)
  from space 5632K, 81% used [0x00000007bf980000,0x00000007bfdf7ee0,0x00000007bff00000)
  to   space 6144K, 0% used [0x00000007bf300000,0x00000007bf300000,0x00000007bf900000)
 ParOldGen       total 1767424K, used 1675452K [0x00000006d2800000, 0x000000073e600000, 0x0000000770d80000)
  object space 1767424K, 94% used [0x00000006d2800000,0x0000000738c2f038,0x000000073e600000)
 Metaspace       used 102024K, capacity 111550K, committed 111768K, reserved 1146880K
  class space    used 12998K, capacity 15015K, committed 15016K, reserved 1048576K
Event: 193920.121 GC heap after
Heap after GC invocations=10070 (full 5):
 PSYoungGen      total 1289728K, used 4671K [0x0000000770d80000, 0x00000007c0000000, 0x00000007c0000000)
  eden space 1283584K, 0% used [0x0000000770d80000,0x0000000770d80000,0x00000007bf300000)
  from space 6144K, 76% used [0x00000007bf300000,0x00000007bf78fee0,0x00000007bf900000)
  to   space 6144K, 0% used [0x00000007bfa00000,0x00000007bfa00000,0x00000007c0000000)
 ParOldGen       total 1767424K, used 1675532K [0x00000006d2800000, 0x000000073e600000, 0x0000000770d80000)
  object space 1767424K, 94% used [0x00000006d2800000,0x0000000738c43038,0x000000073e600000)
 Metaspace       used 102024K, capacity 111550K, committed 111768K, reserved 1146880K
  class space    used 12998K, capacity 15015K, committed 15016K, reserved 1048576K
}
Event: 193937.560 GC heap before
{Heap before GC invocations=10071 (full 5):
 PSYoungGen      total 1289728K, used 1288255K [0x0000000770d80000, 0x00000007c0000000, 0x00000007c0000000)
  eden space 1283584K, 100% used [0x0000000770d80000,0x00000007bf300000,0x00000007bf300000)
  from space 6144K, 76% used [0x00000007bf300000,0x00000007bf78fee0,0x00000007bf900000)
  to   space 6144K, 0% used [0x00000007bfa00000,0x00000007bfa00000,0x00000007c0000000)
 ParOldGen       total 1767424K, used 1675532K [0x00000006d2800000, 0x000000073e600000, 0x0000000770d80000)
  object space 1767424K, 94% used [0x00000006d2800000,0x0000000738c43038,0x000000073e600000)
 Metaspace       used 102024K, capacity 111550K, committed 111768K, reserved 1146880K
  class space    used 12998K, capacity 15015K, committed 15016K, reserved 1048576K
Event: 193937.577 GC heap after
Heap after GC invocations=10071 (full 5):
 PSYoungGen      total 1289728K, used 5247K [0x0000000770d80000, 0x00000007c0000000, 0x00000007c0000000)
  eden space 1283584K, 0% used [0x0000000770d80000,0x0000000770d80000,0x00000007bf300000)
  from space 6144K, 85% used [0x00000007bfa00000,0x00000007bff1ff40,0x00000007c0000000)
  to   space 6656K, 0% used [0x00000007bf300000,0x00000007bf300000,0x00000007bf980000)
 ParOldGen       total 1767424K, used 1675588K [0x00000006d2800000, 0x000000073e600000, 0x0000000770d80000)
  object space 1767424K, 94% used [0x00000006d2800000,0x0000000738c51038,0x000000073e600000)
 Metaspace       used 102024K, capacity 111550K, committed 111768K, reserved 1146880K
  class space    used 12998K, capacity 15015K, committed 15016K, reserved 1048576K
}
Event: 193955.210 GC heap before
{Heap before GC invocations=10072 (full 5):
 PSYoungGen      total 1289728K, used 1288831K [0x0000000770d80000, 0x00000007c0000000, 0x00000007c0000000)
  eden space 1283584K, 100% used [0x0000000770d80000,0x00000007bf300000,0x00000007bf300000)
  from space 6144K, 85% used [0x00000007bfa00000,0x00000007bff1ff40,0x00000007c0000000)
  to   space 6656K, 0% used [0x00000007bf300000,0x00000007bf300000,0x00000007bf980000)
 ParOldGen       total 1767424K, used 1675588K [0x00000006d2800000, 0x000000073e600000, 0x0000000770d80000)
  object space 1767424K, 94% used [0x00000006d2800000,0x0000000738c51038,0x000000073e600000)
 Metaspace       used 102024K, capacity 111550K, committed 111768K, reserved 1146880K
  class space    used 12998K, capacity 15015K, committed 15016K, reserved 1048576K
Event: 193955.227 GC heap after
Heap after GC invocations=10072 (full 5):
 PSYoungGen      total 1290240K, used 5119K [0x0000000770d80000, 0x00000007c0000000, 0x00000007c0000000)
  eden space 1283584K, 0% used [0x0000000770d80000,0x0000000770d80000,0x00000007bf300000)
  from space 6656K, 76% used [0x00000007bf300000,0x00000007bf7fff20,0x00000007bf980000)
  to   space 6656K, 0% used [0x00000007bf980000,0x00000007bf980000,0x00000007c0000000)
 ParOldGen       total 1767424K, used 1675676K [0x00000006d2800000, 0x000000073e600000, 0x0000000770d80000)
  object space 1767424K, 94% used [0x00000006d2800000,0x0000000738c67038,0x000000073e600000)
 Metaspace       used 102024K, capacity 111550K, committed 111768K, reserved 1146880K
  class space    used 12998K, capacity 15015K, committed 15016K, reserved 1048576K
}
Event: 193972.554 GC heap before
{Heap before GC invocations=10073 (full 5):
 PSYoungGen      total 1290240K, used 1288703K [0x0000000770d80000, 0x00000007c0000000, 0x00000007c0000000)
  eden space 1283584K, 100% used [0x0000000770d80000,0x00000007bf300000,0x00000007bf300000)
  from space 6656K, 76% used [0x00000007bf300000,0x00000007bf7fff20,0x00000007bf980000)
  to   space 6656K, 0% used [0x00000007bf980000,0x00000007bf980000,0x00000007c0000000)
 ParOldGen       total 1767424K, used 1675676K [0x00000006d2800000, 0x000000073e600000, 0x0000000770d80000)
  object space 1767424K, 94% used [0x00000006d2800000,0x0000000738c67038,0x000000073e600000)
 Metaspace       used 102024K, capacity 111550K, committed 111768K, reserved 1146880K
  class space    used 12998K, capacity 15015K, committed 15016K, reserved 1048576K
Event: 193972.572 GC heap after
Heap after GC invocations=10073 (full 5):
 PSYoungGen      total 1290240K, used 5215K [0x0000000770d80000, 0x00000007c0000000, 0x00000007c0000000)
  eden space 1283584K, 0% used [0x0000000770d80000,0x0000000770d80000,0x00000007bf300000)
  from space 6656K, 78% used [0x00000007bf980000,0x00000007bfe97f20,0x00000007c0000000)
  to   space 6656K, 0% used [0x00000007bf300000,0x00000007bf300000,0x00000007bf980000)
 ParOldGen       total 1767424K, used 1675748K [0x00000006d2800000, 0x000000073e600000, 0x0000000770d80000)
  object space 1767424K, 94% used [0x00000006d2800000,0x0000000738c79038,0x000000073e600000)
 Metaspace       used 102024K, capacity 111550K, committed 111768K, reserved 1146880K
  class space    used 12998K, capacity 15015K, committed 15016K, reserved 1048576K
}
Event: 193990.024 GC heap before
{Heap before GC invocations=10074 (full 5):
 PSYoungGen      total 1290240K, used 1288799K [0x0000000770d80000, 0x00000007c0000000, 0x00000007c0000000)
  eden space 1283584K, 100% used [0x0000000770d80000,0x00000007bf300000,0x00000007bf300000)
  from space 6656K, 78% used [0x00000007bf980000,0x00000007bfe97f20,0x00000007c0000000)
  to   space 6656K, 0% used [0x00000007bf300000,0x00000007bf300000,0x00000007bf980000)
 ParOldGen       total 1767424K, used 1675748K [0x00000006d2800000, 0x000000073e600000, 0x0000000770d80000)
  object space 1767424K, 94% used [0x00000006d2800000,0x0000000738c79038,0x000000073e600000)
 Metaspace       used 102024K, capacity 111550K, committed 111768K, reserved 1146880K
  class space    used 12998K, capacity 15015K, committed 15016K, reserved 1048576K
Event: 193990.041 GC heap after
Heap after GC invocations=10074 (full 5):
 PSYoungGen      total 1290240K, used 5183K [0x0000000770d80000, 0x00000007c0000000, 0x00000007c0000000)
  eden space 1283584K, 0% used [0x0000000770d80000,0x0000000770d80000,0x00000007bf300000)
  from space 6656K, 77% used [0x00000007bf300000,0x00000007bf80ff40,0x00000007bf980000)
  to   space 6656K, 0% used [0x00000007bf980000,0x00000007bf980000,0x00000007c0000000)
 ParOldGen       total 1767424K, used 1675844K [0x00000006d2800000, 0x000000073e600000, 0x0000000770d80000)
  object space 1767424K, 94% used [0x00000006d2800000,0x0000000738c91038,0x000000073e600000)
 Metaspace       used 102024K, capacity 111550K, committed 111768K, reserved 1146880K
  class space    used 12998K, capacity 15015K, committed 15016K, reserved 1048576K
}
Event: 194007.468 GC heap before
{Heap before GC invocations=10075 (full 5):
 PSYoungGen      total 1290240K, used 1288767K [0x0000000770d80000, 0x00000007c0000000, 0x00000007c0000000)
  eden space 1283584K, 100% used [0x0000000770d80000,0x00000007bf300000,0x00000007bf300000)
  from space 6656K, 77% used [0x00000007bf300000,0x00000007bf80ff40,0x00000007bf980000)
  to   space 6656K, 0% used [0x00000007bf980000,0x00000007bf980000,0x00000007c0000000)
 ParOldGen       total 1767424K, used 1675844K [0x00000006d2800000, 0x000000073e600000, 0x0000000770d80000)
  object space 1767424K, 94% used [0x00000006d2800000,0x0000000738c91038,0x000000073e600000)
 Metaspace       used 102024K, capacity 111550K, committed 111768K, reserved 1146880K
  class space    used 12998K, capacity 15015K, committed 15016K, reserved 1048576K
Event: 194007.485 GC heap after
Heap after GC invocations=10075 (full 5):
 PSYoungGen      total 1290240K, used 5183K [0x0000000770d80000, 0x00000007c0000000, 0x00000007c0000000)
  eden space 1283584K, 0% used [0x0000000770d80000,0x0000000770d80000,0x00000007bf300000)
  from space 6656K, 77% used [0x00000007bf980000,0x00000007bfe8ff20,0x00000007c0000000)
  to   space 6656K, 0% used [0x00000007bf300000,0x00000007bf300000,0x00000007bf980000)
 ParOldGen       total 1767424K, used 1675892K [0x00000006d2800000, 0x000000073e600000, 0x0000000770d80000)
  object space 1767424K, 94% used [0x00000006d2800000,0x0000000738c9d038,0x000000073e600000)
 Metaspace       used 102024K, capacity 111550K, committed 111768K, reserved 1146880K
  class space    used 12998K, capacity 15015K, committed 15016K, reserved 1048576K
}
Event: 194025.061 GC heap before
{Heap before GC invocations=10076 (full 5):
 PSYoungGen      total 1290240K, used 1288767K [0x0000000770d80000, 0x00000007c0000000, 0x00000007c0000000)
  eden space 1283584K, 100% used [0x0000000770d80000,0x00000007bf300000,0x00000007bf300000)
  from space 6656K, 77% used [0x00000007bf980000,0x00000007bfe8ff20,0x00000007c0000000)
  to   space 6656K, 0% used [0x00000007bf300000,0x00000007bf300000,0x00000007bf980000)
 ParOldGen       total 1767424K, used 1675892K [0x00000006d2800000, 0x000000073e600000, 0x0000000770d80000)
  object space 1767424K, 94% used [0x00000006d2800000,0x0000000738c9d038,0x000000073e600000)
 Metaspace       used 102024K, capacity 111550K, committed 111768K, reserved 1146880K
  class space    used 12998K, capacity 15015K, committed 15016K, reserved 1048576K
Event: 194025.078 GC heap after
Heap after GC invocations=10076 (full 5):
 PSYoungGen      total 1290240K, used 5343K [0x0000000770d80000, 0x00000007c0000000, 0x00000007c0000000)
  eden space 1283584K, 0% used [0x0000000770d80000,0x0000000770d80000,0x00000007bf300000)
  from space 6656K, 80% used [0x00000007bf300000,0x00000007bf837f20,0x00000007bf980000)
  to   space 6656K, 0% used [0x00000007bf980000,0x00000007bf980000,0x00000007c0000000)
 ParOldGen       total 1767424K, used 1675924K [0x00000006d2800000, 0x000000073e600000, 0x0000000770d80000)
  object space 1767424K, 94% used [0x00000006d2800000,0x0000000738ca5038,0x000000073e600000)
 Metaspace       used 102024K, capacity 111550K, committed 111768K, reserved 1146880K
  class space    used 12998K, capacity 15015K, committed 15016K, reserved 1048576K
}
Event: 194043.060 GC heap before
{Heap before GC invocations=10077 (full 5):
 PSYoungGen      total 1290240K, used 1288927K [0x0000000770d80000, 0x00000007c0000000, 0x00000007c0000000)
  eden space 1283584K, 100% used [0x0000000770d80000,0x00000007bf300000,0x00000007bf300000)
  from space 6656K, 80% used [0x00000007bf300000,0x00000007bf837f20,0x00000007bf980000)
  to   space 6656K, 0% used [0x00000007bf980000,0x00000007bf980000,0x00000007c0000000)
 ParOldGen       total 1767424K, used 1675924K [0x00000006d2800000, 0x000000073e600000, 0x0000000770d80000)
  object space 1767424K, 94% used [0x00000006d2800000,0x0000000738ca5038,0x000000073e600000)
 Metaspace       used 102024K, capacity 111550K, committed 111768K, reserved 1146880K
  class space    used 12998K, capacity 15015K, committed 15016K, reserved 1048576K
Event: 194043.077 GC heap after
Heap after GC invocations=10077 (full 5):
 PSYoungGen      total 1290240K, used 5215K [0x0000000770d80000, 0x00000007c0000000, 0x00000007c0000000)
  eden space 1283584K, 0% used [0x0000000770d80000,0x0000000770d80000,0x00000007bf300000)
  from space 6656K, 78% used [0x00000007bf980000,0x00000007bfe97f20,0x00000007c0000000)
  to   space 6656K, 0% used [0x00000007bf300000,0x00000007bf300000,0x00000007bf980000)
 ParOldGen       total 1767424K, used 1675948K [0x00000006d2800000, 0x000000073e600000, 0x0000000770d80000)
  object space 1767424K, 94% used [0x00000006d2800000,0x0000000738cab038,0x000000073e600000)
 Metaspace       used 102024K, capacity 111550K, committed 111768K, reserved 1146880K
  class space    used 12998K, capacity 15015K, committed 15016K, reserved 1048576K
}
Event: 194061.103 GC heap before
{Heap before GC invocations=10078 (full 5):
 PSYoungGen      total 1290240K, used 1288799K [0x0000000770d80000, 0x00000007c0000000, 0x00000007c0000000)
  eden space 1283584K, 100% used [0x0000000770d80000,0x00000007bf300000,0x00000007bf300000)
  from space 6656K, 78% used [0x00000007bf980000,0x00000007bfe97f20,0x00000007c0000000)
  to   space 6656K, 0% used [0x00000007bf300000,0x00000007bf300000,0x00000007bf980000)
 ParOldGen       total 1767424K, used 1675948K [0x00000006d2800000, 0x000000073e600000, 0x0000000770d80000)
  object space 1767424K, 94% used [0x00000006d2800000,0x0000000738cab038,0x000000073e600000)
 Metaspace       used 102024K, capacity 111550K, committed 111768K, reserved 1146880K
  class space    used 12998K, capacity 15015K, committed 15016K, reserved 1048576K
Event: 194061.123 GC heap after
Heap after GC invocations=10078 (full 5):
 PSYoungGen      total 1290240K, used 5375K [0x0000000770d80000, 0x00000007c0000000, 0x00000007c0000000)
  eden space 1283584K, 0% used [0x0000000770d80000,0x0000000770d80000,0x00000007bf300000)
  from space 6656K, 80% used [0x00000007bf300000,0x00000007bf83fda0,0x00000007bf980000)
  to   space 6656K, 0% used [0x00000007bf980000,0x00000007bf980000,0x00000007c0000000)
 ParOldGen       total 1767424K, used 1675996K [0x00000006d2800000, 0x000000073e600000, 0x0000000770d80000)
  object space 1767424K, 94% used [0x00000006d2800000,0x0000000738cb7038,0x000000073e600000)
 Metaspace       used 102024K, capacity 111550K, committed 111768K, reserved 1146880K
  class space    used 12998K, capacity 15015K, committed 15016K, reserved 1048576K
}
Event: 194079.624 GC heap before
{Heap before GC invocations=10079 (full 5):
 PSYoungGen      total 1290240K, used 1288959K [0x0000000770d80000, 0x00000007c0000000, 0x00000007c0000000)
  eden space 1283584K, 100% used [0x0000000770d80000,0x00000007bf300000,0x00000007bf300000)
  from space 6656K, 80% used [0x00000007bf300000,0x00000007bf83fda0,0x00000007bf980000)
  to   space 6656K, 0% used [0x00000007bf980000,0x00000007bf980000,0x00000007c0000000)
 ParOldGen       total 1767424K, used 1675996K [0x00000006d2800000, 0x000000073e600000, 0x0000000770d80000)
  object space 1767424K, 94% used [0x00000006d2800000,0x0000000738cb7038,0x000000073e600000)
 Metaspace       used 102024K, capacity 111550K, committed 111768K, reserved 1146880K
  class space    used 12998K, capacity 15015K, committed 15016K, reserved 1048576K
Event: 194079.642 GC heap after
Heap after GC invocations=10079 (full 5):
 PSYoungGen      total 1290240K, used 5504K [0x0000000770d80000, 0x00000007c0000000, 0x00000007c0000000)
  eden space 1283584K, 0% used [0x0000000770d80000,0x0000000770d80000,0x00000007bf300000)
  from space 6656K, 82% used [0x00000007bf980000,0x00000007bfee0090,0x00000007c0000000)
  to   space 6656K, 0% used [0x00000007bf300000,0x00000007bf300000,0x00000007bf980000)
 ParOldGen       total 1767424K, used 1676028K [0x00000006d2800000, 0x000000073e600000, 0x0000000770d80000)
  object space 1767424K, 94% used [0x00000006d2800000,0x0000000738cbf038,0x000000073e600000)
 Metaspace       used 102024K, capacity 111550K, committed 111768K, reserved 1146880K
  class space    used 12998K, capacity 15015K, committed 15016K, reserved 1048576K
}
Event: 194097.712 GC heap before
{Heap before GC invocations=10080 (full 5):
 PSYoungGen      total 1290240K, used 1289088K [0x0000000770d80000, 0x00000007c0000000, 0x00000007c0000000)
  eden space 1283584K, 100% used [0x0000000770d80000,0x00000007bf300000,0x00000007bf300000)
  from space 6656K, 82% used [0x00000007bf980000,0x00000007bfee0090,0x00000007c0000000)
  to   space 6656K, 0% used [0x00000007bf300000,0x00000007bf300000,0x00000007bf980000)
 ParOldGen       total 1767424K, used 1676028K [0x00000006d2800000, 0x000000073e600000, 0x0000000770d80000)
  object space 1767424K, 94% used [0x00000006d2800000,0x0000000738cbf038,0x000000073e600000)
 Metaspace       used 102025K, capacity 111554K, committed 111768K, reserved 1146880K
  class space    used 12998K, capacity 15015K, committed 15016K, reserved 1048576K
Event: 194097.729 GC heap after
Heap after GC invocations=10080 (full 5):
 PSYoungGen      total 1290240K, used 5375K [0x0000000770d80000, 0x00000007c0000000, 0x00000007c0000000)
  eden space 1283584K, 0% used [0x0000000770d80000,0x0000000770d80000,0x00000007bf300000)
  from space 6656K, 80% used [0x00000007bf300000,0x00000007bf83ff20,0x00000007bf980000)
  to   space 6656K, 0% used [0x00000007bf980000,0x00000007bf980000,0x00000007c0000000)
 ParOldGen       total 1767424K, used 1676100K [0x00000006d2800000, 0x000000073e600000, 0x0000000770d80000)
  object space 1767424K, 94% used [0x00000006d2800000,0x0000000738cd1038,0x000000073e600000)
 Metaspace       used 102025K, capacity 111554K, committed 111768K, reserved 1146880K
  class space    used 12998K, capacity 15015K, committed 15016K, reserved 1048576K
}
Event: 194115.763 GC heap before
{Heap before GC invocations=10081 (full 5):
 PSYoungGen      total 1290240K, used 1288959K [0x0000000770d80000, 0x00000007c0000000, 0x00000007c0000000)
  eden space 1283584K, 100% used [0x0000000770d80000,0x00000007bf300000,0x00000007bf300000)
  from space 6656K, 80% used [0x00000007bf300000,0x00000007bf83ff20,0x00000007bf980000)
  to   space 6656K, 0% used [0x00000007bf980000,0x00000007bf980000,0x00000007c0000000)
 ParOldGen       total 1767424K, used 1676100K [0x00000006d2800000, 0x000000073e600000, 0x0000000770d80000)
  object space 1767424K, 94% used [0x00000006d2800000,0x0000000738cd1038,0x000000073e600000)
 Metaspace       used 102025K, capacity 111554K, committed 111768K, reserved 1146880K
  class space    used 12998K, capacity 15015K, committed 15016K, reserved 1048576K
Event: 194115.780 GC heap after
Heap after GC invocations=10081 (full 5):
 PSYoungGen      total 1290240K, used 5279K [0x0000000770d80000, 0x00000007c0000000, 0x00000007c0000000)
  eden space 1283584K, 0% used [0x0000000770d80000,0x0000000770d80000,0x00000007bf300000)
  from space 6656K, 79% used [0x00000007bf980000,0x00000007bfea7da0,0x00000007c0000000)
  to   space 6656K, 0% used [0x00000007bf300000,0x00000007bf300000,0x00000007bf980000)
 ParOldGen       total 1767424K, used 1676268K [0x00000006d2800000, 0x000000073e600000, 0x0000000770d80000)
  object space 1767424K, 94% used [0x00000006d2800000,0x0000000738cfb038,0x000000073e600000)
 Metaspace       used 102025K, capacity 111554K, committed 111768K, reserved 1146880K
  class space    used 12998K, capacity 15015K, committed 15016K, reserved 1048576K
}
Event: 194133.353 GC heap before
{Heap before GC invocations=10082 (full 5):
 PSYoungGen      total 1290240K, used 1288863K [0x0000000770d80000, 0x00000007c0000000, 0x00000007c0000000)
  eden space 1283584K, 100% used [0x0000000770d80000,0x00000007bf300000,0x00000007bf300000)
  from space 6656K, 79% used [0x00000007bf980000,0x00000007bfea7da0,0x00000007c0000000)
  to   space 6656K, 0% used [0x00000007bf300000,0x00000007bf300000,0x00000007bf980000)
 ParOldGen       total 1767424K, used 1676268K [0x00000006d2800000, 0x000000073e600000, 0x0000000770d80000)
  object space 1767424K, 94% used [0x00000006d2800000,0x0000000738cfb038,0x000000073e600000)
 Metaspace       used 102025K, capacity 111554K, committed 111768K, reserved 1146880K
  class space    used 12998K, capacity 15015K, committed 15016K, reserved 1048576K
Event: 194133.370 GC heap after
Heap after GC invocations=10082 (full 5):
 PSYoungGen      total 1290240K, used 5215K [0x0000000770d80000, 0x00000007c0000000, 0x00000007c0000000)
  eden space 1283584K, 0% used [0x0000000770d80000,0x0000000770d80000,0x00000007bf300000)
  from space 6656K, 78% used [0x00000007bf300000,0x00000007bf817f88,0x00000007bf980000)
  to   space 6656K, 0% used [0x00000007bf980000,0x00000007bf980000,0x00000007c0000000)
 ParOldGen       total 1767424K, used 1676340K [0x00000006d2800000, 0x000000073e600000, 0x0000000770d80000)
  object space 1767424K, 94% used [0x00000006d2800000,0x0000000738d0d038,0x000000073e600000)
 Metaspace       used 102025K, capacity 111554K, committed 111768K, reserved 1146880K
  class space    used 12998K, capacity 15015K, committed 15016K, reserved 1048576K
}
Event: 194156.201 GC heap before
{Heap before GC invocations=10083 (full 5):
 PSYoungGen      total 1290240K, used 1288799K [0x0000000770d80000, 0x00000007c0000000, 0x00000007c0000000)
  eden space 1283584K, 100% used [0x0000000770d80000,0x00000007bf300000,0x00000007bf300000)
  from space 6656K, 78% used [0x00000007bf300000,0x00000007bf817f88,0x00000007bf980000)
  to   space 6656K, 0% used [0x00000007bf980000,0x00000007bf980000,0x00000007c0000000)
 ParOldGen       total 1767424K, used 1676340K [0x00000006d2800000, 0x000000073e600000, 0x0000000770d80000)
  object space 1767424K, 94% used [0x00000006d2800000,0x0000000738d0d038,0x000000073e600000)
 Metaspace       used 102026K, capacity 111558K, committed 111768K, reserved 1146880K
  class space    used 12998K, capacity 15015K, committed 15016K, reserved 1048576K
Event: 194156.219 GC heap after
Heap after GC invocations=10083 (full 5):
 PSYoungGen      total 1290240K, used 5183K [0x0000000770d80000, 0x00000007c0000000, 0x00000007c0000000)
  eden space 1283584K, 0% used [0x0000000770d80000,0x0000000770d80000,0x00000007bf300000)
  from space 6656K, 77% used [0x00000007bf980000,0x00000007bfe8fde8,0x00000007c0000000)
  to   space 6656K, 0% used [0x00000007bf300000,0x00000007bf300000,0x00000007bf980000)
 ParOldGen       total 1767424K, used 1676388K [0x00000006d2800000, 0x000000073e600000, 0x0000000770d80000)
  object space 1767424K, 94% used [0x00000006d2800000,0x0000000738d19038,0x000000073e600000)
 Metaspace       used 102026K, capacity 111558K, committed 111768K, reserved 1146880K
  class space    used 12998K, capacity 15015K, committed 15016K, reserved 1048576K
}
Event: 194179.415 GC heap before
{Heap before GC invocations=10084 (full 5):
 PSYoungGen      total 1290240K, used 1288767K [0x0000000770d80000, 0x00000007c0000000, 0x00000007c0000000)
  eden space 1283584K, 100% used [0x0000000770d80000,0x00000007bf300000,0x00000007bf300000)
  from space 6656K, 77% used [0x00000007bf980000,0x00000007bfe8fde8,0x00000007c0000000)
  to   space 6656K, 0% used [0x00000007bf300000,0x00000007bf300000,0x00000007bf980000)
 ParOldGen       total 1767424K, used 1676388K [0x00000006d2800000, 0x000000073e600000, 0x0000000770d80000)
  object space 1767424K, 94% used [0x00000006d2800000,0x0000000738d19038,0x000000073e600000)
 Metaspace       used 102026K, capacity 111558K, committed 111768K, reserved 1146880K
  class space    used 12998K, capacity 15015K, committed 15016K, reserved 1048576K
Event: 194179.433 GC heap after
Heap after GC invocations=10084 (full 5):
 PSYoungGen      total 1290240K, used 5215K [0x0000000770d80000, 0x00000007c0000000, 0x00000007c0000000)
  eden space 1283584K, 0% used [0x0000000770d80000,0x0000000770d80000,0x00000007bf300000)
  from space 6656K, 78% used [0x00000007bf300000,0x00000007bf817f68,0x00000007bf980000)
  to   space 6656K, 0% used [0x00000007bf980000,0x00000007bf980000,0x00000007c0000000)
 ParOldGen       total 1767424K, used 1676468K [0x00000006d2800000, 0x000000073e600000, 0x0000000770d80000)
  object space 1767424K, 94% used [0x00000006d2800000,0x0000000738d2d038,0x000000073e600000)
 Metaspace       used 102026K, capacity 111558K, committed 111768K, reserved 1146880K
  class space    used 12998K, capacity 15015K, committed 15016K, reserved 1048576K
}
Event: 194202.611 GC heap before
{Heap before GC invocations=10085 (full 5):
 PSYoungGen      total 1290240K, used 1288799K [0x0000000770d80000, 0x00000007c0000000, 0x00000007c0000000)
  eden space 1283584K, 100% used [0x0000000770d80000,0x00000007bf300000,0x00000007bf300000)
  from space 6656K, 78% used [0x00000007bf300000,0x00000007bf817f68,0x00000007bf980000)
  to   space 6656K, 0% used [0x00000007bf980000,0x00000007bf980000,0x00000007c0000000)
 ParOldGen       total 1767424K, used 1676468K [0x00000006d2800000, 0x000000073e600000, 0x0000000770d80000)
  object space 1767424K, 94% used [0x00000006d2800000,0x0000000738d2d038,0x000000073e600000)
 Metaspace       used 102026K, capacity 111558K, committed 111768K, reserved 1146880K
  class space    used 12998K, capacity 15015K, committed 15016K, reserved 1048576K
Event: 194202.628 GC heap after
Heap after GC invocations=10085 (full 5):
 PSYoungGen      total 1290240K, used 5247K [0x0000000770d80000, 0x00000007c0000000, 0x00000007c0000000)
  eden space 1283584K, 0% used [0x0000000770d80000,0x0000000770d80000,0x00000007bf300000)
  from space 6656K, 78% used [0x00000007bf980000,0x00000007bfe9ff68,0x00000007c0000000)
  to   space 6656K, 0% used [0x00000007bf300000,0x00000007bf300000,0x00000007bf980000)
 ParOldGen       total 1767424K, used 1676484K [0x00000006d2800000, 0x000000073e600000, 0x0000000770d80000)
  object space 1767424K, 94% used [0x00000006d2800000,0x0000000738d31038,0x000000073e600000)
 Metaspace       used 102026K, capacity 111558K, committed 111768K, reserved 1146880K
  class space    used 12998K, capacity 15015K, committed 15016K, reserved 1048576K
}
Event: 194226.415 GC heap before
{Heap before GC invocations=10086 (full 5):
 PSYoungGen      total 1290240K, used 1288831K [0x0000000770d80000, 0x00000007c0000000, 0x00000007c0000000)
  eden space 1283584K, 100% used [0x0000000770d80000,0x00000007bf300000,0x00000007bf300000)
  from space 6656K, 78% used [0x00000007bf980000,0x00000007bfe9ff68,0x00000007c0000000)
  to   space 6656K, 0% used [0x00000007bf300000,0x00000007bf300000,0x00000007bf980000)
 ParOldGen       total 1767424K, used 1676484K [0x00000006d2800000, 0x000000073e600000, 0x0000000770d80000)
  object space 1767424K, 94% used [0x00000006d2800000,0x0000000738d31038,0x000000073e600000)
 Metaspace       used 102026K, capacity 111558K, committed 111768K, reserved 1146880K
  class space    used 12998K, capacity 15015K, committed 15016K, reserved 1048576K
Event: 194226.433 GC heap after
Heap after GC invocations=10086 (full 5):
 PSYoungGen      total 1290240K, used 4479K [0x0000000770d80000, 0x00000007c0000000, 0x00000007c0000000)
  eden space 1283584K, 0% used [0x0000000770d80000,0x0000000770d80000,0x00000007bf300000)
  from space 6656K, 67% used [0x00000007bf300000,0x00000007bf75fd88,0x00000007bf980000)
  to   space 6656K, 0% used [0x00000007bf980000,0x00000007bf980000,0x00000007c0000000)
 ParOldGen       total 1767424K, used 1677404K [0x00000006d2800000, 0x000000073e600000, 0x0000000770d80000)
  object space 1767424K, 94% used [0x00000006d2800000,0x0000000738e17098,0x000000073e600000)
 Metaspace       used 102026K, capacity 111558K, committed 111768K, reserved 1146880K
  class space    used 12998K, capacity 15015K, committed 15016K, reserved 1048576K
}
Event: 194250.359 GC heap before
{Heap before GC invocations=10087 (full 5):
 PSYoungGen      total 1290240K, used 1288063K [0x0000000770d80000, 0x00000007c0000000, 0x00000007c0000000)
  eden space 1283584K, 100% used [0x0000000770d80000,0x00000007bf300000,0x00000007bf300000)
  from space 6656K, 67% used [0x00000007bf300000,0x00000007bf75fd88,0x00000007bf980000)
  to   space 6656K, 0% used [0x00000007bf980000,0x00000007bf980000,0x00000007c0000000)
 ParOldGen       total 1767424K, used 1677404K [0x00000006d2800000, 0x000000073e600000, 0x0000000770d80000)
  object space 1767424K, 94% used [0x00000006d2800000,0x0000000738e17098,0x000000073e600000)
 Metaspace       used 102026K, capacity 111558K, committed 111768K, reserved 1146880K
  class space    used 12998K, capacity 15015K, committed 15016K, reserved 1048576K
Event: 194250.376 GC heap after
Heap after GC invocations=10087 (full 5):
 PSYoungGen      total 1290240K, used 4383K [0x0000000770d80000, 0x00000007c0000000, 0x00000007c0000000)
  eden space 1283584K, 0% used [0x0000000770d80000,0x0000000770d80000,0x00000007bf300000)
  from space 6656K, 65% used [0x00000007bf980000,0x00000007bfdc7f08,0x00000007c0000000)
  to   space 6656K, 0% used [0x00000007bf300000,0x00000007bf300000,0x00000007bf980000)
 ParOldGen       total 1767424K, used 1677468K [0x00000006d2800000, 0x000000073e600000, 0x0000000770d80000)
  object space 1767424K, 94% used [0x00000006d2800000,0x0000000738e27098,0x000000073e600000)
 Metaspace       used 102026K, capacity 111558K, committed 111768K, reserved 1146880K
  class space    used 12998K, capacity 15015K, committed 15016K, reserved 1048576K
}
Event: 194273.653 GC heap before
{Heap before GC invocations=10088 (full 5):
 PSYoungGen      total 1290240K, used 1287967K [0x0000000770d80000, 0x00000007c0000000, 0x00000007c0000000)
  eden space 1283584K, 100% used [0x0000000770d80000,0x00000007bf300000,0x00000007bf300000)
  from space 6656K, 65% used [0x00000007bf980000,0x00000007bfdc7f08,0x00000007c0000000)
  to   space 6656K, 0% used [0x00000007bf300000,0x00000007bf300000,0x00000007bf980000)
 ParOldGen       total 1767424K, used 1677468K [0x00000006d2800000, 0x000000073e600000, 0x0000000770d80000)
  object space 1767424K, 94% used [0x00000006d2800000,0x0000000738e27098,0x000000073e600000)
 Metaspace       used 102026K, capacity 111558K, committed 111768K, reserved 1146880K
  class space    used 12998K, capacity 15015K, committed 15016K, reserved 1048576K
Event: 194273.670 GC heap after
Heap after GC invocations=10088 (full 5):
 PSYoungGen      total 1290240K, used 4319K [0x0000000770d80000, 0x00000007c0000000, 0x00000007c0000000)
  eden space 1283584K, 0% used [0x0000000770d80000,0x0000000770d80000,0x00000007bf300000)
  from space 6656K, 64% used [0x00000007bf300000,0x00000007bf737f08,0x00000007bf980000)
  to   space 6656K, 0% used [0x00000007bf980000,0x00000007bf980000,0x00000007c0000000)
 ParOldGen       total 1767424K, used 1677556K [0x00000006d2800000, 0x000000073e600000, 0x0000000770d80000)
  object space 1767424K, 94% used [0x00000006d2800000,0x0000000738e3d098,0x000000073e600000)
 Metaspace       used 102026K, capacity 111558K, committed 111768K, reserved 1146880K
  class space    used 12998K, capacity 15015K, committed 15016K, reserved 1048576K
}
Event: 194295.466 GC heap before
{Heap before GC invocations=10089 (full 5):
 PSYoungGen      total 1290240K, used 1287903K [0x0000000770d80000, 0x00000007c0000000, 0x00000007c0000000)
  eden space 1283584K, 100% used [0x0000000770d80000,0x00000007bf300000,0x00000007bf300000)
  from space 6656K, 64% used [0x00000007bf300000,0x00000007bf737f08,0x00000007bf980000)
  to   space 6656K, 0% used [0x00000007bf980000,0x00000007bf980000,0x00000007c0000000)
 ParOldGen       total 1767424K, used 1677556K [0x00000006d2800000, 0x000000073e600000, 0x0000000770d80000)
  object space 1767424K, 94% used [0x00000006d2800000,0x0000000738e3d098,0x000000073e600000)
 Metaspace       used 102026K, capacity 111558K, committed 111768K, reserved 1146880K
  class space    used 12998K, capacity 15015K, committed 15016K, reserved 1048576K
Event: 194295.483 GC heap after
Heap after GC invocations=10089 (full 5):
 PSYoungGen      total 1289216K, used 4447K [0x0000000770d80000, 0x00000007bff00000, 0x00000007c0000000)
  eden space 1283584K, 0% used [0x0000000770d80000,0x0000000770d80000,0x00000007bf300000)
  from space 5632K, 78% used [0x00000007bf980000,0x00000007bfdd7f08,0x00000007bff00000)
  to   space 6144K, 0% used [0x00000007bf300000,0x00000007bf300000,0x00000007bf900000)
 ParOldGen       total 1767424K, used 1677588K [0x00000006d2800000, 0x000000073e600000, 0x0000000770d80000)
  object space 1767424K, 94% used [0x00000006d2800000,0x0000000738e45098,0x000000073e600000)
 Metaspace       used 102026K, capacity 111558K, committed 111768K, reserved 1146880K
  class space    used 12998K, capacity 15015K, committed 15016K, reserved 1048576K
}
Event: 194317.120 GC heap before
{Heap before GC invocations=10090 (full 5):
 PSYoungGen      total 1289216K, used 1288031K [0x0000000770d80000, 0x00000007bff00000, 0x00000007c0000000)
  eden space 1283584K, 100% used [0x0000000770d80000,0x00000007bf300000,0x00000007bf300000)
  from space 5632K, 78% used [0x00000007bf980000,0x00000007bfdd7f08,0x00000007bff00000)
  to   space 6144K, 0% used [0x00000007bf300000,0x00000007bf300000,0x00000007bf900000)
 ParOldGen       total 1767424K, used 1677588K [0x00000006d2800000, 0x000000073e600000, 0x0000000770d80000)
  object space 1767424K, 94% used [0x00000006d2800000,0x0000000738e45098,0x000000073e600000)
 Metaspace       used 102026K, capacity 111558K, committed 111768K, reserved 1146880K
  class space    used 12998K, capacity 15015K, committed 15016K, reserved 1048576K
Event: 194317.137 GC heap after
Heap after GC invocations=10090 (full 5):
 PSYoungGen      total 1289728K, used 4447K [0x0000000770d80000, 0x00000007c0000000, 0x00000007c0000000)
  eden space 1283584K, 0% used [0x0000000770d80000,0x0000000770d80000,0x00000007bf300000)
  from space 6144K, 72% used [0x00000007bf300000,0x00000007bf757f08,0x00000007bf900000)
  to   space 6144K, 0% used [0x00000007bfa00000,0x00000007bfa00000,0x00000007c0000000)
 ParOldGen       total 1767424K, used 1677660K [0x00000006d2800000, 0x000000073e600000, 0x0000000770d80000)
  object space 1767424K, 94% used [0x00000006d2800000,0x0000000738e57098,0x000000073e600000)
 Metaspace       used 102026K, capacity 111558K, committed 111768K, reserved 1146880K
  class space    used 12998K, capacity 15015K, committed 15016K, reserved 1048576K
}
Event: 194338.306 GC heap before
{Heap before GC invocations=10091 (full 5):
 PSYoungGen      total 1289728K, used 1288031K [0x0000000770d80000, 0x00000007c0000000, 0x00000007c0000000)
  eden space 1283584K, 100% used [0x0000000770d80000,0x00000007bf300000,0x00000007bf300000)
  from space 6144K, 72% used [0x00000007bf300000,0x00000007bf757f08,0x00000007bf900000)
  to   space 6144K, 0% used [0x00000007bfa00000,0x00000007bfa00000,0x00000007c0000000)
 ParOldGen       total 1767424K, used 1677660K [0x00000006d2800000, 0x000000073e600000, 0x0000000770d80000)
  object space 1767424K, 94% used [0x00000006d2800000,0x0000000738e57098,0x000000073e600000)
 Metaspace       used 102026K, capacity 111558K, committed 111768K, reserved 1146880K
  class space    used 12998K, capacity 15015K, committed 15016K, reserved 1048576K
Event: 194338.323 GC heap after
Heap after GC invocations=10091 (full 5):
 PSYoungGen      total 1290752K, used 4479K [0x0000000770d80000, 0x00000007c0000000, 0x00000007c0000000)
  eden space 1284608K, 0% used [0x0000000770d80000,0x0000000770d80000,0x00000007bf400000)
  from space 6144K, 72% used [0x00000007bfa00000,0x00000007bfe5ff08,0x00000007c0000000)
  to   space 6144K, 0% used [0x00000007bf400000,0x00000007bf400000,0x00000007bfa00000)
 ParOldGen       total 1767424K, used 1677796K [0x00000006d2800000, 0x000000073e600000, 0x0000000770d80000)
  object space 1767424K, 94% used [0x00000006d2800000,0x0000000738e79098,0x000000073e600000)
 Metaspace       used 102026K, capacity 111558K, committed 111768K, reserved 1146880K
  class space    used 12998K, capacity 15015K, committed 15016K, reserved 1048576K
}
Event: 194359.153 GC heap before
{Heap before GC invocations=10092 (full 5):
 PSYoungGen      total 1290752K, used 1289087K [0x0000000770d80000, 0x00000007c0000000, 0x00000007c0000000)
  eden space 1284608K, 100% used [0x0000000770d80000,0x00000007bf400000,0x00000007bf400000)
  from space 6144K, 72% used [0x00000007bfa00000,0x00000007bfe5ff08,0x00000007c0000000)
  to   space 6144K, 0% used [0x00000007bf400000,0x00000007bf400000,0x00000007bfa00000)
 ParOldGen       total 1767424K, used 1677796K [0x00000006d2800000, 0x000000073e600000, 0x0000000770d80000)
  object space 1767424K, 94% used [0x00000006d2800000,0x0000000738e79098,0x000000073e600000)
 Metaspace       used 102026K, capacity 111558K, committed 111768K, reserved 1146880K
  class space    used 12998K, capacity 15015K, committed 15016K, reserved 1048576K
Event: 194359.174 GC heap after
Heap after GC invocations=10092 (full 5):
 PSYoungGen      total 1290752K, used 5311K [0x0000000770d80000, 0x00000007c0000000, 0x00000007c0000000)
  eden space 1284608K, 0% used [0x0000000770d80000,0x0000000770d80000,0x00000007bf400000)
  from space 6144K, 86% used [0x00000007bf400000,0x00000007bf92fde8,0x00000007bfa00000)
  to   space 6144K, 0% used [0x00000007bfa00000,0x00000007bfa00000,0x00000007c0000000)
 ParOldGen       total 1767424K, used 1677812K [0x00000006d2800000, 0x000000073e600000, 0x0000000770d80000)
  object space 1767424K, 94% used [0x00000006d2800000,0x0000000738e7d098,0x000000073e600000)
 Metaspace       used 102026K, capacity 111558K, committed 111768K, reserved 1146880K
  class space    used 12998K, capacity 15015K, committed 15016K, reserved 1048576K
}
Event: 194379.403 GC heap before
{Heap before GC invocations=10093 (full 5):
 PSYoungGen      total 1290752K, used 1289919K [0x0000000770d80000, 0x00000007c0000000, 0x00000007c0000000)
  eden space 1284608K, 100% used [0x0000000770d80000,0x00000007bf400000,0x00000007bf400000)
  from space 6144K, 86% used [0x00000007bf400000,0x00000007bf92fde8,0x00000007bfa00000)
  to   space 6144K, 0% used [0x00000007bfa00000,0x00000007bfa00000,0x00000007c0000000)
 ParOldGen       total 1767424K, used 1677812K [0x00000006d2800000, 0x000000073e600000, 0x0000000770d80000)
  object space 1767424K, 94% used [0x00000006d2800000,0x0000000738e7d098,0x000000073e600000)
 Metaspace       used 102026K, capacity 111558K, committed 111768K, reserved 1146880K
  class space    used 12998K, capacity 15015K, committed 15016K, reserved 1048576K
Event: 194379.421 GC heap after
Heap after GC invocations=10093 (full 5):
 PSYoungGen      total 1290752K, used 5375K [0x0000000770d80000, 0x00000007c0000000, 0x00000007c0000000)
  eden space 1284608K, 0% used [0x0000000770d80000,0x0000000770d80000,0x00000007bf400000)
  from space 6144K, 87% used [0x00000007bfa00000,0x00000007bff3fde8,0x00000007c0000000)
  to   space 6144K, 0% used [0x00000007bf400000,0x00000007bf400000,0x00000007bfa00000)
 ParOldGen       total 1767424K, used 1677892K [0x00000006d2800000, 0x000000073e600000, 0x0000000770d80000)
  object space 1767424K, 94% used [0x00000006d2800000,0x0000000738e91098,0x000000073e600000)
 Metaspace       used 102026K, capacity 111558K, committed 111768K, reserved 1146880K
  class space    used 12998K, capacity 15015K, committed 15016K, reserved 1048576K
}
Event: 194399.603 GC heap before
{Heap before GC invocations=10094 (full 5):
 PSYoungGen      total 1290752K, used 1289983K [0x0000000770d80000, 0x00000007c0000000, 0x00000007c0000000)
  eden space 1284608K, 100% used [0x0000000770d80000,0x00000007bf400000,0x00000007bf400000)
  from space 6144K, 87% used [0x00000007bfa00000,0x00000007bff3fde8,0x00000007c0000000)
  to   space 6144K, 0% used [0x00000007bf400000,0x00000007bf400000,0x00000007bfa00000)
 ParOldGen       total 1767424K, used 1677892K [0x00000006d2800000, 0x000000073e600000, 0x0000000770d80000)
  object space 1767424K, 94% used [0x00000006d2800000,0x0000000738e91098,0x000000073e600000)
 Metaspace       used 102026K, capacity 111558K, committed 111768K, reserved 1146880K
  class space    used 12998K, capacity 15015K, committed 15016K, reserved 1048576K
Event: 194399.621 GC heap after
Heap after GC invocations=10094 (full 5):
 PSYoungGen      total 1290240K, used 5343K [0x0000000770d80000, 0x00000007c0000000, 0x00000007c0000000)
  eden space 1284608K, 0% used [0x0000000770d80000,0x0000000770d80000,0x00000007bf400000)
  from space 5632K, 94% used [0x00000007bf400000,0x00000007bf937f68,0x00000007bf980000)
  to   space 6656K, 0% used [0x00000007bf980000,0x00000007bf980000,0x00000007c0000000)
 ParOldGen       total 1767424K, used 1678024K [0x00000006d2800000, 0x000000073e600000, 0x0000000770d80000)
  object space 1767424K, 94% used [0x00000006d2800000,0x0000000738eb20e0,0x000000073e600000)
 Metaspace       used 102026K, capacity 111558K, committed 111768K, reserved 1146880K
  class space    used 12998K, capacity 15015K, committed 15016K, reserved 1048576K
}
Event: 194416.704 GC heap before
{Heap before GC invocations=10095 (full 5):
 PSYoungGen      total 1290240K, used 1289951K [0x0000000770d80000, 0x00000007c0000000, 0x00000007c0000000)
  eden space 1284608K, 100% used [0x0000000770d80000,0x00000007bf400000,0x00000007bf400000)
  from space 5632K, 94% used [0x00000007bf400000,0x00000007bf937f68,0x00000007bf980000)
  to   space 6656K, 0% used [0x00000007bf980000,0x00000007bf980000,0x00000007c0000000)
 ParOldGen       total 1767424K, used 1678024K [0x00000006d2800000, 0x000000073e600000, 0x0000000770d80000)
  object space 1767424K, 94% used [0x00000006d2800000,0x0000000738eb20e0,0x000000073e600000)
 Metaspace       used 102026K, capacity 111558K, committed 111768K, reserved 1146880K
  class space    used 12998K, capacity 15015K, committed 15016K, reserved 1048576K
Event: 194416.724 GC heap after
Heap after GC invocations=10095 (full 5):
 PSYoungGen      total 1290240K, used 6384K [0x0000000770d80000, 0x00000007c0000000, 0x00000007c0000000)
  eden space 1283584K, 0% used [0x0000000770d80000,0x0000000770d80000,0x00000007bf300000)
  from space 6656K, 95% used [0x00000007bf980000,0x00000007bffbc068,0x00000007c0000000)
  to   space 6656K, 0% used [0x00000007bf300000,0x00000007bf300000,0x00000007bf980000)
 ParOldGen       total 1767424K, used 1678104K [0x00000006d2800000, 0x000000073e600000, 0x0000000770d80000)
  object space 1767424K, 94% used [0x00000006d2800000,0x0000000738ec60e0,0x000000073e600000)
 Metaspace       used 102026K, capacity 111558K, committed 111768K, reserved 1146880K
  class space    used 12998K, capacity 15015K, committed 15016K, reserved 1048576K
}
Event: 194432.296 GC heap before
{Heap before GC invocations=10096 (full 5):
 PSYoungGen      total 1290240K, used 1289968K [0x0000000770d80000, 0x00000007c0000000, 0x00000007c0000000)
  eden space 1283584K, 100% used [0x0000000770d80000,0x00000007bf300000,0x00000007bf300000)
  from space 6656K, 95% used [0x00000007bf980000,0x00000007bffbc068,0x00000007c0000000)
  to   space 6656K, 0% used [0x00000007bf300000,0x00000007bf300000,0x00000007bf980000)
 ParOldGen       total 1767424K, used 1678104K [0x00000006d2800000, 0x000000073e600000, 0x0000000770d80000)
  object space 1767424K, 94% used [0x00000006d2800000,0x0000000738ec60e0,0x000000073e600000)
 Metaspace       used 102027K, capacity 111558K, committed 111768K, reserved 1146880K
  class space    used 12998K, capacity 15015K, committed 15016K, reserved 1048576K
Event: 194432.314 GC heap after
Heap after GC invocations=10096 (full 5):
 PSYoungGen      total 1290240K, used 6207K [0x0000000770d80000, 0x00000007c0000000, 0x00000007c0000000)
  eden space 1283584K, 0% used [0x0000000770d80000,0x0000000770d80000,0x00000007bf300000)
  from space 6656K, 93% used [0x00000007bf300000,0x00000007bf90ff68,0x00000007bf980000)
  to   space 6656K, 0% used [0x00000007bf980000,0x00000007bf980000,0x00000007c0000000)
 ParOldGen       total 1767424K, used 1678160K [0x00000006d2800000, 0x000000073e600000, 0x0000000770d80000)
  object space 1767424K, 94% used [0x00000006d2800000,0x0000000738ed40e0,0x000000073e600000)
 Metaspace       used 102027K, capacity 111558K, committed 111768K, reserved 1146880K
  class space    used 12998K, capacity 15015K, committed 15016K, reserved 1048576K
}
Event: 194447.751 GC heap before
{Heap before GC invocations=10097 (full 5):
 PSYoungGen      total 1290240K, used 1289791K [0x0000000770d80000, 0x00000007c0000000, 0x00000007c0000000)
  eden space 1283584K, 100% used [0x0000000770d80000,0x00000007bf300000,0x00000007bf300000)
  from space 6656K, 93% used [0x00000007bf300000,0x00000007bf90ff68,0x00000007bf980000)
  to   space 6656K, 0% used [0x00000007bf980000,0x00000007bf980000,0x00000007c0000000)
 ParOldGen       total 1767424K, used 1678160K [0x00000006d2800000, 0x000000073e600000, 0x0000000770d80000)
  object space 1767424K, 94% used [0x00000006d2800000,0x0000000738ed40e0,0x000000073e600000)
 Metaspace       used 102027K, capacity 111558K, committed 111768K, reserved 1146880K
  class space    used 12998K, capacity 15015K, committed 15016K, reserved 1048576K
Event: 194447.769 GC heap after
Heap after GC invocations=10097 (full 5):
 PSYoungGen      total 1289216K, used 6207K [0x0000000770d80000, 0x00000007c0000000, 0x00000007c0000000)
  eden space 1282560K, 0% used [0x0000000770d80000,0x0000000770d80000,0x00000007bf200000)
  from space 6656K, 93% used [0x00000007bf980000,0x00000007bff8ff98,0x00000007c0000000)
  to   space 7168K, 0% used [0x00000007bf200000,0x00000007bf200000,0x00000007bf900000)
 ParOldGen       total 1767424K, used 1678224K [0x00000006d2800000, 0x000000073e600000, 0x0000000770d80000)
  object space 1767424K, 94% used [0x00000006d2800000,0x0000000738ee40e0,0x000000073e600000)
 Metaspace       used 102027K, capacity 111558K, committed 111768K, reserved 1146880K
  class space    used 12998K, capacity 15015K, committed 15016K, reserved 1048576K
}
Event: 194462.664 GC heap before
{Heap before GC invocations=10098 (full 5):
 PSYoungGen      total 1289216K, used 1288767K [0x0000000770d80000, 0x00000007c0000000, 0x00000007c0000000)
  eden space 1282560K, 100% used [0x0000000770d80000,0x00000007bf200000,0x00000007bf200000)
  from space 6656K, 93% used [0x00000007bf980000,0x00000007bff8ff98,0x00000007c0000000)
  to   space 7168K, 0% used [0x00000007bf200000,0x00000007bf200000,0x00000007bf900000)
 ParOldGen       total 1767424K, used 1678224K [0x00000006d2800000, 0x000000073e600000, 0x0000000770d80000)
  object space 1767424K, 94% used [0x00000006d2800000,0x0000000738ee40e0,0x000000073e600000)
 Metaspace       used 102027K, capacity 111558K, committed 111768K, reserved 1146880K
  class space    used 12998K, capacity 15015K, committed 15016K, reserved 1048576K
Event: 194462.682 GC heap after
Heap after GC invocations=10098 (full 5):
 PSYoungGen      total 1289216K, used 6466K [0x0000000770d80000, 0x00000007c0000000, 0x00000007c0000000)
  eden space 1282560K, 0% used [0x0000000770d80000,0x0000000770d80000,0x00000007bf200000)
  from space 6656K, 97% used [0x00000007bf200000,0x00000007bf850a88,0x00000007bf880000)
  to   space 7680K, 0% used [0x00000007bf880000,0x00000007bf880000,0x00000007c0000000)
 ParOldGen       total 1767424K, used 1678392K [0x00000006d2800000, 0x000000073e600000, 0x0000000770d80000)
  object space 1767424K, 94% used [0x00000006d2800000,0x0000000738f0e0e0,0x000000073e600000)
 Metaspace       used 102027K, capacity 111558K, committed 111768K, reserved 1146880K
  class space    used 12998K, capacity 15015K, committed 15016K, reserved 1048576K
}
Event: 194480.054 GC heap before
{Heap before GC invocations=10099 (full 5):
 PSYoungGen      total 1289216K, used 1289026K [0x0000000770d80000, 0x00000007c0000000, 0x00000007c0000000)
  eden space 1282560K, 100% used [0x0000000770d80000,0x00000007bf200000,0x00000007bf200000)
  from space 6656K, 97% used [0x00000007bf200000,0x00000007bf850a88,0x00000007bf880000)
  to   space 7680K, 0% used [0x00000007bf880000,0x00000007bf880000,0x00000007c0000000)
 ParOldGen       total 1767424K, used 1678392K [0x00000006d2800000, 0x000000073e600000, 0x0000000770d80000)
  object space 1767424K, 94% used [0x00000006d2800000,0x0000000738f0e0e0,0x000000073e600000)
 Metaspace       used 102027K, capacity 111558K, committed 111768K, reserved 1146880K
  class space    used 12998K, capacity 15015K, committed 15016K, reserved 1048576K
Event: 194480.072 GC heap after
Heap after GC invocations=10099 (full 5):
 PSYoungGen      total 1289216K, used 6111K [0x0000000770d80000, 0x00000007c0000000, 0x00000007c0000000)
  eden space 1281536K, 0% used [0x0000000770d80000,0x0000000770d80000,0x00000007bf100000)
  from space 7680K, 79% used [0x00000007bf880000,0x00000007bfe77f88,0x00000007c0000000)
  to   space 7680K, 0% used [0x00000007bf100000,0x00000007bf100000,0x00000007bf880000)
 ParOldGen       total 1767424K, used 1678456K [0x00000006d2800000, 0x000000073e600000, 0x0000000770d80000)
  object space 1767424K, 94% used [0x00000006d2800000,0x0000000738f1e0e0,0x000000073e600000)
 Metaspace       used 102027K, capacity 111558K, committed 111768K, reserved 1146880K
  class space    used 12998K, capacity 15015K, committed 15016K, reserved 1048576K
}
Event: 194497.353 GC heap before
{Heap before GC invocations=10100 (full 5):
 PSYoungGen      total 1289216K, used 1287647K [0x0000000770d80000, 0x00000007c0000000, 0x00000007c0000000)
  eden space 1281536K, 100% used [0x0000000770d80000,0x00000007bf100000,0x00000007bf100000)
  from space 7680K, 79% used [0x00000007bf880000,0x00000007bfe77f88,0x00000007c0000000)
  to   space 7680K, 0% used [0x00000007bf100000,0x00000007bf100000,0x00000007bf880000)
 ParOldGen       total 1767424K, used 1678456K [0x00000006d2800000, 0x000000073e600000, 0x0000000770d80000)
  object space 1767424K, 94% used [0x00000006d2800000,0x0000000738f1e0e0,0x000000073e600000)
 Metaspace       used 102027K, capacity 111558K, committed 111768K, reserved 1146880K
  class space    used 12998K, capacity 15015K, committed 15016K, reserved 1048576K
Event: 194497.371 GC heap after
Heap after GC invocations=10100 (full 5):
 PSYoungGen      total 1289216K, used 5920K [0x0000000770d80000, 0x00000007c0000000, 0x00000007c0000000)
  eden space 1281536K, 0% used [0x0000000770d80000,0x0000000770d80000,0x00000007bf100000)
  from space 7680K, 77% used [0x00000007bf100000,0x00000007bf6c80d8,0x00000007bf880000)
  to   space 7680K, 0% used [0x00000007bf880000,0x00000007bf880000,0x00000007c0000000)
 ParOldGen       total 1767424K, used 1678504K [0x00000006d2800000, 0x000000073e600000, 0x0000000770d80000)
  object space 1767424K, 94% used [0x00000006d2800000,0x0000000738f2a0e0,0x000000073e600000)
 Metaspace       used 102027K, capacity 111558K, committed 111768K, reserved 1146880K
  class space    used 12998K, capacity 15015K, committed 15016K, reserved 1048576K
}
Event: 194515.417 GC heap before
{Heap before GC invocations=10101 (full 5):
 PSYoungGen      total 1289216K, used 1287456K [0x0000000770d80000, 0x00000007c0000000, 0x00000007c0000000)
  eden space 1281536K, 100% used [0x0000000770d80000,0x00000007bf100000,0x00000007bf100000)
  from space 7680K, 77% used [0x00000007bf100000,0x00000007bf6c80d8,0x00000007bf880000)
  to   space 7680K, 0% used [0x00000007bf880000,0x00000007bf880000,0x00000007c0000000)
 ParOldGen       total 1767424K, used 1678504K [0x00000006d2800000, 0x000000073e600000, 0x0000000770d80000)
  object space 1767424K, 94% used [0x00000006d2800000,0x0000000738f2a0e0,0x000000073e600000)
 Metaspace       used 102027K, capacity 111558K, committed 111768K, reserved 1146880K
  class space    used 12998K, capacity 15015K, committed 15016K, reserved 1048576K
Event: 194515.436 GC heap after
Heap after GC invocations=10101 (full 5):
 PSYoungGen      total 1289216K, used 6111K [0x0000000770d80000, 0x00000007c0000000, 0x00000007c0000000)
  eden space 1281536K, 0% used [0x0000000770d80000,0x0000000770d80000,0x00000007bf100000)
  from space 7680K, 79% used [0x00000007bf880000,0x00000007bfe77f88,0x00000007c0000000)
  to   space 7680K, 0% used [0x00000007bf100000,0x00000007bf100000,0x00000007bf880000)
 ParOldGen       total 1767424K, used 1678560K [0x00000006d2800000, 0x000000073e600000, 0x0000000770d80000)
  object space 1767424K, 94% used [0x00000006d2800000,0x0000000738f380e0,0x000000073e600000)
 Metaspace       used 102027K, capacity 111558K, committed 111768K, reserved 1146880K
  class space    used 12998K, capacity 15015K, committed 15016K, reserved 1048576K
}
Event: 194530.567 GC heap before
{Heap before GC invocations=10102 (full 5):
 PSYoungGen      total 1289216K, used 1287647K [0x0000000770d80000, 0x00000007c0000000, 0x00000007c0000000)
  eden space 1281536K, 100% used [0x0000000770d80000,0x00000007bf100000,0x00000007bf100000)
  from space 7680K, 79% used [0x00000007bf880000,0x00000007bfe77f88,0x00000007c0000000)
  to   space 7680K, 0% used [0x00000007bf100000,0x00000007bf100000,0x00000007bf880000)
 ParOldGen       total 1767424K, used 1678560K [0x00000006d2800000, 0x000000073e600000, 0x0000000770d80000)
  object space 1767424K, 94% used [0x00000006d2800000,0x0000000738f380e0,0x000000073e600000)
 Metaspace       used 102027K, capacity 111558K, committed 111768K, reserved 1146880K
  class space    used 12998K, capacity 15015K, committed 15016K, reserved 1048576K
Event: 194530.585 GC heap after
Heap after GC invocations=10102 (full 5):
 PSYoungGen      total 1289216K, used 6431K [0x0000000770d80000, 0x00000007c0000000, 0x00000007c0000000)
  eden space 1281536K, 0% used [0x0000000770d80000,0x0000000770d80000,0x00000007bf100000)
  from space 7680K, 83% used [0x00000007bf100000,0x00000007bf747f88,0x00000007bf880000)
  to   space 7680K, 0% used [0x00000007bf880000,0x00000007bf880000,0x00000007c0000000)
 ParOldGen       total 1767424K, used 1678656K [0x00000006d2800000, 0x000000073e600000, 0x0000000770d80000)
  object space 1767424K, 94% used [0x00000006d2800000,0x0000000738f500e0,0x000000073e600000)
 Metaspace       used 102027K, capacity 111558K, committed 111768K, reserved 1146880K
  class space    used 12998K, capacity 15015K, committed 15016K, reserved 1048576K
}
Event: 194545.204 GC heap before
{Heap before GC invocations=10103 (full 5):
 PSYoungGen      total 1289216K, used 1287967K [0x0000000770d80000, 0x00000007c0000000, 0x00000007c0000000)
  eden space 1281536K, 100% used [0x0000000770d80000,0x00000007bf100000,0x00000007bf100000)
  from space 7680K, 83% used [0x00000007bf100000,0x00000007bf747f88,0x00000007bf880000)
  to   space 7680K, 0% used [0x00000007bf880000,0x00000007bf880000,0x00000007c0000000)
 ParOldGen       total 1767424K, used 1678656K [0x00000006d2800000, 0x000000073e600000, 0x0000000770d80000)
  object space 1767424K, 94% used [0x00000006d2800000,0x0000000738f500e0,0x000000073e600000)
 Metaspace       used 102027K, capacity 111558K, committed 111768K, reserved 1146880K
  class space    used 12998K, capacity 15015K, committed 15016K, reserved 1048576K
Event: 194545.222 GC heap after
Heap after GC invocations=10103 (full 5):
 PSYoungGen      total 1289216K, used 6367K [0x0000000770d80000, 0x00000007c0000000, 0x00000007c0000000)
  eden space 1281536K, 0% used [0x0000000770d80000,0x0000000770d80000,0x00000007bf100000)
  from space 7680K, 82% used [0x00000007bf880000,0x00000007bfeb7e08,0x00000007c0000000)
  to   space 7680K, 0% used [0x00000007bf100000,0x00000007bf100000,0x00000007bf880000)
 ParOldGen       total 1767424K, used 1678736K [0x00000006d2800000, 0x000000073e600000, 0x0000000770d80000)
  object space 1767424K, 94% used [0x00000006d2800000,0x0000000738f640e0,0x000000073e600000)
 Metaspace       used 102027K, capacity 111558K, committed 111768K, reserved 1146880K
  class space    used 12998K, capacity 15015K, committed 15016K, reserved 1048576K
}
Event: 194561.566 GC heap before
{Heap before GC invocations=10104 (full 5):
 PSYoungGen      total 1289216K, used 1287903K [0x0000000770d80000, 0x00000007c0000000, 0x00000007c0000000)
  eden space 1281536K, 100% used [0x0000000770d80000,0x00000007bf100000,0x00000007bf100000)
  from space 7680K, 82% used [0x00000007bf880000,0x00000007bfeb7e08,0x00000007c0000000)
  to   space 7680K, 0% used [0x00000007bf100000,0x00000007bf100000,0x00000007bf880000)
 ParOldGen       total 1767424K, used 1678736K [0x00000006d2800000, 0x000000073e600000, 0x0000000770d80000)
  object space 1767424K, 94% used [0x00000006d2800000,0x0000000738f640e0,0x000000073e600000)
 Metaspace       used 102027K, capacity 111558K, committed 111768K, reserved 1146880K
  class space    used 12998K, capacity 15015K, committed 15016K, reserved 1048576K
Event: 194561.585 GC heap after
Heap after GC invocations=10104 (full 5):
 PSYoungGen      total 1289216K, used 6431K [0x0000000770d80000, 0x00000007c0000000, 0x00000007c0000000)
  eden space 1281536K, 0% used [0x0000000770d80000,0x0000000770d80000,0x00000007bf100000)
  from space 7680K, 83% used [0x00000007bf100000,0x00000007bf747f78,0x00000007bf880000)
  to   space 7680K, 0% used [0x00000007bf880000,0x00000007bf880000,0x00000007c0000000)
 ParOldGen       total 1767424K, used 1678808K [0x00000006d2800000, 0x000000073e600000, 0x0000000770d80000)
  object space 1767424K, 94% used [0x00000006d2800000,0x0000000738f760e0,0x000000073e600000)
 Metaspace       used 102027K, capacity 111558K, committed 111768K, reserved 1146880K
  class space    used 12998K, capacity 15015K, committed 15016K, reserved 1048576K
}
Event: 194577.753 GC heap before
{Heap before GC invocations=10105 (full 5):
 PSYoungGen      total 1289216K, used 1287967K [0x0000000770d80000, 0x00000007c0000000, 0x00000007c0000000)
  eden space 1281536K, 100% used [0x0000000770d80000,0x00000007bf100000,0x00000007bf100000)
  from space 7680K, 83% used [0x00000007bf100000,0x00000007bf747f78,0x00000007bf880000)
  to   space 7680K, 0% used [0x00000007bf880000,0x00000007bf880000,0x00000007c0000000)
 ParOldGen       total 1767424K, used 1678808K [0x00000006d2800000, 0x000000073e600000, 0x0000000770d80000)
  object space 1767424K, 94% used [0x00000006d2800000,0x0000000738f760e0,0x000000073e600000)
 Metaspace       used 102027K, capacity 111558K, committed 111768K, reserved 1146880K
  class space    used 12998K, capacity 15015K, committed 15016K, reserved 1048576K
Event: 194577.772 GC heap after
Heap after GC invocations=10105 (full 5):
 PSYoungGen      total 1289216K, used 6111K [0x0000000770d80000, 0x00000007c0000000, 0x00000007c0000000)
  eden space 1281536K, 0% used [0x0000000770d80000,0x0000000770d80000,0x00000007bf100000)
  from space 7680K, 79% used [0x00000007bf880000,0x00000007bfe77f88,0x00000007c0000000)
  to   space 7680K, 0% used [0x00000007bf100000,0x00000007bf100000,0x00000007bf880000)
 ParOldGen       total 1767424K, used 1678928K [0x00000006d2800000, 0x000000073e600000, 0x0000000770d80000)
  object space 1767424K, 94% used [0x00000006d2800000,0x0000000738f940e0,0x000000073e600000)
 Metaspace       used 102027K, capacity 111558K, committed 111768K, reserved 1146880K
  class space    used 12998K, capacity 15015K, committed 15016K, reserved 1048576K
}
Event: 194592.615 GC heap before
{Heap before GC invocations=10106 (full 5):
 PSYoungGen      total 1289216K, used 1287647K [0x0000000770d80000, 0x00000007c0000000, 0x00000007c0000000)
  eden space 1281536K, 100% used [0x0000000770d80000,0x00000007bf100000,0x00000007bf100000)
  from space 7680K, 79% used [0x00000007bf880000,0x00000007bfe77f88,0x00000007c0000000)
  to   space 7680K, 0% used [0x00000007bf100000,0x00000007bf100000,0x00000007bf880000)
 ParOldGen       total 1767424K, used 1678928K [0x00000006d2800000, 0x000000073e600000, 0x0000000770d80000)
  object space 1767424K, 94% used [0x00000006d2800000,0x0000000738f940e0,0x000000073e600000)
 Metaspace       used 102027K, capacity 111558K, committed 111768K, reserved 1146880K
  class space    used 12998K, capacity 15015K, committed 15016K, reserved 1048576K
Event: 194592.634 GC heap after
Heap after GC invocations=10106 (full 5):
 PSYoungGen      total 1289216K, used 6271K [0x0000000770d80000, 0x00000007c0000000, 0x00000007c0000000)
  eden space 1281536K, 0% used [0x0000000770d80000,0x0000000770d80000,0x00000007bf100000)
  from space 7680K, 81% used [0x00000007bf100000,0x00000007bf71ff88,0x00000007bf880000)
  to   space 7680K, 0% used [0x00000007bf880000,0x00000007bf880000,0x00000007c0000000)
 ParOldGen       total 1767424K, used 1679008K [0x00000006d2800000, 0x000000073e600000, 0x0000000770d80000)
  object space 1767424K, 94% used [0x00000006d2800000,0x0000000738fa80e0,0x000000073e600000)
 Metaspace       used 102027K, capacity 111558K, committed 111768K, reserved 1146880K
  class space    used 12998K, capacity 15015K, committed 15016K, reserved 1048576K
}
Event: 194607.514 GC heap before
{Heap before GC invocations=10107 (full 5):
 PSYoungGen      total 1289216K, used 1287807K [0x0000000770d80000, 0x00000007c0000000, 0x00000007c0000000)
  eden space 1281536K, 100% used [0x0000000770d80000,0x00000007bf100000,0x00000007bf100000)
  from space 7680K, 81% used [0x00000007bf100000,0x00000007bf71ff88,0x00000007bf880000)
  to   space 7680K, 0% used [0x00000007bf880000,0x00000007bf880000,0x00000007c0000000)
 ParOldGen       total 1767424K, used 1679008K [0x00000006d2800000, 0x000000073e600000, 0x0000000770d80000)
  object space 1767424K, 94% used [0x00000006d2800000,0x0000000738fa80e0,0x000000073e600000)
 Metaspace       used 102027K, capacity 111558K, committed 111768K, reserved 1146880K
  class space    used 12998K, capacity 15015K, committed 15016K, reserved 1048576K
Event: 194607.531 GC heap after
Heap after GC invocations=10107 (full 5):
 PSYoungGen      total 1289216K, used 6015K [0x0000000770d80000, 0x00000007c0000000, 0x00000007c0000000)
  eden space 1281536K, 0% used [0x0000000770d80000,0x0000000770d80000,0x00000007bf100000)
  from space 7680K, 78% used [0x00000007bf880000,0x00000007bfe5ff68,0x00000007c0000000)
  to   space 7680K, 0% used [0x00000007bf100000,0x00000007bf100000,0x00000007bf880000)
 ParOldGen       total 1767424K, used 1679072K [0x00000006d2800000, 0x000000073e600000, 0x0000000770d80000)
  object space 1767424K, 95% used [0x00000006d2800000,0x0000000738fb80e0,0x000000073e600000)
 Metaspace       used 102027K, capacity 111558K, committed 111768K, reserved 1146880K
  class space    used 12998K, capacity 15015K, committed 15016K, reserved 1048576K
}
Event: 194622.504 GC heap before
{Heap before GC invocations=10108 (full 5):
 PSYoungGen      total 1289216K, used 1287551K [0x0000000770d80000, 0x00000007c0000000, 0x00000007c0000000)
  eden space 1281536K, 100% used [0x0000000770d80000,0x00000007bf100000,0x00000007bf100000)
  from space 7680K, 78% used [0x00000007bf880000,0x00000007bfe5ff68,0x00000007c0000000)
  to   space 7680K, 0% used [0x00000007bf100000,0x00000007bf100000,0x00000007bf880000)
 ParOldGen       total 1767424K, used 1679072K [0x00000006d2800000, 0x000000073e600000, 0x0000000770d80000)
  object space 1767424K, 95% used [0x00000006d2800000,0x0000000738fb80e0,0x000000073e600000)
 Metaspace       used 102027K, capacity 111558K, committed 111768K, reserved 1146880K
  class space    used 12998K, capacity 15015K, committed 15016K, reserved 1048576K
Event: 194622.521 GC heap after
Heap after GC invocations=10108 (full 5):
 PSYoungGen      total 1289216K, used 6079K [0x0000000770d80000, 0x00000007c0000000, 0x00000007c0000000)
  eden space 1281536K, 0% used [0x0000000770d80000,0x0000000770d80000,0x00000007bf100000)
  from space 7680K, 79% used [0x00000007bf100000,0x00000007bf6eff68,0x00000007bf880000)
  to   space 7680K, 0% used [0x00000007bf880000,0x00000007bf880000,0x00000007c0000000)
 ParOldGen       total 1767424K, used 1679112K [0x00000006d2800000, 0x000000073e600000, 0x0000000770d80000)
  object space 1767424K, 95% used [0x00000006d2800000,0x0000000738fc20e0,0x000000073e600000)
 Metaspace       used 102027K, capacity 111558K, committed 111768K, reserved 1146880K
  class space    used 12998K, capacity 15015K, committed 15016K, reserved 1048576K
}
Event: 194637.253 GC heap before
{Heap before GC invocations=10109 (full 5):
 PSYoungGen      total 1289216K, used 1287615K [0x0000000770d80000, 0x00000007c0000000, 0x00000007c0000000)
  eden space 1281536K, 100% used [0x0000000770d80000,0x00000007bf100000,0x00000007bf100000)
  from space 7680K, 79% used [0x00000007bf100000,0x00000007bf6eff68,0x00000007bf880000)
  to   space 7680K, 0% used [0x00000007bf880000,0x00000007bf880000,0x00000007c0000000)
 ParOldGen       total 1767424K, used 1679112K [0x00000006d2800000, 0x000000073e600000, 0x0000000770d80000)
  object space 1767424K, 95% used [0x00000006d2800000,0x0000000738fc20e0,0x000000073e600000)
 Metaspace       used 102027K, capacity 111558K, committed 111768K, reserved 1146880K
  class space    used 12998K, capacity 15015K, committed 15016K, reserved 1048576K
Event: 194637.272 GC heap after
Heap after GC invocations=10109 (full 5):
 PSYoungGen      total 1289216K, used 6207K [0x0000000770d80000, 0x00000007c0000000, 0x00000007c0000000)
  eden space 1281536K, 0% used [0x0000000770d80000,0x0000000770d80000,0x00000007bf100000)
  from space 7680K, 80% used [0x00000007bf880000,0x00000007bfe8fde8,0x00000007c0000000)
  to   space 7680K, 0% used [0x00000007bf100000,0x00000007bf100000,0x00000007bf880000)
 ParOldGen       total 1767424K, used 1679192K [0x00000006d2800000, 0x000000073e600000, 0x0000000770d80000)
  object space 1767424K, 95% used [0x00000006d2800000,0x0000000738fd60e0,0x000000073e600000)
 Metaspace       used 102027K, capacity 111558K, committed 111768K, reserved 1146880K
  class space    used 12998K, capacity 15015K, committed 15016K, reserved 1048576K
}
Event: 194652.191 GC heap before
{Heap before GC invocations=10110 (full 5):
 PSYoungGen      total 1289216K, used 1287743K [0x0000000770d80000, 0x00000007c0000000, 0x00000007c0000000)
  eden space 1281536K, 100% used [0x0000000770d80000,0x00000007bf100000,0x00000007bf100000)
  from space 7680K, 80% used [0x00000007bf880000,0x00000007bfe8fde8,0x00000007c0000000)
  to   space 7680K, 0% used [0x00000007bf100000,0x00000007bf100000,0x00000007bf880000)
 ParOldGen       total 1767424K, used 1679192K [0x00000006d2800000, 0x000000073e600000, 0x0000000770d80000)
  object space 1767424K, 95% used [0x00000006d2800000,0x0000000738fd60e0,0x000000073e600000)
 Metaspace       used 102027K, capacity 111558K, committed 111768K, reserved 1146880K
  class space    used 12998K, capacity 15015K, committed 15016K, reserved 1048576K
Event: 194652.209 GC heap after
Heap after GC invocations=10110 (full 5):
 PSYoungGen      total 1289216K, used 5599K [0x0000000770d80000, 0x00000007c0000000, 0x00000007c0000000)
  eden space 1281536K, 0% used [0x0000000770d80000,0x0000000770d80000,0x00000007bf100000)
  from space 7680K, 72% used [0x00000007bf100000,0x00000007bf677f88,0x00000007bf880000)
  to   space 7680K, 0% used [0x00000007bf880000,0x00000007bf880000,0x00000007c0000000)
 ParOldGen       total 1767424K, used 1679844K [0x00000006d2800000, 0x000000073e600000, 0x0000000770d80000)
  object space 1767424K, 95% used [0x00000006d2800000,0x0000000739079198,0x000000073e600000)
 Metaspace       used 102027K, capacity 111558K, committed 111768K, reserved 1146880K
  class space    used 12998K, capacity 15015K, committed 15016K, reserved 1048576K
}
Event: 194667.273 GC heap before
{Heap before GC invocations=10111 (full 5):
 PSYoungGen      total 1289216K, used 1287135K [0x0000000770d80000, 0x00000007c0000000, 0x00000007c0000000)
  eden space 1281536K, 100% used [0x0000000770d80000,0x00000007bf100000,0x00000007bf100000)
  from space 7680K, 72% used [0x00000007bf100000,0x00000007bf677f88,0x00000007bf880000)
  to   space 7680K, 0% used [0x00000007bf880000,0x00000007bf880000,0x00000007c0000000)
 ParOldGen       total 1767424K, used 1679844K [0x00000006d2800000, 0x000000073e600000, 0x0000000770d80000)
  object space 1767424K, 95% used [0x00000006d2800000,0x0000000739079198,0x000000073e600000)
 Metaspace       used 102027K, capacity 111558K, committed 111768K, reserved 1146880K
  class space    used 12998K, capacity 15015K, committed 15016K, reserved 1048576K
Event: 194667.291 GC heap after
Heap after GC invocations=10111 (full 5):
 PSYoungGen      total 1289216K, used 5407K [0x0000000770d80000, 0x00000007c0000000, 0x00000007c0000000)
  eden space 1281536K, 0% used [0x0000000770d80000,0x0000000770d80000,0x00000007bf100000)
  from space 7680K, 70% used [0x00000007bf880000,0x00000007bfdc7f68,0x00000007c0000000)
  to   space 7680K, 0% used [0x00000007bf100000,0x00000007bf100000,0x00000007bf880000)
 ParOldGen       total 1767424K, used 1679908K [0x00000006d2800000, 0x000000073e600000, 0x0000000770d80000)
  object space 1767424K, 95% used [0x00000006d2800000,0x0000000739089198,0x000000073e600000)
 Metaspace       used 102027K, capacity 111558K, committed 111768K, reserved 1146880K
  class space    used 12998K, capacity 15015K, committed 15016K, reserved 1048576K
}
Event: 194682.165 GC heap before
{Heap before GC invocations=10112 (full 5):
 PSYoungGen      total 1289216K, used 1286943K [0x0000000770d80000, 0x00000007c0000000, 0x00000007c0000000)
  eden space 1281536K, 100% used [0x0000000770d80000,0x00000007bf100000,0x00000007bf100000)
  from space 7680K, 70% used [0x00000007bf880000,0x00000007bfdc7f68,0x00000007c0000000)
  to   space 7680K, 0% used [0x00000007bf100000,0x00000007bf100000,0x00000007bf880000)
 ParOldGen       total 1767424K, used 1679908K [0x00000006d2800000, 0x000000073e600000, 0x0000000770d80000)
  object space 1767424K, 95% used [0x00000006d2800000,0x0000000739089198,0x000000073e600000)
 Metaspace       used 102027K, capacity 111558K, committed 111768K, reserved 1146880K
  class space    used 12998K, capacity 15015K, committed 15016K, reserved 1048576K
Event: 194682.183 GC heap after
Heap after GC invocations=10112 (full 5):
 PSYoungGen      total 1287168K, used 5503K [0x0000000770d80000, 0x00000007bff00000, 0x00000007c0000000)
  eden space 1281536K, 0% used [0x0000000770d80000,0x0000000770d80000,0x00000007bf100000)
  from space 5632K, 97% used [0x00000007bf100000,0x00000007bf65ff88,0x00000007bf680000)
  to   space 7168K, 0% used [0x00000007bf800000,0x00000007bf800000,0x00000007bff00000)
 ParOldGen       total 1767424K, used 1680004K [0x00000006d2800000, 0x000000073e600000, 0x0000000770d80000)
  object space 1767424K, 95% used [0x00000006d2800000,0x00000007390a1198,0x000000073e600000)
 Metaspace       used 102027K, capacity 111558K, committed 111768K, reserved 1146880K
  class space    used 12998K, capacity 15015K, committed 15016K, reserved 1048576K
}
Event: 194696.962 GC heap before
{Heap before GC invocations=10113 (full 5):
 PSYoungGen      total 1287168K, used 1287039K [0x0000000770d80000, 0x00000007bff00000, 0x00000007c0000000)
  eden space 1281536K, 100% used [0x0000000770d80000,0x00000007bf100000,0x00000007bf100000)
  from space 5632K, 97% used [0x00000007bf100000,0x00000007bf65ff88,0x00000007bf680000)
  to   space 7168K, 0% used [0x00000007bf800000,0x00000007bf800000,0x00000007bff00000)
 ParOldGen       total 1767424K, used 1680004K [0x00000006d2800000, 0x000000073e600000, 0x0000000770d80000)
  object space 1767424K, 95% used [0x00000006d2800000,0x00000007390a1198,0x000000073e600000)
 Metaspace       used 102027K, capacity 111558K, committed 111768K, reserved 1146880K
  class space    used 12998K, capacity 15015K, committed 15016K, reserved 1048576K
Event: 194696.979 GC heap after
Heap after GC invocations=10113 (full 5):
 PSYoungGen      total 1288704K, used 5343K [0x0000000770d80000, 0x00000007c0000000, 0x00000007c0000000)
  eden space 1281536K, 0% used [0x0000000770d80000,0x0000000770d80000,0x00000007bf100000)
  from space 7168K, 74% used [0x00000007bf800000,0x00000007bfd37f68,0x00000007bff00000)
  to   space 7168K, 0% used [0x00000007bf100000,0x00000007bf100000,0x00000007bf800000)
 ParOldGen       total 1767424K, used 1680156K [0x00000006d2800000, 0x000000073e600000, 0x0000000770d80000)
  object space 1767424K, 95% used [0x00000006d2800000,0x00000007390c7198,0x000000073e600000)
 Metaspace       used 102027K, capacity 111558K, committed 111768K, reserved 1146880K
  class space    used 12998K, capacity 15015K, committed 15016K, reserved 1048576K
}
Event: 194711.253 GC heap before
{Heap before GC invocations=10114 (full 5):
 PSYoungGen      total 1288704K, used 1286879K [0x0000000770d80000, 0x00000007c0000000, 0x00000007c0000000)
  eden space 1281536K, 100% used [0x0000000770d80000,0x00000007bf100000,0x00000007bf100000)
  from space 7168K, 74% used [0x00000007bf800000,0x00000007bfd37f68,0x00000007bff00000)
  to   space 7168K, 0% used [0x00000007bf100000,0x00000007bf100000,0x00000007bf800000)
 ParOldGen       total 1767424K, used 1680156K [0x00000006d2800000, 0x000000073e600000, 0x0000000770d80000)
  object space 1767424K, 95% used [0x00000006d2800000,0x00000007390c7198,0x000000073e600000)
 Metaspace       used 102027K, capacity 111558K, committed 111768K, reserved 1146880K
  class space    used 12998K, capacity 15015K, committed 15016K, reserved 1048576K
Event: 194711.271 GC heap after
Heap after GC invocations=10114 (full 5):
 PSYoungGen      total 1288704K, used 5648K [0x0000000770d80000, 0x00000007c0000000, 0x00000007c0000000)
  eden space 1281536K, 0% used [0x0000000770d80000,0x0000000770d80000,0x00000007bf100000)
  from space 7168K, 78% used [0x00000007bf100000,0x00000007bf684028,0x00000007bf800000)
  to   space 7168K, 0% used [0x00000007bf900000,0x00000007bf900000,0x00000007c0000000)
 ParOldGen       total 1767424K, used 1680220K [0x00000006d2800000, 0x000000073e600000, 0x0000000770d80000)
  object space 1767424K, 95% used [0x00000006d2800000,0x00000007390d7198,0x000000073e600000)
 Metaspace       used 102027K, capacity 111558K, committed 111768K, reserved 1146880K
  class space    used 12998K, capacity 15015K, committed 15016K, reserved 1048576K
}
Event: 194725.503 GC heap before
{Heap before GC invocations=10115 (full 5):
 PSYoungGen      total 1288704K, used 1287184K [0x0000000770d80000, 0x00000007c0000000, 0x00000007c0000000)
  eden space 1281536K, 100% used [0x0000000770d80000,0x00000007bf100000,0x00000007bf100000)
  from space 7168K, 78% used [0x00000007bf100000,0x00000007bf684028,0x00000007bf800000)
  to   space 7168K, 0% used [0x00000007bf900000,0x00000007bf900000,0x00000007c0000000)
 ParOldGen       total 1767424K, used 1680220K [0x00000006d2800000, 0x000000073e600000, 0x0000000770d80000)
  object space 1767424K, 95% used [0x00000006d2800000,0x00000007390d7198,0x000000073e600000)
 Metaspace       used 102027K, capacity 111558K, committed 111768K, reserved 1146880K
  class space    used 12998K, capacity 15015K, committed 15016K, reserved 1048576K
Event: 194725.521 GC heap after
Heap after GC invocations=10115 (full 5):
 PSYoungGen      total 1289728K, used 5631K [0x0000000770d80000, 0x00000007c0000000, 0x00000007c0000000)
  eden space 1282560K, 0% used [0x0000000770d80000,0x0000000770d80000,0x00000007bf200000)
  from space 7168K, 78% used [0x00000007bf900000,0x00000007bfe7ff88,0x00000007c0000000)
  to   space 7168K, 0% used [0x00000007bf200000,0x00000007bf200000,0x00000007bf900000)
 ParOldGen       total 1767424K, used 1680268K [0x00000006d2800000, 0x000000073e600000, 0x0000000770d80000)
  object space 1767424K, 95% used [0x00000006d2800000,0x00000007390e3198,0x000000073e600000)
 Metaspace       used 102027K, capacity 111558K, committed 111768K, reserved 1146880K
  class space    used 12998K, capacity 15015K, committed 15016K, reserved 1048576K
}
Event: 194740.087 GC heap before
{Heap before GC invocations=10116 (full 5):
 PSYoungGen      total 1289728K, used 1288191K [0x0000000770d80000, 0x00000007c0000000, 0x00000007c0000000)
  eden space 1282560K, 100% used [0x0000000770d80000,0x00000007bf200000,0x00000007bf200000)
  from space 7168K, 78% used [0x00000007bf900000,0x00000007bfe7ff88,0x00000007c0000000)
  to   space 7168K, 0% used [0x00000007bf200000,0x00000007bf200000,0x00000007bf900000)
 ParOldGen       total 1767424K, used 1680268K [0x00000006d2800000, 0x000000073e600000, 0x0000000770d80000)
  object space 1767424K, 95% used [0x00000006d2800000,0x00000007390e3198,0x000000073e600000)
 Metaspace       used 102027K, capacity 111558K, committed 111768K, reserved 1146880K
  class space    used 12998K, capacity 15015K, committed 15016K, reserved 1048576K
Event: 194740.106 GC heap after
Heap after GC invocations=10116 (full 5):
 PSYoungGen      total 1289728K, used 5759K [0x0000000770d80000, 0x00000007c0000000, 0x00000007c0000000)
  eden space 1282560K, 0% used [0x0000000770d80000,0x0000000770d80000,0x00000007bf200000)
  from space 7168K, 80% used [0x00000007bf200000,0x00000007bf79ff88,0x00000007bf900000)
  to   space 7168K, 0% used [0x00000007bf900000,0x00000007bf900000,0x00000007c0000000)
 ParOldGen       total 1767424K, used 1680380K [0x00000006d2800000, 0x000000073e600000, 0x0000000770d80000)
  object space 1767424K, 95% used [0x00000006d2800000,0x00000007390ff198,0x000000073e600000)
 Metaspace       used 102027K, capacity 111558K, committed 111768K, reserved 1146880K
  class space    used 12998K, capacity 15015K, committed 15016K, reserved 1048576K
}
Event: 194755.821 GC heap before
{Heap before GC invocations=10117 (full 5):
 PSYoungGen      total 1289728K, used 1288319K [0x0000000770d80000, 0x00000007c0000000, 0x00000007c0000000)
  eden space 1282560K, 100% used [0x0000000770d80000,0x00000007bf200000,0x00000007bf200000)
  from space 7168K, 80% used [0x00000007bf200000,0x00000007bf79ff88,0x00000007bf900000)
  to   space 7168K, 0% used [0x00000007bf900000,0x00000007bf900000,0x00000007c0000000)
 ParOldGen       total 1767424K, used 1680380K [0x00000006d2800000, 0x000000073e600000, 0x0000000770d80000)
  object space 1767424K, 95% used [0x00000006d2800000,0x00000007390ff198,0x000000073e600000)
 Metaspace       used 102027K, capacity 111558K, committed 111768K, reserved 1146880K
  class space    used 12998K, capacity 15015K, committed 15016K, reserved 1048576K
Event: 194755.839 GC heap after
Heap after GC invocations=10117 (full 5):
 PSYoungGen      total 1289728K, used 5759K [0x0000000770d80000, 0x00000007c0000000, 0x00000007c0000000)
  eden space 1282560K, 0% used [0x0000000770d80000,0x0000000770d80000,0x00000007bf200000)
  from space 7168K, 80% used [0x00000007bf900000,0x00000007bfe9ff68,0x00000007c0000000)
  to   space 7168K, 0% used [0x00000007bf200000,0x00000007bf200000,0x00000007bf900000)
 ParOldGen       total 1767424K, used 1680620K [0x00000006d2800000, 0x000000073e600000, 0x0000000770d80000)
  object space 1767424K, 95% used [0x00000006d2800000,0x000000073913b198,0x000000073e600000)
 Metaspace       used 102027K, capacity 111558K, committed 111768K, reserved 1146880K
  class space    used 12998K, capacity 15015K, committed 15016K, reserved 1048576K
}
Event: 194771.472 GC heap before
{Heap before GC invocations=10118 (full 5):
 PSYoungGen      total 1289728K, used 1288319K [0x0000000770d80000, 0x00000007c0000000, 0x00000007c0000000)
  eden space 1282560K, 100% used [0x0000000770d80000,0x00000007bf200000,0x00000007bf200000)
  from space 7168K, 80% used [0x00000007bf900000,0x00000007bfe9ff68,0x00000007c0000000)
  to   space 7168K, 0% used [0x00000007bf200000,0x00000007bf200000,0x00000007bf900000)
 ParOldGen       total 1767424K, used 1680620K [0x00000006d2800000, 0x000000073e600000, 0x0000000770d80000)
  object space 1767424K, 95% used [0x00000006d2800000,0x000000073913b198,0x000000073e600000)
 Metaspace       used 102027K, capacity 111558K, committed 111768K, reserved 1146880K
  class space    used 12998K, capacity 15015K, committed 15016K, reserved 1048576K
Event: 194771.491 GC heap after
Heap after GC invocations=10118 (full 5):
 PSYoungGen      total 1289728K, used 6655K [0x0000000770d80000, 0x00000007c0000000, 0x00000007c0000000)
  eden space 1282560K, 0% used [0x0000000770d80000,0x0000000770d80000,0x00000007bf200000)
  from space 7168K, 92% used [0x00000007bf200000,0x00000007bf87ff88,0x00000007bf900000)
  to   space 7168K, 0% used [0x00000007bf900000,0x00000007bf900000,0x00000007c0000000)
 ParOldGen       total 1767424K, used 1680676K [0x00000006d2800000, 0x000000073e600000, 0x0000000770d80000)
  object space 1767424K, 95% used [0x00000006d2800000,0x0000000739149198,0x000000073e600000)
 Metaspace       used 102027K, capacity 111558K, committed 111768K, reserved 1146880K
  class space    used 12998K, capacity 15015K, committed 15016K, reserved 1048576K
}
Event: 194786.870 GC heap before
{Heap before GC invocations=10119 (full 5):
 PSYoungGen      total 1289728K, used 1289215K [0x0000000770d80000, 0x00000007c0000000, 0x00000007c0000000)
  eden space 1282560K, 100% used [0x0000000770d80000,0x00000007bf200000,0x00000007bf200000)
  from space 7168K, 92% used [0x00000007bf200000,0x00000007bf87ff88,0x00000007bf900000)
  to   space 7168K, 0% used [0x00000007bf900000,0x00000007bf900000,0x00000007c0000000)
 ParOldGen       total 1767424K, used 1680676K [0x00000006d2800000, 0x000000073e600000, 0x0000000770d80000)
  object space 1767424K, 95% used [0x00000006d2800000,0x0000000739149198,0x000000073e600000)
 Metaspace       used 102027K, capacity 111558K, committed 111768K, reserved 1146880K
  class space    used 12998K, capacity 15015K, committed 15016K, reserved 1048576K
Event: 194786.890 GC heap after
Heap after GC invocations=10119 (full 5):
 PSYoungGen      total 1288704K, used 6879K [0x0000000770d80000, 0x00000007c0000000, 0x00000007c0000000)
  eden space 1281536K, 0% used [0x0000000770d80000,0x0000000770d80000,0x00000007bf100000)
  from space 7168K, 95% used [0x00000007bf900000,0x00000007bffb7f88,0x00000007c0000000)
  to   space 7680K, 0% used [0x00000007bf100000,0x00000007bf100000,0x00000007bf880000)
 ParOldGen       total 1767424K, used 1680724K [0x00000006d2800000, 0x000000073e600000, 0x0000000770d80000)
  object space 1767424K, 95% used [0x00000006d2800000,0x0000000739155198,0x000000073e600000)
 Metaspace       used 102027K, capacity 111558K, committed 111768K, reserved 1146880K
  class space    used 12998K, capacity 15015K, committed 15016K, reserved 1048576K
}
Event: 194801.911 GC heap before
{Heap before GC invocations=10120 (full 5):
 PSYoungGen      total 1288704K, used 1288415K [0x0000000770d80000, 0x00000007c0000000, 0x00000007c0000000)
  eden space 1281536K, 100% used [0x0000000770d80000,0x00000007bf100000,0x00000007bf100000)
  from space 7168K, 95% used [0x00000007bf900000,0x00000007bffb7f88,0x00000007c0000000)
  to   space 7680K, 0% used [0x00000007bf100000,0x00000007bf100000,0x00000007bf880000)
 ParOldGen       total 1767424K, used 1680724K [0x00000006d2800000, 0x000000073e600000, 0x0000000770d80000)
  object space 1767424K, 95% used [0x00000006d2800000,0x0000000739155198,0x000000073e600000)
 Metaspace       used 102027K, capacity 111558K, committed 111768K, reserved 1146880K
  class space    used 12998K, capacity 15015K, committed 15016K, reserved 1048576K
Event: 194801.931 GC heap after
Heap after GC invocations=10120 (full 5):
 PSYoungGen      total 1289216K, used 7263K [0x0000000770d80000, 0x00000007c0000000, 0x00000007c0000000)
  eden space 1281536K, 0% used [0x0000000770d80000,0x0000000770d80000,0x00000007bf100000)
  from space 7680K, 94% used [0x00000007bf100000,0x00000007bf817f88,0x00000007bf880000)
  to   space 7680K, 0% used [0x00000007bf880000,0x00000007bf880000,0x00000007c0000000)
 ParOldGen       total 1767424K, used 1680780K [0x00000006d2800000, 0x000000073e600000, 0x0000000770d80000)
  object space 1767424K, 95% used [0x00000006d2800000,0x0000000739163198,0x000000073e600000)
 Metaspace       used 102027K, capacity 111558K, committed 111768K, reserved 1146880K
  class space    used 12998K, capacity 15015K, committed 15016K, reserved 1048576K
}
Event: 194817.756 GC heap before
{Heap before GC invocations=10121 (full 5):
 PSYoungGen      total 1289216K, used 1288799K [0x0000000770d80000, 0x00000007c0000000, 0x00000007c0000000)
  eden space 1281536K, 100% used [0x0000000770d80000,0x00000007bf100000,0x00000007bf100000)
  from space 7680K, 94% used [0x00000007bf100000,0x00000007bf817f88,0x00000007bf880000)
  to   space 7680K, 0% used [0x00000007bf880000,0x00000007bf880000,0x00000007c0000000)
 ParOldGen       total 1767424K, used 1680780K [0x00000006d2800000, 0x000000073e600000, 0x0000000770d80000)
  object space 1767424K, 95% used [0x00000006d2800000,0x0000000739163198,0x000000073e600000)
 Metaspace       used 102027K, capacity 111558K, committed 111768K, reserved 1146880K
  class space    used 12998K, capacity 15015K, committed 15016K, reserved 1048576K
Event: 194817.775 GC heap after
Heap after GC invocations=10121 (full 5):
 PSYoungGen      total 1288192K, used 6943K [0x0000000770d80000, 0x00000007c0000000, 0x00000007c0000000)
  eden space 1280512K, 0% used [0x0000000770d80000,0x0000000770d80000,0x00000007bf000000)
  from space 7680K, 90% used [0x00000007bf880000,0x00000007bff47f78,0x00000007c0000000)
  to   space 8192K, 0% used [0x00000007bf000000,0x00000007bf000000,0x00000007bf800000)
 ParOldGen       total 1767424K, used 1680836K [0x00000006d2800000, 0x000000073e600000, 0x0000000770d80000)
  object space 1767424K, 95% used [0x00000006d2800000,0x0000000739171198,0x000000073e600000)
 Metaspace       used 102027K, capacity 111558K, committed 111768K, reserved 1146880K
  class space    used 12998K, capacity 15015K, committed 15016K, reserved 1048576K
}
Event: 194833.320 GC heap before
{Heap before GC invocations=10122 (full 5):
 PSYoungGen      total 1288192K, used 1287455K [0x0000000770d80000, 0x00000007c0000000, 0x00000007c0000000)
  eden space 1280512K, 100% used [0x0000000770d80000,0x00000007bf000000,0x00000007bf000000)
  from space 7680K, 90% used [0x00000007bf880000,0x00000007bff47f78,0x00000007c0000000)
  to   space 8192K, 0% used [0x00000007bf000000,0x00000007bf000000,0x00000007bf800000)
 ParOldGen       total 1767424K, used 1680836K [0x00000006d2800000, 0x000000073e600000, 0x0000000770d80000)
  object space 1767424K, 95% used [0x00000006d2800000,0x0000000739171198,0x000000073e600000)
 Metaspace       used 102027K, capacity 111558K, committed 111768K, reserved 1146880K
  class space    used 12998K, capacity 15015K, committed 15016K, reserved 1048576K
Event: 194833.338 GC heap after
Heap after GC invocations=10122 (full 5):
 PSYoungGen      total 1288704K, used 6783K [0x0000000770d80000, 0x00000007c0000000, 0x00000007c0000000)
  eden space 1280512K, 0% used [0x0000000770d80000,0x0000000770d80000,0x00000007bf000000)
  from space 8192K, 82% used [0x00000007bf000000,0x00000007bf69ff88,0x00000007bf800000)
  to   space 8192K, 0% used [0x00000007bf800000,0x00000007bf800000,0x00000007c0000000)
 ParOldGen       total 1767424K, used 1680884K [0x00000006d2800000, 0x000000073e600000, 0x0000000770d80000)
  object space 1767424K, 95% used [0x00000006d2800000,0x000000073917d198,0x000000073e600000)
 Metaspace       used 102027K, capacity 111558K, committed 111768K, reserved 1146880K
  class space    used 12998K, capacity 15015K, committed 15016K, reserved 1048576K
}
Event: 194847.770 GC heap before
{Heap before GC invocations=10123 (full 5):
 PSYoungGen      total 1288704K, used 1287295K [0x0000000770d80000, 0x00000007c0000000, 0x00000007c0000000)
  eden space 1280512K, 100% used [0x0000000770d80000,0x00000007bf000000,0x00000007bf000000)
  from space 8192K, 82% used [0x00000007bf000000,0x00000007bf69ff88,0x00000007bf800000)
  to   space 8192K, 0% used [0x00000007bf800000,0x00000007bf800000,0x00000007c0000000)
 ParOldGen       total 1767424K, used 1680884K [0x00000006d2800000, 0x000000073e600000, 0x0000000770d80000)
  object space 1767424K, 95% used [0x00000006d2800000,0x000000073917d198,0x000000073e600000)
 Metaspace       used 102027K, capacity 111558K, committed 111768K, reserved 1146880K
  class space    used 12998K, capacity 15015K, committed 15016K, reserved 1048576K
Event: 194847.790 GC heap after
Heap after GC invocations=10123 (full 5):
 PSYoungGen      total 1288704K, used 6591K [0x0000000770d80000, 0x00000007c0000000, 0x00000007c0000000)
  eden space 1280512K, 0% used [0x0000000770d80000,0x0000000770d80000,0x00000007bf000000)
  from space 8192K, 80% used [0x00000007bf800000,0x00000007bfe6ff88,0x00000007c0000000)
  to   space 8192K, 0% used [0x00000007bf000000,0x00000007bf000000,0x00000007bf800000)
 ParOldGen       total 1767424K, used 1680956K [0x00000006d2800000, 0x000000073e600000, 0x0000000770d80000)
  object space 1767424K, 95% used [0x00000006d2800000,0x000000073918f198,0x000000073e600000)
 Metaspace       used 102027K, capacity 111558K, committed 111768K, reserved 1146880K
  class space    used 12998K, capacity 15015K, committed 15016K, reserved 1048576K
}
Event: 194863.532 GC heap before
{Heap before GC invocations=10124 (full 5):
 PSYoungGen      total 1288704K, used 1287103K [0x0000000770d80000, 0x00000007c0000000, 0x00000007c0000000)
  eden space 1280512K, 100% used [0x0000000770d80000,0x00000007bf000000,0x00000007bf000000)
  from space 8192K, 80% used [0x00000007bf800000,0x00000007bfe6ff88,0x00000007c0000000)
  to   space 8192K, 0% used [0x00000007bf000000,0x00000007bf000000,0x00000007bf800000)
 ParOldGen       total 1767424K, used 1680956K [0x00000006d2800000, 0x000000073e600000, 0x0000000770d80000)
  object space 1767424K, 95% used [0x00000006d2800000,0x000000073918f198,0x000000073e600000)
 Metaspace       used 102027K, capacity 111558K, committed 111768K, reserved 1146880K
  class space    used 12998K, capacity 15015K, committed 15016K, reserved 1048576K
Event: 194863.551 GC heap after
Heap after GC invocations=10124 (full 5):
 PSYoungGen      total 1288704K, used 6654K [0x0000000770d80000, 0x00000007c0000000, 0x00000007c0000000)
  eden space 1280512K, 0% used [0x0000000770d80000,0x0000000770d80000,0x00000007bf000000)
  from space 8192K, 81% used [0x00000007bf000000,0x00000007bf67fae8,0x00000007bf800000)
  to   space 8192K, 0% used [0x00000007bf800000,0x00000007bf800000,0x00000007c0000000)
 ParOldGen       total 1767424K, used 1681004K [0x00000006d2800000, 0x000000073e600000, 0x0000000770d80000)
  object space 1767424K, 95% used [0x00000006d2800000,0x000000073919b198,0x000000073e600000)
 Metaspace       used 102027K, capacity 111558K, committed 111768K, reserved 1146880K
  class space    used 12998K, capacity 15015K, committed 15016K, reserved 1048576K
}
Event: 194879.070 GC heap before
{Heap before GC invocations=10125 (full 5):
 PSYoungGen      total 1288704K, used 1287166K [0x0000000770d80000, 0x00000007c0000000, 0x00000007c0000000)
  eden space 1280512K, 100% used [0x0000000770d80000,0x00000007bf000000,0x00000007bf000000)
  from space 8192K, 81% used [0x00000007bf000000,0x00000007bf67fae8,0x00000007bf800000)
  to   space 8192K, 0% used [0x00000007bf800000,0x00000007bf800000,0x00000007c0000000)
 ParOldGen       total 1767424K, used 1681004K [0x00000006d2800000, 0x000000073e600000, 0x0000000770d80000)
  object space 1767424K, 95% used [0x00000006d2800000,0x000000073919b198,0x000000073e600000)
 Metaspace       used 102027K, capacity 111558K, committed 111768K, reserved 1146880K
  class space    used 12998K, capacity 15015K, committed 15016K, reserved 1048576K
Event: 194879.089 GC heap after
Heap after GC invocations=10125 (full 5):
 PSYoungGen      total 1288704K, used 6655K [0x0000000770d80000, 0x00000007c0000000, 0x00000007c0000000)
  eden space 1280512K, 0% used [0x0000000770d80000,0x0000000770d80000,0x00000007bf000000)
  from space 8192K, 81% used [0x00000007bf800000,0x00000007bfe7fdf8,0x00000007c0000000)
  to   space 8192K, 0% used [0x00000007bf000000,0x00000007bf000000,0x00000007bf800000)
 ParOldGen       total 1767424K, used 1681068K [0x00000006d2800000, 0x000000073e600000, 0x0000000770d80000)
  object space 1767424K, 95% used [0x00000006d2800000,0x00000007391ab198,0x000000073e600000)
 Metaspace       used 102027K, capacity 111558K, committed 111768K, reserved 1146880K
  class space    used 12998K, capacity 15015K, committed 15016K, reserved 1048576K
}
Event: 194894.505 GC heap before
{Heap before GC invocations=10126 (full 5):
 PSYoungGen      total 1288704K, used 1287167K [0x0000000770d80000, 0x00000007c0000000, 0x00000007c0000000)
  eden space 1280512K, 100% used [0x0000000770d80000,0x00000007bf000000,0x00000007bf000000)
  from space 8192K, 81% used [0x00000007bf800000,0x00000007bfe7fdf8,0x00000007c0000000)
  to   space 8192K, 0% used [0x00000007bf000000,0x00000007bf000000,0x00000007bf800000)
 ParOldGen       total 1767424K, used 1681068K [0x00000006d2800000, 0x000000073e600000, 0x0000000770d80000)
  object space 1767424K, 95% used [0x00000006d2800000,0x00000007391ab198,0x000000073e600000)
 Metaspace       used 102027K, capacity 111558K, committed 111768K, reserved 1146880K
  class space    used 12998K, capacity 15015K, committed 15016K, reserved 1048576K
Event: 194894.525 GC heap after
Heap after GC invocations=10126 (full 5):
 PSYoungGen      total 1288704K, used 7007K [0x0000000770d80000, 0x00000007c0000000, 0x00000007c0000000)
  eden space 1280512K, 0% used [0x0000000770d80000,0x0000000770d80000,0x00000007bf000000)
  from space 8192K, 85% used [0x00000007bf000000,0x00000007bf6d7e08,0x00000007bf800000)
  to   space 8192K, 0% used [0x00000007bf800000,0x00000007bf800000,0x00000007c0000000)
 ParOldGen       total 1767424K, used 1681084K [0x00000006d2800000, 0x000000073e600000, 0x0000000770d80000)
  object space 1767424K, 95% used [0x00000006d2800000,0x00000007391af198,0x000000073e600000)
 Metaspace       used 102027K, capacity 111558K, committed 111768K, reserved 1146880K
  class space    used 12998K, capacity 15015K, committed 15016K, reserved 1048576K
}
Event: 194908.594 GC heap before
{Heap before GC invocations=10127 (full 5):
 PSYoungGen      total 1288704K, used 1287519K [0x0000000770d80000, 0x00000007c0000000, 0x00000007c0000000)
  eden space 1280512K, 100% used [0x0000000770d80000,0x00000007bf000000,0x00000007bf000000)
  from space 8192K, 85% used [0x00000007bf000000,0x00000007bf6d7e08,0x00000007bf800000)
  to   space 8192K, 0% used [0x00000007bf800000,0x00000007bf800000,0x00000007c0000000)
 ParOldGen       total 1767424K, used 1681084K [0x00000006d2800000, 0x000000073e600000, 0x0000000770d80000)
  object space 1767424K, 95% used [0x00000006d2800000,0x00000007391af198,0x000000073e600000)
 Metaspace       used 102027K, capacity 111558K, committed 111768K, reserved 1146880K
  class space    used 12998K, capacity 15015K, committed 15016K, reserved 1048576K
Event: 194908.618 GC heap after
Heap after GC invocations=10127 (full 5):
 PSYoungGen      total 1285632K, used 8191K [0x0000000770d80000, 0x00000007c0000000, 0x00000007c0000000)
  eden space 1277440K, 0% used [0x0000000770d80000,0x0000000770d80000,0x00000007bed00000)
  from space 8192K, 99% used [0x00000007bf800000,0x00000007bfffff88,0x00000007c0000000)
  to   space 9728K, 0% used [0x00000007bed00000,0x00000007bed00000,0x00000007bf680000)
 ParOldGen       total 1767424K, used 1684044K [0x00000006d2800000, 0x000000073e600000, 0x0000000770d80000)
  object space 1767424K, 95% used [0x00000006d2800000,0x0000000739493090,0x000000073e600000)
 Metaspace       used 102027K, capacity 111558K, committed 111768K, reserved 1146880K
  class space    used 12998K, capacity 15015K, committed 15016K, reserved 1048576K
}
Event: 194922.362 GC heap before
{Heap before GC invocations=10128 (full 5):
 PSYoungGen      total 1285632K, used 1285631K [0x0000000770d80000, 0x00000007c0000000, 0x00000007c0000000)
  eden space 1277440K, 100% used [0x0000000770d80000,0x00000007bed00000,0x00000007bed00000)
  from space 8192K, 99% used [0x00000007bf800000,0x00000007bfffff88,0x00000007c0000000)
  to   space 9728K, 0% used [0x00000007bed00000,0x00000007bed00000,0x00000007bf680000)
 ParOldGen       total 1767424K, used 1684044K [0x00000006d2800000, 0x000000073e600000, 0x0000000770d80000)
  object space 1767424K, 95% used [0x00000006d2800000,0x0000000739493090,0x000000073e600000)
 Metaspace       used 102027K, capacity 111558K, committed 111768K, reserved 1146880K
  class space    used 12998K, capacity 15015K, committed 15016K, reserved 1048576K
Event: 194922.386 GC heap after
Heap after GC invocations=10128 (full 5):
 PSYoungGen      total 1287168K, used 9727K [0x0000000770d80000, 0x00000007c0000000, 0x00000007c0000000)
  eden space 1277440K, 0% used [0x0000000770d80000,0x0000000770d80000,0x00000007bed00000)
  from space 9728K, 99% used [0x00000007bed00000,0x00000007bf67ff78,0x00000007bf680000)
  to   space 9728K, 0% used [0x00000007bf680000,0x00000007bf680000,0x00000007c0000000)
 ParOldGen       total 1767424K, used 1687705K [0x00000006d2800000, 0x000000073e600000, 0x0000000770d80000)
  object space 1767424K, 95% used [0x00000006d2800000,0x00000007398267b8,0x000000073e600000)
 Metaspace       used 102027K, capacity 111558K, committed 111768K, reserved 1146880K
  class space    used 12998K, capacity 15015K, committed 15016K, reserved 1048576K
}
Event: 194928.938 GC heap before
{Heap before GC invocations=10129 (full 5):
 PSYoungGen      total 1287168K, used 1287167K [0x0000000770d80000, 0x00000007c0000000, 0x00000007c0000000)
  eden space 1277440K, 100% used [0x0000000770d80000,0x00000007bed00000,0x00000007bed00000)
  from space 9728K, 99% used [0x00000007bed00000,0x00000007bf67ff78,0x00000007bf680000)
  to   space 9728K, 0% used [0x00000007bf680000,0x00000007bf680000,0x00000007c0000000)
 ParOldGen       total 1767424K, used 1687705K [0x00000006d2800000, 0x000000073e600000, 0x0000000770d80000)
  object space 1767424K, 95% used [0x00000006d2800000,0x00000007398267b8,0x000000073e600000)
 Metaspace       used 102028K, capacity 111558K, committed 111768K, reserved 1146880K
  class space    used 12998K, capacity 15015K, committed 15016K, reserved 1048576K
Event: 194928.979 GC heap after
Heap after GC invocations=10129 (full 5):
 PSYoungGen      total 1268736K, used 9727K [0x0000000770d80000, 0x00000007c0000000, 0x00000007c0000000)
  eden space 1259008K, 0% used [0x0000000770d80000,0x0000000770d80000,0x00000007bdb00000)
  from space 9728K, 99% used [0x00000007bf680000,0x00000007bffffec0,0x00000007c0000000)
  to   space 18944K, 0% used [0x00000007bdb00000,0x00000007bdb00000,0x00000007bed80000)
 ParOldGen       total 1767424K, used 1705431K [0x00000006d2800000, 0x000000073e600000, 0x0000000770d80000)
  object space 1767424K, 96% used [0x00000006d2800000,0x000000073a975e08,0x000000073e600000)
 Metaspace       used 102028K, capacity 111558K, committed 111768K, reserved 1146880K
  class space    used 12998K, capacity 15015K, committed 15016K, reserved 1048576K
}
Event: 194942.368 GC heap before
{Heap before GC invocations=10130 (full 5):
 PSYoungGen      total 1268736K, used 1268735K [0x0000000770d80000, 0x00000007c0000000, 0x00000007c0000000)
  eden space 1259008K, 100% used [0x0000000770d80000,0x00000007bdb00000,0x00000007bdb00000)
  from space 9728K, 99% used [0x00000007bf680000,0x00000007bffffec0,0x00000007c0000000)
  to   space 18944K, 0% used [0x00000007bdb00000,0x00000007bdb00000,0x00000007bed80000)
 ParOldGen       total 1767424K, used 1705431K [0x00000006d2800000, 0x000000073e600000, 0x0000000770d80000)
  object space 1767424K, 96% used [0x00000006d2800000,0x000000073a975e08,0x000000073e600000)
 Metaspace       used 102028K, capacity 111558K, committed 111768K, reserved 1146880K
  class space    used 12998K, capacity 15015K, committed 15016K, reserved 1048576K
Event: 194942.390 GC heap after
Heap after GC invocations=10130 (full 5):
 PSYoungGen      total 1274368K, used 14912K [0x0000000770d80000, 0x00000007c0000000, 0x00000007c0000000)
  eden space 1259008K, 0% used [0x0000000770d80000,0x0000000770d80000,0x00000007bdb00000)
  from space 15360K, 97% used [0x00000007bdb00000,0x00000007be990078,0x00000007bea00000)
  to   space 19968K, 0% used [0x00000007bec80000,0x00000007bec80000,0x00000007c0000000)
 ParOldGen       total 1767424K, used 1705607K [0x00000006d2800000, 0x000000073e600000, 0x0000000770d80000)
  object space 1767424K, 96% used [0x00000006d2800000,0x000000073a9a1e08,0x000000073e600000)
 Metaspace       used 102028K, capacity 111558K, committed 111768K, reserved 1146880K
  class space    used 12998K, capacity 15015K, committed 15016K, reserved 1048576K
}
Event: 194954.717 GC heap before
{Heap before GC invocations=10131 (full 5):
 PSYoungGen      total 1274368K, used 1273920K [0x0000000770d80000, 0x00000007c0000000, 0x00000007c0000000)
  eden space 1259008K, 100% used [0x0000000770d80000,0x00000007bdb00000,0x00000007bdb00000)
  from space 15360K, 97% used [0x00000007bdb00000,0x00000007be990078,0x00000007bea00000)
  to   space 19968K, 0% used [0x00000007bec80000,0x00000007bec80000,0x00000007c0000000)
 ParOldGen       total 1767424K, used 1705607K [0x00000006d2800000, 0x000000073e600000, 0x0000000770d80000)
  object space 1767424K, 96% used [0x00000006d2800000,0x000000073a9a1e08,0x000000073e600000)
 Metaspace       used 102028K, capacity 111558K, committed 111768K, reserved 1146880K
  class space    used 12998K, capacity 15015K, committed 15016K, reserved 1048576K
Event: 194954.744 GC heap after
Heap after GC invocations=10131 (full 5):
 PSYoungGen      total 1269760K, used 19967K [0x0000000770d80000, 0x00000007c0000000, 0x00000007c0000000)
  eden space 1249792K, 0% used [0x0000000770d80000,0x0000000770d80000,0x00000007bd200000)
  from space 19968K, 99% used [0x00000007bec80000,0x00000007bffffec8,0x00000007c0000000)
  to   space 23552K, 0% used [0x00000007bd200000,0x00000007bd200000,0x00000007be900000)
 ParOldGen       total 1767424K, used 1707585K [0x00000006d2800000, 0x000000073e600000, 0x0000000770d80000)
  object space 1767424K, 96% used [0x00000006d2800000,0x000000073ab906a8,0x000000073e600000)
 Metaspace       used 102028K, capacity 111558K, committed 111768K, reserved 1146880K
  class space    used 12998K, capacity 15015K, committed 15016K, reserved 1048576K
}
Event: 194967.170 GC heap before
{Heap before GC invocations=10132 (full 5):
 PSYoungGen      total 1269760K, used 1269759K [0x0000000770d80000, 0x00000007c0000000, 0x00000007c0000000)
  eden space 1249792K, 100% used [0x0000000770d80000,0x00000007bd200000,0x00000007bd200000)
  from space 19968K, 99% used [0x00000007bec80000,0x00000007bffffec8,0x00000007c0000000)
  to   space 23552K, 0% used [0x00000007bd200000,0x00000007bd200000,0x00000007be900000)
 ParOldGen       total 1767424K, used 1707585K [0x00000006d2800000, 0x000000073e600000, 0x0000000770d80000)
  object space 1767424K, 96% used [0x00000006d2800000,0x000000073ab906a8,0x000000073e600000)
 Metaspace       used 102029K, capacity 111558K, committed 111768K, reserved 1146880K
  class space    used 12998K, capacity 15015K, committed 15016K, reserved 1048576K
Event: 194967.200 GC heap after
Heap after GC invocations=10132 (full 5):
 PSYoungGen      total 1273344K, used 23537K [0x0000000770d80000, 0x00000007c0000000, 0x00000007c0000000)
  eden space 1249792K, 0% used [0x0000000770d80000,0x0000000770d80000,0x00000007bd200000)
  from space 23552K, 99% used [0x00000007bd200000,0x00000007be8fc748,0x00000007be900000)
  to   space 23552K, 0% used [0x00000007be900000,0x00000007be900000,0x00000007c0000000)
 ParOldGen       total 1767424K, used 1710726K [0x00000006d2800000, 0x000000073e600000, 0x0000000770d80000)
  object space 1767424K, 96% used [0x00000006d2800000,0x000000073aea18e8,0x000000073e600000)
 Metaspace       used 102029K, capacity 111558K, committed 111768K, reserved 1146880K
  class space    used 12998K, capacity 15015K, committed 15016K, reserved 1048576K
}
Event: 194980.219 GC heap before
{Heap before GC invocations=10133 (full 5):
 PSYoungGen      total 1273344K, used 1273329K [0x0000000770d80000, 0x00000007c0000000, 0x00000007c0000000)
  eden space 1249792K, 100% used [0x0000000770d80000,0x00000007bd200000,0x00000007bd200000)
  from space 23552K, 99% used [0x00000007bd200000,0x00000007be8fc748,0x00000007be900000)
  to   space 23552K, 0% used [0x00000007be900000,0x00000007be900000,0x00000007c0000000)
 ParOldGen       total 1767424K, used 1710726K [0x00000006d2800000, 0x000000073e600000, 0x0000000770d80000)
  object space 1767424K, 96% used [0x00000006d2800000,0x000000073aea18e8,0x000000073e600000)
 Metaspace       used 102029K, capacity 111558K, committed 111768K, reserved 1146880K
  class space    used 12998K, capacity 15015K, committed 15016K, reserved 1048576K
Event: 194980.249 GC heap after
Heap after GC invocations=10133 (full 5):
 PSYoungGen      total 1257984K, used 23537K [0x0000000770d80000, 0x00000007c0000000, 0x00000007c0000000)
  eden space 1234432K, 0% used [0x0000000770d80000,0x0000000770d80000,0x00000007bc300000)
  from space 23552K, 99% used [0x00000007be900000,0x00000007bfffc748,0x00000007c0000000)
  to   space 31232K, 0% used [0x00000007bc300000,0x00000007bc300000,0x00000007be180000)
 ParOldGen       total 1767424K, used 1713378K [0x00000006d2800000, 0x000000073e600000, 0x0000000770d80000)
  object space 1767424K, 96% used [0x00000006d2800000,0x000000073b138af0,0x000000073e600000)
 Metaspace       used 102029K, capacity 111558K, committed 111768K, reserved 1146880K
  class space    used 12998K, capacity 15015K, committed 15016K, reserved 1048576K
}
Event: 194993.166 GC heap before
{Heap before GC invocations=10134 (full 5):
 PSYoungGen      total 1257984K, used 1257969K [0x0000000770d80000, 0x00000007c0000000, 0x00000007c0000000)
  eden space 1234432K, 100% used [0x0000000770d80000,0x00000007bc300000,0x00000007bc300000)
  from space 23552K, 99% used [0x00000007be900000,0x00000007bfffc748,0x00000007c0000000)
  to   space 31232K, 0% used [0x00000007bc300000,0x00000007bc300000,0x00000007be180000)
 ParOldGen       total 1767424K, used 1713378K [0x00000006d2800000, 0x000000073e600000, 0x0000000770d80000)
  object space 1767424K, 96% used [0x00000006d2800000,0x000000073b138af0,0x000000073e600000)
 Metaspace       used 102030K, capacity 111558K, committed 111768K, reserved 1146880K
  class space    used 12998K, capacity 15015K, committed 15016K, reserved 1048576K
Event: 194993.194 GC heap after
Heap after GC invocations=10134 (full 5):
 PSYoungGen      total 1261568K, used 26943K [0x0000000770d80000, 0x00000007c0000000, 0x00000007c0000000)
  eden space 1234432K, 0% used [0x0000000770d80000,0x0000000770d80000,0x00000007bc300000)
  from space 27136K, 99% used [0x00000007bc300000,0x00000007bdd4fef8,0x00000007bdd80000)
  to   space 34304K, 0% used [0x00000007bde80000,0x00000007bde80000,0x00000007c0000000)
 ParOldGen       total 1767424K, used 1713410K [0x00000006d2800000, 0x000000073e600000, 0x0000000770d80000)
  object space 1767424K, 96% used [0x00000006d2800000,0x000000073b140af0,0x000000073e600000)
 Metaspace       used 102030K, capacity 111558K, committed 111768K, reserved 1146880K
  class space    used 12998K, capacity 15015K, committed 15016K, reserved 1048576K
}
Event: 195004.903 GC heap before
{Heap before GC invocations=10135 (full 5):
 PSYoungGen      total 1261568K, used 1261375K [0x0000000770d80000, 0x00000007c0000000, 0x00000007c0000000)
  eden space 1234432K, 100% used [0x0000000770d80000,0x00000007bc300000,0x00000007bc300000)
  from space 27136K, 99% used [0x00000007bc300000,0x00000007bdd4fef8,0x00000007bdd80000)
  to   space 34304K, 0% used [0x00000007bde80000,0x00000007bde80000,0x00000007c0000000)
 ParOldGen       total 1767424K, used 1713410K [0x00000006d2800000, 0x000000073e600000, 0x0000000770d80000)
  object space 1767424K, 96% used [0x00000006d2800000,0x000000073b140af0,0x000000073e600000)
 Metaspace       used 102030K, capacity 111558K, committed 111768K, reserved 1146880K
  class space    used 12998K, capacity 15015K, committed 15016K, reserved 1048576K
Event: 195004.934 GC heap after
Heap after GC invocations=10135 (full 5):
 PSYoungGen      total 1255424K, used 29696K [0x0000000770d80000, 0x00000007c0000000, 0x00000007c0000000)
  eden space 1221120K, 0% used [0x0000000770d80000,0x0000000770d80000,0x00000007bb600000)
  from space 34304K, 86% used [0x00000007bde80000,0x00000007bfb80078,0x00000007c0000000)
  to   space 37888K, 0% used [0x00000007bb600000,0x00000007bb600000,0x00000007bdb00000)
 ParOldGen       total 1767424K, used 1713410K [0x00000006d2800000, 0x000000073e600000, 0x0000000770d80000)
  object space 1767424K, 96% used [0x00000006d2800000,0x000000073b140af0,0x000000073e600000)
 Metaspace       used 102030K, capacity 111558K, committed 111768K, reserved 1146880K
  class space    used 12998K, capacity 15015K, committed 15016K, reserved 1048576K
}
Event: 195016.766 GC heap before
{Heap before GC invocations=10136 (full 5):
 PSYoungGen      total 1255424K, used 1250816K [0x0000000770d80000, 0x00000007c0000000, 0x00000007c0000000)
  eden space 1221120K, 100% used [0x0000000770d80000,0x00000007bb600000,0x00000007bb600000)
  from space 34304K, 86% used [0x00000007bde80000,0x00000007bfb80078,0x00000007c0000000)
  to   space 37888K, 0% used [0x00000007bb600000,0x00000007bb600000,0x00000007bdb00000)
 ParOldGen       total 1767424K, used 1713410K [0x00000006d2800000, 0x000000073e600000, 0x0000000770d80000)
  object space 1767424K, 96% used [0x00000006d2800000,0x000000073b140af0,0x000000073e600000)
 Metaspace       used 102031K, capacity 111562K, committed 111768K, reserved 1146880K
  class space    used 12998K, capacity 15015K, committed 15016K, reserved 1048576K
Event: 195016.796 GC heap after
Heap after GC invocations=10136 (full 5):
 PSYoungGen      total 1253376K, used 32159K [0x0000000770d80000, 0x00000007c0000000, 0x00000007c0000000)
  eden space 1221120K, 0% used [0x0000000770d80000,0x0000000770d80000,0x00000007bb600000)
  from space 32256K, 99% used [0x00000007bb600000,0x00000007bd567d88,0x00000007bd580000)
  to   space 41472K, 0% used [0x00000007bd780000,0x00000007bd780000,0x00000007c0000000)
 ParOldGen       total 1767424K, used 1713410K [0x00000006d2800000, 0x000000073e600000, 0x0000000770d80000)
  object space 1767424K, 96% used [0x00000006d2800000,0x000000073b140af0,0x000000073e600000)
 Metaspace       used 102031K, capacity 111562K, committed 111768K, reserved 1146880K
  class space    used 12998K, capacity 15015K, committed 15016K, reserved 1048576K
}
Event: 195026.844 GC heap before
{Heap before GC invocations=10137 (full 5):
 PSYoungGen      total 1253376K, used 1253279K [0x0000000770d80000, 0x00000007c0000000, 0x00000007c0000000)
  eden space 1221120K, 100% used [0x0000000770d80000,0x00000007bb600000,0x00000007bb600000)
  from space 32256K, 99% used [0x00000007bb600000,0x00000007bd567d88,0x00000007bd580000)
  to   space 41472K, 0% used [0x00000007bd780000,0x00000007bd780000,0x00000007c0000000)
 ParOldGen       total 1767424K, used 1713410K [0x00000006d2800000, 0x000000073e600000, 0x0000000770d80000)
  object space 1767424K, 96% used [0x00000006d2800000,0x000000073b140af0,0x000000073e600000)
 Metaspace       used 102031K, capacity 111562K, committed 111768K, reserved 1146880K
  class space    used 12998K, capacity 15015K, committed 15016K, reserved 1048576K
Event: 195026.882 GC heap after
Heap after GC invocations=10137 (full 5):
 PSYoungGen      total 1245184K, used 38928K [0x0000000770d80000, 0x00000007c0000000, 0x00000007c0000000)
  eden space 1203712K, 0% used [0x0000000770d80000,0x0000000770d80000,0x00000007ba500000)
  from space 41472K, 93% used [0x00000007bd780000,0x00000007bfd84018,0x00000007c0000000)
  to   space 46592K, 0% used [0x00000007ba500000,0x00000007ba500000,0x00000007bd280000)
 ParOldGen       total 1767424K, used 1713410K [0x00000006d2800000, 0x000000073e600000, 0x0000000770d80000)
  object space 1767424K, 96% used [0x00000006d2800000,0x000000073b140af0,0x000000073e600000)
 Metaspace       used 102031K, capacity 111562K, committed 111768K, reserved 1146880K
  class space    used 12998K, capacity 15015K, committed 15016K, reserved 1048576K
}
Event: 195035.517 GC heap before
{Heap before GC invocations=10138 (full 5):
 PSYoungGen      total 1245184K, used 1242640K [0x0000000770d80000, 0x00000007c0000000, 0x00000007c0000000)
  eden space 1203712K, 100% used [0x0000000770d80000,0x00000007ba500000,0x00000007ba500000)
  from space 41472K, 93% used [0x00000007bd780000,0x00000007bfd84018,0x00000007c0000000)
  to   space 46592K, 0% used [0x00000007ba500000,0x00000007ba500000,0x00000007bd280000)
 ParOldGen       total 1767424K, used 1713410K [0x00000006d2800000, 0x000000073e600000, 0x0000000770d80000)
  object space 1767424K, 96% used [0x00000006d2800000,0x000000073b140af0,0x000000073e600000)
 Metaspace       used 102031K, capacity 111562K, committed 111768K, reserved 1146880K
  class space    used 12998K, capacity 15015K, committed 15016K, reserved 1048576K
Event: 195035.554 GC heap after
Heap after GC invocations=10138 (full 5):
 PSYoungGen      total 1245696K, used 41648K [0x0000000770d80000, 0x00000007c0000000, 0x00000007c0000000)
  eden space 1203712K, 0% used [0x0000000770d80000,0x0000000770d80000,0x00000007ba500000)
  from space 41984K, 99% used [0x00000007ba500000,0x00000007bcdac198,0x00000007bce00000)
  to   space 51200K, 0% used [0x00000007bce00000,0x00000007bce00000,0x00000007c0000000)
 ParOldGen       total 1767424K, used 1713410K [0x00000006d2800000, 0x000000073e600000, 0x0000000770d80000)
  object space 1767424K, 96% used [0x00000006d2800000,0x000000073b140af0,0x000000073e600000)
 Metaspace       used 102031K, capacity 111562K, committed 111768K, reserved 1146880K
  class space    used 12998K, capacity 15015K, committed 15016K, reserved 1048576K
}
Event: 195044.670 GC heap before
{Heap before GC invocations=10139 (full 5):
 PSYoungGen      total 1245696K, used 1245360K [0x0000000770d80000, 0x00000007c0000000, 0x00000007c0000000)
  eden space 1203712K, 100% used [0x0000000770d80000,0x00000007ba500000,0x00000007ba500000)
  from space 41984K, 99% used [0x00000007ba500000,0x00000007bcdac198,0x00000007bce00000)
  to   space 51200K, 0% used [0x00000007bce00000,0x00000007bce00000,0x00000007c0000000)
 ParOldGen       total 1767424K, used 1713410K [0x00000006d2800000, 0x000000073e600000, 0x0000000770d80000)
  object space 1767424K, 96% used [0x00000006d2800000,0x000000073b140af0,0x000000073e600000)
 Metaspace       used 102031K, capacity 111562K, committed 111768K, reserved 1146880K
  class space    used 12998K, capacity 15015K, committed 15016K, reserved 1048576K
Event: 195044.711 GC heap after
Heap after GC invocations=10139 (full 5):
 PSYoungGen      total 1231360K, used 47120K [0x0000000770d80000, 0x00000007c0000000, 0x00000007c0000000)
  eden space 1180160K, 0% used [0x0000000770d80000,0x0000000770d80000,0x00000007b8e00000)
  from space 51200K, 92% used [0x00000007bce00000,0x00000007bfc04048,0x00000007c0000000)
  to   space 58368K, 0% used [0x00000007b8e00000,0x00000007b8e00000,0x00000007bc700000)
 ParOldGen       total 1767424K, used 1713410K [0x00000006d2800000, 0x000000073e600000, 0x0000000770d80000)
  object space 1767424K, 96% used [0x00000006d2800000,0x000000073b140af0,0x000000073e600000)
 Metaspace       used 102031K, capacity 111562K, committed 111768K, reserved 1146880K
  class space    used 12998K, capacity 15015K, committed 15016K, reserved 1048576K
}
Event: 195054.582 GC heap before
{Heap before GC invocations=10140 (full 5):
 PSYoungGen      total 1231360K, used 1227280K [0x0000000770d80000, 0x00000007c0000000, 0x00000007c0000000)
  eden space 1180160K, 100% used [0x0000000770d80000,0x00000007b8e00000,0x00000007b8e00000)
  from space 51200K, 92% used [0x00000007bce00000,0x00000007bfc04048,0x00000007c0000000)
  to   space 58368K, 0% used [0x00000007b8e00000,0x00000007b8e00000,0x00000007bc700000)
 ParOldGen       total 1767424K, used 1713410K [0x00000006d2800000, 0x000000073e600000, 0x0000000770d80000)
  object space 1767424K, 96% used [0x00000006d2800000,0x000000073b140af0,0x000000073e600000)
 Metaspace       used 102032K, capacity 111562K, committed 111768K, reserved 1146880K
  class space    used 12998K, capacity 15015K, committed 15016K, reserved 1048576K
Event: 195054.622 GC heap after
Heap after GC invocations=10140 (full 5):
 PSYoungGen      total 1229824K, used 49473K [0x0000000770d80000, 0x00000007c0000000, 0x00000007c0000000)
  eden space 1180160K, 0% used [0x0000000770d80000,0x0000000770d80000,0x00000007b8e00000)
  from space 49664K, 99% used [0x00000007b8e00000,0x00000007bbe50518,0x00000007bbe80000)
  to   space 64000K, 0% used [0x00000007bc180000,0x00000007bc180000,0x00000007c0000000)
 ParOldGen       total 1767424K, used 1713466K [0x00000006d2800000, 0x000000073e600000, 0x0000000770d80000)
  object space 1767424K, 96% used [0x00000006d2800000,0x000000073b14eb20,0x000000073e600000)
 Metaspace       used 102032K, capacity 111562K, committed 111768K, reserved 1146880K
  class space    used 12998K, capacity 15015K, committed 15016K, reserved 1048576K
}
Event: 195065.003 GC heap before
{Heap before GC invocations=10141 (full 5):
 PSYoungGen      total 1229824K, used 1229633K [0x0000000770d80000, 0x00000007c0000000, 0x00000007c0000000)
  eden space 1180160K, 100% used [0x0000000770d80000,0x00000007b8e00000,0x00000007b8e00000)
  from space 49664K, 99% used [0x00000007b8e00000,0x00000007bbe50518,0x00000007bbe80000)
  to   space 64000K, 0% used [0x00000007bc180000,0x00000007bc180000,0x00000007c0000000)
 ParOldGen       total 1767424K, used 1713466K [0x00000006d2800000, 0x000000073e600000, 0x0000000770d80000)
  object space 1767424K, 96% used [0x00000006d2800000,0x000000073b14eb20,0x000000073e600000)
 Metaspace       used 102041K, capacity 111562K, committed 111768K, reserved 1146880K
  class space    used 12998K, capacity 15015K, committed 15016K, reserved 1048576K
Event: 195065.043 GC heap after
Heap after GC invocations=10141 (full 5):
 PSYoungGen      total 1223680K, used 49664K [0x0000000770d80000, 0x00000007c0000000, 0x00000007c0000000)
  eden space 1159680K, 0% used [0x0000000770d80000,0x0000000770d80000,0x00000007b7a00000)
  from space 64000K, 77% used [0x00000007bc180000,0x00000007bf200090,0x00000007c0000000)
  to   space 68608K, 0% used [0x00000007b7a00000,0x00000007b7a00000,0x00000007bbd00000)
 ParOldGen       total 1767424K, used 1713522K [0x00000006d2800000, 0x000000073e600000, 0x0000000770d80000)
  object space 1767424K, 96% used [0x00000006d2800000,0x000000073b15cb20,0x000000073e600000)
 Metaspace       used 102041K, capacity 111562K, committed 111768K, reserved 1146880K
  class space    used 12998K, capacity 15015K, committed 15016K, reserved 1048576K
}
Event: 195074.454 GC heap before
{Heap before GC invocations=10142 (full 5):
 PSYoungGen      total 1223680K, used 1209344K [0x0000000770d80000, 0x00000007c0000000, 0x00000007c0000000)
  eden space 1159680K, 100% used [0x0000000770d80000,0x00000007b7a00000,0x00000007b7a00000)
  from space 64000K, 77% used [0x00000007bc180000,0x00000007bf200090,0x00000007c0000000)
  to   space 68608K, 0% used [0x00000007b7a00000,0x00000007b7a00000,0x00000007bbd00000)
 ParOldGen       total 1767424K, used 1713522K [0x00000006d2800000, 0x000000073e600000, 0x0000000770d80000)
  object space 1767424K, 96% used [0x00000006d2800000,0x000000073b15cb20,0x000000073e600000)
 Metaspace       used 102041K, capacity 111562K, committed 111768K, reserved 1146880K
  class space    used 12998K, capacity 15015K, committed 15016K, reserved 1048576K
Event: 195074.496 GC heap after
Heap after GC invocations=10142 (full 5):
 PSYoungGen      total 1213440K, used 53328K [0x0000000770d80000, 0x00000007c0000000, 0x00000007c0000000)
  eden space 1159680K, 0% used [0x0000000770d80000,0x0000000770d80000,0x00000007b7a00000)
  from space 53760K, 99% used [0x00000007b7a00000,0x00000007bae14030,0x00000007bae80000)
  to   space 73216K, 0% used [0x00000007bb880000,0x00000007bb880000,0x00000007c0000000)
 ParOldGen       total 1767424K, used 1714154K [0x00000006d2800000, 0x000000073e600000, 0x0000000770d80000)
  object space 1767424K, 96% used [0x00000006d2800000,0x000000073b1fab20,0x000000073e600000)
 Metaspace       used 102041K, capacity 111562K, committed 111768K, reserved 1146880K
  class space    used 12998K, capacity 15015K, committed 15016K, reserved 1048576K
}
Event: 195086.003 GC heap before
{Heap before GC invocations=10143 (full 5):
 PSYoungGen      total 1213440K, used 1213008K [0x0000000770d80000, 0x00000007c0000000, 0x00000007c0000000)
  eden space 1159680K, 100% used [0x0000000770d80000,0x00000007b7a00000,0x00000007b7a00000)
  from space 53760K, 99% used [0x00000007b7a00000,0x00000007bae14030,0x00000007bae80000)
  to   space 73216K, 0% used [0x00000007bb880000,0x00000007bb880000,0x00000007c0000000)
 ParOldGen       total 1767424K, used 1714154K [0x00000006d2800000, 0x000000073e600000, 0x0000000770d80000)
  object space 1767424K, 96% used [0x00000006d2800000,0x000000073b1fab20,0x000000073e600000)
 Metaspace       used 102046K, capacity 111562K, committed 111768K, reserved 1146880K
  class space    used 12999K, capacity 15015K, committed 15016K, reserved 1048576K
Event: 195086.047 GC heap after
Heap after GC invocations=10143 (full 5):
 PSYoungGen      total 1214464K, used 54560K [0x0000000770d80000, 0x00000007c0000000, 0x00000007c0000000)
  eden space 1141248K, 0% used [0x0000000770d80000,0x0000000770d80000,0x00000007b6800000)
  from space 73216K, 74% used [0x00000007bb880000,0x00000007bedc8090,0x00000007c0000000)
  to   space 77824K, 0% used [0x00000007b6800000,0x00000007b6800000,0x00000007bb400000)
 ParOldGen       total 1767424K, used 1715106K [0x00000006d2800000, 0x000000073e600000, 0x0000000770d80000)
  object space 1767424K, 97% used [0x00000006d2800000,0x000000073b2e8b20,0x000000073e600000)
 Metaspace       used 102046K, capacity 111562K, committed 111768K, reserved 1146880K
  class space    used 12999K, capacity 15015K, committed 15016K, reserved 1048576K
}
Event: 195098.326 GC heap before
{Heap before GC invocations=10144 (full 5):
 PSYoungGen      total 1214464K, used 1195808K [0x0000000770d80000, 0x00000007c0000000, 0x00000007c0000000)
  eden space 1141248K, 100% used [0x0000000770d80000,0x00000007b6800000,0x00000007b6800000)
  from space 73216K, 74% used [0x00000007bb880000,0x00000007bedc8090,0x00000007c0000000)
  to   space 77824K, 0% used [0x00000007b6800000,0x00000007b6800000,0x00000007bb400000)
 ParOldGen       total 1767424K, used 1715106K [0x00000006d2800000, 0x000000073e600000, 0x0000000770d80000)
  object space 1767424K, 97% used [0x00000006d2800000,0x000000073b2e8b20,0x000000073e600000)
 Metaspace       used 102046K, capacity 111562K, committed 111768K, reserved 1146880K
  class space    used 12999K, capacity 15015K, committed 15016K, reserved 1048576K
Event: 195098.374 GC heap after
Heap after GC invocations=10144 (full 5):
 PSYoungGen      total 1192960K, used 51650K [0x0000000770d80000, 0x00000007c0000000, 0x00000007c0000000)
  eden space 1141248K, 0% used [0x0000000770d80000,0x0000000770d80000,0x00000007b6800000)
  from space 51712K, 99% used [0x00000007b6800000,0x00000007b9a709a8,0x00000007b9a80000)
  to   space 79872K, 0% used [0x00000007bb200000,0x00000007bb200000,0x00000007c0000000)
 ParOldGen       total 1767424K, used 1721303K [0x00000006d2800000, 0x000000073e600000, 0x0000000770d80000)
  object space 1767424K, 97% used [0x00000006d2800000,0x000000073b8f5c28,0x000000073e600000)
 Metaspace       used 102046K, capacity 111562K, committed 111768K, reserved 1146880K
  class space    used 12999K, capacity 15015K, committed 15016K, reserved 1048576K
}
Event: 195107.386 GC heap before
{Heap before GC invocations=10145 (full 5):
 PSYoungGen      total 1192960K, used 1192898K [0x0000000770d80000, 0x00000007c0000000, 0x00000007c0000000)
  eden space 1141248K, 100% used [0x0000000770d80000,0x00000007b6800000,0x00000007b6800000)
  from space 51712K, 99% used [0x00000007b6800000,0x00000007b9a709a8,0x00000007b9a80000)
  to   space 79872K, 0% used [0x00000007bb200000,0x00000007bb200000,0x00000007c0000000)
 ParOldGen       total 1767424K, used 1721303K [0x00000006d2800000, 0x000000073e600000, 0x0000000770d80000)
  object space 1767424K, 97% used [0x00000006d2800000,0x000000073b8f5c28,0x000000073e600000)
 Metaspace       used 102050K, capacity 111562K, committed 111768K, reserved 1146880K
  class space    used 12999K, capacity 15015K, committed 15016K, reserved 1048576K
Event: 195107.433 GC heap after
Heap after GC invocations=10145 (full 5):
 PSYoungGen      total 1211904K, used 54850K [0x0000000770d80000, 0x00000007c0000000, 0x00000007c0000000)
  eden space 1132032K, 0% used [0x0000000770d80000,0x0000000770d80000,0x00000007b5f00000)
  from space 79872K, 68% used [0x00000007bb200000,0x00000007be7909b0,0x00000007c0000000)
  to   space 82432K, 0% used [0x00000007b5f00000,0x00000007b5f00000,0x00000007baf80000)
 ParOldGen       total 1767424K, used 1724071K [0x00000006d2800000, 0x000000073e600000, 0x0000000770d80000)
  object space 1767424K, 97% used [0x00000006d2800000,0x000000073bba9c28,0x000000073e600000)
 Metaspace       used 102050K, capacity 111562K, committed 111768K, reserved 1146880K
  class space    used 12999K, capacity 15015K, committed 15016K, reserved 1048576K
}
Event: 195115.524 GC heap before
{Heap before GC invocations=10146 (full 5):
 PSYoungGen      total 1211904K, used 1186882K [0x0000000770d80000, 0x00000007c0000000, 0x00000007c0000000)
  eden space 1132032K, 100% used [0x0000000770d80000,0x00000007b5f00000,0x00000007b5f00000)
  from space 79872K, 68% used [0x00000007bb200000,0x00000007be7909b0,0x00000007c0000000)
  to   space 82432K, 0% used [0x00000007b5f00000,0x00000007b5f00000,0x00000007baf80000)
 ParOldGen       total 1767424K, used 1724071K [0x00000006d2800000, 0x000000073e600000, 0x0000000770d80000)
  object space 1767424K, 97% used [0x00000006d2800000,0x000000073bba9c28,0x000000073e600000)
 Metaspace       used 102051K, capacity 111562K, committed 111768K, reserved 1146880K
  class space    used 12999K, capacity 15015K, committed 15016K, reserved 1048576K
Event: 195115.573 GC heap after
Heap after GC invocations=10146 (full 5):
 PSYoungGen      total 1186304K, used 53873K [0x0000000770d80000, 0x00000007c0000000, 0x00000007c0000000)
  eden space 1132032K, 0% used [0x0000000770d80000,0x0000000770d80000,0x00000007b5f00000)
  from space 54272K, 99% used [0x00000007b5f00000,0x00000007b939c570,0x00000007b9400000)
  to   space 83968K, 0% used [0x00000007bae00000,0x00000007bae00000,0x00000007c0000000)
 ParOldGen       total 1767424K, used 1728575K [0x00000006d2800000, 0x000000073e600000, 0x0000000770d80000)
  object space 1767424K, 97% used [0x00000006d2800000,0x000000073c00fc78,0x000000073e600000)
 Metaspace       used 102051K, capacity 111562K, committed 111768K, reserved 1146880K
  class space    used 12999K, capacity 15015K, committed 15016K, reserved 1048576K
}
Event: 195123.913 GC heap before
{Heap before GC invocations=10147 (full 5):
 PSYoungGen      total 1186304K, used 1185905K [0x0000000770d80000, 0x00000007c0000000, 0x00000007c0000000)
  eden space 1132032K, 100% used [0x0000000770d80000,0x00000007b5f00000,0x00000007b5f00000)
  from space 54272K, 99% used [0x00000007b5f00000,0x00000007b939c570,0x00000007b9400000)
  to   space 83968K, 0% used [0x00000007bae00000,0x00000007bae00000,0x00000007c0000000)
 ParOldGen       total 1767424K, used 1728575K [0x00000006d2800000, 0x000000073e600000, 0x0000000770d80000)
  object space 1767424K, 97% used [0x00000006d2800000,0x000000073c00fc78,0x000000073e600000)
 Metaspace       used 102055K, capacity 111630K, committed 111768K, reserved 1146880K
  class space    used 12999K, capacity 15015K, committed 15016K, reserved 1048576K
Event: 195123.959 GC heap after
Heap after GC invocations=10147 (full 5):
 PSYoungGen      total 1210880K, used 54097K [0x0000000770d80000, 0x00000007c0000000, 0x00000007c0000000)
  eden space 1126912K, 0% used [0x0000000770d80000,0x0000000770d80000,0x00000007b5a00000)
  from space 83968K, 64% used [0x00000007bae00000,0x00000007be2d4578,0x00000007c0000000)
  to   space 84992K, 0% used [0x00000007b5a00000,0x00000007b5a00000,0x00000007bad00000)
 ParOldGen       total 1767424K, used 1730837K [0x00000006d2800000, 0x000000073e600000, 0x0000000770d80000)
  object space 1767424K, 97% used [0x00000006d2800000,0x000000073c2455b8,0x000000073e600000)
 Metaspace       used 102055K, capacity 111630K, committed 111768K, reserved 1146880K
  class space    used 12999K, capacity 15015K, committed 15016K, reserved 1048576K
}
Event: 195132.486 GC heap before
{Heap before GC invocations=10148 (full 5):
 PSYoungGen      total 1210880K, used 1181009K [0x0000000770d80000, 0x00000007c0000000, 0x00000007c0000000)
  eden space 1126912K, 100% used [0x0000000770d80000,0x00000007b5a00000,0x00000007b5a00000)
  from space 83968K, 64% used [0x00000007bae00000,0x00000007be2d4578,0x00000007c0000000)
  to   space 84992K, 0% used [0x00000007b5a00000,0x00000007b5a00000,0x00000007bad00000)
 ParOldGen       total 1767424K, used 1730837K [0x00000006d2800000, 0x000000073e600000, 0x0000000770d80000)
  object space 1767424K, 97% used [0x00000006d2800000,0x000000073c2455b8,0x000000073e600000)
 Metaspace       used 102057K, capacity 111630K, committed 111768K, reserved 1146880K
  class space    used 12999K, capacity 15015K, committed 15016K, reserved 1048576K
Event: 195132.545 GC heap after
Heap after GC invocations=10148 (full 5):
 PSYoungGen      total 1181696K, used 54449K [0x0000000770d80000, 0x00000007c0000000, 0x00000007c0000000)
  eden space 1126912K, 0% used [0x0000000770d80000,0x0000000770d80000,0x00000007b5a00000)
  from space 54784K, 99% used [0x00000007b5a00000,0x00000007b8f2c6f0,0x00000007b8f80000)
  to   space 85504K, 0% used [0x00000007bac80000,0x00000007bac80000,0x00000007c0000000)
 ParOldGen       total 1767424K, used 1732300K [0x00000006d2800000, 0x000000073e600000, 0x0000000770d80000)
  object space 1767424K, 98% used [0x00000006d2800000,0x000000073c3b33d8,0x000000073e600000)
 Metaspace       used 102057K, capacity 111630K, committed 111768K, reserved 1146880K
  class space    used 12999K, capacity 15015K, committed 15016K, reserved 1048576K
}
Event: 195140.654 GC heap before
{Heap before GC invocations=10149 (full 5):
 PSYoungGen      total 1181696K, used 1181361K [0x0000000770d80000, 0x00000007c0000000, 0x00000007c0000000)
  eden space 1126912K, 100% used [0x0000000770d80000,0x00000007b5a00000,0x00000007b5a00000)
  from space 54784K, 99% used [0x00000007b5a00000,0x00000007b8f2c6f0,0x00000007b8f80000)
  to   space 85504K, 0% used [0x00000007bac80000,0x00000007bac80000,0x00000007c0000000)
 ParOldGen       total 1767424K, used 1732300K [0x00000006d2800000, 0x000000073e600000, 0x0000000770d80000)
  object space 1767424K, 98% used [0x00000006d2800000,0x000000073c3b33d8,0x000000073e600000)
 Metaspace       used 102059K, capacity 111630K, committed 111768K, reserved 1146880K
  class space    used 12999K, capacity 15015K, committed 15016K, reserved 1048576K
Event: 195140.700 GC heap after
Heap after GC invocations=10149 (full 5):
 PSYoungGen      total 1210368K, used 55168K [0x0000000770d80000, 0x00000007c0000000, 0x00000007c0000000)
  eden space 1124864K, 0% used [0x0000000770d80000,0x0000000770d80000,0x00000007b5800000)
  from space 85504K, 64% used [0x00000007bac80000,0x00000007be260138,0x00000007c0000000)
  to   space 86016K, 0% used [0x00000007b5800000,0x00000007b5800000,0x00000007bac00000)
 ParOldGen       total 1767424K, used 1734667K [0x00000006d2800000, 0x000000073e600000, 0x0000000770d80000)
  object space 1767424K, 98% used [0x00000006d2800000,0x000000073c602d18,0x000000073e600000)
 Metaspace       used 102059K, capacity 111630K, committed 111768K, reserved 1146880K
  class space    used 12999K, capacity 15015K, committed 15016K, reserved 1048576K
}
Event: 195150.018 GC heap before
{Heap before GC invocations=10150 (full 5):
 PSYoungGen      total 1210368K, used 1180032K [0x0000000770d80000, 0x00000007c0000000, 0x00000007c0000000)
  eden space 1124864K, 100% used [0x0000000770d80000,0x00000007b5800000,0x00000007b5800000)
  from space 85504K, 64% used [0x00000007bac80000,0x00000007be260138,0x00000007c0000000)
  to   space 86016K, 0% used [0x00000007b5800000,0x00000007b5800000,0x00000007bac00000)
 ParOldGen       total 1767424K, used 1734667K [0x00000006d2800000, 0x000000073e600000, 0x0000000770d80000)
  object space 1767424K, 98% used [0x00000006d2800000,0x000000073c602d18,0x000000073e600000)
 Metaspace       used 102059K, capacity 111630K, committed 111768K, reserved 1146880K
  class space    used 12999K, capacity 15015K, committed 15016K, reserved 1048576K
Event: 195150.063 GC heap after
Heap after GC invocations=10150 (full 5):
 PSYoungGen      total 1210880K, used 55327K [0x0000000770d80000, 0x00000007c0000000, 0x00000007c0000000)
  eden space 1124864K, 0% used [0x0000000770d80000,0x0000000770d80000,0x00000007b5800000)
  from space 86016K, 64% used [0x00000007b5800000,0x00000007b8e07fc8,0x00000007bac00000)
  to   space 86016K, 0% used [0x00000007bac00000,0x00000007bac00000,0x00000007c0000000)
 ParOldGen       total 1767424K, used 1737289K [0x00000006d2800000, 0x000000073e600000, 0x0000000770d80000)
  object space 1767424K, 98% used [0x00000006d2800000,0x000000073c8925a0,0x000000073e600000)
 Metaspace       used 102059K, capacity 111630K, committed 111768K, reserved 1146880K
  class space    used 12999K, capacity 15015K, committed 15016K, reserved 1048576K
}
Event: 195160.555 GC heap before
{Heap before GC invocations=10151 (full 5):
 PSYoungGen      total 1210880K, used 1180191K [0x0000000770d80000, 0x00000007c0000000, 0x00000007c0000000)
  eden space 1124864K, 100% used [0x0000000770d80000,0x00000007b5800000,0x00000007b5800000)
  from space 86016K, 64% used [0x00000007b5800000,0x00000007b8e07fc8,0x00000007bac00000)
  to   space 86016K, 0% used [0x00000007bac00000,0x00000007bac00000,0x00000007c0000000)
 ParOldGen       total 1767424K, used 1737289K [0x00000006d2800000, 0x000000073e600000, 0x0000000770d80000)
  object space 1767424K, 98% used [0x00000006d2800000,0x000000073c8925a0,0x000000073e600000)
 Metaspace       used 102063K, capacity 111630K, committed 111768K, reserved 1146880K
  class space    used 12999K, capacity 15015K, committed 15016K, reserved 1048576K
Event: 195160.599 GC heap after
Heap after GC invocations=10151 (full 5):
 PSYoungGen      total 1209856K, used 54738K [0x0000000770d80000, 0x00000007bff00000, 0x00000007c0000000)
  eden space 1124864K, 0% used [0x0000000770d80000,0x0000000770d80000,0x00000007b5800000)
  from space 84992K, 64% used [0x00000007bac00000,0x00000007be174838,0x00000007bff00000)
  to   space 85504K, 0% used [0x00000007b5800000,0x00000007b5800000,0x00000007bab80000)
 ParOldGen       total 1767424K, used 1739227K [0x00000006d2800000, 0x000000073e600000, 0x0000000770d80000)
  object space 1767424K, 98% used [0x00000006d2800000,0x000000073ca76d40,0x000000073e600000)
 Metaspace       used 102063K, capacity 111630K, committed 111768K, reserved 1146880K
  class space    used 12999K, capacity 15015K, committed 15016K, reserved 1048576K
}
Event: 195171.909 GC heap before
{Heap before GC invocations=10152 (full 5):
 PSYoungGen      total 1209856K, used 1179602K [0x0000000770d80000, 0x00000007bff00000, 0x00000007c0000000)
  eden space 1124864K, 100% used [0x0000000770d80000,0x00000007b5800000,0x00000007b5800000)
  from space 84992K, 64% used [0x00000007bac00000,0x00000007be174838,0x00000007bff00000)
  to   space 85504K, 0% used [0x00000007b5800000,0x00000007b5800000,0x00000007bab80000)
 ParOldGen       total 1767424K, used 1739227K [0x00000006d2800000, 0x000000073e600000, 0x0000000770d80000)
  object space 1767424K, 98% used [0x00000006d2800000,0x000000073ca76d40,0x000000073e600000)
 Metaspace       used 102063K, capacity 111630K, committed 111768K, reserved 1146880K
  class space    used 12999K, capacity 15015K, committed 15016K, reserved 1048576K
Event: 195171.953 GC heap after
Heap after GC invocations=10152 (full 5):
 PSYoungGen      total 1210368K, used 53567K [0x0000000770d80000, 0x00000007bfe80000, 0x00000007c0000000)
  eden space 1124864K, 0% used [0x0000000770d80000,0x0000000770d80000,0x00000007b5800000)
  from space 85504K, 62% used [0x00000007b5800000,0x00000007b8c4fe78,0x00000007bab80000)
  to   space 84480K, 0% used [0x00000007bac00000,0x00000007bac00000,0x00000007bfe80000)
 ParOldGen       total 1767424K, used 1742512K [0x00000006d2800000, 0x000000073e600000, 0x0000000770d80000)
  object space 1767424K, 98% used [0x00000006d2800000,0x000000073cdac098,0x000000073e600000)
 Metaspace       used 102063K, capacity 111630K, committed 111768K, reserved 1146880K
  class space    used 12999K, capacity 15015K, committed 15016K, reserved 1048576K
}
Event: 195183.798 GC heap before
{Heap before GC invocations=10153 (full 5):
 PSYoungGen      total 1210368K, used 1178431K [0x0000000770d80000, 0x00000007bfe80000, 0x00000007c0000000)
  eden space 1124864K, 100% used [0x0000000770d80000,0x00000007b5800000,0x00000007b5800000)
  from space 85504K, 62% used [0x00000007b5800000,0x00000007b8c4fe78,0x00000007bab80000)
  to   space 84480K, 0% used [0x00000007bac00000,0x00000007bac00000,0x00000007bfe80000)
 ParOldGen       total 1767424K, used 1742512K [0x00000006d2800000, 0x000000073e600000, 0x0000000770d80000)
  object space 1767424K, 98% used [0x00000006d2800000,0x000000073cdac098,0x000000073e600000)
 Metaspace       used 102063K, capacity 111630K, committed 111768K, reserved 1146880K
  class space    used 12999K, capacity 15015K, committed 15016K, reserved 1048576K
Event: 195183.841 GC heap after
Heap after GC invocations=10153 (full 5):
 PSYoungGen      total 1208832K, used 52912K [0x0000000770d80000, 0x00000007bfc00000, 0x00000007c0000000)
  eden space 1126912K, 0% used [0x0000000770d80000,0x0000000770d80000,0x00000007b5a00000)
  from space 81920K, 64% used [0x00000007bac00000,0x00000007bdfac2f0,0x00000007bfc00000)
  to   space 82944K, 0% used [0x00000007b5a00000,0x00000007b5a00000,0x00000007bab00000)
 ParOldGen       total 1767424K, used 1745604K [0x00000006d2800000, 0x000000073e600000, 0x0000000770d80000)
  object space 1767424K, 98% used [0x00000006d2800000,0x000000073d0b10b0,0x000000073e600000)
 Metaspace       used 102063K, capacity 111630K, committed 111768K, reserved 1146880K
  class space    used 12999K, capacity 15015K, committed 15016K, reserved 1048576K
}
Event: 195195.618 GC heap before
{Heap before GC invocations=10154 (full 5):
 PSYoungGen      total 1208832K, used 1179824K [0x0000000770d80000, 0x00000007bfc00000, 0x00000007c0000000)
  eden space 1126912K, 100% used [0x0000000770d80000,0x00000007b5a00000,0x00000007b5a00000)
  from space 81920K, 64% used [0x00000007bac00000,0x00000007bdfac2f0,0x00000007bfc00000)
  to   space 82944K, 0% used [0x00000007b5a00000,0x00000007b5a00000,0x00000007bab00000)
 ParOldGen       total 1767424K, used 1745604K [0x00000006d2800000, 0x000000073e600000, 0x0000000770d80000)
  object space 1767424K, 98% used [0x00000006d2800000,0x000000073d0b10b0,0x000000073e600000)
 Metaspace       used 102063K, capacity 111630K, committed 111768K, reserved 1146880K
  class space    used 12999K, capacity 15015K, committed 15016K, reserved 1048576K
Event: 195195.659 GC heap after
Heap after GC invocations=10154 (full 5):
 PSYoungGen      total 1209856K, used 49713K [0x0000000770d80000, 0x00000007bfc00000, 0x00000007c0000000)
  eden space 1126912K, 0% used [0x0000000770d80000,0x0000000770d80000,0x00000007b5a00000)
  from space 82944K, 59% used [0x00000007b5a00000,0x00000007b8a8c6b8,0x00000007bab00000)
  to   space 80384K, 0% used [0x00000007bad80000,0x00000007bad80000,0x00000007bfc00000)
 ParOldGen       total 1767424K, used 1748780K [0x00000006d2800000, 0x000000073e600000, 0x0000000770d80000)
  object space 1767424K, 98% used [0x00000006d2800000,0x000000073d3cb0b0,0x000000073e600000)
 Metaspace       used 102063K, capacity 111630K, committed 111768K, reserved 1146880K
  class space    used 12999K, capacity 15015K, committed 15016K, reserved 1048576K
}
Event: 195208.215 GC heap before
{Heap before GC invocations=10155 (full 5):
 PSYoungGen      total 1209856K, used 1176625K [0x0000000770d80000, 0x00000007bfc00000, 0x00000007c0000000)
  eden space 1126912K, 100% used [0x0000000770d80000,0x00000007b5a00000,0x00000007b5a00000)
  from space 82944K, 59% used [0x00000007b5a00000,0x00000007b8a8c6b8,0x00000007bab00000)
  to   space 80384K, 0% used [0x00000007bad80000,0x00000007bad80000,0x00000007bfc00000)
 ParOldGen       total 1767424K, used 1748780K [0x00000006d2800000, 0x000000073e600000, 0x0000000770d80000)
  object space 1767424K, 98% used [0x00000006d2800000,0x000000073d3cb0b0,0x000000073e600000)
 Metaspace       used 102063K, capacity 111630K, committed 111768K, reserved 1146880K
  class space    used 12999K, capacity 15015K, committed 15016K, reserved 1048576K
Event: 195208.256 GC heap after
Heap after GC invocations=10155 (full 5):
 PSYoungGen      total 1209344K, used 47793K [0x0000000770d80000, 0x00000007bf780000, 0x00000007c0000000)
  eden space 1133568K, 0% used [0x0000000770d80000,0x0000000770d80000,0x00000007b6080000)
  from space 75776K, 63% used [0x00000007bad80000,0x00000007bdc2c520,0x00000007bf780000)
  to   space 77312K, 0% used [0x00000007b6080000,0x00000007b6080000,0x00000007bac00000)
 ParOldGen       total 1767424K, used 1750865K [0x00000006d2800000, 0x000000073e600000, 0x0000000770d80000)
  object space 1767424K, 99% used [0x00000006d2800000,0x000000073d5d44d8,0x000000073e600000)
 Metaspace       used 102063K, capacity 111630K, committed 111768K, reserved 1146880K
  class space    used 12999K, capacity 15015K, committed 15016K, reserved 1048576K
}
Event: 195219.394 GC heap before
{Heap before GC invocations=10156 (full 5):
 PSYoungGen      total 1209344K, used 1181361K [0x0000000770d80000, 0x00000007bf780000, 0x00000007c0000000)
  eden space 1133568K, 100% used [0x0000000770d80000,0x00000007b6080000,0x00000007b6080000)
  from space 75776K, 63% used [0x00000007bad80000,0x00000007bdc2c520,0x00000007bf780000)
  to   space 77312K, 0% used [0x00000007b6080000,0x00000007b6080000,0x00000007bac00000)
 ParOldGen       total 1767424K, used 1750865K [0x00000006d2800000, 0x000000073e600000, 0x0000000770d80000)
  object space 1767424K, 99% used [0x00000006d2800000,0x000000073d5d44d8,0x000000073e600000)
 Metaspace       used 102063K, capacity 111630K, committed 111768K, reserved 1146880K
  class space    used 12999K, capacity 15015K, committed 15016K, reserved 1048576K
Event: 195219.434 GC heap after
Heap after GC invocations=10156 (full 5):
 PSYoungGen      total 1210880K, used 48671K [0x0000000770d80000, 0x00000007bfc80000, 0x00000007c0000000)
  eden space 1133568K, 0% used [0x0000000770d80000,0x0000000770d80000,0x00000007b6080000)
  from space 77312K, 62% used [0x00000007b6080000,0x00000007b9007fb0,0x00000007bac00000)
  to   space 74752K, 0% used [0x00000007bb380000,0x00000007bb380000,0x00000007bfc80000)
 ParOldGen       total 1767424K, used 1752257K [0x00000006d2800000, 0x000000073e600000, 0x0000000770d80000)
  object space 1767424K, 99% used [0x00000006d2800000,0x000000073d7304d8,0x000000073e600000)
 Metaspace       used 102063K, capacity 111630K, committed 111768K, reserved 1146880K
  class space    used 12999K, capacity 15015K, committed 15016K, reserved 1048576K
}
Event: 195230.074 GC heap before
{Heap before GC invocations=10157 (full 5):
 PSYoungGen      total 1210880K, used 1182239K [0x0000000770d80000, 0x00000007bfc80000, 0x00000007c0000000)
  eden space 1133568K, 100% used [0x0000000770d80000,0x00000007b6080000,0x00000007b6080000)
  from space 77312K, 62% used [0x00000007b6080000,0x00000007b9007fb0,0x00000007bac00000)
  to   space 74752K, 0% used [0x00000007bb380000,0x00000007bb380000,0x00000007bfc80000)
 ParOldGen       total 1767424K, used 1752257K [0x00000006d2800000, 0x000000073e600000, 0x0000000770d80000)
  object space 1767424K, 99% used [0x00000006d2800000,0x000000073d7304d8,0x000000073e600000)
 Metaspace       used 102063K, capacity 111630K, committed 111768K, reserved 1146880K
  class space    used 12999K, capacity 15015K, committed 15016K, reserved 1048576K
Event: 195230.115 GC heap after
Heap after GC invocations=10157 (full 5):
 PSYoungGen      total 1215488K, used 45967K [0x0000000770d80000, 0x00000007bf880000, 0x00000007c0000000)
  eden space 1144832K, 0% used [0x0000000770d80000,0x0000000770d80000,0x00000007b6b80000)
  from space 70656K, 65% used [0x00000007bb380000,0x00000007be063f50,0x00000007bf880000)
  to   space 72192K, 0% used [0x00000007b6b80000,0x00000007b6b80000,0x00000007bb200000)
 ParOldGen       total 1767424K, used 1755921K [0x00000006d2800000, 0x000000073e600000, 0x0000000770d80000)
  object space 1767424K, 99% used [0x00000006d2800000,0x000000073dac4538,0x000000073e600000)
 Metaspace       used 102063K, capacity 111630K, committed 111768K, reserved 1146880K
  class space    used 12999K, capacity 15015K, committed 15016K, reserved 1048576K
}
Event: 195243.101 GC heap before
{Heap before GC invocations=10158 (full 5):
 PSYoungGen      total 1215488K, used 1190799K [0x0000000770d80000, 0x00000007bf880000, 0x00000007c0000000)
  eden space 1144832K, 100% used [0x0000000770d80000,0x00000007b6b80000,0x00000007b6b80000)
  from space 70656K, 65% used [0x00000007bb380000,0x00000007be063f50,0x00000007bf880000)
  to   space 72192K, 0% used [0x00000007b6b80000,0x00000007b6b80000,0x00000007bb200000)
 ParOldGen       total 1767424K, used 1755921K [0x00000006d2800000, 0x000000073e600000, 0x0000000770d80000)
  object space 1767424K, 99% used [0x00000006d2800000,0x000000073dac4538,0x000000073e600000)
 Metaspace       used 102063K, capacity 111630K, committed 111768K, reserved 1146880K
  class space    used 12999K, capacity 15015K, committed 15016K, reserved 1048576K
Event: 195243.139 GC heap after
Heap after GC invocations=10158 (full 5):
 PSYoungGen      total 1217024K, used 44256K [0x0000000770d80000, 0x00000007bfe80000, 0x00000007c0000000)
  eden space 1144832K, 0% used [0x0000000770d80000,0x0000000770d80000,0x00000007b6b80000)
  from space 72192K, 61% used [0x00000007b6b80000,0x00000007b96b81f0,0x00000007bb200000)
  to   space 70656K, 0% used [0x00000007bb980000,0x00000007bb980000,0x00000007bfe80000)
 ParOldGen       total 1767424K, used 1757764K [0x00000006d2800000, 0x000000073e600000, 0x0000000770d80000)
  object space 1767424K, 99% used [0x00000006d2800000,0x000000073dc91220,0x000000073e600000)
 Metaspace       used 102063K, capacity 111630K, committed 111768K, reserved 1146880K
  class space    used 12999K, capacity 15015K, committed 15016K, reserved 1048576K
}
Event: 195254.474 GC heap before
{Heap before GC invocations=10159 (full 5):
 PSYoungGen      total 1217024K, used 1189088K [0x0000000770d80000, 0x00000007bfe80000, 0x00000007c0000000)
  eden space 1144832K, 100% used [0x0000000770d80000,0x00000007b6b80000,0x00000007b6b80000)
  from space 72192K, 61% used [0x00000007b6b80000,0x00000007b96b81f0,0x00000007bb200000)
  to   space 70656K, 0% used [0x00000007bb980000,0x00000007bb980000,0x00000007bfe80000)
 ParOldGen       total 1767424K, used 1757764K [0x00000006d2800000, 0x000000073e600000, 0x0000000770d80000)
  object space 1767424K, 99% used [0x00000006d2800000,0x000000073dc91220,0x000000073e600000)
 Metaspace       used 102063K, capacity 111630K, committed 111768K, reserved 1146880K
  class space    used 12999K, capacity 15015K, committed 15016K, reserved 1048576K
Event: 195254.514 GC heap after
Heap after GC invocations=10159 (full 5):
 PSYoungGen      total 1220608K, used 43971K [0x0000000770d80000, 0x00000007bfa80000, 0x00000007c0000000)
  eden space 1154048K, 0% used [0x0000000770d80000,0x0000000770d80000,0x00000007b7480000)
  from space 66560K, 66% used [0x00000007bb980000,0x00000007be470e40,0x00000007bfa80000)
  to   space 68608K, 0% used [0x00000007b7480000,0x00000007b7480000,0x00000007bb780000)
 ParOldGen       total 1767424K, used 1759860K [0x00000006d2800000, 0x000000073e600000, 0x0000000770d80000)
  object space 1767424K, 99% used [0x00000006d2800000,0x000000073de9d238,0x000000073e600000)
 Metaspace       used 102063K, capacity 111630K, committed 111768K, reserved 1146880K
  class space    used 12999K, capacity 15015K, committed 15016K, reserved 1048576K
}
Event: 195267.411 GC heap before
{Heap before GC invocations=10160 (full 5):
 PSYoungGen      total 1220608K, used 1198019K [0x0000000770d80000, 0x00000007bfa80000, 0x00000007c0000000)
  eden space 1154048K, 100% used [0x0000000770d80000,0x00000007b7480000,0x00000007b7480000)
  from space 66560K, 66% used [0x00000007bb980000,0x00000007be470e40,0x00000007bfa80000)
  to   space 68608K, 0% used [0x00000007b7480000,0x00000007b7480000,0x00000007bb780000)
 ParOldGen       total 1767424K, used 1759860K [0x00000006d2800000, 0x000000073e600000, 0x0000000770d80000)
  object space 1767424K, 99% used [0x00000006d2800000,0x000000073de9d238,0x000000073e600000)
 Metaspace       used 102063K, capacity 111630K, committed 111768K, reserved 1146880K
  class space    used 12999K, capacity 15015K, committed 15016K, reserved 1048576K
Event: 195267.450 GC heap after
Heap after GC invocations=10160 (full 5):
 PSYoungGen      total 1222656K, used 40655K [0x0000000770d80000, 0x00000007c0000000, 0x00000007c0000000)
  eden space 1154048K, 0% used [0x0000000770d80000,0x0000000770d80000,0x00000007b7480000)
  from space 68608K, 59% used [0x00000007b7480000,0x00000007b9c33f38,0x00000007bb780000)
  to   space 67584K, 0% used [0x00000007bbe00000,0x00000007bbe00000,0x00000007c0000000)
 ParOldGen       total 1767424K, used 1764870K [0x00000006d2800000, 0x000000073e600000, 0x0000000770d80000)
  object space 1767424K, 99% used [0x00000006d2800000,0x000000073e381988,0x000000073e600000)
 Metaspace       used 102063K, capacity 111630K, committed 111768K, reserved 1146880K
  class space    used 12999K, capacity 15015K, committed 15016K, reserved 1048576K
}
Event: 195267.450 GC heap before
{Heap before GC invocations=10161 (full 6):
 PSYoungGen      total 1222656K, used 40655K [0x0000000770d80000, 0x00000007c0000000, 0x00000007c0000000)
  eden space 1154048K, 0% used [0x0000000770d80000,0x0000000770d80000,0x00000007b7480000)
  from space 68608K, 59% used [0x00000007b7480000,0x00000007b9c33f38,0x00000007bb780000)
  to   space 67584K, 0% used [0x00000007bbe00000,0x00000007bbe00000,0x00000007c0000000)
 ParOldGen       total 1767424K, used 1764870K [0x00000006d2800000, 0x000000073e600000, 0x0000000770d80000)
  object space 1767424K, 99% used [0x00000006d2800000,0x000000073e381988,0x000000073e600000)
 Metaspace       used 102063K, capacity 111630K, committed 111768K, reserved 1146880K
  class space    used 12999K, capacity 15015K, committed 15016K, reserved 1048576K

