# JRE version: OpenJDK Runtime Environment (8.0_222-b10) (build 1.8.0_222-b10)
# Java VM: OpenJDK 64-Bit Server VM (25.222-b10 mixed mode linux-amd64 compressed oops)
Heap:
 PSYoungGen      total 1329664K, used 865201K [0x000000076ec00000, 0x00000007c0000000, 0x00000007c0000000)
  eden space 1328128K, 65% used [0x000000076ec00000,0x00000007a380ca90,0x00000007bfd00000)
  from space 1536K, 58% used [0x00000007bfe80000,0x00000007bff5fd10,0x00000007c0000000)
  to   space 1536K, 0% used [0x00000007bfd00000,0x00000007bfd00000,0x00000007bfe80000)
 ParOldGen       total 2464768K, used 913210K [0x00000006cc400000, 0x0000000762b00000, 0x000000076ec00000)
  object space 2464768K, 37% used [0x00000006cc400000,0x0000000703fceb18,0x0000000762b00000)
 Metaspace       used 102766K, capacity 112670K, committed 112920K, reserved 1146880K
  class space    used 13068K, capacity 15119K, committed 15144K, reserved 1048576K
GC Heap History (250 events):
Event: 715936.217 GC heap before
{Heap before GC invocations=16666 (full 6):
 PSYoungGen      total 1329664K, used 1328991K [0x000000076ec00000, 0x00000007c0000000, 0x00000007c0000000)
  eden space 1328128K, 100% used [0x000000076ec00000,0x00000007bfd00000,0x00000007bfd00000)
  from space 1536K, 56% used [0x00000007bfd00000,0x00000007bfdd7e90,0x00000007bfe80000)
  to   space 1536K, 0% used [0x00000007bfe80000,0x00000007bfe80000,0x00000007c0000000)
 ParOldGen       total 2464768K, used 909454K [0x00000006cc400000, 0x0000000762b00000, 0x000000076ec00000)
  object space 2464768K, 36% used [0x00000006cc400000,0x0000000703c23ad0,0x0000000762b00000)
 Metaspace       used 102759K, capacity 112606K, committed 112664K, reserved 1146880K
  class space    used 13068K, capacity 15119K, committed 15144K, reserved 1048576K
Event: 715936.227 GC heap after
Heap after GC invocations=16666 (full 6):
 PSYoungGen      total 1329664K, used 1023K [0x000000076ec00000, 0x00000007c0000000, 0x00000007c0000000)
  eden space 1328128K, 0% used [0x000000076ec00000,0x000000076ec00000,0x00000007bfd00000)
  from space 1536K, 66% used [0x00000007bfe80000,0x00000007bff7ff50,0x00000007c0000000)
  to   space 1536K, 0% used [0x00000007bfd00000,0x00000007bfd00000,0x00000007bfe80000)
 ParOldGen       total 2464768K, used 909502K [0x00000006cc400000, 0x0000000762b00000, 0x000000076ec00000)
  object space 2464768K, 36% used [0x00000006cc400000,0x0000000703c2fad0,0x0000000762b00000)
 Metaspace       used 102759K, capacity 112606K, committed 112664K, reserved 1146880K
  class space    used 13068K, capacity 15119K, committed 15144K, reserved 1048576K
}
Event: 716096.577 GC heap before
{Heap before GC invocations=16667 (full 6):
 PSYoungGen      total 1329664K, used 1329151K [0x000000076ec00000, 0x00000007c0000000, 0x00000007c0000000)
  eden space 1328128K, 100% used [0x000000076ec00000,0x00000007bfd00000,0x00000007bfd00000)
  from space 1536K, 66% used [0x00000007bfe80000,0x00000007bff7ff50,0x00000007c0000000)
  to   space 1536K, 0% used [0x00000007bfd00000,0x00000007bfd00000,0x00000007bfe80000)
 ParOldGen       total 2464768K, used 909502K [0x00000006cc400000, 0x0000000762b00000, 0x000000076ec00000)
  object space 2464768K, 36% used [0x00000006cc400000,0x0000000703c2fad0,0x0000000762b00000)
 Metaspace       used 102759K, capacity 112606K, committed 112664K, reserved 1146880K
  class space    used 13068K, capacity 15119K, committed 15144K, reserved 1048576K
Event: 716096.587 GC heap after
Heap after GC invocations=16667 (full 6):
 PSYoungGen      total 1329664K, used 895K [0x000000076ec00000, 0x00000007c0000000, 0x00000007c0000000)
  eden space 1328128K, 0% used [0x000000076ec00000,0x000000076ec00000,0x00000007bfd00000)
  from space 1536K, 58% used [0x00000007bfd00000,0x00000007bfddfd10,0x00000007bfe80000)
  to   space 1536K, 0% used [0x00000007bfe80000,0x00000007bfe80000,0x00000007c0000000)
 ParOldGen       total 2464768K, used 909518K [0x00000006cc400000, 0x0000000762b00000, 0x000000076ec00000)
  object space 2464768K, 36% used [0x00000006cc400000,0x0000000703c33ad0,0x0000000762b00000)
 Metaspace       used 102759K, capacity 112606K, committed 112664K, reserved 1146880K
  class space    used 13068K, capacity 15119K, committed 15144K, reserved 1048576K
}
Event: 716255.134 GC heap before
{Heap before GC invocations=16668 (full 6):
 PSYoungGen      total 1329664K, used 1329023K [0x000000076ec00000, 0x00000007c0000000, 0x00000007c0000000)
  eden space 1328128K, 100% used [0x000000076ec00000,0x00000007bfd00000,0x00000007bfd00000)
  from space 1536K, 58% used [0x00000007bfd00000,0x00000007bfddfd10,0x00000007bfe80000)
  to   space 1536K, 0% used [0x00000007bfe80000,0x00000007bfe80000,0x00000007c0000000)
 ParOldGen       total 2464768K, used 909518K [0x00000006cc400000, 0x0000000762b00000, 0x000000076ec00000)
  object space 2464768K, 36% used [0x00000006cc400000,0x0000000703c33ad0,0x0000000762b00000)
 Metaspace       used 102759K, capacity 112606K, committed 112664K, reserved 1146880K
  class space    used 13068K, capacity 15119K, committed 15144K, reserved 1048576K
Event: 716255.144 GC heap after
Heap after GC invocations=16668 (full 6):
 PSYoungGen      total 1329664K, used 863K [0x000000076ec00000, 0x00000007c0000000, 0x00000007c0000000)
  eden space 1328128K, 0% used [0x000000076ec00000,0x000000076ec00000,0x00000007bfd00000)
  from space 1536K, 56% used [0x00000007bfe80000,0x00000007bff57d10,0x00000007c0000000)
  to   space 1536K, 0% used [0x00000007bfd00000,0x00000007bfd00000,0x00000007bfe80000)
 ParOldGen       total 2464768K, used 909566K [0x00000006cc400000, 0x0000000762b00000, 0x000000076ec00000)
  object space 2464768K, 36% used [0x00000006cc400000,0x0000000703c3fad0,0x0000000762b00000)
 Metaspace       used 102759K, capacity 112606K, committed 112664K, reserved 1146880K
  class space    used 13068K, capacity 15119K, committed 15144K, reserved 1048576K
}
Event: 716415.508 GC heap before
{Heap before GC invocations=16669 (full 6):
 PSYoungGen      total 1329664K, used 1328991K [0x000000076ec00000, 0x00000007c0000000, 0x00000007c0000000)
  eden space 1328128K, 100% used [0x000000076ec00000,0x00000007bfd00000,0x00000007bfd00000)
  from space 1536K, 56% used [0x00000007bfe80000,0x00000007bff57d10,0x00000007c0000000)
  to   space 1536K, 0% used [0x00000007bfd00000,0x00000007bfd00000,0x00000007bfe80000)
 ParOldGen       total 2464768K, used 909566K [0x00000006cc400000, 0x0000000762b00000, 0x000000076ec00000)
  object space 2464768K, 36% used [0x00000006cc400000,0x0000000703c3fad0,0x0000000762b00000)
 Metaspace       used 102759K, capacity 112606K, committed 112664K, reserved 1146880K
  class space    used 13068K, capacity 15119K, committed 15144K, reserved 1048576K
Event: 716415.518 GC heap after
Heap after GC invocations=16669 (full 6):
 PSYoungGen      total 1329664K, used 831K [0x000000076ec00000, 0x00000007c0000000, 0x00000007c0000000)
  eden space 1328128K, 0% used [0x000000076ec00000,0x000000076ec00000,0x00000007bfd00000)
  from space 1536K, 54% used [0x00000007bfd00000,0x00000007bfdcfe90,0x00000007bfe80000)
  to   space 1536K, 0% used [0x00000007bfe80000,0x00000007bfe80000,0x00000007c0000000)
 ParOldGen       total 2464768K, used 909610K [0x00000006cc400000, 0x0000000762b00000, 0x000000076ec00000)
  object space 2464768K, 36% used [0x00000006cc400000,0x0000000703c4aae8,0x0000000762b00000)
 Metaspace       used 102759K, capacity 112606K, committed 112664K, reserved 1146880K
  class space    used 13068K, capacity 15119K, committed 15144K, reserved 1048576K
}
Event: 716571.493 GC heap before
{Heap before GC invocations=16670 (full 6):
 PSYoungGen      total 1329664K, used 1328959K [0x000000076ec00000, 0x00000007c0000000, 0x00000007c0000000)
  eden space 1328128K, 100% used [0x000000076ec00000,0x00000007bfd00000,0x00000007bfd00000)
  from space 1536K, 54% used [0x00000007bfd00000,0x00000007bfdcfe90,0x00000007bfe80000)
  to   space 1536K, 0% used [0x00000007bfe80000,0x00000007bfe80000,0x00000007c0000000)
 ParOldGen       total 2464768K, used 909610K [0x00000006cc400000, 0x0000000762b00000, 0x000000076ec00000)
  object space 2464768K, 36% used [0x00000006cc400000,0x0000000703c4aae8,0x0000000762b00000)
 Metaspace       used 102759K, capacity 112606K, committed 112664K, reserved 1146880K
  class space    used 13068K, capacity 15119K, committed 15144K, reserved 1048576K
Event: 716571.504 GC heap after
Heap after GC invocations=16670 (full 6):
 PSYoungGen      total 1329664K, used 960K [0x000000076ec00000, 0x00000007c0000000, 0x00000007c0000000)
  eden space 1328128K, 0% used [0x000000076ec00000,0x000000076ec00000,0x00000007bfd00000)
  from space 1536K, 62% used [0x00000007bfe80000,0x00000007bff700d0,0x00000007c0000000)
  to   space 1536K, 0% used [0x00000007bfd00000,0x00000007bfd00000,0x00000007bfe80000)
 ParOldGen       total 2464768K, used 909658K [0x00000006cc400000, 0x0000000762b00000, 0x000000076ec00000)
  object space 2464768K, 36% used [0x00000006cc400000,0x0000000703c56ae8,0x0000000762b00000)
 Metaspace       used 102759K, capacity 112606K, committed 112664K, reserved 1146880K
  class space    used 13068K, capacity 15119K, committed 15144K, reserved 1048576K
}
Event: 716730.766 GC heap before
{Heap before GC invocations=16671 (full 6):
 PSYoungGen      total 1329664K, used 1329088K [0x000000076ec00000, 0x00000007c0000000, 0x00000007c0000000)
  eden space 1328128K, 100% used [0x000000076ec00000,0x00000007bfd00000,0x00000007bfd00000)
  from space 1536K, 62% used [0x00000007bfe80000,0x00000007bff700d0,0x00000007c0000000)
  to   space 1536K, 0% used [0x00000007bfd00000,0x00000007bfd00000,0x00000007bfe80000)
 ParOldGen       total 2464768K, used 909658K [0x00000006cc400000, 0x0000000762b00000, 0x000000076ec00000)
  object space 2464768K, 36% used [0x00000006cc400000,0x0000000703c56ae8,0x0000000762b00000)
 Metaspace       used 102759K, capacity 112606K, committed 112664K, reserved 1146880K
  class space    used 13068K, capacity 15119K, committed 15144K, reserved 1048576K
Event: 716730.776 GC heap after
Heap after GC invocations=16671 (full 6):
 PSYoungGen      total 1329664K, used 976K [0x000000076ec00000, 0x00000007c0000000, 0x00000007c0000000)
  eden space 1328128K, 0% used [0x000000076ec00000,0x000000076ec00000,0x00000007bfd00000)
  from space 1536K, 63% used [0x00000007bfd00000,0x00000007bfdf40c0,0x00000007bfe80000)
  to   space 1536K, 0% used [0x00000007bfe80000,0x00000007bfe80000,0x00000007c0000000)
 ParOldGen       total 2464768K, used 909706K [0x00000006cc400000, 0x0000000762b00000, 0x000000076ec00000)
  object space 2464768K, 36% used [0x00000006cc400000,0x0000000703c62ae8,0x0000000762b00000)
 Metaspace       used 102759K, capacity 112606K, committed 112664K, reserved 1146880K
  class space    used 13068K, capacity 15119K, committed 15144K, reserved 1048576K
}
Event: 716889.501 GC heap before
{Heap before GC invocations=16672 (full 6):
 PSYoungGen      total 1329664K, used 1329104K [0x000000076ec00000, 0x00000007c0000000, 0x00000007c0000000)
  eden space 1328128K, 100% used [0x000000076ec00000,0x00000007bfd00000,0x00000007bfd00000)
  from space 1536K, 63% used [0x00000007bfd00000,0x00000007bfdf40c0,0x00000007bfe80000)
  to   space 1536K, 0% used [0x00000007bfe80000,0x00000007bfe80000,0x00000007c0000000)
 ParOldGen       total 2464768K, used 909706K [0x00000006cc400000, 0x0000000762b00000, 0x000000076ec00000)
  object space 2464768K, 36% used [0x00000006cc400000,0x0000000703c62ae8,0x0000000762b00000)
 Metaspace       used 102759K, capacity 112606K, committed 112664K, reserved 1146880K
  class space    used 13068K, capacity 15119K, committed 15144K, reserved 1048576K
Event: 716889.512 GC heap after
Heap after GC invocations=16672 (full 6):
 PSYoungGen      total 1329664K, used 863K [0x000000076ec00000, 0x00000007c0000000, 0x00000007c0000000)
  eden space 1328128K, 0% used [0x000000076ec00000,0x000000076ec00000,0x00000007bfd00000)
  from space 1536K, 56% used [0x00000007bfe80000,0x00000007bff57e90,0x00000007c0000000)
  to   space 1536K, 0% used [0x00000007bfd00000,0x00000007bfd00000,0x00000007bfe80000)
 ParOldGen       total 2464768K, used 909722K [0x00000006cc400000, 0x0000000762b00000, 0x000000076ec00000)
  object space 2464768K, 36% used [0x00000006cc400000,0x0000000703c66ae8,0x0000000762b00000)
 Metaspace       used 102759K, capacity 112606K, committed 112664K, reserved 1146880K
  class space    used 13068K, capacity 15119K, committed 15144K, reserved 1048576K
}
Event: 717048.125 GC heap before
{Heap before GC invocations=16673 (full 6):
 PSYoungGen      total 1329664K, used 1328991K [0x000000076ec00000, 0x00000007c0000000, 0x00000007c0000000)
  eden space 1328128K, 100% used [0x000000076ec00000,0x00000007bfd00000,0x00000007bfd00000)
  from space 1536K, 56% used [0x00000007bfe80000,0x00000007bff57e90,0x00000007c0000000)
  to   space 1536K, 0% used [0x00000007bfd00000,0x00000007bfd00000,0x00000007bfe80000)
 ParOldGen       total 2464768K, used 909722K [0x00000006cc400000, 0x0000000762b00000, 0x000000076ec00000)
  object space 2464768K, 36% used [0x00000006cc400000,0x0000000703c66ae8,0x0000000762b00000)
 Metaspace       used 102759K, capacity 112606K, committed 112664K, reserved 1146880K
  class space    used 13068K, capacity 15119K, committed 15144K, reserved 1048576K
Event: 717048.136 GC heap after
Heap after GC invocations=16673 (full 6):
 PSYoungGen      total 1329664K, used 959K [0x000000076ec00000, 0x00000007c0000000, 0x00000007c0000000)
  eden space 1328128K, 0% used [0x000000076ec00000,0x000000076ec00000,0x00000007bfd00000)
  from space 1536K, 62% used [0x00000007bfd00000,0x00000007bfdeff50,0x00000007bfe80000)
  to   space 1536K, 0% used [0x00000007bfe80000,0x00000007bfe80000,0x00000007c0000000)
 ParOldGen       total 2464768K, used 909770K [0x00000006cc400000, 0x0000000762b00000, 0x000000076ec00000)
  object space 2464768K, 36% used [0x00000006cc400000,0x0000000703c72ae8,0x0000000762b00000)
 Metaspace       used 102759K, capacity 112606K, committed 112664K, reserved 1146880K
  class space    used 13068K, capacity 15119K, committed 15144K, reserved 1048576K
}
Event: 717207.201 GC heap before
{Heap before GC invocations=16674 (full 6):
 PSYoungGen      total 1329664K, used 1329087K [0x000000076ec00000, 0x00000007c0000000, 0x00000007c0000000)
  eden space 1328128K, 100% used [0x000000076ec00000,0x00000007bfd00000,0x00000007bfd00000)
  from space 1536K, 62% used [0x00000007bfd00000,0x00000007bfdeff50,0x00000007bfe80000)
  to   space 1536K, 0% used [0x00000007bfe80000,0x00000007bfe80000,0x00000007c0000000)
 ParOldGen       total 2464768K, used 909770K [0x00000006cc400000, 0x0000000762b00000, 0x000000076ec00000)
  object space 2464768K, 36% used [0x00000006cc400000,0x0000000703c72ae8,0x0000000762b00000)
 Metaspace       used 102759K, capacity 112606K, committed 112664K, reserved 1146880K
  class space    used 13068K, capacity 15119K, committed 15144K, reserved 1048576K
Event: 717207.211 GC heap after
Heap after GC invocations=16674 (full 6):
 PSYoungGen      total 1329664K, used 959K [0x000000076ec00000, 0x00000007c0000000, 0x00000007c0000000)
  eden space 1328128K, 0% used [0x000000076ec00000,0x000000076ec00000,0x00000007bfd00000)
  from space 1536K, 62% used [0x00000007bfe80000,0x00000007bff6ff50,0x00000007c0000000)
  to   space 1536K, 0% used [0x00000007bfd00000,0x00000007bfd00000,0x00000007bfe80000)
 ParOldGen       total 2464768K, used 909778K [0x00000006cc400000, 0x0000000762b00000, 0x000000076ec00000)
  object space 2464768K, 36% used [0x00000006cc400000,0x0000000703c74ae8,0x0000000762b00000)
 Metaspace       used 102759K, capacity 112606K, committed 112664K, reserved 1146880K
  class space    used 13068K, capacity 15119K, committed 15144K, reserved 1048576K
}
Event: 717365.331 GC heap before
{Heap before GC invocations=16675 (full 6):
 PSYoungGen      total 1329664K, used 1329087K [0x000000076ec00000, 0x00000007c0000000, 0x00000007c0000000)
  eden space 1328128K, 100% used [0x000000076ec00000,0x00000007bfd00000,0x00000007bfd00000)
  from space 1536K, 62% used [0x00000007bfe80000,0x00000007bff6ff50,0x00000007c0000000)
  to   space 1536K, 0% used [0x00000007bfd00000,0x00000007bfd00000,0x00000007bfe80000)
 ParOldGen       total 2464768K, used 909778K [0x00000006cc400000, 0x0000000762b00000, 0x000000076ec00000)
  object space 2464768K, 36% used [0x00000006cc400000,0x0000000703c74ae8,0x0000000762b00000)
 Metaspace       used 102759K, capacity 112606K, committed 112664K, reserved 1146880K
  class space    used 13068K, capacity 15119K, committed 15144K, reserved 1048576K
Event: 717365.341 GC heap after
Heap after GC invocations=16675 (full 6):
 PSYoungGen      total 1329664K, used 831K [0x000000076ec00000, 0x00000007c0000000, 0x00000007c0000000)
  eden space 1328128K, 0% used [0x000000076ec00000,0x000000076ec00000,0x00000007bfd00000)
  from space 1536K, 54% used [0x00000007bfd00000,0x00000007bfdcfe90,0x00000007bfe80000)
  to   space 1536K, 0% used [0x00000007bfe80000,0x00000007bfe80000,0x00000007c0000000)
 ParOldGen       total 2464768K, used 909826K [0x00000006cc400000, 0x0000000762b00000, 0x000000076ec00000)
  object space 2464768K, 36% used [0x00000006cc400000,0x0000000703c80ae8,0x0000000762b00000)
 Metaspace       used 102759K, capacity 112606K, committed 112664K, reserved 1146880K
  class space    used 13068K, capacity 15119K, committed 15144K, reserved 1048576K
}
Event: 717525.907 GC heap before
{Heap before GC invocations=16676 (full 6):
 PSYoungGen      total 1329664K, used 1328959K [0x000000076ec00000, 0x00000007c0000000, 0x00000007c0000000)
  eden space 1328128K, 100% used [0x000000076ec00000,0x00000007bfd00000,0x00000007bfd00000)
  from space 1536K, 54% used [0x00000007bfd00000,0x00000007bfdcfe90,0x00000007bfe80000)
  to   space 1536K, 0% used [0x00000007bfe80000,0x00000007bfe80000,0x00000007c0000000)
 ParOldGen       total 2464768K, used 909826K [0x00000006cc400000, 0x0000000762b00000, 0x000000076ec00000)
  object space 2464768K, 36% used [0x00000006cc400000,0x0000000703c80ae8,0x0000000762b00000)
 Metaspace       used 102759K, capacity 112606K, committed 112664K, reserved 1146880K
  class space    used 13068K, capacity 15119K, committed 15144K, reserved 1048576K
Event: 717525.917 GC heap after
Heap after GC invocations=16676 (full 6):
 PSYoungGen      total 1329664K, used 799K [0x000000076ec00000, 0x00000007c0000000, 0x00000007c0000000)
  eden space 1328128K, 0% used [0x000000076ec00000,0x000000076ec00000,0x00000007bfd00000)
  from space 1536K, 52% used [0x00000007bfe80000,0x00000007bff47e90,0x00000007c0000000)
  to   space 1536K, 0% used [0x00000007bfd00000,0x00000007bfd00000,0x00000007bfe80000)
 ParOldGen       total 2464768K, used 909842K [0x00000006cc400000, 0x0000000762b00000, 0x000000076ec00000)
  object space 2464768K, 36% used [0x00000006cc400000,0x0000000703c84ae8,0x0000000762b00000)
 Metaspace       used 102759K, capacity 112606K, committed 112664K, reserved 1146880K
  class space    used 13068K, capacity 15119K, committed 15144K, reserved 1048576K
}
Event: 717682.167 GC heap before
{Heap before GC invocations=16677 (full 6):
 PSYoungGen      total 1329664K, used 1328927K [0x000000076ec00000, 0x00000007c0000000, 0x00000007c0000000)
  eden space 1328128K, 100% used [0x000000076ec00000,0x00000007bfd00000,0x00000007bfd00000)
  from space 1536K, 52% used [0x00000007bfe80000,0x00000007bff47e90,0x00000007c0000000)
  to   space 1536K, 0% used [0x00000007bfd00000,0x00000007bfd00000,0x00000007bfe80000)
 ParOldGen       total 2464768K, used 909842K [0x00000006cc400000, 0x0000000762b00000, 0x000000076ec00000)
  object space 2464768K, 36% used [0x00000006cc400000,0x0000000703c84ae8,0x0000000762b00000)
 Metaspace       used 102759K, capacity 112606K, committed 112664K, reserved 1146880K
  class space    used 13068K, capacity 15119K, committed 15144K, reserved 1048576K
Event: 717682.177 GC heap after
Heap after GC invocations=16677 (full 6):
 PSYoungGen      total 1329664K, used 991K [0x000000076ec00000, 0x00000007c0000000, 0x00000007c0000000)
  eden space 1328128K, 0% used [0x000000076ec00000,0x000000076ec00000,0x00000007bfd00000)
  from space 1536K, 64% used [0x00000007bfd00000,0x00000007bfdf7d10,0x00000007bfe80000)
  to   space 1536K, 0% used [0x00000007bfe80000,0x00000007bfe80000,0x00000007c0000000)
 ParOldGen       total 2464768K, used 909890K [0x00000006cc400000, 0x0000000762b00000, 0x000000076ec00000)
  object space 2464768K, 36% used [0x00000006cc400000,0x0000000703c90ae8,0x0000000762b00000)
 Metaspace       used 102759K, capacity 112606K, committed 112664K, reserved 1146880K
  class space    used 13068K, capacity 15119K, committed 15144K, reserved 1048576K
}
Event: 717842.208 GC heap before
{Heap before GC invocations=16678 (full 6):
 PSYoungGen      total 1329664K, used 1329119K [0x000000076ec00000, 0x00000007c0000000, 0x00000007c0000000)
  eden space 1328128K, 100% used [0x000000076ec00000,0x00000007bfd00000,0x00000007bfd00000)
  from space 1536K, 64% used [0x00000007bfd00000,0x00000007bfdf7d10,0x00000007bfe80000)
  to   space 1536K, 0% used [0x00000007bfe80000,0x00000007bfe80000,0x00000007c0000000)
 ParOldGen       total 2464768K, used 909890K [0x00000006cc400000, 0x0000000762b00000, 0x000000076ec00000)
  object space 2464768K, 36% used [0x00000006cc400000,0x0000000703c90ae8,0x0000000762b00000)
 Metaspace       used 102759K, capacity 112606K, committed 112664K, reserved 1146880K
  class space    used 13068K, capacity 15119K, committed 15144K, reserved 1048576K
Event: 717842.219 GC heap after
Heap after GC invocations=16678 (full 6):
 PSYoungGen      total 1329664K, used 863K [0x000000076ec00000, 0x00000007c0000000, 0x00000007c0000000)
  eden space 1328128K, 0% used [0x000000076ec00000,0x000000076ec00000,0x00000007bfd00000)
  from space 1536K, 56% used [0x00000007bfe80000,0x00000007bff57d10,0x00000007c0000000)
  to   space 1536K, 0% used [0x00000007bfd00000,0x00000007bfd00000,0x00000007bfe80000)
 ParOldGen       total 2464768K, used 909898K [0x00000006cc400000, 0x0000000762b00000, 0x000000076ec00000)
  object space 2464768K, 36% used [0x00000006cc400000,0x0000000703c92ae8,0x0000000762b00000)
 Metaspace       used 102759K, capacity 112606K, committed 112664K, reserved 1146880K
  class space    used 13068K, capacity 15119K, committed 15144K, reserved 1048576K
}
Event: 718000.904 GC heap before
{Heap before GC invocations=16679 (full 6):
 PSYoungGen      total 1329664K, used 1328991K [0x000000076ec00000, 0x00000007c0000000, 0x00000007c0000000)
  eden space 1328128K, 100% used [0x000000076ec00000,0x00000007bfd00000,0x00000007bfd00000)
  from space 1536K, 56% used [0x00000007bfe80000,0x00000007bff57d10,0x00000007c0000000)
  to   space 1536K, 0% used [0x00000007bfd00000,0x00000007bfd00000,0x00000007bfe80000)
 ParOldGen       total 2464768K, used 909898K [0x00000006cc400000, 0x0000000762b00000, 0x000000076ec00000)
  object space 2464768K, 36% used [0x00000006cc400000,0x0000000703c92ae8,0x0000000762b00000)
 Metaspace       used 102759K, capacity 112606K, committed 112664K, reserved 1146880K
  class space    used 13068K, capacity 15119K, committed 15144K, reserved 1048576K
Event: 718000.914 GC heap after
Heap after GC invocations=16679 (full 6):
 PSYoungGen      total 1329664K, used 863K [0x000000076ec00000, 0x00000007c0000000, 0x00000007c0000000)
  eden space 1328128K, 0% used [0x000000076ec00000,0x000000076ec00000,0x00000007bfd00000)
  from space 1536K, 56% used [0x00000007bfd00000,0x00000007bfdd7d10,0x00000007bfe80000)
  to   space 1536K, 0% used [0x00000007bfe80000,0x00000007bfe80000,0x00000007c0000000)
 ParOldGen       total 2464768K, used 909938K [0x00000006cc400000, 0x0000000762b00000, 0x000000076ec00000)
  object space 2464768K, 36% used [0x00000006cc400000,0x0000000703c9cae8,0x0000000762b00000)
 Metaspace       used 102759K, capacity 112606K, committed 112664K, reserved 1146880K
  class space    used 13068K, capacity 15119K, committed 15144K, reserved 1048576K
}
Event: 718159.607 GC heap before
{Heap before GC invocations=16680 (full 6):
 PSYoungGen      total 1329664K, used 1328991K [0x000000076ec00000, 0x00000007c0000000, 0x00000007c0000000)
  eden space 1328128K, 100% used [0x000000076ec00000,0x00000007bfd00000,0x00000007bfd00000)
  from space 1536K, 56% used [0x00000007bfd00000,0x00000007bfdd7d10,0x00000007bfe80000)
  to   space 1536K, 0% used [0x00000007bfe80000,0x00000007bfe80000,0x00000007c0000000)
 ParOldGen       total 2464768K, used 909938K [0x00000006cc400000, 0x0000000762b00000, 0x000000076ec00000)
  object space 2464768K, 36% used [0x00000006cc400000,0x0000000703c9cae8,0x0000000762b00000)
 Metaspace       used 102759K, capacity 112606K, committed 112664K, reserved 1146880K
  class space    used 13068K, capacity 15119K, committed 15144K, reserved 1048576K
Event: 718159.617 GC heap after
Heap after GC invocations=16680 (full 6):
 PSYoungGen      total 1329664K, used 831K [0x000000076ec00000, 0x00000007c0000000, 0x00000007c0000000)
  eden space 1328128K, 0% used [0x000000076ec00000,0x000000076ec00000,0x00000007bfd00000)
  from space 1536K, 54% used [0x00000007bfe80000,0x00000007bff4fe90,0x00000007c0000000)
  to   space 1536K, 0% used [0x00000007bfd00000,0x00000007bfd00000,0x00000007bfe80000)
 ParOldGen       total 2464768K, used 909954K [0x00000006cc400000, 0x0000000762b00000, 0x000000076ec00000)
  object space 2464768K, 36% used [0x00000006cc400000,0x0000000703ca0ae8,0x0000000762b00000)
 Metaspace       used 102759K, capacity 112606K, committed 112664K, reserved 1146880K
  class space    used 13068K, capacity 15119K, committed 15144K, reserved 1048576K
}
Event: 718314.568 GC heap before
{Heap before GC invocations=16681 (full 6):
 PSYoungGen      total 1329664K, used 1328959K [0x000000076ec00000, 0x00000007c0000000, 0x00000007c0000000)
  eden space 1328128K, 100% used [0x000000076ec00000,0x00000007bfd00000,0x00000007bfd00000)
  from space 1536K, 54% used [0x00000007bfe80000,0x00000007bff4fe90,0x00000007c0000000)
  to   space 1536K, 0% used [0x00000007bfd00000,0x00000007bfd00000,0x00000007bfe80000)
 ParOldGen       total 2464768K, used 909954K [0x00000006cc400000, 0x0000000762b00000, 0x000000076ec00000)
  object space 2464768K, 36% used [0x00000006cc400000,0x0000000703ca0ae8,0x0000000762b00000)
 Metaspace       used 102759K, capacity 112606K, committed 112664K, reserved 1146880K
  class space    used 13068K, capacity 15119K, committed 15144K, reserved 1048576K
Event: 718314.579 GC heap after
Heap after GC invocations=16681 (full 6):
 PSYoungGen      total 1329664K, used 959K [0x000000076ec00000, 0x00000007c0000000, 0x00000007c0000000)
  eden space 1328128K, 0% used [0x000000076ec00000,0x000000076ec00000,0x00000007bfd00000)
  from space 1536K, 62% used [0x00000007bfd00000,0x00000007bfdeff50,0x00000007bfe80000)
  to   space 1536K, 0% used [0x00000007bfe80000,0x00000007bfe80000,0x00000007c0000000)
 ParOldGen       total 2464768K, used 909994K [0x00000006cc400000, 0x0000000762b00000, 0x000000076ec00000)
  object space 2464768K, 36% used [0x00000006cc400000,0x0000000703caaae8,0x0000000762b00000)
 Metaspace       used 102759K, capacity 112606K, committed 112664K, reserved 1146880K
  class space    used 13068K, capacity 15119K, committed 15144K, reserved 1048576K
}
Event: 718472.340 GC heap before
{Heap before GC invocations=16682 (full 6):
 PSYoungGen      total 1329664K, used 1329087K [0x000000076ec00000, 0x00000007c0000000, 0x00000007c0000000)
  eden space 1328128K, 100% used [0x000000076ec00000,0x00000007bfd00000,0x00000007bfd00000)
  from space 1536K, 62% used [0x00000007bfd00000,0x00000007bfdeff50,0x00000007bfe80000)
  to   space 1536K, 0% used [0x00000007bfe80000,0x00000007bfe80000,0x00000007c0000000)
 ParOldGen       total 2464768K, used 909994K [0x00000006cc400000, 0x0000000762b00000, 0x000000076ec00000)
  object space 2464768K, 36% used [0x00000006cc400000,0x0000000703caaae8,0x0000000762b00000)
 Metaspace       used 102759K, capacity 112606K, committed 112664K, reserved 1146880K
  class space    used 13068K, capacity 15119K, committed 15144K, reserved 1048576K
Event: 718472.350 GC heap after
Heap after GC invocations=16682 (full 6):
 PSYoungGen      total 1329664K, used 831K [0x000000076ec00000, 0x00000007c0000000, 0x00000007c0000000)
  eden space 1328128K, 0% used [0x000000076ec00000,0x000000076ec00000,0x00000007bfd00000)
  from space 1536K, 54% used [0x00000007bfe80000,0x00000007bff4fe90,0x00000007c0000000)
  to   space 1536K, 0% used [0x00000007bfd00000,0x00000007bfd00000,0x00000007bfe80000)
 ParOldGen       total 2464768K, used 910010K [0x00000006cc400000, 0x0000000762b00000, 0x000000076ec00000)
  object space 2464768K, 36% used [0x00000006cc400000,0x0000000703caeae8,0x0000000762b00000)
 Metaspace       used 102759K, capacity 112606K, committed 112664K, reserved 1146880K
  class space    used 13068K, capacity 15119K, committed 15144K, reserved 1048576K
}
Event: 718628.534 GC heap before
{Heap before GC invocations=16683 (full 6):
 PSYoungGen      total 1329664K, used 1328959K [0x000000076ec00000, 0x00000007c0000000, 0x00000007c0000000)
  eden space 1328128K, 100% used [0x000000076ec00000,0x00000007bfd00000,0x00000007bfd00000)
  from space 1536K, 54% used [0x00000007bfe80000,0x00000007bff4fe90,0x00000007c0000000)
  to   space 1536K, 0% used [0x00000007bfd00000,0x00000007bfd00000,0x00000007bfe80000)
 ParOldGen       total 2464768K, used 910010K [0x00000006cc400000, 0x0000000762b00000, 0x000000076ec00000)
  object space 2464768K, 36% used [0x00000006cc400000,0x0000000703caeae8,0x0000000762b00000)
 Metaspace       used 102762K, capacity 112670K, committed 112920K, reserved 1146880K
  class space    used 13068K, capacity 15119K, committed 15144K, reserved 1048576K
Event: 718628.544 GC heap after
Heap after GC invocations=16683 (full 6):
 PSYoungGen      total 1329664K, used 1072K [0x000000076ec00000, 0x00000007c0000000, 0x00000007c0000000)
  eden space 1328128K, 0% used [0x000000076ec00000,0x000000076ec00000,0x00000007bfd00000)
  from space 1536K, 69% used [0x00000007bfd00000,0x00000007bfe0c180,0x00000007bfe80000)
  to   space 1536K, 0% used [0x00000007bfe80000,0x00000007bfe80000,0x00000007c0000000)
 ParOldGen       total 2464768K, used 910058K [0x00000006cc400000, 0x0000000762b00000, 0x000000076ec00000)
  object space 2464768K, 36% used [0x00000006cc400000,0x0000000703cbaae8,0x0000000762b00000)
 Metaspace       used 102762K, capacity 112670K, committed 112920K, reserved 1146880K
  class space    used 13068K, capacity 15119K, committed 15144K, reserved 1048576K
}
Event: 718787.725 GC heap before
{Heap before GC invocations=16684 (full 6):
 PSYoungGen      total 1329664K, used 1329200K [0x000000076ec00000, 0x00000007c0000000, 0x00000007c0000000)
  eden space 1328128K, 100% used [0x000000076ec00000,0x00000007bfd00000,0x00000007bfd00000)
  from space 1536K, 69% used [0x00000007bfd00000,0x00000007bfe0c180,0x00000007bfe80000)
  to   space 1536K, 0% used [0x00000007bfe80000,0x00000007bfe80000,0x00000007c0000000)
 ParOldGen       total 2464768K, used 910058K [0x00000006cc400000, 0x0000000762b00000, 0x000000076ec00000)
  object space 2464768K, 36% used [0x00000006cc400000,0x0000000703cbaae8,0x0000000762b00000)
 Metaspace       used 102762K, capacity 112670K, committed 112920K, reserved 1146880K
  class space    used 13068K, capacity 15119K, committed 15144K, reserved 1048576K
Event: 718787.737 GC heap after
Heap after GC invocations=16684 (full 6):
 PSYoungGen      total 1329664K, used 831K [0x000000076ec00000, 0x00000007c0000000, 0x00000007c0000000)
  eden space 1328128K, 0% used [0x000000076ec00000,0x000000076ec00000,0x00000007bfd00000)
  from space 1536K, 54% used [0x00000007bfe80000,0x00000007bff4fe90,0x00000007c0000000)
  to   space 1536K, 0% used [0x00000007bfd00000,0x00000007bfd00000,0x00000007bfe80000)
 ParOldGen       total 2464768K, used 910066K [0x00000006cc400000, 0x0000000762b00000, 0x000000076ec00000)
  object space 2464768K, 36% used [0x00000006cc400000,0x0000000703cbcae8,0x0000000762b00000)
 Metaspace       used 102762K, capacity 112670K, committed 112920K, reserved 1146880K
  class space    used 13068K, capacity 15119K, committed 15144K, reserved 1048576K
}
Event: 718946.417 GC heap before
{Heap before GC invocations=16685 (full 6):
 PSYoungGen      total 1329664K, used 1328959K [0x000000076ec00000, 0x00000007c0000000, 0x00000007c0000000)
  eden space 1328128K, 100% used [0x000000076ec00000,0x00000007bfd00000,0x00000007bfd00000)
  from space 1536K, 54% used [0x00000007bfe80000,0x00000007bff4fe90,0x00000007c0000000)
  to   space 1536K, 0% used [0x00000007bfd00000,0x00000007bfd00000,0x00000007bfe80000)
 ParOldGen       total 2464768K, used 910066K [0x00000006cc400000, 0x0000000762b00000, 0x000000076ec00000)
  object space 2464768K, 36% used [0x00000006cc400000,0x0000000703cbcae8,0x0000000762b00000)
 Metaspace       used 102762K, capacity 112670K, committed 112920K, reserved 1146880K
  class space    used 13068K, capacity 15119K, committed 15144K, reserved 1048576K
Event: 718946.427 GC heap after
Heap after GC invocations=16685 (full 6):
 PSYoungGen      total 1329664K, used 959K [0x000000076ec00000, 0x00000007c0000000, 0x00000007c0000000)
  eden space 1328128K, 0% used [0x000000076ec00000,0x000000076ec00000,0x00000007bfd00000)
  from space 1536K, 62% used [0x00000007bfd00000,0x00000007bfdefd10,0x00000007bfe80000)
  to   space 1536K, 0% used [0x00000007bfe80000,0x00000007bfe80000,0x00000007c0000000)
 ParOldGen       total 2464768K, used 910114K [0x00000006cc400000, 0x0000000762b00000, 0x000000076ec00000)
  object space 2464768K, 36% used [0x00000006cc400000,0x0000000703cc8ae8,0x0000000762b00000)
 Metaspace       used 102762K, capacity 112670K, committed 112920K, reserved 1146880K
  class space    used 13068K, capacity 15119K, committed 15144K, reserved 1048576K
}
Event: 719106.500 GC heap before
{Heap before GC invocations=16686 (full 6):
 PSYoungGen      total 1329664K, used 1329087K [0x000000076ec00000, 0x00000007c0000000, 0x00000007c0000000)
  eden space 1328128K, 100% used [0x000000076ec00000,0x00000007bfd00000,0x00000007bfd00000)
  from space 1536K, 62% used [0x00000007bfd00000,0x00000007bfdefd10,0x00000007bfe80000)
  to   space 1536K, 0% used [0x00000007bfe80000,0x00000007bfe80000,0x00000007c0000000)
 ParOldGen       total 2464768K, used 910114K [0x00000006cc400000, 0x0000000762b00000, 0x000000076ec00000)
  object space 2464768K, 36% used [0x00000006cc400000,0x0000000703cc8ae8,0x0000000762b00000)
 Metaspace       used 102762K, capacity 112670K, committed 112920K, reserved 1146880K
  class space    used 13068K, capacity 15119K, committed 15144K, reserved 1048576K
Event: 719106.510 GC heap after
Heap after GC invocations=16686 (full 6):
 PSYoungGen      total 1329664K, used 831K [0x000000076ec00000, 0x00000007c0000000, 0x00000007c0000000)
  eden space 1328128K, 0% used [0x000000076ec00000,0x000000076ec00000,0x00000007bfd00000)
  from space 1536K, 54% used [0x00000007bfe80000,0x00000007bff4fe90,0x00000007c0000000)
  to   space 1536K, 0% used [0x00000007bfd00000,0x00000007bfd00000,0x00000007bfe80000)
 ParOldGen       total 2464768K, used 910130K [0x00000006cc400000, 0x0000000762b00000, 0x000000076ec00000)
  object space 2464768K, 36% used [0x00000006cc400000,0x0000000703cccae8,0x0000000762b00000)
 Metaspace       used 102762K, capacity 112670K, committed 112920K, reserved 1146880K
  class space    used 13068K, capacity 15119K, committed 15144K, reserved 1048576K
}
Event: 719262.772 GC heap before
{Heap before GC invocations=16687 (full 6):
 PSYoungGen      total 1329664K, used 1328959K [0x000000076ec00000, 0x00000007c0000000, 0x00000007c0000000)
  eden space 1328128K, 100% used [0x000000076ec00000,0x00000007bfd00000,0x00000007bfd00000)
  from space 1536K, 54% used [0x00000007bfe80000,0x00000007bff4fe90,0x00000007c0000000)
  to   space 1536K, 0% used [0x00000007bfd00000,0x00000007bfd00000,0x00000007bfe80000)
 ParOldGen       total 2464768K, used 910130K [0x00000006cc400000, 0x0000000762b00000, 0x000000076ec00000)
  object space 2464768K, 36% used [0x00000006cc400000,0x0000000703cccae8,0x0000000762b00000)
 Metaspace       used 102762K, capacity 112670K, committed 112920K, reserved 1146880K
  class space    used 13068K, capacity 15119K, committed 15144K, reserved 1048576K
Event: 719262.783 GC heap after
Heap after GC invocations=16687 (full 6):
 PSYoungGen      total 1329664K, used 895K [0x000000076ec00000, 0x00000007c0000000, 0x00000007c0000000)
  eden space 1328128K, 0% used [0x000000076ec00000,0x000000076ec00000,0x00000007bfd00000)
  from space 1536K, 58% used [0x00000007bfd00000,0x00000007bfddfe90,0x00000007bfe80000)
  to   space 1536K, 0% used [0x00000007bfe80000,0x00000007bfe80000,0x00000007c0000000)
 ParOldGen       total 2464768K, used 910178K [0x00000006cc400000, 0x0000000762b00000, 0x000000076ec00000)
  object space 2464768K, 36% used [0x00000006cc400000,0x0000000703cd8ae8,0x0000000762b00000)
 Metaspace       used 102762K, capacity 112670K, committed 112920K, reserved 1146880K
  class space    used 13068K, capacity 15119K, committed 15144K, reserved 1048576K
}
Event: 719420.141 GC heap before
{Heap before GC invocations=16688 (full 6):
 PSYoungGen      total 1329664K, used 1329023K [0x000000076ec00000, 0x00000007c0000000, 0x00000007c0000000)
  eden space 1328128K, 100% used [0x000000076ec00000,0x00000007bfd00000,0x00000007bfd00000)
  from space 1536K, 58% used [0x00000007bfd00000,0x00000007bfddfe90,0x00000007bfe80000)
  to   space 1536K, 0% used [0x00000007bfe80000,0x00000007bfe80000,0x00000007c0000000)
 ParOldGen       total 2464768K, used 910178K [0x00000006cc400000, 0x0000000762b00000, 0x000000076ec00000)
  object space 2464768K, 36% used [0x00000006cc400000,0x0000000703cd8ae8,0x0000000762b00000)
 Metaspace       used 102762K, capacity 112670K, committed 112920K, reserved 1146880K
  class space    used 13068K, capacity 15119K, committed 15144K, reserved 1048576K
Event: 719420.151 GC heap after
Heap after GC invocations=16688 (full 6):
 PSYoungGen      total 1329664K, used 831K [0x000000076ec00000, 0x00000007c0000000, 0x00000007c0000000)
  eden space 1328128K, 0% used [0x000000076ec00000,0x000000076ec00000,0x00000007bfd00000)
  from space 1536K, 54% used [0x00000007bfe80000,0x00000007bff4fd10,0x00000007c0000000)
  to   space 1536K, 0% used [0x00000007bfd00000,0x00000007bfd00000,0x00000007bfe80000)
 ParOldGen       total 2464768K, used 910218K [0x00000006cc400000, 0x0000000762b00000, 0x000000076ec00000)
  object space 2464768K, 36% used [0x00000006cc400000,0x0000000703ce2ae8,0x0000000762b00000)
 Metaspace       used 102762K, capacity 112670K, committed 112920K, reserved 1146880K
  class space    used 13068K, capacity 15119K, committed 15144K, reserved 1048576K
}
Event: 719574.075 GC heap before
{Heap before GC invocations=16689 (full 6):
 PSYoungGen      total 1329664K, used 1328959K [0x000000076ec00000, 0x00000007c0000000, 0x00000007c0000000)
  eden space 1328128K, 100% used [0x000000076ec00000,0x00000007bfd00000,0x00000007bfd00000)
  from space 1536K, 54% used [0x00000007bfe80000,0x00000007bff4fd10,0x00000007c0000000)
  to   space 1536K, 0% used [0x00000007bfd00000,0x00000007bfd00000,0x00000007bfe80000)
 ParOldGen       total 2464768K, used 910218K [0x00000006cc400000, 0x0000000762b00000, 0x000000076ec00000)
  object space 2464768K, 36% used [0x00000006cc400000,0x0000000703ce2ae8,0x0000000762b00000)
 Metaspace       used 102762K, capacity 112670K, committed 112920K, reserved 1146880K
  class space    used 13068K, capacity 15119K, committed 15144K, reserved 1048576K
Event: 719574.085 GC heap after
Heap after GC invocations=16689 (full 6):
 PSYoungGen      total 1329664K, used 960K [0x000000076ec00000, 0x00000007c0000000, 0x00000007c0000000)
  eden space 1328128K, 0% used [0x000000076ec00000,0x000000076ec00000,0x00000007bfd00000)
  from space 1536K, 62% used [0x00000007bfd00000,0x00000007bfdf00d0,0x00000007bfe80000)
  to   space 1536K, 0% used [0x00000007bfe80000,0x00000007bfe80000,0x00000007c0000000)
 ParOldGen       total 2464768K, used 910226K [0x00000006cc400000, 0x0000000762b00000, 0x000000076ec00000)
  object space 2464768K, 36% used [0x00000006cc400000,0x0000000703ce4ae8,0x0000000762b00000)
 Metaspace       used 102762K, capacity 112670K, committed 112920K, reserved 1146880K
  class space    used 13068K, capacity 15119K, committed 15144K, reserved 1048576K
}
Event: 719735.268 GC heap before
{Heap before GC invocations=16690 (full 6):
 PSYoungGen      total 1329664K, used 1329088K [0x000000076ec00000, 0x00000007c0000000, 0x00000007c0000000)
  eden space 1328128K, 100% used [0x000000076ec00000,0x00000007bfd00000,0x00000007bfd00000)
  from space 1536K, 62% used [0x00000007bfd00000,0x00000007bfdf00d0,0x00000007bfe80000)
  to   space 1536K, 0% used [0x00000007bfe80000,0x00000007bfe80000,0x00000007c0000000)
 ParOldGen       total 2464768K, used 910226K [0x00000006cc400000, 0x0000000762b00000, 0x000000076ec00000)
  object space 2464768K, 36% used [0x00000006cc400000,0x0000000703ce4ae8,0x0000000762b00000)
 Metaspace       used 102762K, capacity 112670K, committed 112920K, reserved 1146880K
  class space    used 13068K, capacity 15119K, committed 15144K, reserved 1048576K
Event: 719735.277 GC heap after
Heap after GC invocations=16690 (full 6):
 PSYoungGen      total 1329664K, used 863K [0x000000076ec00000, 0x00000007c0000000, 0x00000007c0000000)
  eden space 1328128K, 0% used [0x000000076ec00000,0x000000076ec00000,0x00000007bfd00000)
  from space 1536K, 56% used [0x00000007bfe80000,0x00000007bff57e90,0x00000007c0000000)
  to   space 1536K, 0% used [0x00000007bfd00000,0x00000007bfd00000,0x00000007bfe80000)
 ParOldGen       total 2464768K, used 910266K [0x00000006cc400000, 0x0000000762b00000, 0x000000076ec00000)
  object space 2464768K, 36% used [0x00000006cc400000,0x0000000703ceeae8,0x0000000762b00000)
 Metaspace       used 102762K, capacity 112670K, committed 112920K, reserved 1146880K
  class space    used 13068K, capacity 15119K, committed 15144K, reserved 1048576K
}
Event: 719892.768 GC heap before
{Heap before GC invocations=16691 (full 6):
 PSYoungGen      total 1329664K, used 1328991K [0x000000076ec00000, 0x00000007c0000000, 0x00000007c0000000)
  eden space 1328128K, 100% used [0x000000076ec00000,0x00000007bfd00000,0x00000007bfd00000)
  from space 1536K, 56% used [0x00000007bfe80000,0x00000007bff57e90,0x00000007c0000000)
  to   space 1536K, 0% used [0x00000007bfd00000,0x00000007bfd00000,0x00000007bfe80000)
 ParOldGen       total 2464768K, used 910266K [0x00000006cc400000, 0x0000000762b00000, 0x000000076ec00000)
  object space 2464768K, 36% used [0x00000006cc400000,0x0000000703ceeae8,0x0000000762b00000)
 Metaspace       used 102762K, capacity 112670K, committed 112920K, reserved 1146880K
  class space    used 13068K, capacity 15119K, committed 15144K, reserved 1048576K
Event: 719892.779 GC heap after
Heap after GC invocations=16691 (full 6):
 PSYoungGen      total 1329664K, used 895K [0x000000076ec00000, 0x00000007c0000000, 0x00000007c0000000)
  eden space 1328128K, 0% used [0x000000076ec00000,0x000000076ec00000,0x00000007bfd00000)
  from space 1536K, 58% used [0x00000007bfd00000,0x00000007bfddfd10,0x00000007bfe80000)
  to   space 1536K, 0% used [0x00000007bfe80000,0x00000007bfe80000,0x00000007c0000000)
 ParOldGen       total 2464768K, used 910274K [0x00000006cc400000, 0x0000000762b00000, 0x000000076ec00000)
  object space 2464768K, 36% used [0x00000006cc400000,0x0000000703cf0ae8,0x0000000762b00000)
 Metaspace       used 102762K, capacity 112670K, committed 112920K, reserved 1146880K
  class space    used 13068K, capacity 15119K, committed 15144K, reserved 1048576K
}
Event: 720049.752 GC heap before
{Heap before GC invocations=16692 (full 6):
 PSYoungGen      total 1329664K, used 1329023K [0x000000076ec00000, 0x00000007c0000000, 0x00000007c0000000)
  eden space 1328128K, 100% used [0x000000076ec00000,0x00000007bfd00000,0x00000007bfd00000)
  from space 1536K, 58% used [0x00000007bfd00000,0x00000007bfddfd10,0x00000007bfe80000)
  to   space 1536K, 0% used [0x00000007bfe80000,0x00000007bfe80000,0x00000007c0000000)
 ParOldGen       total 2464768K, used 910274K [0x00000006cc400000, 0x0000000762b00000, 0x000000076ec00000)
  object space 2464768K, 36% used [0x00000006cc400000,0x0000000703cf0ae8,0x0000000762b00000)
 Metaspace       used 102762K, capacity 112670K, committed 112920K, reserved 1146880K
  class space    used 13068K, capacity 15119K, committed 15144K, reserved 1048576K
Event: 720049.765 GC heap after
Heap after GC invocations=16692 (full 6):
 PSYoungGen      total 1329664K, used 991K [0x000000076ec00000, 0x00000007c0000000, 0x00000007c0000000)
  eden space 1328128K, 0% used [0x000000076ec00000,0x000000076ec00000,0x00000007bfd00000)
  from space 1536K, 64% used [0x00000007bfe80000,0x00000007bff77f50,0x00000007c0000000)
  to   space 1536K, 0% used [0x00000007bfd00000,0x00000007bfd00000,0x00000007bfe80000)
 ParOldGen       total 2464768K, used 910314K [0x00000006cc400000, 0x0000000762b00000, 0x000000076ec00000)
  object space 2464768K, 36% used [0x00000006cc400000,0x0000000703cfaae8,0x0000000762b00000)
 Metaspace       used 102762K, capacity 112670K, committed 112920K, reserved 1146880K
  class space    used 13068K, capacity 15119K, committed 15144K, reserved 1048576K
}
Event: 720206.951 GC heap before
{Heap before GC invocations=16693 (full 6):
 PSYoungGen      total 1329664K, used 1329119K [0x000000076ec00000, 0x00000007c0000000, 0x00000007c0000000)
  eden space 1328128K, 100% used [0x000000076ec00000,0x00000007bfd00000,0x00000007bfd00000)
  from space 1536K, 64% used [0x00000007bfe80000,0x00000007bff77f50,0x00000007c0000000)
  to   space 1536K, 0% used [0x00000007bfd00000,0x00000007bfd00000,0x00000007bfe80000)
 ParOldGen       total 2464768K, used 910314K [0x00000006cc400000, 0x0000000762b00000, 0x000000076ec00000)
  object space 2464768K, 36% used [0x00000006cc400000,0x0000000703cfaae8,0x0000000762b00000)
 Metaspace       used 102762K, capacity 112670K, committed 112920K, reserved 1146880K
  class space    used 13068K, capacity 15119K, committed 15144K, reserved 1048576K
Event: 720206.961 GC heap after
Heap after GC invocations=16693 (full 6):
 PSYoungGen      total 1329664K, used 975K [0x000000076ec00000, 0x00000007c0000000, 0x00000007c0000000)
  eden space 1328128K, 0% used [0x000000076ec00000,0x000000076ec00000,0x00000007bfd00000)
  from space 1536K, 63% used [0x00000007bfd00000,0x00000007bfdf3f40,0x00000007bfe80000)
  to   space 1536K, 0% used [0x00000007bfe80000,0x00000007bfe80000,0x00000007c0000000)
 ParOldGen       total 2464768K, used 910322K [0x00000006cc400000, 0x0000000762b00000, 0x000000076ec00000)
  object space 2464768K, 36% used [0x00000006cc400000,0x0000000703cfcae8,0x0000000762b00000)
 Metaspace       used 102762K, capacity 112670K, committed 112920K, reserved 1146880K
  class space    used 13068K, capacity 15119K, committed 15144K, reserved 1048576K
}
Event: 720361.782 GC heap before
{Heap before GC invocations=16694 (full 6):
 PSYoungGen      total 1329664K, used 1329103K [0x000000076ec00000, 0x00000007c0000000, 0x00000007c0000000)
  eden space 1328128K, 100% used [0x000000076ec00000,0x00000007bfd00000,0x00000007bfd00000)
  from space 1536K, 63% used [0x00000007bfd00000,0x00000007bfdf3f40,0x00000007bfe80000)
  to   space 1536K, 0% used [0x00000007bfe80000,0x00000007bfe80000,0x00000007c0000000)
 ParOldGen       total 2464768K, used 910322K [0x00000006cc400000, 0x0000000762b00000, 0x000000076ec00000)
  object space 2464768K, 36% used [0x00000006cc400000,0x0000000703cfcae8,0x0000000762b00000)
 Metaspace       used 102762K, capacity 112670K, committed 112920K, reserved 1146880K
  class space    used 13068K, capacity 15119K, committed 15144K, reserved 1048576K
Event: 720361.792 GC heap after
Heap after GC invocations=16694 (full 6):
 PSYoungGen      total 1329664K, used 1009K [0x000000076ec00000, 0x00000007c0000000, 0x00000007c0000000)
  eden space 1328128K, 0% used [0x000000076ec00000,0x000000076ec00000,0x00000007bfd00000)
  from space 1536K, 65% used [0x00000007bfe80000,0x00000007bff7c540,0x00000007c0000000)
  to   space 1536K, 0% used [0x00000007bfd00000,0x00000007bfd00000,0x00000007bfe80000)
 ParOldGen       total 2464768K, used 910362K [0x00000006cc400000, 0x0000000762b00000, 0x000000076ec00000)
  object space 2464768K, 36% used [0x00000006cc400000,0x0000000703d06ae8,0x0000000762b00000)
 Metaspace       used 102762K, capacity 112670K, committed 112920K, reserved 1146880K
  class space    used 13068K, capacity 15119K, committed 15144K, reserved 1048576K
}
Event: 720518.500 GC heap before
{Heap before GC invocations=16695 (full 6):
 PSYoungGen      total 1329664K, used 1329137K [0x000000076ec00000, 0x00000007c0000000, 0x00000007c0000000)
  eden space 1328128K, 100% used [0x000000076ec00000,0x00000007bfd00000,0x00000007bfd00000)
  from space 1536K, 65% used [0x00000007bfe80000,0x00000007bff7c540,0x00000007c0000000)
  to   space 1536K, 0% used [0x00000007bfd00000,0x00000007bfd00000,0x00000007bfe80000)
 ParOldGen       total 2464768K, used 910362K [0x00000006cc400000, 0x0000000762b00000, 0x000000076ec00000)
  object space 2464768K, 36% used [0x00000006cc400000,0x0000000703d06ae8,0x0000000762b00000)
 Metaspace       used 102762K, capacity 112670K, committed 112920K, reserved 1146880K
  class space    used 13068K, capacity 15119K, committed 15144K, reserved 1048576K
Event: 720518.510 GC heap after
Heap after GC invocations=16695 (full 6):
 PSYoungGen      total 1329664K, used 831K [0x000000076ec00000, 0x00000007c0000000, 0x00000007c0000000)
  eden space 1328128K, 0% used [0x000000076ec00000,0x000000076ec00000,0x00000007bfd00000)
  from space 1536K, 54% used [0x00000007bfd00000,0x00000007bfdcfe90,0x00000007bfe80000)
  to   space 1536K, 0% used [0x00000007bfe80000,0x00000007bfe80000,0x00000007c0000000)
 ParOldGen       total 2464768K, used 910370K [0x00000006cc400000, 0x0000000762b00000, 0x000000076ec00000)
  object space 2464768K, 36% used [0x00000006cc400000,0x0000000703d08ae8,0x0000000762b00000)
 Metaspace       used 102762K, capacity 112670K, committed 112920K, reserved 1146880K
  class space    used 13068K, capacity 15119K, committed 15144K, reserved 1048576K
}
Event: 720675.817 GC heap before
{Heap before GC invocations=16696 (full 6):
 PSYoungGen      total 1329664K, used 1328959K [0x000000076ec00000, 0x00000007c0000000, 0x00000007c0000000)
  eden space 1328128K, 100% used [0x000000076ec00000,0x00000007bfd00000,0x00000007bfd00000)
  from space 1536K, 54% used [0x00000007bfd00000,0x00000007bfdcfe90,0x00000007bfe80000)
  to   space 1536K, 0% used [0x00000007bfe80000,0x00000007bfe80000,0x00000007c0000000)
 ParOldGen       total 2464768K, used 910370K [0x00000006cc400000, 0x0000000762b00000, 0x000000076ec00000)
  object space 2464768K, 36% used [0x00000006cc400000,0x0000000703d08ae8,0x0000000762b00000)
 Metaspace       used 102762K, capacity 112670K, committed 112920K, reserved 1146880K
  class space    used 13068K, capacity 15119K, committed 15144K, reserved 1048576K
Event: 720675.827 GC heap after
Heap after GC invocations=16696 (full 6):
 PSYoungGen      total 1329664K, used 959K [0x000000076ec00000, 0x00000007c0000000, 0x00000007c0000000)
  eden space 1328128K, 0% used [0x000000076ec00000,0x000000076ec00000,0x00000007bfd00000)
  from space 1536K, 62% used [0x00000007bfe80000,0x00000007bff6fd10,0x00000007c0000000)
  to   space 1536K, 0% used [0x00000007bfd00000,0x00000007bfd00000,0x00000007bfe80000)
 ParOldGen       total 2464768K, used 910418K [0x00000006cc400000, 0x0000000762b00000, 0x000000076ec00000)
  object space 2464768K, 36% used [0x00000006cc400000,0x0000000703d14ae8,0x0000000762b00000)
 Metaspace       used 102762K, capacity 112670K, committed 112920K, reserved 1146880K
  class space    used 13068K, capacity 15119K, committed 15144K, reserved 1048576K
}
Event: 720835.116 GC heap before
{Heap before GC invocations=16697 (full 6):
 PSYoungGen      total 1329664K, used 1329087K [0x000000076ec00000, 0x00000007c0000000, 0x00000007c0000000)
  eden space 1328128K, 100% used [0x000000076ec00000,0x00000007bfd00000,0x00000007bfd00000)
  from space 1536K, 62% used [0x00000007bfe80000,0x00000007bff6fd10,0x00000007c0000000)
  to   space 1536K, 0% used [0x00000007bfd00000,0x00000007bfd00000,0x00000007bfe80000)
 ParOldGen       total 2464768K, used 910418K [0x00000006cc400000, 0x0000000762b00000, 0x000000076ec00000)
  object space 2464768K, 36% used [0x00000006cc400000,0x0000000703d14ae8,0x0000000762b00000)
 Metaspace       used 102762K, capacity 112670K, committed 112920K, reserved 1146880K
  class space    used 13068K, capacity 15119K, committed 15144K, reserved 1048576K
Event: 720835.126 GC heap after
Heap after GC invocations=16697 (full 6):
 PSYoungGen      total 1329664K, used 895K [0x000000076ec00000, 0x00000007c0000000, 0x00000007c0000000)
  eden space 1328128K, 0% used [0x000000076ec00000,0x000000076ec00000,0x00000007bfd00000)
  from space 1536K, 58% used [0x00000007bfd00000,0x00000007bfddfd10,0x00000007bfe80000)
  to   space 1536K, 0% used [0x00000007bfe80000,0x00000007bfe80000,0x00000007c0000000)
 ParOldGen       total 2464768K, used 910426K [0x00000006cc400000, 0x0000000762b00000, 0x000000076ec00000)
  object space 2464768K, 36% used [0x00000006cc400000,0x0000000703d16ae8,0x0000000762b00000)
 Metaspace       used 102762K, capacity 112670K, committed 112920K, reserved 1146880K
  class space    used 13068K, capacity 15119K, committed 15144K, reserved 1048576K
}
Event: 720992.493 GC heap before
{Heap before GC invocations=16698 (full 6):
 PSYoungGen      total 1329664K, used 1329023K [0x000000076ec00000, 0x00000007c0000000, 0x00000007c0000000)
  eden space 1328128K, 100% used [0x000000076ec00000,0x00000007bfd00000,0x00000007bfd00000)
  from space 1536K, 58% used [0x00000007bfd00000,0x00000007bfddfd10,0x00000007bfe80000)
  to   space 1536K, 0% used [0x00000007bfe80000,0x00000007bfe80000,0x00000007c0000000)
 ParOldGen       total 2464768K, used 910426K [0x00000006cc400000, 0x0000000762b00000, 0x000000076ec00000)
  object space 2464768K, 36% used [0x00000006cc400000,0x0000000703d16ae8,0x0000000762b00000)
 Metaspace       used 102762K, capacity 112670K, committed 112920K, reserved 1146880K
  class space    used 13068K, capacity 15119K, committed 15144K, reserved 1048576K
Event: 720992.503 GC heap after
Heap after GC invocations=16698 (full 6):
 PSYoungGen      total 1329664K, used 895K [0x000000076ec00000, 0x00000007c0000000, 0x00000007c0000000)
  eden space 1328128K, 0% used [0x000000076ec00000,0x000000076ec00000,0x00000007bfd00000)
  from space 1536K, 58% used [0x00000007bfe80000,0x00000007bff5fd10,0x00000007c0000000)
  to   space 1536K, 0% used [0x00000007bfd00000,0x00000007bfd00000,0x00000007bfe80000)
 ParOldGen       total 2464768K, used 910474K [0x00000006cc400000, 0x0000000762b00000, 0x000000076ec00000)
  object space 2464768K, 36% used [0x00000006cc400000,0x0000000703d22ae8,0x0000000762b00000)
 Metaspace       used 102762K, capacity 112670K, committed 112920K, reserved 1146880K
  class space    used 13068K, capacity 15119K, committed 15144K, reserved 1048576K
}
Event: 721151.514 GC heap before
{Heap before GC invocations=16699 (full 6):
 PSYoungGen      total 1329664K, used 1329023K [0x000000076ec00000, 0x00000007c0000000, 0x00000007c0000000)
  eden space 1328128K, 100% used [0x000000076ec00000,0x00000007bfd00000,0x00000007bfd00000)
  from space 1536K, 58% used [0x00000007bfe80000,0x00000007bff5fd10,0x00000007c0000000)
  to   space 1536K, 0% used [0x00000007bfd00000,0x00000007bfd00000,0x00000007bfe80000)
 ParOldGen       total 2464768K, used 910474K [0x00000006cc400000, 0x0000000762b00000, 0x000000076ec00000)
  object space 2464768K, 36% used [0x00000006cc400000,0x0000000703d22ae8,0x0000000762b00000)
 Metaspace       used 102762K, capacity 112670K, committed 112920K, reserved 1146880K
  class space    used 13068K, capacity 15119K, committed 15144K, reserved 1048576K
Event: 721151.524 GC heap after
Heap after GC invocations=16699 (full 6):
 PSYoungGen      total 1329664K, used 863K [0x000000076ec00000, 0x00000007c0000000, 0x00000007c0000000)
  eden space 1328128K, 0% used [0x000000076ec00000,0x000000076ec00000,0x00000007bfd00000)
  from space 1536K, 56% used [0x00000007bfd00000,0x00000007bfdd7e90,0x00000007bfe80000)
  to   space 1536K, 0% used [0x00000007bfe80000,0x00000007bfe80000,0x00000007c0000000)
 ParOldGen       total 2464768K, used 910490K [0x00000006cc400000, 0x0000000762b00000, 0x000000076ec00000)
  object space 2464768K, 36% used [0x00000006cc400000,0x0000000703d26ae8,0x0000000762b00000)
 Metaspace       used 102762K, capacity 112670K, committed 112920K, reserved 1146880K
  class space    used 13068K, capacity 15119K, committed 15144K, reserved 1048576K
}
Event: 721305.366 GC heap before
{Heap before GC invocations=16700 (full 6):
 PSYoungGen      total 1329664K, used 1328991K [0x000000076ec00000, 0x00000007c0000000, 0x00000007c0000000)
  eden space 1328128K, 100% used [0x000000076ec00000,0x00000007bfd00000,0x00000007bfd00000)
  from space 1536K, 56% used [0x00000007bfd00000,0x00000007bfdd7e90,0x00000007bfe80000)
  to   space 1536K, 0% used [0x00000007bfe80000,0x00000007bfe80000,0x00000007c0000000)
 ParOldGen       total 2464768K, used 910490K [0x00000006cc400000, 0x0000000762b00000, 0x000000076ec00000)
  object space 2464768K, 36% used [0x00000006cc400000,0x0000000703d26ae8,0x0000000762b00000)
 Metaspace       used 102762K, capacity 112670K, committed 112920K, reserved 1146880K
  class space    used 13068K, capacity 15119K, committed 15144K, reserved 1048576K
Event: 721305.376 GC heap after
Heap after GC invocations=16700 (full 6):
 PSYoungGen      total 1329664K, used 1023K [0x000000076ec00000, 0x00000007c0000000, 0x00000007c0000000)
  eden space 1328128K, 0% used [0x000000076ec00000,0x000000076ec00000,0x00000007bfd00000)
  from space 1536K, 66% used [0x00000007bfe80000,0x00000007bff7fd10,0x00000007c0000000)
  to   space 1536K, 0% used [0x00000007bfd00000,0x00000007bfd00000,0x00000007bfe80000)
 ParOldGen       total 2464768K, used 910538K [0x00000006cc400000, 0x0000000762b00000, 0x000000076ec00000)
  object space 2464768K, 36% used [0x00000006cc400000,0x0000000703d32ae8,0x0000000762b00000)
 Metaspace       used 102762K, capacity 112670K, committed 112920K, reserved 1146880K
  class space    used 13068K, capacity 15119K, committed 15144K, reserved 1048576K
}
Event: 721463.973 GC heap before
{Heap before GC invocations=16701 (full 6):
 PSYoungGen      total 1329664K, used 1329151K [0x000000076ec00000, 0x00000007c0000000, 0x00000007c0000000)
  eden space 1328128K, 100% used [0x000000076ec00000,0x00000007bfd00000,0x00000007bfd00000)
  from space 1536K, 66% used [0x00000007bfe80000,0x00000007bff7fd10,0x00000007c0000000)
  to   space 1536K, 0% used [0x00000007bfd00000,0x00000007bfd00000,0x00000007bfe80000)
 ParOldGen       total 2464768K, used 910538K [0x00000006cc400000, 0x0000000762b00000, 0x000000076ec00000)
  object space 2464768K, 36% used [0x00000006cc400000,0x0000000703d32ae8,0x0000000762b00000)
 Metaspace       used 102762K, capacity 112670K, committed 112920K, reserved 1146880K
  class space    used 13068K, capacity 15119K, committed 15144K, reserved 1048576K
Event: 721463.983 GC heap after
Heap after GC invocations=16701 (full 6):
 PSYoungGen      total 1329664K, used 831K [0x000000076ec00000, 0x00000007c0000000, 0x00000007c0000000)
  eden space 1328128K, 0% used [0x000000076ec00000,0x000000076ec00000,0x00000007bfd00000)
  from space 1536K, 54% used [0x00000007bfd00000,0x00000007bfdcfe90,0x00000007bfe80000)
  to   space 1536K, 0% used [0x00000007bfe80000,0x00000007bfe80000,0x00000007c0000000)
 ParOldGen       total 2464768K, used 910554K [0x00000006cc400000, 0x0000000762b00000, 0x000000076ec00000)
  object space 2464768K, 36% used [0x00000006cc400000,0x0000000703d36ae8,0x0000000762b00000)
 Metaspace       used 102762K, capacity 112670K, committed 112920K, reserved 1146880K
  class space    used 13068K, capacity 15119K, committed 15144K, reserved 1048576K
}
Event: 721622.640 GC heap before
{Heap before GC invocations=16702 (full 6):
 PSYoungGen      total 1329664K, used 1328959K [0x000000076ec00000, 0x00000007c0000000, 0x00000007c0000000)
  eden space 1328128K, 100% used [0x000000076ec00000,0x00000007bfd00000,0x00000007bfd00000)
  from space 1536K, 54% used [0x00000007bfd00000,0x00000007bfdcfe90,0x00000007bfe80000)
  to   space 1536K, 0% used [0x00000007bfe80000,0x00000007bfe80000,0x00000007c0000000)
 ParOldGen       total 2464768K, used 910554K [0x00000006cc400000, 0x0000000762b00000, 0x000000076ec00000)
  object space 2464768K, 36% used [0x00000006cc400000,0x0000000703d36ae8,0x0000000762b00000)
 Metaspace       used 102762K, capacity 112670K, committed 112920K, reserved 1146880K
  class space    used 13068K, capacity 15119K, committed 15144K, reserved 1048576K
Event: 721622.650 GC heap after
Heap after GC invocations=16702 (full 6):
 PSYoungGen      total 1329664K, used 831K [0x000000076ec00000, 0x00000007c0000000, 0x00000007c0000000)
  eden space 1328128K, 0% used [0x000000076ec00000,0x000000076ec00000,0x00000007bfd00000)
  from space 1536K, 54% used [0x00000007bfe80000,0x00000007bff4fd10,0x00000007c0000000)
  to   space 1536K, 0% used [0x00000007bfd00000,0x00000007bfd00000,0x00000007bfe80000)
 ParOldGen       total 2464768K, used 910594K [0x00000006cc400000, 0x0000000762b00000, 0x000000076ec00000)
  object space 2464768K, 36% used [0x00000006cc400000,0x0000000703d40ae8,0x0000000762b00000)
 Metaspace       used 102762K, capacity 112670K, committed 112920K, reserved 1146880K
  class space    used 13068K, capacity 15119K, committed 15144K, reserved 1048576K
}
Event: 721781.454 GC heap before
{Heap before GC invocations=16703 (full 6):
 PSYoungGen      total 1329664K, used 1328959K [0x000000076ec00000, 0x00000007c0000000, 0x00000007c0000000)
  eden space 1328128K, 100% used [0x000000076ec00000,0x00000007bfd00000,0x00000007bfd00000)
  from space 1536K, 54% used [0x00000007bfe80000,0x00000007bff4fd10,0x00000007c0000000)
  to   space 1536K, 0% used [0x00000007bfd00000,0x00000007bfd00000,0x00000007bfe80000)
 ParOldGen       total 2464768K, used 910594K [0x00000006cc400000, 0x0000000762b00000, 0x000000076ec00000)
  object space 2464768K, 36% used [0x00000006cc400000,0x0000000703d40ae8,0x0000000762b00000)
 Metaspace       used 102762K, capacity 112670K, committed 112920K, reserved 1146880K
  class space    used 13068K, capacity 15119K, committed 15144K, reserved 1048576K
Event: 721781.464 GC heap after
Heap after GC invocations=16703 (full 6):
 PSYoungGen      total 1329664K, used 863K [0x000000076ec00000, 0x00000007c0000000, 0x00000007c0000000)
  eden space 1328128K, 0% used [0x000000076ec00000,0x000000076ec00000,0x00000007bfd00000)
  from space 1536K, 56% used [0x00000007bfd00000,0x00000007bfdd7d10,0x00000007bfe80000)
  to   space 1536K, 0% used [0x00000007bfe80000,0x00000007bfe80000,0x00000007c0000000)
 ParOldGen       total 2464768K, used 910602K [0x00000006cc400000, 0x0000000762b00000, 0x000000076ec00000)
  object space 2464768K, 36% used [0x00000006cc400000,0x0000000703d42ae8,0x0000000762b00000)
 Metaspace       used 102762K, capacity 112670K, committed 112920K, reserved 1146880K
  class space    used 13068K, capacity 15119K, committed 15144K, reserved 1048576K
}
Event: 721938.057 GC heap before
{Heap before GC invocations=16704 (full 6):
 PSYoungGen      total 1329664K, used 1328991K [0x000000076ec00000, 0x00000007c0000000, 0x00000007c0000000)
  eden space 1328128K, 100% used [0x000000076ec00000,0x00000007bfd00000,0x00000007bfd00000)
  from space 1536K, 56% used [0x00000007bfd00000,0x00000007bfdd7d10,0x00000007bfe80000)
  to   space 1536K, 0% used [0x00000007bfe80000,0x00000007bfe80000,0x00000007c0000000)
 ParOldGen       total 2464768K, used 910602K [0x00000006cc400000, 0x0000000762b00000, 0x000000076ec00000)
  object space 2464768K, 36% used [0x00000006cc400000,0x0000000703d42ae8,0x0000000762b00000)
 Metaspace       used 102762K, capacity 112670K, committed 112920K, reserved 1146880K
  class space    used 13068K, capacity 15119K, committed 15144K, reserved 1048576K
Event: 721938.070 GC heap after
Heap after GC invocations=16704 (full 6):
 PSYoungGen      total 1329664K, used 928K [0x000000076ec00000, 0x00000007c0000000, 0x00000007c0000000)
  eden space 1328128K, 0% used [0x000000076ec00000,0x000000076ec00000,0x00000007bfd00000)
  from space 1536K, 60% used [0x00000007bfe80000,0x00000007bff680d0,0x00000007c0000000)
  to   space 1536K, 0% used [0x00000007bfd00000,0x00000007bfd00000,0x00000007bfe80000)
 ParOldGen       total 2464768K, used 910642K [0x00000006cc400000, 0x0000000762b00000, 0x000000076ec00000)
  object space 2464768K, 36% used [0x00000006cc400000,0x0000000703d4cae8,0x0000000762b00000)
 Metaspace       used 102762K, capacity 112670K, committed 112920K, reserved 1146880K
  class space    used 13068K, capacity 15119K, committed 15144K, reserved 1048576K
}
Event: 722096.057 GC heap before
{Heap before GC invocations=16705 (full 6):
 PSYoungGen      total 1329664K, used 1329056K [0x000000076ec00000, 0x00000007c0000000, 0x00000007c0000000)
  eden space 1328128K, 100% used [0x000000076ec00000,0x00000007bfd00000,0x00000007bfd00000)
  from space 1536K, 60% used [0x00000007bfe80000,0x00000007bff680d0,0x00000007c0000000)
  to   space 1536K, 0% used [0x00000007bfd00000,0x00000007bfd00000,0x00000007bfe80000)
 ParOldGen       total 2464768K, used 910642K [0x00000006cc400000, 0x0000000762b00000, 0x000000076ec00000)
  object space 2464768K, 36% used [0x00000006cc400000,0x0000000703d4cae8,0x0000000762b00000)
 Metaspace       used 102762K, capacity 112670K, committed 112920K, reserved 1146880K
  class space    used 13068K, capacity 15119K, committed 15144K, reserved 1048576K
Event: 722096.067 GC heap after
Heap after GC invocations=16705 (full 6):
 PSYoungGen      total 1329664K, used 895K [0x000000076ec00000, 0x00000007c0000000, 0x00000007c0000000)
  eden space 1328128K, 0% used [0x000000076ec00000,0x000000076ec00000,0x00000007bfd00000)
  from space 1536K, 58% used [0x00000007bfd00000,0x00000007bfddfd10,0x00000007bfe80000)
  to   space 1536K, 0% used [0x00000007bfe80000,0x00000007bfe80000,0x00000007c0000000)
 ParOldGen       total 2464768K, used 910658K [0x00000006cc400000, 0x0000000762b00000, 0x000000076ec00000)
  object space 2464768K, 36% used [0x00000006cc400000,0x0000000703d50ae8,0x0000000762b00000)
 Metaspace       used 102762K, capacity 112670K, committed 112920K, reserved 1146880K
  class space    used 13068K, capacity 15119K, committed 15144K, reserved 1048576K
}
Event: 722252.316 GC heap before
{Heap before GC invocations=16706 (full 6):
 PSYoungGen      total 1329664K, used 1329023K [0x000000076ec00000, 0x00000007c0000000, 0x00000007c0000000)
  eden space 1328128K, 100% used [0x000000076ec00000,0x00000007bfd00000,0x00000007bfd00000)
  from space 1536K, 58% used [0x00000007bfd00000,0x00000007bfddfd10,0x00000007bfe80000)
  to   space 1536K, 0% used [0x00000007bfe80000,0x00000007bfe80000,0x00000007c0000000)
 ParOldGen       total 2464768K, used 910658K [0x00000006cc400000, 0x0000000762b00000, 0x000000076ec00000)
  object space 2464768K, 36% used [0x00000006cc400000,0x0000000703d50ae8,0x0000000762b00000)
 Metaspace       used 102762K, capacity 112670K, committed 112920K, reserved 1146880K
  class space    used 13068K, capacity 15119K, committed 15144K, reserved 1048576K
Event: 722252.326 GC heap after
Heap after GC invocations=16706 (full 6):
 PSYoungGen      total 1329664K, used 1071K [0x000000076ec00000, 0x00000007c0000000, 0x00000007c0000000)
  eden space 1328128K, 0% used [0x000000076ec00000,0x000000076ec00000,0x00000007bfd00000)
  from space 1536K, 69% used [0x00000007bfe80000,0x00000007bff8bf40,0x00000007c0000000)
  to   space 1536K, 0% used [0x00000007bfd00000,0x00000007bfd00000,0x00000007bfe80000)
 ParOldGen       total 2464768K, used 910698K [0x00000006cc400000, 0x0000000762b00000, 0x000000076ec00000)
  object space 2464768K, 36% used [0x00000006cc400000,0x0000000703d5aae8,0x0000000762b00000)
 Metaspace       used 102762K, capacity 112670K, committed 112920K, reserved 1146880K
  class space    used 13068K, capacity 15119K, committed 15144K, reserved 1048576K
}
Event: 722411.616 GC heap before
{Heap before GC invocations=16707 (full 6):
 PSYoungGen      total 1329664K, used 1329199K [0x000000076ec00000, 0x00000007c0000000, 0x00000007c0000000)
  eden space 1328128K, 100% used [0x000000076ec00000,0x00000007bfd00000,0x00000007bfd00000)
  from space 1536K, 69% used [0x00000007bfe80000,0x00000007bff8bf40,0x00000007c0000000)
  to   space 1536K, 0% used [0x00000007bfd00000,0x00000007bfd00000,0x00000007bfe80000)
 ParOldGen       total 2464768K, used 910698K [0x00000006cc400000, 0x0000000762b00000, 0x000000076ec00000)
  object space 2464768K, 36% used [0x00000006cc400000,0x0000000703d5aae8,0x0000000762b00000)
 Metaspace       used 102762K, capacity 112670K, committed 112920K, reserved 1146880K
  class space    used 13068K, capacity 15119K, committed 15144K, reserved 1048576K
Event: 722411.626 GC heap after
Heap after GC invocations=16707 (full 6):
 PSYoungGen      total 1329664K, used 863K [0x000000076ec00000, 0x00000007c0000000, 0x00000007c0000000)
  eden space 1328128K, 0% used [0x000000076ec00000,0x000000076ec00000,0x00000007bfd00000)
  from space 1536K, 56% used [0x00000007bfd00000,0x00000007bfdd7d10,0x00000007bfe80000)
  to   space 1536K, 0% used [0x00000007bfe80000,0x00000007bfe80000,0x00000007c0000000)
 ParOldGen       total 2464768K, used 910738K [0x00000006cc400000, 0x0000000762b00000, 0x000000076ec00000)
  object space 2464768K, 36% used [0x00000006cc400000,0x0000000703d64ae8,0x0000000762b00000)
 Metaspace       used 102762K, capacity 112670K, committed 112920K, reserved 1146880K
  class space    used 13068K, capacity 15119K, committed 15144K, reserved 1048576K
}
Event: 722568.289 GC heap before
{Heap before GC invocations=16708 (full 6):
 PSYoungGen      total 1329664K, used 1328991K [0x000000076ec00000, 0x00000007c0000000, 0x00000007c0000000)
  eden space 1328128K, 100% used [0x000000076ec00000,0x00000007bfd00000,0x00000007bfd00000)
  from space 1536K, 56% used [0x00000007bfd00000,0x00000007bfdd7d10,0x00000007bfe80000)
  to   space 1536K, 0% used [0x00000007bfe80000,0x00000007bfe80000,0x00000007c0000000)
 ParOldGen       total 2464768K, used 910738K [0x00000006cc400000, 0x0000000762b00000, 0x000000076ec00000)
  object space 2464768K, 36% used [0x00000006cc400000,0x0000000703d64ae8,0x0000000762b00000)
 Metaspace       used 102762K, capacity 112670K, committed 112920K, reserved 1146880K
  class space    used 13068K, capacity 15119K, committed 15144K, reserved 1048576K
Event: 722568.299 GC heap after
Heap after GC invocations=16708 (full 6):
 PSYoungGen      total 1329664K, used 960K [0x000000076ec00000, 0x00000007c0000000, 0x00000007c0000000)
  eden space 1328128K, 0% used [0x000000076ec00000,0x000000076ec00000,0x00000007bfd00000)
  from space 1536K, 62% used [0x00000007bfe80000,0x00000007bff700d0,0x00000007c0000000)
  to   space 1536K, 0% used [0x00000007bfd00000,0x00000007bfd00000,0x00000007bfe80000)
 ParOldGen       total 2464768K, used 910754K [0x00000006cc400000, 0x0000000762b00000, 0x000000076ec00000)
  object space 2464768K, 36% used [0x00000006cc400000,0x0000000703d68ae8,0x0000000762b00000)
 Metaspace       used 102762K, capacity 112670K, committed 112920K, reserved 1146880K
  class space    used 13068K, capacity 15119K, committed 15144K, reserved 1048576K
}
Event: 722730.331 GC heap before
{Heap before GC invocations=16709 (full 6):
 PSYoungGen      total 1329664K, used 1329088K [0x000000076ec00000, 0x00000007c0000000, 0x00000007c0000000)
  eden space 1328128K, 100% used [0x000000076ec00000,0x00000007bfd00000,0x00000007bfd00000)
  from space 1536K, 62% used [0x00000007bfe80000,0x00000007bff700d0,0x00000007c0000000)
  to   space 1536K, 0% used [0x00000007bfd00000,0x00000007bfd00000,0x00000007bfe80000)
 ParOldGen       total 2464768K, used 910754K [0x00000006cc400000, 0x0000000762b00000, 0x000000076ec00000)
  object space 2464768K, 36% used [0x00000006cc400000,0x0000000703d68ae8,0x0000000762b00000)
 Metaspace       used 102762K, capacity 112670K, committed 112920K, reserved 1146880K
  class space    used 13068K, capacity 15119K, committed 15144K, reserved 1048576K
Event: 722730.341 GC heap after
Heap after GC invocations=16709 (full 6):
 PSYoungGen      total 1329664K, used 831K [0x000000076ec00000, 0x00000007c0000000, 0x00000007c0000000)
  eden space 1328128K, 0% used [0x000000076ec00000,0x000000076ec00000,0x00000007bfd00000)
  from space 1536K, 54% used [0x00000007bfd00000,0x00000007bfdcfe90,0x00000007bfe80000)
  to   space 1536K, 0% used [0x00000007bfe80000,0x00000007bfe80000,0x00000007c0000000)
 ParOldGen       total 2464768K, used 910802K [0x00000006cc400000, 0x0000000762b00000, 0x000000076ec00000)
  object space 2464768K, 36% used [0x00000006cc400000,0x0000000703d74ae8,0x0000000762b00000)
 Metaspace       used 102762K, capacity 112670K, committed 112920K, reserved 1146880K
  class space    used 13068K, capacity 15119K, committed 15144K, reserved 1048576K
}
Event: 722886.601 GC heap before
{Heap before GC invocations=16710 (full 6):
 PSYoungGen      total 1329664K, used 1328959K [0x000000076ec00000, 0x00000007c0000000, 0x00000007c0000000)
  eden space 1328128K, 100% used [0x000000076ec00000,0x00000007bfd00000,0x00000007bfd00000)
  from space 1536K, 54% used [0x00000007bfd00000,0x00000007bfdcfe90,0x00000007bfe80000)
  to   space 1536K, 0% used [0x00000007bfe80000,0x00000007bfe80000,0x00000007c0000000)
 ParOldGen       total 2464768K, used 910802K [0x00000006cc400000, 0x0000000762b00000, 0x000000076ec00000)
  object space 2464768K, 36% used [0x00000006cc400000,0x0000000703d74ae8,0x0000000762b00000)
 Metaspace       used 102762K, capacity 112670K, committed 112920K, reserved 1146880K
  class space    used 13068K, capacity 15119K, committed 15144K, reserved 1048576K
Event: 722886.611 GC heap after
Heap after GC invocations=16710 (full 6):
 PSYoungGen      total 1329664K, used 863K [0x000000076ec00000, 0x00000007c0000000, 0x00000007c0000000)
  eden space 1328128K, 0% used [0x000000076ec00000,0x000000076ec00000,0x00000007bfd00000)
  from space 1536K, 56% used [0x00000007bfe80000,0x00000007bff57e90,0x00000007c0000000)
  to   space 1536K, 0% used [0x00000007bfd00000,0x00000007bfd00000,0x00000007bfe80000)
 ParOldGen       total 2464768K, used 910818K [0x00000006cc400000, 0x0000000762b00000, 0x000000076ec00000)
  object space 2464768K, 36% used [0x00000006cc400000,0x0000000703d78ae8,0x0000000762b00000)
 Metaspace       used 102762K, capacity 112670K, committed 112920K, reserved 1146880K
  class space    used 13068K, capacity 15119K, committed 15144K, reserved 1048576K
}
Event: 723045.076 GC heap before
{Heap before GC invocations=16711 (full 6):
 PSYoungGen      total 1329664K, used 1328991K [0x000000076ec00000, 0x00000007c0000000, 0x00000007c0000000)
  eden space 1328128K, 100% used [0x000000076ec00000,0x00000007bfd00000,0x00000007bfd00000)
  from space 1536K, 56% used [0x00000007bfe80000,0x00000007bff57e90,0x00000007c0000000)
  to   space 1536K, 0% used [0x00000007bfd00000,0x00000007bfd00000,0x00000007bfe80000)
 ParOldGen       total 2464768K, used 910818K [0x00000006cc400000, 0x0000000762b00000, 0x000000076ec00000)
  object space 2464768K, 36% used [0x00000006cc400000,0x0000000703d78ae8,0x0000000762b00000)
 Metaspace       used 102762K, capacity 112670K, committed 112920K, reserved 1146880K
  class space    used 13068K, capacity 15119K, committed 15144K, reserved 1048576K
Event: 723045.086 GC heap after
Heap after GC invocations=16711 (full 6):
 PSYoungGen      total 1329664K, used 959K [0x000000076ec00000, 0x00000007c0000000, 0x00000007c0000000)
  eden space 1328128K, 0% used [0x000000076ec00000,0x000000076ec00000,0x00000007bfd00000)
  from space 1536K, 62% used [0x00000007bfd00000,0x00000007bfdefe90,0x00000007bfe80000)
  to   space 1536K, 0% used [0x00000007bfe80000,0x00000007bfe80000,0x00000007c0000000)
 ParOldGen       total 2464768K, used 910866K [0x00000006cc400000, 0x0000000762b00000, 0x000000076ec00000)
  object space 2464768K, 36% used [0x00000006cc400000,0x0000000703d84ae8,0x0000000762b00000)
 Metaspace       used 102762K, capacity 112670K, committed 112920K, reserved 1146880K
  class space    used 13068K, capacity 15119K, committed 15144K, reserved 1048576K
}
Event: 723204.501 GC heap before
{Heap before GC invocations=16712 (full 6):
 PSYoungGen      total 1329664K, used 1329087K [0x000000076ec00000, 0x00000007c0000000, 0x00000007c0000000)
  eden space 1328128K, 100% used [0x000000076ec00000,0x00000007bfd00000,0x00000007bfd00000)
  from space 1536K, 62% used [0x00000007bfd00000,0x00000007bfdefe90,0x00000007bfe80000)
  to   space 1536K, 0% used [0x00000007bfe80000,0x00000007bfe80000,0x00000007c0000000)
 ParOldGen       total 2464768K, used 910866K [0x00000006cc400000, 0x0000000762b00000, 0x000000076ec00000)
  object space 2464768K, 36% used [0x00000006cc400000,0x0000000703d84ae8,0x0000000762b00000)
 Metaspace       used 102762K, capacity 112670K, committed 112920K, reserved 1146880K
  class space    used 13068K, capacity 15119K, committed 15144K, reserved 1048576K
Event: 723204.513 GC heap after
Heap after GC invocations=16712 (full 6):
 PSYoungGen      total 1329664K, used 927K [0x000000076ec00000, 0x00000007c0000000, 0x00000007c0000000)
  eden space 1328128K, 0% used [0x000000076ec00000,0x000000076ec00000,0x00000007bfd00000)
  from space 1536K, 60% used [0x00000007bfe80000,0x00000007bff67f50,0x00000007c0000000)
  to   space 1536K, 0% used [0x00000007bfd00000,0x00000007bfd00000,0x00000007bfe80000)
 ParOldGen       total 2464768K, used 910874K [0x00000006cc400000, 0x0000000762b00000, 0x000000076ec00000)
  object space 2464768K, 36% used [0x00000006cc400000,0x0000000703d86ae8,0x0000000762b00000)
 Metaspace       used 102762K, capacity 112670K, committed 112920K, reserved 1146880K
  class space    used 13068K, capacity 15119K, committed 15144K, reserved 1048576K
}
Event: 723362.667 GC heap before
{Heap before GC invocations=16713 (full 6):
 PSYoungGen      total 1329664K, used 1329055K [0x000000076ec00000, 0x00000007c0000000, 0x00000007c0000000)
  eden space 1328128K, 100% used [0x000000076ec00000,0x00000007bfd00000,0x00000007bfd00000)
  from space 1536K, 60% used [0x00000007bfe80000,0x00000007bff67f50,0x00000007c0000000)
  to   space 1536K, 0% used [0x00000007bfd00000,0x00000007bfd00000,0x00000007bfe80000)
 ParOldGen       total 2464768K, used 910874K [0x00000006cc400000, 0x0000000762b00000, 0x000000076ec00000)
  object space 2464768K, 36% used [0x00000006cc400000,0x0000000703d86ae8,0x0000000762b00000)
 Metaspace       used 102762K, capacity 112670K, committed 112920K, reserved 1146880K
  class space    used 13068K, capacity 15119K, committed 15144K, reserved 1048576K
Event: 723362.677 GC heap after
Heap after GC invocations=16713 (full 6):
 PSYoungGen      total 1329664K, used 831K [0x000000076ec00000, 0x00000007c0000000, 0x00000007c0000000)
  eden space 1328128K, 0% used [0x000000076ec00000,0x000000076ec00000,0x00000007bfd00000)
  from space 1536K, 54% used [0x00000007bfd00000,0x00000007bfdcfe90,0x00000007bfe80000)
  to   space 1536K, 0% used [0x00000007bfe80000,0x00000007bfe80000,0x00000007c0000000)
 ParOldGen       total 2464768K, used 910922K [0x00000006cc400000, 0x0000000762b00000, 0x000000076ec00000)
  object space 2464768K, 36% used [0x00000006cc400000,0x0000000703d92ae8,0x0000000762b00000)
 Metaspace       used 102762K, capacity 112670K, committed 112920K, reserved 1146880K
  class space    used 13068K, capacity 15119K, committed 15144K, reserved 1048576K
}
Event: 723523.453 GC heap before
{Heap before GC invocations=16714 (full 6):
 PSYoungGen      total 1329664K, used 1328959K [0x000000076ec00000, 0x00000007c0000000, 0x00000007c0000000)
  eden space 1328128K, 100% used [0x000000076ec00000,0x00000007bfd00000,0x00000007bfd00000)
  from space 1536K, 54% used [0x00000007bfd00000,0x00000007bfdcfe90,0x00000007bfe80000)
  to   space 1536K, 0% used [0x00000007bfe80000,0x00000007bfe80000,0x00000007c0000000)
 ParOldGen       total 2464768K, used 910922K [0x00000006cc400000, 0x0000000762b00000, 0x000000076ec00000)
  object space 2464768K, 36% used [0x00000006cc400000,0x0000000703d92ae8,0x0000000762b00000)
 Metaspace       used 102762K, capacity 112670K, committed 112920K, reserved 1146880K
  class space    used 13068K, capacity 15119K, committed 15144K, reserved 1048576K
Event: 723523.463 GC heap after
Heap after GC invocations=16714 (full 6):
 PSYoungGen      total 1329664K, used 863K [0x000000076ec00000, 0x00000007c0000000, 0x00000007c0000000)
  eden space 1328128K, 0% used [0x000000076ec00000,0x000000076ec00000,0x00000007bfd00000)
  from space 1536K, 56% used [0x00000007bfe80000,0x00000007bff57d10,0x00000007c0000000)
  to   space 1536K, 0% used [0x00000007bfd00000,0x00000007bfd00000,0x00000007bfe80000)
 ParOldGen       total 2464768K, used 910938K [0x00000006cc400000, 0x0000000762b00000, 0x000000076ec00000)
  object space 2464768K, 36% used [0x00000006cc400000,0x0000000703d96ae8,0x0000000762b00000)
 Metaspace       used 102762K, capacity 112670K, committed 112920K, reserved 1146880K
  class space    used 13068K, capacity 15119K, committed 15144K, reserved 1048576K
}
Event: 723678.795 GC heap before
{Heap before GC invocations=16715 (full 6):
 PSYoungGen      total 1329664K, used 1328991K [0x000000076ec00000, 0x00000007c0000000, 0x00000007c0000000)
  eden space 1328128K, 100% used [0x000000076ec00000,0x00000007bfd00000,0x00000007bfd00000)
  from space 1536K, 56% used [0x00000007bfe80000,0x00000007bff57d10,0x00000007c0000000)
  to   space 1536K, 0% used [0x00000007bfd00000,0x00000007bfd00000,0x00000007bfe80000)
 ParOldGen       total 2464768K, used 910938K [0x00000006cc400000, 0x0000000762b00000, 0x000000076ec00000)
  object space 2464768K, 36% used [0x00000006cc400000,0x0000000703d96ae8,0x0000000762b00000)
 Metaspace       used 102762K, capacity 112670K, committed 112920K, reserved 1146880K
  class space    used 13068K, capacity 15119K, committed 15144K, reserved 1048576K
Event: 723678.806 GC heap after
Heap after GC invocations=16715 (full 6):
 PSYoungGen      total 1329664K, used 943K [0x000000076ec00000, 0x00000007c0000000, 0x00000007c0000000)
  eden space 1328128K, 0% used [0x000000076ec00000,0x000000076ec00000,0x00000007bfd00000)
  from space 1536K, 61% used [0x00000007bfd00000,0x00000007bfdebf40,0x00000007bfe80000)
  to   space 1536K, 0% used [0x00000007bfe80000,0x00000007bfe80000,0x00000007c0000000)
 ParOldGen       total 2464768K, used 910986K [0x00000006cc400000, 0x0000000762b00000, 0x000000076ec00000)
  object space 2464768K, 36% used [0x00000006cc400000,0x0000000703da2ae8,0x0000000762b00000)
 Metaspace       used 102762K, capacity 112670K, committed 112920K, reserved 1146880K
  class space    used 13068K, capacity 15119K, committed 15144K, reserved 1048576K
}
Event: 723839.561 GC heap before
{Heap before GC invocations=16716 (full 6):
 PSYoungGen      total 1329664K, used 1329071K [0x000000076ec00000, 0x00000007c0000000, 0x00000007c0000000)
  eden space 1328128K, 100% used [0x000000076ec00000,0x00000007bfd00000,0x00000007bfd00000)
  from space 1536K, 61% used [0x00000007bfd00000,0x00000007bfdebf40,0x00000007bfe80000)
  to   space 1536K, 0% used [0x00000007bfe80000,0x00000007bfe80000,0x00000007c0000000)
 ParOldGen       total 2464768K, used 910986K [0x00000006cc400000, 0x0000000762b00000, 0x000000076ec00000)
  object space 2464768K, 36% used [0x00000006cc400000,0x0000000703da2ae8,0x0000000762b00000)
 Metaspace       used 102762K, capacity 112670K, committed 112920K, reserved 1146880K
  class space    used 13068K, capacity 15119K, committed 15144K, reserved 1048576K
Event: 723839.571 GC heap after
Heap after GC invocations=16716 (full 6):
 PSYoungGen      total 1329664K, used 831K [0x000000076ec00000, 0x00000007c0000000, 0x00000007c0000000)
  eden space 1328128K, 0% used [0x000000076ec00000,0x000000076ec00000,0x00000007bfd00000)
  from space 1536K, 54% used [0x00000007bfe80000,0x00000007bff4fe90,0x00000007c0000000)
  to   space 1536K, 0% used [0x00000007bfd00000,0x00000007bfd00000,0x00000007bfe80000)
 ParOldGen       total 2464768K, used 911002K [0x00000006cc400000, 0x0000000762b00000, 0x000000076ec00000)
  object space 2464768K, 36% used [0x00000006cc400000,0x0000000703da6ae8,0x0000000762b00000)
 Metaspace       used 102762K, capacity 112670K, committed 112920K, reserved 1146880K
  class space    used 13068K, capacity 15119K, committed 15144K, reserved 1048576K
}
Event: 723997.046 GC heap before
{Heap before GC invocations=16717 (full 6):
 PSYoungGen      total 1329664K, used 1328959K [0x000000076ec00000, 0x00000007c0000000, 0x00000007c0000000)
  eden space 1328128K, 100% used [0x000000076ec00000,0x00000007bfd00000,0x00000007bfd00000)
  from space 1536K, 54% used [0x00000007bfe80000,0x00000007bff4fe90,0x00000007c0000000)
  to   space 1536K, 0% used [0x00000007bfd00000,0x00000007bfd00000,0x00000007bfe80000)
 ParOldGen       total 2464768K, used 911002K [0x00000006cc400000, 0x0000000762b00000, 0x000000076ec00000)
  object space 2464768K, 36% used [0x00000006cc400000,0x0000000703da6ae8,0x0000000762b00000)
 Metaspace       used 102762K, capacity 112670K, committed 112920K, reserved 1146880K
  class space    used 13068K, capacity 15119K, committed 15144K, reserved 1048576K
Event: 723997.057 GC heap after
Heap after GC invocations=16717 (full 6):
 PSYoungGen      total 1329664K, used 1104K [0x000000076ec00000, 0x00000007c0000000, 0x00000007c0000000)
  eden space 1328128K, 0% used [0x000000076ec00000,0x000000076ec00000,0x00000007bfd00000)
  from space 1536K, 71% used [0x00000007bfd00000,0x00000007bfe143c0,0x00000007bfe80000)
  to   space 1536K, 0% used [0x00000007bfe80000,0x00000007bfe80000,0x00000007c0000000)
 ParOldGen       total 2464768K, used 911042K [0x00000006cc400000, 0x0000000762b00000, 0x000000076ec00000)
  object space 2464768K, 36% used [0x00000006cc400000,0x0000000703db0ae8,0x0000000762b00000)
 Metaspace       used 102762K, capacity 112670K, committed 112920K, reserved 1146880K
  class space    used 13068K, capacity 15119K, committed 15144K, reserved 1048576K
}
Event: 724157.596 GC heap before
{Heap before GC invocations=16718 (full 6):
 PSYoungGen      total 1329664K, used 1329232K [0x000000076ec00000, 0x00000007c0000000, 0x00000007c0000000)
  eden space 1328128K, 100% used [0x000000076ec00000,0x00000007bfd00000,0x00000007bfd00000)
  from space 1536K, 71% used [0x00000007bfd00000,0x00000007bfe143c0,0x00000007bfe80000)
  to   space 1536K, 0% used [0x00000007bfe80000,0x00000007bfe80000,0x00000007c0000000)
 ParOldGen       total 2464768K, used 911042K [0x00000006cc400000, 0x0000000762b00000, 0x000000076ec00000)
  object space 2464768K, 36% used [0x00000006cc400000,0x0000000703db0ae8,0x0000000762b00000)
 Metaspace       used 102762K, capacity 112670K, committed 112920K, reserved 1146880K
  class space    used 13068K, capacity 15119K, committed 15144K, reserved 1048576K
Event: 724157.606 GC heap after
Heap after GC invocations=16718 (full 6):
 PSYoungGen      total 1329664K, used 863K [0x000000076ec00000, 0x00000007c0000000, 0x00000007c0000000)
  eden space 1328128K, 0% used [0x000000076ec00000,0x000000076ec00000,0x00000007bfd00000)
  from space 1536K, 56% used [0x00000007bfe80000,0x00000007bff57e90,0x00000007c0000000)
  to   space 1536K, 0% used [0x00000007bfd00000,0x00000007bfd00000,0x00000007bfe80000)
 ParOldGen       total 2464768K, used 911050K [0x00000006cc400000, 0x0000000762b00000, 0x000000076ec00000)
  object space 2464768K, 36% used [0x00000006cc400000,0x0000000703db2ae8,0x0000000762b00000)
 Metaspace       used 102762K, capacity 112670K, committed 112920K, reserved 1146880K
  class space    used 13068K, capacity 15119K, committed 15144K, reserved 1048576K
}
Event: 724313.776 GC heap before
{Heap before GC invocations=16719 (full 6):
 PSYoungGen      total 1329664K, used 1328991K [0x000000076ec00000, 0x00000007c0000000, 0x00000007c0000000)
  eden space 1328128K, 100% used [0x000000076ec00000,0x00000007bfd00000,0x00000007bfd00000)
  from space 1536K, 56% used [0x00000007bfe80000,0x00000007bff57e90,0x00000007c0000000)
  to   space 1536K, 0% used [0x00000007bfd00000,0x00000007bfd00000,0x00000007bfe80000)
 ParOldGen       total 2464768K, used 911050K [0x00000006cc400000, 0x0000000762b00000, 0x000000076ec00000)
  object space 2464768K, 36% used [0x00000006cc400000,0x0000000703db2ae8,0x0000000762b00000)
 Metaspace       used 102762K, capacity 112670K, committed 112920K, reserved 1146880K
  class space    used 13068K, capacity 15119K, committed 15144K, reserved 1048576K
Event: 724313.786 GC heap after
Heap after GC invocations=16719 (full 6):
 PSYoungGen      total 1329664K, used 991K [0x000000076ec00000, 0x00000007c0000000, 0x00000007c0000000)
  eden space 1328128K, 0% used [0x000000076ec00000,0x000000076ec00000,0x00000007bfd00000)
  from space 1536K, 64% used [0x00000007bfd00000,0x00000007bfdf7d10,0x00000007bfe80000)
  to   space 1536K, 0% used [0x00000007bfe80000,0x00000007bfe80000,0x00000007c0000000)
 ParOldGen       total 2464768K, used 911090K [0x00000006cc400000, 0x0000000762b00000, 0x000000076ec00000)
  object space 2464768K, 36% used [0x00000006cc400000,0x0000000703dbcae8,0x0000000762b00000)
 Metaspace       used 102762K, capacity 112670K, committed 112920K, reserved 1146880K
  class space    used 13068K, capacity 15119K, committed 15144K, reserved 1048576K
}
Event: 724471.001 GC heap before
{Heap before GC invocations=16720 (full 6):
 PSYoungGen      total 1329664K, used 1329119K [0x000000076ec00000, 0x00000007c0000000, 0x00000007c0000000)
  eden space 1328128K, 100% used [0x000000076ec00000,0x00000007bfd00000,0x00000007bfd00000)
  from space 1536K, 64% used [0x00000007bfd00000,0x00000007bfdf7d10,0x00000007bfe80000)
  to   space 1536K, 0% used [0x00000007bfe80000,0x00000007bfe80000,0x00000007c0000000)
 ParOldGen       total 2464768K, used 911090K [0x00000006cc400000, 0x0000000762b00000, 0x000000076ec00000)
  object space 2464768K, 36% used [0x00000006cc400000,0x0000000703dbcae8,0x0000000762b00000)
 Metaspace       used 102762K, capacity 112670K, committed 112920K, reserved 1146880K
  class space    used 13068K, capacity 15119K, committed 15144K, reserved 1048576K
Event: 724471.011 GC heap after
Heap after GC invocations=16720 (full 6):
 PSYoungGen      total 1329664K, used 863K [0x000000076ec00000, 0x00000007c0000000, 0x00000007c0000000)
  eden space 1328128K, 0% used [0x000000076ec00000,0x000000076ec00000,0x00000007bfd00000)
  from space 1536K, 56% used [0x00000007bfe80000,0x00000007bff57e90,0x00000007c0000000)
  to   space 1536K, 0% used [0x00000007bfd00000,0x00000007bfd00000,0x00000007bfe80000)
 ParOldGen       total 2464768K, used 911106K [0x00000006cc400000, 0x0000000762b00000, 0x000000076ec00000)
  object space 2464768K, 36% used [0x00000006cc400000,0x0000000703dc0ae8,0x0000000762b00000)
 Metaspace       used 102762K, capacity 112670K, committed 112920K, reserved 1146880K
  class space    used 13068K, capacity 15119K, committed 15144K, reserved 1048576K
}
Event: 724627.323 GC heap before
{Heap before GC invocations=16721 (full 6):
 PSYoungGen      total 1329664K, used 1328991K [0x000000076ec00000, 0x00000007c0000000, 0x00000007c0000000)
  eden space 1328128K, 100% used [0x000000076ec00000,0x00000007bfd00000,0x00000007bfd00000)
  from space 1536K, 56% used [0x00000007bfe80000,0x00000007bff57e90,0x00000007c0000000)
  to   space 1536K, 0% used [0x00000007bfd00000,0x00000007bfd00000,0x00000007bfe80000)
 ParOldGen       total 2464768K, used 911106K [0x00000006cc400000, 0x0000000762b00000, 0x000000076ec00000)
  object space 2464768K, 36% used [0x00000006cc400000,0x0000000703dc0ae8,0x0000000762b00000)
 Metaspace       used 102762K, capacity 112670K, committed 112920K, reserved 1146880K
  class space    used 13068K, capacity 15119K, committed 15144K, reserved 1048576K
Event: 724627.333 GC heap after
Heap after GC invocations=16721 (full 6):
 PSYoungGen      total 1329664K, used 895K [0x000000076ec00000, 0x00000007c0000000, 0x00000007c0000000)
  eden space 1328128K, 0% used [0x000000076ec00000,0x000000076ec00000,0x00000007bfd00000)
  from space 1536K, 58% used [0x00000007bfd00000,0x00000007bfddfd10,0x00000007bfe80000)
  to   space 1536K, 0% used [0x00000007bfe80000,0x00000007bfe80000,0x00000007c0000000)
 ParOldGen       total 2464768K, used 911154K [0x00000006cc400000, 0x0000000762b00000, 0x000000076ec00000)
  object space 2464768K, 36% used [0x00000006cc400000,0x0000000703dccae8,0x0000000762b00000)
 Metaspace       used 102762K, capacity 112670K, committed 112920K, reserved 1146880K
  class space    used 13068K, capacity 15119K, committed 15144K, reserved 1048576K
}
Event: 724786.616 GC heap before
{Heap before GC invocations=16722 (full 6):
 PSYoungGen      total 1329664K, used 1329023K [0x000000076ec00000, 0x00000007c0000000, 0x00000007c0000000)
  eden space 1328128K, 100% used [0x000000076ec00000,0x00000007bfd00000,0x00000007bfd00000)
  from space 1536K, 58% used [0x00000007bfd00000,0x00000007bfddfd10,0x00000007bfe80000)
  to   space 1536K, 0% used [0x00000007bfe80000,0x00000007bfe80000,0x00000007c0000000)
 ParOldGen       total 2464768K, used 911154K [0x00000006cc400000, 0x0000000762b00000, 0x000000076ec00000)
  object space 2464768K, 36% used [0x00000006cc400000,0x0000000703dccae8,0x0000000762b00000)
 Metaspace       used 102762K, capacity 112670K, committed 112920K, reserved 1146880K
  class space    used 13068K, capacity 15119K, committed 15144K, reserved 1048576K
Event: 724786.626 GC heap after
Heap after GC invocations=16722 (full 6):
 PSYoungGen      total 1329664K, used 863K [0x000000076ec00000, 0x00000007c0000000, 0x00000007c0000000)
  eden space 1328128K, 0% used [0x000000076ec00000,0x000000076ec00000,0x00000007bfd00000)
  from space 1536K, 56% used [0x00000007bfe80000,0x00000007bff57e90,0x00000007c0000000)
  to   space 1536K, 0% used [0x00000007bfd00000,0x00000007bfd00000,0x00000007bfe80000)
 ParOldGen       total 2464768K, used 911162K [0x00000006cc400000, 0x0000000762b00000, 0x000000076ec00000)
  object space 2464768K, 36% used [0x00000006cc400000,0x0000000703dceae8,0x0000000762b00000)
 Metaspace       used 102762K, capacity 112670K, committed 112920K, reserved 1146880K
  class space    used 13068K, capacity 15119K, committed 15144K, reserved 1048576K
}
Event: 724941.448 GC heap before
{Heap before GC invocations=16723 (full 6):
 PSYoungGen      total 1329664K, used 1328991K [0x000000076ec00000, 0x00000007c0000000, 0x00000007c0000000)
  eden space 1328128K, 100% used [0x000000076ec00000,0x00000007bfd00000,0x00000007bfd00000)
  from space 1536K, 56% used [0x00000007bfe80000,0x00000007bff57e90,0x00000007c0000000)
  to   space 1536K, 0% used [0x00000007bfd00000,0x00000007bfd00000,0x00000007bfe80000)
 ParOldGen       total 2464768K, used 911162K [0x00000006cc400000, 0x0000000762b00000, 0x000000076ec00000)
  object space 2464768K, 36% used [0x00000006cc400000,0x0000000703dceae8,0x0000000762b00000)
 Metaspace       used 102762K, capacity 112670K, committed 112920K, reserved 1146880K
  class space    used 13068K, capacity 15119K, committed 15144K, reserved 1048576K
Event: 724941.458 GC heap after
Heap after GC invocations=16723 (full 6):
 PSYoungGen      total 1329664K, used 960K [0x000000076ec00000, 0x00000007c0000000, 0x00000007c0000000)
  eden space 1328128K, 0% used [0x000000076ec00000,0x000000076ec00000,0x00000007bfd00000)
  from space 1536K, 62% used [0x00000007bfd00000,0x00000007bfdf00d0,0x00000007bfe80000)
  to   space 1536K, 0% used [0x00000007bfe80000,0x00000007bfe80000,0x00000007c0000000)
 ParOldGen       total 2464768K, used 911218K [0x00000006cc400000, 0x0000000762b00000, 0x000000076ec00000)
  object space 2464768K, 36% used [0x00000006cc400000,0x0000000703ddcae8,0x0000000762b00000)
 Metaspace       used 102762K, capacity 112670K, committed 112920K, reserved 1146880K
  class space    used 13068K, capacity 15119K, committed 15144K, reserved 1048576K
}
Event: 725101.867 GC heap before
{Heap before GC invocations=16724 (full 6):
 PSYoungGen      total 1329664K, used 1329088K [0x000000076ec00000, 0x00000007c0000000, 0x00000007c0000000)
  eden space 1328128K, 100% used [0x000000076ec00000,0x00000007bfd00000,0x00000007bfd00000)
  from space 1536K, 62% used [0x00000007bfd00000,0x00000007bfdf00d0,0x00000007bfe80000)
  to   space 1536K, 0% used [0x00000007bfe80000,0x00000007bfe80000,0x00000007c0000000)
 ParOldGen       total 2464768K, used 911218K [0x00000006cc400000, 0x0000000762b00000, 0x000000076ec00000)
  object space 2464768K, 36% used [0x00000006cc400000,0x0000000703ddcae8,0x0000000762b00000)
 Metaspace       used 102762K, capacity 112670K, committed 112920K, reserved 1146880K
  class space    used 13068K, capacity 15119K, committed 15144K, reserved 1048576K
Event: 725101.877 GC heap after
Heap after GC invocations=16724 (full 6):
 PSYoungGen      total 1329664K, used 863K [0x000000076ec00000, 0x00000007c0000000, 0x00000007c0000000)
  eden space 1328128K, 0% used [0x000000076ec00000,0x000000076ec00000,0x00000007bfd00000)
  from space 1536K, 56% used [0x00000007bfe80000,0x00000007bff57e90,0x00000007c0000000)
  to   space 1536K, 0% used [0x00000007bfd00000,0x00000007bfd00000,0x00000007bfe80000)
 ParOldGen       total 2464768K, used 911234K [0x00000006cc400000, 0x0000000762b00000, 0x000000076ec00000)
  object space 2464768K, 36% used [0x00000006cc400000,0x0000000703de0ae8,0x0000000762b00000)
 Metaspace       used 102762K, capacity 112670K, committed 112920K, reserved 1146880K
  class space    used 13068K, capacity 15119K, committed 15144K, reserved 1048576K
}
Event: 725260.068 GC heap before
{Heap before GC invocations=16725 (full 6):
 PSYoungGen      total 1329664K, used 1328991K [0x000000076ec00000, 0x00000007c0000000, 0x00000007c0000000)
  eden space 1328128K, 100% used [0x000000076ec00000,0x00000007bfd00000,0x00000007bfd00000)
  from space 1536K, 56% used [0x00000007bfe80000,0x00000007bff57e90,0x00000007c0000000)
  to   space 1536K, 0% used [0x00000007bfd00000,0x00000007bfd00000,0x00000007bfe80000)
 ParOldGen       total 2464768K, used 911234K [0x00000006cc400000, 0x0000000762b00000, 0x000000076ec00000)
  object space 2464768K, 36% used [0x00000006cc400000,0x0000000703de0ae8,0x0000000762b00000)
 Metaspace       used 102762K, capacity 112670K, committed 112920K, reserved 1146880K
  class space    used 13068K, capacity 15119K, committed 15144K, reserved 1048576K
Event: 725260.078 GC heap after
Heap after GC invocations=16725 (full 6):
 PSYoungGen      total 1329664K, used 831K [0x000000076ec00000, 0x00000007c0000000, 0x00000007c0000000)
  eden space 1328128K, 0% used [0x000000076ec00000,0x000000076ec00000,0x00000007bfd00000)
  from space 1536K, 54% used [0x00000007bfd00000,0x00000007bfdcfe90,0x00000007bfe80000)
  to   space 1536K, 0% used [0x00000007bfe80000,0x00000007bfe80000,0x00000007c0000000)
 ParOldGen       total 2464768K, used 911282K [0x00000006cc400000, 0x0000000762b00000, 0x000000076ec00000)
  object space 2464768K, 36% used [0x00000006cc400000,0x0000000703decae8,0x0000000762b00000)
 Metaspace       used 102762K, capacity 112670K, committed 112920K, reserved 1146880K
  class space    used 13068K, capacity 15119K, committed 15144K, reserved 1048576K
}
Event: 725418.969 GC heap before
{Heap before GC invocations=16726 (full 6):
 PSYoungGen      total 1329664K, used 1328959K [0x000000076ec00000, 0x00000007c0000000, 0x00000007c0000000)
  eden space 1328128K, 100% used [0x000000076ec00000,0x00000007bfd00000,0x00000007bfd00000)
  from space 1536K, 54% used [0x00000007bfd00000,0x00000007bfdcfe90,0x00000007bfe80000)
  to   space 1536K, 0% used [0x00000007bfe80000,0x00000007bfe80000,0x00000007c0000000)
 ParOldGen       total 2464768K, used 911282K [0x00000006cc400000, 0x0000000762b00000, 0x000000076ec00000)
  object space 2464768K, 36% used [0x00000006cc400000,0x0000000703decae8,0x0000000762b00000)
 Metaspace       used 102762K, capacity 112670K, committed 112920K, reserved 1146880K
  class space    used 13068K, capacity 15119K, committed 15144K, reserved 1048576K
Event: 725418.979 GC heap after
Heap after GC invocations=16726 (full 6):
 PSYoungGen      total 1329664K, used 863K [0x000000076ec00000, 0x00000007c0000000, 0x00000007c0000000)
  eden space 1328128K, 0% used [0x000000076ec00000,0x000000076ec00000,0x00000007bfd00000)
  from space 1536K, 56% used [0x00000007bfe80000,0x00000007bff57d10,0x00000007c0000000)
  to   space 1536K, 0% used [0x00000007bfd00000,0x00000007bfd00000,0x00000007bfe80000)
 ParOldGen       total 2464768K, used 911322K [0x00000006cc400000, 0x0000000762b00000, 0x000000076ec00000)
  object space 2464768K, 36% used [0x00000006cc400000,0x0000000703df6ae8,0x0000000762b00000)
 Metaspace       used 102762K, capacity 112670K, committed 112920K, reserved 1146880K
  class space    used 13068K, capacity 15119K, committed 15144K, reserved 1048576K
}
Event: 725574.601 GC heap before
{Heap before GC invocations=16727 (full 6):
 PSYoungGen      total 1329664K, used 1328991K [0x000000076ec00000, 0x00000007c0000000, 0x00000007c0000000)
  eden space 1328128K, 100% used [0x000000076ec00000,0x00000007bfd00000,0x00000007bfd00000)
  from space 1536K, 56% used [0x00000007bfe80000,0x00000007bff57d10,0x00000007c0000000)
  to   space 1536K, 0% used [0x00000007bfd00000,0x00000007bfd00000,0x00000007bfe80000)
 ParOldGen       total 2464768K, used 911322K [0x00000006cc400000, 0x0000000762b00000, 0x000000076ec00000)
  object space 2464768K, 36% used [0x00000006cc400000,0x0000000703df6ae8,0x0000000762b00000)
 Metaspace       used 102762K, capacity 112670K, committed 112920K, reserved 1146880K
  class space    used 13068K, capacity 15119K, committed 15144K, reserved 1048576K
Event: 725574.611 GC heap after
Heap after GC invocations=16727 (full 6):
 PSYoungGen      total 1329664K, used 960K [0x000000076ec00000, 0x00000007c0000000, 0x00000007c0000000)
  eden space 1328128K, 0% used [0x000000076ec00000,0x000000076ec00000,0x00000007bfd00000)
  from space 1536K, 62% used [0x00000007bfd00000,0x00000007bfdf00d0,0x00000007bfe80000)
  to   space 1536K, 0% used [0x00000007bfe80000,0x00000007bfe80000,0x00000007c0000000)
 ParOldGen       total 2464768K, used 911338K [0x00000006cc400000, 0x0000000762b00000, 0x000000076ec00000)
  object space 2464768K, 36% used [0x00000006cc400000,0x0000000703dfaae8,0x0000000762b00000)
 Metaspace       used 102762K, capacity 112670K, committed 112920K, reserved 1146880K
  class space    used 13068K, capacity 15119K, committed 15144K, reserved 1048576K
}
Event: 725734.326 GC heap before
{Heap before GC invocations=16728 (full 6):
 PSYoungGen      total 1329664K, used 1329088K [0x000000076ec00000, 0x00000007c0000000, 0x00000007c0000000)
  eden space 1328128K, 100% used [0x000000076ec00000,0x00000007bfd00000,0x00000007bfd00000)
  from space 1536K, 62% used [0x00000007bfd00000,0x00000007bfdf00d0,0x00000007bfe80000)
  to   space 1536K, 0% used [0x00000007bfe80000,0x00000007bfe80000,0x00000007c0000000)
 ParOldGen       total 2464768K, used 911338K [0x00000006cc400000, 0x0000000762b00000, 0x000000076ec00000)
  object space 2464768K, 36% used [0x00000006cc400000,0x0000000703dfaae8,0x0000000762b00000)
 Metaspace       used 102762K, capacity 112670K, committed 112920K, reserved 1146880K
  class space    used 13068K, capacity 15119K, committed 15144K, reserved 1048576K
Event: 725734.338 GC heap after
Heap after GC invocations=16728 (full 6):
 PSYoungGen      total 1329664K, used 944K [0x000000076ec00000, 0x00000007c0000000, 0x00000007c0000000)
  eden space 1328128K, 0% used [0x000000076ec00000,0x000000076ec00000,0x00000007bfd00000)
  from space 1536K, 61% used [0x00000007bfe80000,0x00000007bff6c0c0,0x00000007c0000000)
  to   space 1536K, 0% used [0x00000007bfd00000,0x00000007bfd00000,0x00000007bfe80000)
 ParOldGen       total 2464768K, used 911378K [0x00000006cc400000, 0x0000000762b00000, 0x000000076ec00000)
  object space 2464768K, 36% used [0x00000006cc400000,0x0000000703e04ae8,0x0000000762b00000)
 Metaspace       used 102762K, capacity 112670K, committed 112920K, reserved 1146880K
  class space    used 13068K, capacity 15119K, committed 15144K, reserved 1048576K
}
Event: 725891.882 GC heap before
{Heap before GC invocations=16729 (full 6):
 PSYoungGen      total 1329664K, used 1329072K [0x000000076ec00000, 0x00000007c0000000, 0x00000007c0000000)
  eden space 1328128K, 100% used [0x000000076ec00000,0x00000007bfd00000,0x00000007bfd00000)
  from space 1536K, 61% used [0x00000007bfe80000,0x00000007bff6c0c0,0x00000007c0000000)
  to   space 1536K, 0% used [0x00000007bfd00000,0x00000007bfd00000,0x00000007bfe80000)
 ParOldGen       total 2464768K, used 911378K [0x00000006cc400000, 0x0000000762b00000, 0x000000076ec00000)
  object space 2464768K, 36% used [0x00000006cc400000,0x0000000703e04ae8,0x0000000762b00000)
 Metaspace       used 102762K, capacity 112670K, committed 112920K, reserved 1146880K
  class space    used 13068K, capacity 15119K, committed 15144K, reserved 1048576K
Event: 725891.892 GC heap after
Heap after GC invocations=16729 (full 6):
 PSYoungGen      total 1329664K, used 863K [0x000000076ec00000, 0x00000007c0000000, 0x00000007c0000000)
  eden space 1328128K, 0% used [0x000000076ec00000,0x000000076ec00000,0x00000007bfd00000)
  from space 1536K, 56% used [0x00000007bfd00000,0x00000007bfdd7d10,0x00000007bfe80000)
  to   space 1536K, 0% used [0x00000007bfe80000,0x00000007bfe80000,0x00000007c0000000)
 ParOldGen       total 2464768K, used 911394K [0x00000006cc400000, 0x0000000762b00000, 0x000000076ec00000)
  object space 2464768K, 36% used [0x00000006cc400000,0x0000000703e08ae8,0x0000000762b00000)
 Metaspace       used 102762K, capacity 112670K, committed 112920K, reserved 1146880K
  class space    used 13068K, capacity 15119K, committed 15144K, reserved 1048576K
}
Event: 726049.517 GC heap before
{Heap before GC invocations=16730 (full 6):
 PSYoungGen      total 1329664K, used 1328991K [0x000000076ec00000, 0x00000007c0000000, 0x00000007c0000000)
  eden space 1328128K, 100% used [0x000000076ec00000,0x00000007bfd00000,0x00000007bfd00000)
  from space 1536K, 56% used [0x00000007bfd00000,0x00000007bfdd7d10,0x00000007bfe80000)
  to   space 1536K, 0% used [0x00000007bfe80000,0x00000007bfe80000,0x00000007c0000000)
 ParOldGen       total 2464768K, used 911394K [0x00000006cc400000, 0x0000000762b00000, 0x000000076ec00000)
  object space 2464768K, 36% used [0x00000006cc400000,0x0000000703e08ae8,0x0000000762b00000)
 Metaspace       used 102762K, capacity 112670K, committed 112920K, reserved 1146880K
  class space    used 13068K, capacity 15119K, committed 15144K, reserved 1048576K
Event: 726049.528 GC heap after
Heap after GC invocations=16730 (full 6):
 PSYoungGen      total 1329664K, used 927K [0x000000076ec00000, 0x00000007c0000000, 0x00000007c0000000)
  eden space 1328128K, 0% used [0x000000076ec00000,0x000000076ec00000,0x00000007bfd00000)
  from space 1536K, 60% used [0x00000007bfe80000,0x00000007bff67e90,0x00000007c0000000)
  to   space 1536K, 0% used [0x00000007bfd00000,0x00000007bfd00000,0x00000007bfe80000)
 ParOldGen       total 2464768K, used 911442K [0x00000006cc400000, 0x0000000762b00000, 0x000000076ec00000)
  object space 2464768K, 36% used [0x00000006cc400000,0x0000000703e14ae8,0x0000000762b00000)
 Metaspace       used 102762K, capacity 112670K, committed 112920K, reserved 1146880K
  class space    used 13068K, capacity 15119K, committed 15144K, reserved 1048576K
}
Event: 726210.519 GC heap before
{Heap before GC invocations=16731 (full 6):
 PSYoungGen      total 1329664K, used 1329055K [0x000000076ec00000, 0x00000007c0000000, 0x00000007c0000000)
  eden space 1328128K, 100% used [0x000000076ec00000,0x00000007bfd00000,0x00000007bfd00000)
  from space 1536K, 60% used [0x00000007bfe80000,0x00000007bff67e90,0x00000007c0000000)
  to   space 1536K, 0% used [0x00000007bfd00000,0x00000007bfd00000,0x00000007bfe80000)
 ParOldGen       total 2464768K, used 911442K [0x00000006cc400000, 0x0000000762b00000, 0x000000076ec00000)
  object space 2464768K, 36% used [0x00000006cc400000,0x0000000703e14ae8,0x0000000762b00000)
 Metaspace       used 102762K, capacity 112670K, committed 112920K, reserved 1146880K
  class space    used 13068K, capacity 15119K, committed 15144K, reserved 1048576K
Event: 726210.529 GC heap after
Heap after GC invocations=16731 (full 6):
 PSYoungGen      total 1329664K, used 1007K [0x000000076ec00000, 0x00000007c0000000, 0x00000007c0000000)
  eden space 1328128K, 0% used [0x000000076ec00000,0x000000076ec00000,0x00000007bfd00000)
  from space 1536K, 65% used [0x00000007bfd00000,0x00000007bfdfbf40,0x00000007bfe80000)
  to   space 1536K, 0% used [0x00000007bfe80000,0x00000007bfe80000,0x00000007c0000000)
 ParOldGen       total 2464768K, used 911458K [0x00000006cc400000, 0x0000000762b00000, 0x000000076ec00000)
  object space 2464768K, 36% used [0x00000006cc400000,0x0000000703e18ae8,0x0000000762b00000)
 Metaspace       used 102762K, capacity 112670K, committed 112920K, reserved 1146880K
  class space    used 13068K, capacity 15119K, committed 15144K, reserved 1048576K
}
Event: 726368.617 GC heap before
{Heap before GC invocations=16732 (full 6):
 PSYoungGen      total 1329664K, used 1329135K [0x000000076ec00000, 0x00000007c0000000, 0x00000007c0000000)
  eden space 1328128K, 100% used [0x000000076ec00000,0x00000007bfd00000,0x00000007bfd00000)
  from space 1536K, 65% used [0x00000007bfd00000,0x00000007bfdfbf40,0x00000007bfe80000)
  to   space 1536K, 0% used [0x00000007bfe80000,0x00000007bfe80000,0x00000007c0000000)
 ParOldGen       total 2464768K, used 911458K [0x00000006cc400000, 0x0000000762b00000, 0x000000076ec00000)
  object space 2464768K, 36% used [0x00000006cc400000,0x0000000703e18ae8,0x0000000762b00000)
 Metaspace       used 102762K, capacity 112670K, committed 112920K, reserved 1146880K
  class space    used 13068K, capacity 15119K, committed 15144K, reserved 1048576K
Event: 726368.627 GC heap after
Heap after GC invocations=16732 (full 6):
 PSYoungGen      total 1329664K, used 863K [0x000000076ec00000, 0x00000007c0000000, 0x00000007c0000000)
  eden space 1328128K, 0% used [0x000000076ec00000,0x000000076ec00000,0x00000007bfd00000)
  from space 1536K, 56% used [0x00000007bfe80000,0x00000007bff57e90,0x00000007c0000000)
  to   space 1536K, 0% used [0x00000007bfd00000,0x00000007bfd00000,0x00000007bfe80000)
 ParOldGen       total 2464768K, used 911506K [0x00000006cc400000, 0x0000000762b00000, 0x000000076ec00000)
  object space 2464768K, 36% used [0x00000006cc400000,0x0000000703e24ae8,0x0000000762b00000)
 Metaspace       used 102762K, capacity 112670K, committed 112920K, reserved 1146880K
  class space    used 13068K, capacity 15119K, committed 15144K, reserved 1048576K
}
Event: 726527.916 GC heap before
{Heap before GC invocations=16733 (full 6):
 PSYoungGen      total 1329664K, used 1328991K [0x000000076ec00000, 0x00000007c0000000, 0x00000007c0000000)
  eden space 1328128K, 100% used [0x000000076ec00000,0x00000007bfd00000,0x00000007bfd00000)
  from space 1536K, 56% used [0x00000007bfe80000,0x00000007bff57e90,0x00000007c0000000)
  to   space 1536K, 0% used [0x00000007bfd00000,0x00000007bfd00000,0x00000007bfe80000)
 ParOldGen       total 2464768K, used 911506K [0x00000006cc400000, 0x0000000762b00000, 0x000000076ec00000)
  object space 2464768K, 36% used [0x00000006cc400000,0x0000000703e24ae8,0x0000000762b00000)
 Metaspace       used 102762K, capacity 112670K, committed 112920K, reserved 1146880K
  class space    used 13068K, capacity 15119K, committed 15144K, reserved 1048576K
Event: 726527.926 GC heap after
Heap after GC invocations=16733 (full 6):
 PSYoungGen      total 1329664K, used 863K [0x000000076ec00000, 0x00000007c0000000, 0x00000007c0000000)
  eden space 1328128K, 0% used [0x000000076ec00000,0x000000076ec00000,0x00000007bfd00000)
  from space 1536K, 56% used [0x00000007bfd00000,0x00000007bfdd7d10,0x00000007bfe80000)
  to   space 1536K, 0% used [0x00000007bfe80000,0x00000007bfe80000,0x00000007c0000000)
 ParOldGen       total 2464768K, used 911522K [0x00000006cc400000, 0x0000000762b00000, 0x000000076ec00000)
  object space 2464768K, 36% used [0x00000006cc400000,0x0000000703e28ae8,0x0000000762b00000)
 Metaspace       used 102762K, capacity 112670K, committed 112920K, reserved 1146880K
  class space    used 13068K, capacity 15119K, committed 15144K, reserved 1048576K
}
Event: 726682.501 GC heap before
{Heap before GC invocations=16734 (full 6):
 PSYoungGen      total 1329664K, used 1328991K [0x000000076ec00000, 0x00000007c0000000, 0x00000007c0000000)
  eden space 1328128K, 100% used [0x000000076ec00000,0x00000007bfd00000,0x00000007bfd00000)
  from space 1536K, 56% used [0x00000007bfd00000,0x00000007bfdd7d10,0x00000007bfe80000)
  to   space 1536K, 0% used [0x00000007bfe80000,0x00000007bfe80000,0x00000007c0000000)
 ParOldGen       total 2464768K, used 911522K [0x00000006cc400000, 0x0000000762b00000, 0x000000076ec00000)
  object space 2464768K, 36% used [0x00000006cc400000,0x0000000703e28ae8,0x0000000762b00000)
 Metaspace       used 102762K, capacity 112670K, committed 112920K, reserved 1146880K
  class space    used 13068K, capacity 15119K, committed 15144K, reserved 1048576K
Event: 726682.511 GC heap after
Heap after GC invocations=16734 (full 6):
 PSYoungGen      total 1329664K, used 959K [0x000000076ec00000, 0x00000007c0000000, 0x00000007c0000000)
  eden space 1328128K, 0% used [0x000000076ec00000,0x000000076ec00000,0x00000007bfd00000)
  from space 1536K, 62% used [0x00000007bfe80000,0x00000007bff6ff50,0x00000007c0000000)
  to   space 1536K, 0% used [0x00000007bfd00000,0x00000007bfd00000,0x00000007bfe80000)
 ParOldGen       total 2464768K, used 911562K [0x00000006cc400000, 0x0000000762b00000, 0x000000076ec00000)
  object space 2464768K, 36% used [0x00000006cc400000,0x0000000703e32ae8,0x0000000762b00000)
 Metaspace       used 102762K, capacity 112670K, committed 112920K, reserved 1146880K
  class space    used 13068K, capacity 15119K, committed 15144K, reserved 1048576K
}
Event: 726842.738 GC heap before
{Heap before GC invocations=16735 (full 6):
 PSYoungGen      total 1329664K, used 1329087K [0x000000076ec00000, 0x00000007c0000000, 0x00000007c0000000)
  eden space 1328128K, 100% used [0x000000076ec00000,0x00000007bfd00000,0x00000007bfd00000)
  from space 1536K, 62% used [0x00000007bfe80000,0x00000007bff6ff50,0x00000007c0000000)
  to   space 1536K, 0% used [0x00000007bfd00000,0x00000007bfd00000,0x00000007bfe80000)
 ParOldGen       total 2464768K, used 911562K [0x00000006cc400000, 0x0000000762b00000, 0x000000076ec00000)
  object space 2464768K, 36% used [0x00000006cc400000,0x0000000703e32ae8,0x0000000762b00000)
 Metaspace       used 102762K, capacity 112670K, committed 112920K, reserved 1146880K
  class space    used 13068K, capacity 15119K, committed 15144K, reserved 1048576K
Event: 726842.748 GC heap after
Heap after GC invocations=16735 (full 6):
 PSYoungGen      total 1329664K, used 831K [0x000000076ec00000, 0x00000007c0000000, 0x00000007c0000000)
  eden space 1328128K, 0% used [0x000000076ec00000,0x000000076ec00000,0x00000007bfd00000)
  from space 1536K, 54% used [0x00000007bfd00000,0x00000007bfdcfe90,0x00000007bfe80000)
  to   space 1536K, 0% used [0x00000007bfe80000,0x00000007bfe80000,0x00000007c0000000)
 ParOldGen       total 2464768K, used 911578K [0x00000006cc400000, 0x0000000762b00000, 0x000000076ec00000)
  object space 2464768K, 36% used [0x00000006cc400000,0x0000000703e36ae8,0x0000000762b00000)
 Metaspace       used 102762K, capacity 112670K, committed 112920K, reserved 1146880K
  class space    used 13068K, capacity 15119K, committed 15144K, reserved 1048576K
}
Event: 727001.107 GC heap before
{Heap before GC invocations=16736 (full 6):
 PSYoungGen      total 1329664K, used 1328959K [0x000000076ec00000, 0x00000007c0000000, 0x00000007c0000000)
  eden space 1328128K, 100% used [0x000000076ec00000,0x00000007bfd00000,0x00000007bfd00000)
  from space 1536K, 54% used [0x00000007bfd00000,0x00000007bfdcfe90,0x00000007bfe80000)
  to   space 1536K, 0% used [0x00000007bfe80000,0x00000007bfe80000,0x00000007c0000000)
 ParOldGen       total 2464768K, used 911578K [0x00000006cc400000, 0x0000000762b00000, 0x000000076ec00000)
  object space 2464768K, 36% used [0x00000006cc400000,0x0000000703e36ae8,0x0000000762b00000)
 Metaspace       used 102762K, capacity 112670K, committed 112920K, reserved 1146880K
  class space    used 13068K, capacity 15119K, committed 15144K, reserved 1048576K
Event: 727001.117 GC heap after
Heap after GC invocations=16736 (full 6):
 PSYoungGen      total 1329664K, used 863K [0x000000076ec00000, 0x00000007c0000000, 0x00000007c0000000)
  eden space 1328128K, 0% used [0x000000076ec00000,0x000000076ec00000,0x00000007bfd00000)
  from space 1536K, 56% used [0x00000007bfe80000,0x00000007bff57d10,0x00000007c0000000)
  to   space 1536K, 0% used [0x00000007bfd00000,0x00000007bfd00000,0x00000007bfe80000)
 ParOldGen       total 2464768K, used 911618K [0x00000006cc400000, 0x0000000762b00000, 0x000000076ec00000)
  object space 2464768K, 36% used [0x00000006cc400000,0x0000000703e40ae8,0x0000000762b00000)
 Metaspace       used 102762K, capacity 112670K, committed 112920K, reserved 1146880K
  class space    used 13068K, capacity 15119K, committed 15144K, reserved 1048576K
}
Event: 727159.308 GC heap before
{Heap before GC invocations=16737 (full 6):
 PSYoungGen      total 1329664K, used 1328991K [0x000000076ec00000, 0x00000007c0000000, 0x00000007c0000000)
  eden space 1328128K, 100% used [0x000000076ec00000,0x00000007bfd00000,0x00000007bfd00000)
  from space 1536K, 56% used [0x00000007bfe80000,0x00000007bff57d10,0x00000007c0000000)
  to   space 1536K, 0% used [0x00000007bfd00000,0x00000007bfd00000,0x00000007bfe80000)
 ParOldGen       total 2464768K, used 911618K [0x00000006cc400000, 0x0000000762b00000, 0x000000076ec00000)
  object space 2464768K, 36% used [0x00000006cc400000,0x0000000703e40ae8,0x0000000762b00000)
 Metaspace       used 102762K, capacity 112670K, committed 112920K, reserved 1146880K
  class space    used 13068K, capacity 15119K, committed 15144K, reserved 1048576K
Event: 727159.318 GC heap after
Heap after GC invocations=16737 (full 6):
 PSYoungGen      total 1329664K, used 895K [0x000000076ec00000, 0x00000007c0000000, 0x00000007c0000000)
  eden space 1328128K, 0% used [0x000000076ec00000,0x000000076ec00000,0x00000007bfd00000)
  from space 1536K, 58% used [0x00000007bfd00000,0x00000007bfddfe90,0x00000007bfe80000)
  to   space 1536K, 0% used [0x00000007bfe80000,0x00000007bfe80000,0x00000007c0000000)
 ParOldGen       total 2464768K, used 911634K [0x00000006cc400000, 0x0000000762b00000, 0x000000076ec00000)
  object space 2464768K, 36% used [0x00000006cc400000,0x0000000703e44ae8,0x0000000762b00000)
 Metaspace       used 102762K, capacity 112670K, committed 112920K, reserved 1146880K
  class space    used 13068K, capacity 15119K, committed 15144K, reserved 1048576K
}
Event: 727316.067 GC heap before
{Heap before GC invocations=16738 (full 6):
 PSYoungGen      total 1329664K, used 1329023K [0x000000076ec00000, 0x00000007c0000000, 0x00000007c0000000)
  eden space 1328128K, 100% used [0x000000076ec00000,0x00000007bfd00000,0x00000007bfd00000)
  from space 1536K, 58% used [0x00000007bfd00000,0x00000007bfddfe90,0x00000007bfe80000)
  to   space 1536K, 0% used [0x00000007bfe80000,0x00000007bfe80000,0x00000007c0000000)
 ParOldGen       total 2464768K, used 911634K [0x00000006cc400000, 0x0000000762b00000, 0x000000076ec00000)
  object space 2464768K, 36% used [0x00000006cc400000,0x0000000703e44ae8,0x0000000762b00000)
 Metaspace       used 102762K, capacity 112670K, committed 112920K, reserved 1146880K
  class space    used 13068K, capacity 15119K, committed 15144K, reserved 1048576K
Event: 727316.077 GC heap after
Heap after GC invocations=16738 (full 6):
 PSYoungGen      total 1329664K, used 991K [0x000000076ec00000, 0x00000007c0000000, 0x00000007c0000000)
  eden space 1328128K, 0% used [0x000000076ec00000,0x000000076ec00000,0x00000007bfd00000)
  from space 1536K, 64% used [0x00000007bfe80000,0x00000007bff77f50,0x00000007c0000000)
  to   space 1536K, 0% used [0x00000007bfd00000,0x00000007bfd00000,0x00000007bfe80000)
 ParOldGen       total 2464768K, used 911682K [0x00000006cc400000, 0x0000000762b00000, 0x000000076ec00000)
  object space 2464768K, 36% used [0x00000006cc400000,0x0000000703e50ae8,0x0000000762b00000)
 Metaspace       used 102762K, capacity 112670K, committed 112920K, reserved 1146880K
  class space    used 13068K, capacity 15119K, committed 15144K, reserved 1048576K
}
Event: 727475.574 GC heap before
{Heap before GC invocations=16739 (full 6):
 PSYoungGen      total 1329664K, used 1329119K [0x000000076ec00000, 0x00000007c0000000, 0x00000007c0000000)
  eden space 1328128K, 100% used [0x000000076ec00000,0x00000007bfd00000,0x00000007bfd00000)
  from space 1536K, 64% used [0x00000007bfe80000,0x00000007bff77f50,0x00000007c0000000)
  to   space 1536K, 0% used [0x00000007bfd00000,0x00000007bfd00000,0x00000007bfe80000)
 ParOldGen       total 2464768K, used 911682K [0x00000006cc400000, 0x0000000762b00000, 0x000000076ec00000)
  object space 2464768K, 36% used [0x00000006cc400000,0x0000000703e50ae8,0x0000000762b00000)
 Metaspace       used 102762K, capacity 112670K, committed 112920K, reserved 1146880K
  class space    used 13068K, capacity 15119K, committed 15144K, reserved 1048576K
Event: 727475.584 GC heap after
Heap after GC invocations=16739 (full 6):
 PSYoungGen      total 1329664K, used 831K [0x000000076ec00000, 0x00000007c0000000, 0x00000007c0000000)
  eden space 1328128K, 0% used [0x000000076ec00000,0x000000076ec00000,0x00000007bfd00000)
  from space 1536K, 54% used [0x00000007bfd00000,0x00000007bfdcfe90,0x00000007bfe80000)
  to   space 1536K, 0% used [0x00000007bfe80000,0x00000007bfe80000,0x00000007c0000000)
 ParOldGen       total 2464768K, used 911690K [0x00000006cc400000, 0x0000000762b00000, 0x000000076ec00000)
  object space 2464768K, 36% used [0x00000006cc400000,0x0000000703e52ae8,0x0000000762b00000)
 Metaspace       used 102762K, capacity 112670K, committed 112920K, reserved 1146880K
  class space    used 13068K, capacity 15119K, committed 15144K, reserved 1048576K
}
Event: 727632.796 GC heap before
{Heap before GC invocations=16740 (full 6):
 PSYoungGen      total 1329664K, used 1328959K [0x000000076ec00000, 0x00000007c0000000, 0x00000007c0000000)
  eden space 1328128K, 100% used [0x000000076ec00000,0x00000007bfd00000,0x00000007bfd00000)
  from space 1536K, 54% used [0x00000007bfd00000,0x00000007bfdcfe90,0x00000007bfe80000)
  to   space 1536K, 0% used [0x00000007bfe80000,0x00000007bfe80000,0x00000007c0000000)
 ParOldGen       total 2464768K, used 911690K [0x00000006cc400000, 0x0000000762b00000, 0x000000076ec00000)
  object space 2464768K, 36% used [0x00000006cc400000,0x0000000703e52ae8,0x0000000762b00000)
 Metaspace       used 102762K, capacity 112670K, committed 112920K, reserved 1146880K
  class space    used 13068K, capacity 15119K, committed 15144K, reserved 1048576K
Event: 727632.807 GC heap after
Heap after GC invocations=16740 (full 6):
 PSYoungGen      total 1329664K, used 1040K [0x000000076ec00000, 0x00000007c0000000, 0x00000007c0000000)
  eden space 1328128K, 0% used [0x000000076ec00000,0x000000076ec00000,0x00000007bfd00000)
  from space 1536K, 67% used [0x00000007bfe80000,0x00000007bff843c0,0x00000007c0000000)
  to   space 1536K, 0% used [0x00000007bfd00000,0x00000007bfd00000,0x00000007bfe80000)
 ParOldGen       total 2464768K, used 911738K [0x00000006cc400000, 0x0000000762b00000, 0x000000076ec00000)
  object space 2464768K, 36% used [0x00000006cc400000,0x0000000703e5eae8,0x0000000762b00000)
 Metaspace       used 102762K, capacity 112670K, committed 112920K, reserved 1146880K
  class space    used 13068K, capacity 15119K, committed 15144K, reserved 1048576K
}
Event: 727791.869 GC heap before
{Heap before GC invocations=16741 (full 6):
 PSYoungGen      total 1329664K, used 1329168K [0x000000076ec00000, 0x00000007c0000000, 0x00000007c0000000)
  eden space 1328128K, 100% used [0x000000076ec00000,0x00000007bfd00000,0x00000007bfd00000)
  from space 1536K, 67% used [0x00000007bfe80000,0x00000007bff843c0,0x00000007c0000000)
  to   space 1536K, 0% used [0x00000007bfd00000,0x00000007bfd00000,0x00000007bfe80000)
 ParOldGen       total 2464768K, used 911738K [0x00000006cc400000, 0x0000000762b00000, 0x000000076ec00000)
  object space 2464768K, 36% used [0x00000006cc400000,0x0000000703e5eae8,0x0000000762b00000)
 Metaspace       used 102762K, capacity 112670K, committed 112920K, reserved 1146880K
  class space    used 13068K, capacity 15119K, committed 15144K, reserved 1048576K
Event: 727791.879 GC heap after
Heap after GC invocations=16741 (full 6):
 PSYoungGen      total 1329664K, used 959K [0x000000076ec00000, 0x00000007c0000000, 0x00000007c0000000)
  eden space 1328128K, 0% used [0x000000076ec00000,0x000000076ec00000,0x00000007bfd00000)
  from space 1536K, 62% used [0x00000007bfd00000,0x00000007bfdefd10,0x00000007bfe80000)
  to   space 1536K, 0% used [0x00000007bfe80000,0x00000007bfe80000,0x00000007c0000000)
 ParOldGen       total 2464768K, used 911746K [0x00000006cc400000, 0x0000000762b00000, 0x000000076ec00000)
  object space 2464768K, 36% used [0x00000006cc400000,0x0000000703e60ae8,0x0000000762b00000)
 Metaspace       used 102762K, capacity 112670K, committed 112920K, reserved 1146880K
  class space    used 13068K, capacity 15119K, committed 15144K, reserved 1048576K
}
Event: 727945.949 GC heap before
{Heap before GC invocations=16742 (full 6):
 PSYoungGen      total 1329664K, used 1329087K [0x000000076ec00000, 0x00000007c0000000, 0x00000007c0000000)
  eden space 1328128K, 100% used [0x000000076ec00000,0x00000007bfd00000,0x00000007bfd00000)
  from space 1536K, 62% used [0x00000007bfd00000,0x00000007bfdefd10,0x00000007bfe80000)
  to   space 1536K, 0% used [0x00000007bfe80000,0x00000007bfe80000,0x00000007c0000000)
 ParOldGen       total 2464768K, used 911746K [0x00000006cc400000, 0x0000000762b00000, 0x000000076ec00000)
  object space 2464768K, 36% used [0x00000006cc400000,0x0000000703e60ae8,0x0000000762b00000)
 Metaspace       used 102762K, capacity 112670K, committed 112920K, reserved 1146880K
  class space    used 13068K, capacity 15119K, committed 15144K, reserved 1048576K
Event: 727945.959 GC heap after
Heap after GC invocations=16742 (full 6):
 PSYoungGen      total 1329664K, used 959K [0x000000076ec00000, 0x00000007c0000000, 0x00000007c0000000)
  eden space 1328128K, 0% used [0x000000076ec00000,0x000000076ec00000,0x00000007bfd00000)
  from space 1536K, 62% used [0x00000007bfe80000,0x00000007bff6ff50,0x00000007c0000000)
  to   space 1536K, 0% used [0x00000007bfd00000,0x00000007bfd00000,0x00000007bfe80000)
 ParOldGen       total 2464768K, used 911794K [0x00000006cc400000, 0x0000000762b00000, 0x000000076ec00000)
  object space 2464768K, 36% used [0x00000006cc400000,0x0000000703e6cae8,0x0000000762b00000)
 Metaspace       used 102762K, capacity 112670K, committed 112920K, reserved 1146880K
  class space    used 13068K, capacity 15119K, committed 15144K, reserved 1048576K
}
Event: 728106.318 GC heap before
{Heap before GC invocations=16743 (full 6):
 PSYoungGen      total 1329664K, used 1329087K [0x000000076ec00000, 0x00000007c0000000, 0x00000007c0000000)
  eden space 1328128K, 100% used [0x000000076ec00000,0x00000007bfd00000,0x00000007bfd00000)
  from space 1536K, 62% used [0x00000007bfe80000,0x00000007bff6ff50,0x00000007c0000000)
  to   space 1536K, 0% used [0x00000007bfd00000,0x00000007bfd00000,0x00000007bfe80000)
 ParOldGen       total 2464768K, used 911794K [0x00000006cc400000, 0x0000000762b00000, 0x000000076ec00000)
  object space 2464768K, 36% used [0x00000006cc400000,0x0000000703e6cae8,0x0000000762b00000)
 Metaspace       used 102762K, capacity 112670K, committed 112920K, reserved 1146880K
  class space    used 13068K, capacity 15119K, committed 15144K, reserved 1048576K
Event: 728106.328 GC heap after
Heap after GC invocations=16743 (full 6):
 PSYoungGen      total 1329664K, used 831K [0x000000076ec00000, 0x00000007c0000000, 0x00000007c0000000)
  eden space 1328128K, 0% used [0x000000076ec00000,0x000000076ec00000,0x00000007bfd00000)
  from space 1536K, 54% used [0x00000007bfd00000,0x00000007bfdcfe90,0x00000007bfe80000)
  to   space 1536K, 0% used [0x00000007bfe80000,0x00000007bfe80000,0x00000007c0000000)
 ParOldGen       total 2464768K, used 911802K [0x00000006cc400000, 0x0000000762b00000, 0x000000076ec00000)
  object space 2464768K, 36% used [0x00000006cc400000,0x0000000703e6eae8,0x0000000762b00000)
 Metaspace       used 102762K, capacity 112670K, committed 112920K, reserved 1146880K
  class space    used 13068K, capacity 15119K, committed 15144K, reserved 1048576K
}
Event: 728259.466 GC heap before
{Heap before GC invocations=16744 (full 6):
 PSYoungGen      total 1329664K, used 1328959K [0x000000076ec00000, 0x00000007c0000000, 0x00000007c0000000)
  eden space 1328128K, 100% used [0x000000076ec00000,0x00000007bfd00000,0x00000007bfd00000)
  from space 1536K, 54% used [0x00000007bfd00000,0x00000007bfdcfe90,0x00000007bfe80000)
  to   space 1536K, 0% used [0x00000007bfe80000,0x00000007bfe80000,0x00000007c0000000)
 ParOldGen       total 2464768K, used 911802K [0x00000006cc400000, 0x0000000762b00000, 0x000000076ec00000)
  object space 2464768K, 36% used [0x00000006cc400000,0x0000000703e6eae8,0x0000000762b00000)
 Metaspace       used 102762K, capacity 112670K, committed 112920K, reserved 1146880K
  class space    used 13068K, capacity 15119K, committed 15144K, reserved 1048576K
Event: 728259.476 GC heap after
Heap after GC invocations=16744 (full 6):
 PSYoungGen      total 1329664K, used 863K [0x000000076ec00000, 0x00000007c0000000, 0x00000007c0000000)
  eden space 1328128K, 0% used [0x000000076ec00000,0x000000076ec00000,0x00000007bfd00000)
  from space 1536K, 56% used [0x00000007bfe80000,0x00000007bff57e90,0x00000007c0000000)
  to   space 1536K, 0% used [0x00000007bfd00000,0x00000007bfd00000,0x00000007bfe80000)
 ParOldGen       total 2464768K, used 911842K [0x00000006cc400000, 0x0000000762b00000, 0x000000076ec00000)
  object space 2464768K, 36% used [0x00000006cc400000,0x0000000703e78ae8,0x0000000762b00000)
 Metaspace       used 102762K, capacity 112670K, committed 112920K, reserved 1146880K
  class space    used 13068K, capacity 15119K, committed 15144K, reserved 1048576K
}
Event: 728413.411 GC heap before
{Heap before GC invocations=16745 (full 6):
 PSYoungGen      total 1329664K, used 1328991K [0x000000076ec00000, 0x00000007c0000000, 0x00000007c0000000)
  eden space 1328128K, 100% used [0x000000076ec00000,0x00000007bfd00000,0x00000007bfd00000)
  from space 1536K, 56% used [0x00000007bfe80000,0x00000007bff57e90,0x00000007c0000000)
  to   space 1536K, 0% used [0x00000007bfd00000,0x00000007bfd00000,0x00000007bfe80000)
 ParOldGen       total 2464768K, used 911842K [0x00000006cc400000, 0x0000000762b00000, 0x000000076ec00000)
  object space 2464768K, 36% used [0x00000006cc400000,0x0000000703e78ae8,0x0000000762b00000)
 Metaspace       used 102762K, capacity 112670K, committed 112920K, reserved 1146880K
  class space    used 13068K, capacity 15119K, committed 15144K, reserved 1048576K
Event: 728413.421 GC heap after
Heap after GC invocations=16745 (full 6):
 PSYoungGen      total 1329664K, used 831K [0x000000076ec00000, 0x00000007c0000000, 0x00000007c0000000)
  eden space 1328128K, 0% used [0x000000076ec00000,0x000000076ec00000,0x00000007bfd00000)
  from space 1536K, 54% used [0x00000007bfd00000,0x00000007bfdcfe90,0x00000007bfe80000)
  to   space 1536K, 0% used [0x00000007bfe80000,0x00000007bfe80000,0x00000007c0000000)
 ParOldGen       total 2464768K, used 911890K [0x00000006cc400000, 0x0000000762b00000, 0x000000076ec00000)
  object space 2464768K, 36% used [0x00000006cc400000,0x0000000703e84ae8,0x0000000762b00000)
 Metaspace       used 102762K, capacity 112670K, committed 112920K, reserved 1146880K
  class space    used 13068K, capacity 15119K, committed 15144K, reserved 1048576K
}
Event: 728563.316 GC heap before
{Heap before GC invocations=16746 (full 6):
 PSYoungGen      total 1329664K, used 1328959K [0x000000076ec00000, 0x00000007c0000000, 0x00000007c0000000)
  eden space 1328128K, 100% used [0x000000076ec00000,0x00000007bfd00000,0x00000007bfd00000)
  from space 1536K, 54% used [0x00000007bfd00000,0x00000007bfdcfe90,0x00000007bfe80000)
  to   space 1536K, 0% used [0x00000007bfe80000,0x00000007bfe80000,0x00000007c0000000)
 ParOldGen       total 2464768K, used 911890K [0x00000006cc400000, 0x0000000762b00000, 0x000000076ec00000)
  object space 2464768K, 36% used [0x00000006cc400000,0x0000000703e84ae8,0x0000000762b00000)
 Metaspace       used 102762K, capacity 112670K, committed 112920K, reserved 1146880K
  class space    used 13068K, capacity 15119K, committed 15144K, reserved 1048576K
Event: 728563.327 GC heap after
Heap after GC invocations=16746 (full 6):
 PSYoungGen      total 1329664K, used 959K [0x000000076ec00000, 0x00000007c0000000, 0x00000007c0000000)
  eden space 1328128K, 0% used [0x000000076ec00000,0x000000076ec00000,0x00000007bfd00000)
  from space 1536K, 62% used [0x00000007bfe80000,0x00000007bff6fe90,0x00000007c0000000)
  to   space 1536K, 0% used [0x00000007bfd00000,0x00000007bfd00000,0x00000007bfe80000)
 ParOldGen       total 2464768K, used 911898K [0x00000006cc400000, 0x0000000762b00000, 0x000000076ec00000)
  object space 2464768K, 36% used [0x00000006cc400000,0x0000000703e86ae8,0x0000000762b00000)
 Metaspace       used 102762K, capacity 112670K, committed 112920K, reserved 1146880K
  class space    used 13068K, capacity 15119K, committed 15144K, reserved 1048576K
}
Event: 728724.067 GC heap before
{Heap before GC invocations=16747 (full 6):
 PSYoungGen      total 1329664K, used 1329087K [0x000000076ec00000, 0x00000007c0000000, 0x00000007c0000000)
  eden space 1328128K, 100% used [0x000000076ec00000,0x00000007bfd00000,0x00000007bfd00000)
  from space 1536K, 62% used [0x00000007bfe80000,0x00000007bff6fe90,0x00000007c0000000)
  to   space 1536K, 0% used [0x00000007bfd00000,0x00000007bfd00000,0x00000007bfe80000)
 ParOldGen       total 2464768K, used 911898K [0x00000006cc400000, 0x0000000762b00000, 0x000000076ec00000)
  object space 2464768K, 36% used [0x00000006cc400000,0x0000000703e86ae8,0x0000000762b00000)
 Metaspace       used 102762K, capacity 112670K, committed 112920K, reserved 1146880K
  class space    used 13068K, capacity 15119K, committed 15144K, reserved 1048576K
Event: 728724.076 GC heap after
Heap after GC invocations=16747 (full 6):
 PSYoungGen      total 1329664K, used 863K [0x000000076ec00000, 0x00000007c0000000, 0x00000007c0000000)
  eden space 1328128K, 0% used [0x000000076ec00000,0x000000076ec00000,0x00000007bfd00000)
  from space 1536K, 56% used [0x00000007bfd00000,0x00000007bfdd7d10,0x00000007bfe80000)
  to   space 1536K, 0% used [0x00000007bfe80000,0x00000007bfe80000,0x00000007c0000000)
 ParOldGen       total 2464768K, used 911946K [0x00000006cc400000, 0x0000000762b00000, 0x000000076ec00000)
  object space 2464768K, 36% used [0x00000006cc400000,0x0000000703e92ae8,0x0000000762b00000)
 Metaspace       used 102762K, capacity 112670K, committed 112920K, reserved 1146880K
  class space    used 13068K, capacity 15119K, committed 15144K, reserved 1048576K
}
Event: 728882.401 GC heap before
{Heap before GC invocations=16748 (full 6):
 PSYoungGen      total 1329664K, used 1328991K [0x000000076ec00000, 0x00000007c0000000, 0x00000007c0000000)
  eden space 1328128K, 100% used [0x000000076ec00000,0x00000007bfd00000,0x00000007bfd00000)
  from space 1536K, 56% used [0x00000007bfd00000,0x00000007bfdd7d10,0x00000007bfe80000)
  to   space 1536K, 0% used [0x00000007bfe80000,0x00000007bfe80000,0x00000007c0000000)
 ParOldGen       total 2464768K, used 911946K [0x00000006cc400000, 0x0000000762b00000, 0x000000076ec00000)
  object space 2464768K, 36% used [0x00000006cc400000,0x0000000703e92ae8,0x0000000762b00000)
 Metaspace       used 102762K, capacity 112670K, committed 112920K, reserved 1146880K
  class space    used 13068K, capacity 15119K, committed 15144K, reserved 1048576K
Event: 728882.412 GC heap after
Heap after GC invocations=16748 (full 6):
 PSYoungGen      total 1329664K, used 895K [0x000000076ec00000, 0x00000007c0000000, 0x00000007c0000000)
  eden space 1328128K, 0% used [0x000000076ec00000,0x000000076ec00000,0x00000007bfd00000)
  from space 1536K, 58% used [0x00000007bfe80000,0x00000007bff5fe90,0x00000007c0000000)
  to   space 1536K, 0% used [0x00000007bfd00000,0x00000007bfd00000,0x00000007bfe80000)
 ParOldGen       total 2464768K, used 911962K [0x00000006cc400000, 0x0000000762b00000, 0x000000076ec00000)
  object space 2464768K, 36% used [0x00000006cc400000,0x0000000703e96ae8,0x0000000762b00000)
 Metaspace       used 102762K, capacity 112670K, committed 112920K, reserved 1146880K
  class space    used 13068K, capacity 15119K, committed 15144K, reserved 1048576K
}
Event: 729041.666 GC heap before
{Heap before GC invocations=16749 (full 6):
 PSYoungGen      total 1329664K, used 1329023K [0x000000076ec00000, 0x00000007c0000000, 0x00000007c0000000)
  eden space 1328128K, 100% used [0x000000076ec00000,0x00000007bfd00000,0x00000007bfd00000)
  from space 1536K, 58% used [0x00000007bfe80000,0x00000007bff5fe90,0x00000007c0000000)
  to   space 1536K, 0% used [0x00000007bfd00000,0x00000007bfd00000,0x00000007bfe80000)
 ParOldGen       total 2464768K, used 911962K [0x00000006cc400000, 0x0000000762b00000, 0x000000076ec00000)
  object space 2464768K, 36% used [0x00000006cc400000,0x0000000703e96ae8,0x0000000762b00000)
 Metaspace       used 102762K, capacity 112670K, committed 112920K, reserved 1146880K
  class space    used 13068K, capacity 15119K, committed 15144K, reserved 1048576K
Event: 729041.676 GC heap after
Heap after GC invocations=16749 (full 6):
 PSYoungGen      total 1329664K, used 799K [0x000000076ec00000, 0x00000007c0000000, 0x00000007c0000000)
  eden space 1328128K, 0% used [0x000000076ec00000,0x000000076ec00000,0x00000007bfd00000)
  from space 1536K, 52% used [0x00000007bfd00000,0x00000007bfdc7e90,0x00000007bfe80000)
  to   space 1536K, 0% used [0x00000007bfe80000,0x00000007bfe80000,0x00000007c0000000)
 ParOldGen       total 2464768K, used 912002K [0x00000006cc400000, 0x0000000762b00000, 0x000000076ec00000)
  object space 2464768K, 37% used [0x00000006cc400000,0x0000000703ea0ae8,0x0000000762b00000)
 Metaspace       used 102762K, capacity 112670K, committed 112920K, reserved 1146880K
  class space    used 13068K, capacity 15119K, committed 15144K, reserved 1048576K
}
Event: 729196.049 GC heap before
{Heap before GC invocations=16750 (full 6):
 PSYoungGen      total 1329664K, used 1328927K [0x000000076ec00000, 0x00000007c0000000, 0x00000007c0000000)
  eden space 1328128K, 100% used [0x000000076ec00000,0x00000007bfd00000,0x00000007bfd00000)
  from space 1536K, 52% used [0x00000007bfd00000,0x00000007bfdc7e90,0x00000007bfe80000)
  to   space 1536K, 0% used [0x00000007bfe80000,0x00000007bfe80000,0x00000007c0000000)
 ParOldGen       total 2464768K, used 912002K [0x00000006cc400000, 0x0000000762b00000, 0x000000076ec00000)
  object space 2464768K, 37% used [0x00000006cc400000,0x0000000703ea0ae8,0x0000000762b00000)
 Metaspace       used 102762K, capacity 112670K, committed 112920K, reserved 1146880K
  class space    used 13068K, capacity 15119K, committed 15144K, reserved 1048576K
Event: 729196.060 GC heap after
Heap after GC invocations=16750 (full 6):
 PSYoungGen      total 1329664K, used 991K [0x000000076ec00000, 0x00000007c0000000, 0x00000007c0000000)
  eden space 1328128K, 0% used [0x000000076ec00000,0x000000076ec00000,0x00000007bfd00000)
  from space 1536K, 64% used [0x00000007bfe80000,0x00000007bff77f50,0x00000007c0000000)
  to   space 1536K, 0% used [0x00000007bfd00000,0x00000007bfd00000,0x00000007bfe80000)
 ParOldGen       total 2464768K, used 912018K [0x00000006cc400000, 0x0000000762b00000, 0x000000076ec00000)
  object space 2464768K, 37% used [0x00000006cc400000,0x0000000703ea4ae8,0x0000000762b00000)
 Metaspace       used 102762K, capacity 112670K, committed 112920K, reserved 1146880K
  class space    used 13068K, capacity 15119K, committed 15144K, reserved 1048576K
}
Event: 729353.601 GC heap before
{Heap before GC invocations=16751 (full 6):
 PSYoungGen      total 1329664K, used 1329119K [0x000000076ec00000, 0x00000007c0000000, 0x00000007c0000000)
  eden space 1328128K, 100% used [0x000000076ec00000,0x00000007bfd00000,0x00000007bfd00000)
  from space 1536K, 64% used [0x00000007bfe80000,0x00000007bff77f50,0x00000007c0000000)
  to   space 1536K, 0% used [0x00000007bfd00000,0x00000007bfd00000,0x00000007bfe80000)
 ParOldGen       total 2464768K, used 912018K [0x00000006cc400000, 0x0000000762b00000, 0x000000076ec00000)
  object space 2464768K, 37% used [0x00000006cc400000,0x0000000703ea4ae8,0x0000000762b00000)
 Metaspace       used 102762K, capacity 112670K, committed 112920K, reserved 1146880K
  class space    used 13068K, capacity 15119K, committed 15144K, reserved 1048576K
Event: 729353.611 GC heap after
Heap after GC invocations=16751 (full 6):
 PSYoungGen      total 1329664K, used 1040K [0x000000076ec00000, 0x00000007c0000000, 0x00000007c0000000)
  eden space 1328128K, 0% used [0x000000076ec00000,0x000000076ec00000,0x00000007bfd00000)
  from space 1536K, 67% used [0x00000007bfd00000,0x00000007bfe040c0,0x00000007bfe80000)
  to   space 1536K, 0% used [0x00000007bfe80000,0x00000007bfe80000,0x00000007c0000000)
 ParOldGen       total 2464768K, used 912066K [0x00000006cc400000, 0x0000000762b00000, 0x000000076ec00000)
  object space 2464768K, 37% used [0x00000006cc400000,0x0000000703eb0ae8,0x0000000762b00000)
 Metaspace       used 102762K, capacity 112670K, committed 112920K, reserved 1146880K
  class space    used 13068K, capacity 15119K, committed 15144K, reserved 1048576K
}
Event: 729513.327 GC heap before
{Heap before GC invocations=16752 (full 6):
 PSYoungGen      total 1329664K, used 1329168K [0x000000076ec00000, 0x00000007c0000000, 0x00000007c0000000)
  eden space 1328128K, 100% used [0x000000076ec00000,0x00000007bfd00000,0x00000007bfd00000)
  from space 1536K, 67% used [0x00000007bfd00000,0x00000007bfe040c0,0x00000007bfe80000)
  to   space 1536K, 0% used [0x00000007bfe80000,0x00000007bfe80000,0x00000007c0000000)
 ParOldGen       total 2464768K, used 912066K [0x00000006cc400000, 0x0000000762b00000, 0x000000076ec00000)
  object space 2464768K, 37% used [0x00000006cc400000,0x0000000703eb0ae8,0x0000000762b00000)
 Metaspace       used 102762K, capacity 112670K, committed 112920K, reserved 1146880K
  class space    used 13068K, capacity 15119K, committed 15144K, reserved 1048576K
Event: 729513.343 GC heap after
Heap after GC invocations=16752 (full 6):
 PSYoungGen      total 1329664K, used 895K [0x000000076ec00000, 0x00000007c0000000, 0x00000007c0000000)
  eden space 1328128K, 0% used [0x000000076ec00000,0x000000076ec00000,0x00000007bfd00000)
  from space 1536K, 58% used [0x00000007bfe80000,0x00000007bff5fd10,0x00000007c0000000)
  to   space 1536K, 0% used [0x00000007bfd00000,0x00000007bfd00000,0x00000007bfe80000)
 ParOldGen       total 2464768K, used 912074K [0x00000006cc400000, 0x0000000762b00000, 0x000000076ec00000)
  object space 2464768K, 37% used [0x00000006cc400000,0x0000000703eb2ae8,0x0000000762b00000)
 Metaspace       used 102762K, capacity 112670K, committed 112920K, reserved 1146880K
  class space    used 13068K, capacity 15119K, committed 15144K, reserved 1048576K
}
Event: 729670.820 GC heap before
{Heap before GC invocations=16753 (full 6):
 PSYoungGen      total 1329664K, used 1329023K [0x000000076ec00000, 0x00000007c0000000, 0x00000007c0000000)
  eden space 1328128K, 100% used [0x000000076ec00000,0x00000007bfd00000,0x00000007bfd00000)
  from space 1536K, 58% used [0x00000007bfe80000,0x00000007bff5fd10,0x00000007c0000000)
  to   space 1536K, 0% used [0x00000007bfd00000,0x00000007bfd00000,0x00000007bfe80000)
 ParOldGen       total 2464768K, used 912074K [0x00000006cc400000, 0x0000000762b00000, 0x000000076ec00000)
  object space 2464768K, 37% used [0x00000006cc400000,0x0000000703eb2ae8,0x0000000762b00000)
 Metaspace       used 102762K, capacity 112670K, committed 112920K, reserved 1146880K
  class space    used 13068K, capacity 15119K, committed 15144K, reserved 1048576K
Event: 729670.830 GC heap after
Heap after GC invocations=16753 (full 6):
 PSYoungGen      total 1329664K, used 1023K [0x000000076ec00000, 0x00000007c0000000, 0x00000007c0000000)
  eden space 1328128K, 0% used [0x000000076ec00000,0x000000076ec00000,0x00000007bfd00000)
  from space 1536K, 66% used [0x00000007bfd00000,0x00000007bfdfff50,0x00000007bfe80000)
  to   space 1536K, 0% used [0x00000007bfe80000,0x00000007bfe80000,0x00000007c0000000)
 ParOldGen       total 2464768K, used 912122K [0x00000006cc400000, 0x0000000762b00000, 0x000000076ec00000)
  object space 2464768K, 37% used [0x00000006cc400000,0x0000000703ebeae8,0x0000000762b00000)
 Metaspace       used 102762K, capacity 112670K, committed 112920K, reserved 1146880K
  class space    used 13068K, capacity 15119K, committed 15144K, reserved 1048576K
}
Event: 729831.546 GC heap before
{Heap before GC invocations=16754 (full 6):
 PSYoungGen      total 1329664K, used 1329151K [0x000000076ec00000, 0x00000007c0000000, 0x00000007c0000000)
  eden space 1328128K, 100% used [0x000000076ec00000,0x00000007bfd00000,0x00000007bfd00000)
  from space 1536K, 66% used [0x00000007bfd00000,0x00000007bfdfff50,0x00000007bfe80000)
  to   space 1536K, 0% used [0x00000007bfe80000,0x00000007bfe80000,0x00000007c0000000)
 ParOldGen       total 2464768K, used 912122K [0x00000006cc400000, 0x0000000762b00000, 0x000000076ec00000)
  object space 2464768K, 37% used [0x00000006cc400000,0x0000000703ebeae8,0x0000000762b00000)
 Metaspace       used 102762K, capacity 112670K, committed 112920K, reserved 1146880K
  class space    used 13068K, capacity 15119K, committed 15144K, reserved 1048576K
Event: 729831.556 GC heap after
Heap after GC invocations=16754 (full 6):
 PSYoungGen      total 1329664K, used 895K [0x000000076ec00000, 0x00000007c0000000, 0x00000007c0000000)
  eden space 1328128K, 0% used [0x000000076ec00000,0x000000076ec00000,0x00000007bfd00000)
  from space 1536K, 58% used [0x00000007bfe80000,0x00000007bff5fd10,0x00000007c0000000)
  to   space 1536K, 0% used [0x00000007bfd00000,0x00000007bfd00000,0x00000007bfe80000)
 ParOldGen       total 2464768K, used 912130K [0x00000006cc400000, 0x0000000762b00000, 0x000000076ec00000)
  object space 2464768K, 37% used [0x00000006cc400000,0x0000000703ec0ae8,0x0000000762b00000)
 Metaspace       used 102762K, capacity 112670K, committed 112920K, reserved 1146880K
  class space    used 13068K, capacity 15119K, committed 15144K, reserved 1048576K
}
Event: 729989.669 GC heap before
{Heap before GC invocations=16755 (full 6):
 PSYoungGen      total 1329664K, used 1329023K [0x000000076ec00000, 0x00000007c0000000, 0x00000007c0000000)
  eden space 1328128K, 100% used [0x000000076ec00000,0x00000007bfd00000,0x00000007bfd00000)
  from space 1536K, 58% used [0x00000007bfe80000,0x00000007bff5fd10,0x00000007c0000000)
  to   space 1536K, 0% used [0x00000007bfd00000,0x00000007bfd00000,0x00000007bfe80000)
 ParOldGen       total 2464768K, used 912130K [0x00000006cc400000, 0x0000000762b00000, 0x000000076ec00000)
  object space 2464768K, 37% used [0x00000006cc400000,0x0000000703ec0ae8,0x0000000762b00000)
 Metaspace       used 102762K, capacity 112670K, committed 112920K, reserved 1146880K
  class space    used 13068K, capacity 15119K, committed 15144K, reserved 1048576K
Event: 729989.679 GC heap after
Heap after GC invocations=16755 (full 6):
 PSYoungGen      total 1329664K, used 990K [0x000000076ec00000, 0x00000007c0000000, 0x00000007c0000000)
  eden space 1328128K, 0% used [0x000000076ec00000,0x000000076ec00000,0x00000007bfd00000)
  from space 1536K, 64% used [0x00000007bfd00000,0x00000007bfdf7ba0,0x00000007bfe80000)
  to   space 1536K, 0% used [0x00000007bfe80000,0x00000007bfe80000,0x00000007c0000000)
 ParOldGen       total 2464768K, used 912170K [0x00000006cc400000, 0x0000000762b00000, 0x000000076ec00000)
  object space 2464768K, 37% used [0x00000006cc400000,0x0000000703ecaae8,0x0000000762b00000)
 Metaspace       used 102762K, capacity 112670K, committed 112920K, reserved 1146880K
  class space    used 13068K, capacity 15119K, committed 15144K, reserved 1048576K
}
Event: 730150.751 GC heap before
{Heap before GC invocations=16756 (full 6):
 PSYoungGen      total 1329664K, used 1329118K [0x000000076ec00000, 0x00000007c0000000, 0x00000007c0000000)
  eden space 1328128K, 100% used [0x000000076ec00000,0x00000007bfd00000,0x00000007bfd00000)
  from space 1536K, 64% used [0x00000007bfd00000,0x00000007bfdf7ba0,0x00000007bfe80000)
  to   space 1536K, 0% used [0x00000007bfe80000,0x00000007bfe80000,0x00000007c0000000)
 ParOldGen       total 2464768K, used 912170K [0x00000006cc400000, 0x0000000762b00000, 0x000000076ec00000)
  object space 2464768K, 37% used [0x00000006cc400000,0x0000000703ecaae8,0x0000000762b00000)
 Metaspace       used 102762K, capacity 112670K, committed 112920K, reserved 1146880K
  class space    used 13068K, capacity 15119K, committed 15144K, reserved 1048576K
Event: 730150.761 GC heap after
Heap after GC invocations=16756 (full 6):
 PSYoungGen      total 1329664K, used 895K [0x000000076ec00000, 0x00000007c0000000, 0x00000007c0000000)
  eden space 1328128K, 0% used [0x000000076ec00000,0x000000076ec00000,0x00000007bfd00000)
  from space 1536K, 58% used [0x00000007bfe80000,0x00000007bff5fe90,0x00000007c0000000)
  to   space 1536K, 0% used [0x00000007bfd00000,0x00000007bfd00000,0x00000007bfe80000)
 ParOldGen       total 2464768K, used 912178K [0x00000006cc400000, 0x0000000762b00000, 0x000000076ec00000)
  object space 2464768K, 37% used [0x00000006cc400000,0x0000000703eccae8,0x0000000762b00000)
 Metaspace       used 102762K, capacity 112670K, committed 112920K, reserved 1146880K
  class space    used 13068K, capacity 15119K, committed 15144K, reserved 1048576K
}
Event: 730305.638 GC heap before
{Heap before GC invocations=16757 (full 6):
 PSYoungGen      total 1329664K, used 1329023K [0x000000076ec00000, 0x00000007c0000000, 0x00000007c0000000)
  eden space 1328128K, 100% used [0x000000076ec00000,0x00000007bfd00000,0x00000007bfd00000)
  from space 1536K, 58% used [0x00000007bfe80000,0x00000007bff5fe90,0x00000007c0000000)
  to   space 1536K, 0% used [0x00000007bfd00000,0x00000007bfd00000,0x00000007bfe80000)
 ParOldGen       total 2464768K, used 912178K [0x00000006cc400000, 0x0000000762b00000, 0x000000076ec00000)
  object space 2464768K, 37% used [0x00000006cc400000,0x0000000703eccae8,0x0000000762b00000)
 Metaspace       used 102762K, capacity 112670K, committed 112920K, reserved 1146880K
  class space    used 13068K, capacity 15119K, committed 15144K, reserved 1048576K
Event: 730305.648 GC heap after
Heap after GC invocations=16757 (full 6):
 PSYoungGen      total 1329664K, used 1023K [0x000000076ec00000, 0x00000007c0000000, 0x00000007c0000000)
  eden space 1328128K, 0% used [0x000000076ec00000,0x000000076ec00000,0x00000007bfd00000)
  from space 1536K, 66% used [0x00000007bfd00000,0x00000007bfdfff50,0x00000007bfe80000)
  to   space 1536K, 0% used [0x00000007bfe80000,0x00000007bfe80000,0x00000007c0000000)
 ParOldGen       total 2464768K, used 912226K [0x00000006cc400000, 0x0000000762b00000, 0x000000076ec00000)
  object space 2464768K, 37% used [0x00000006cc400000,0x0000000703ed8ae8,0x0000000762b00000)
 Metaspace       used 102762K, capacity 112670K, committed 112920K, reserved 1146880K
  class space    used 13068K, capacity 15119K, committed 15144K, reserved 1048576K
}
Event: 730464.916 GC heap before
{Heap before GC invocations=16758 (full 6):
 PSYoungGen      total 1329664K, used 1329151K [0x000000076ec00000, 0x00000007c0000000, 0x00000007c0000000)
  eden space 1328128K, 100% used [0x000000076ec00000,0x00000007bfd00000,0x00000007bfd00000)
  from space 1536K, 66% used [0x00000007bfd00000,0x00000007bfdfff50,0x00000007bfe80000)
  to   space 1536K, 0% used [0x00000007bfe80000,0x00000007bfe80000,0x00000007c0000000)
 ParOldGen       total 2464768K, used 912226K [0x00000006cc400000, 0x0000000762b00000, 0x000000076ec00000)
  object space 2464768K, 37% used [0x00000006cc400000,0x0000000703ed8ae8,0x0000000762b00000)
 Metaspace       used 102762K, capacity 112670K, committed 112920K, reserved 1146880K
  class space    used 13068K, capacity 15119K, committed 15144K, reserved 1048576K
Event: 730464.926 GC heap after
Heap after GC invocations=16758 (full 6):
 PSYoungGen      total 1329664K, used 863K [0x000000076ec00000, 0x00000007c0000000, 0x00000007c0000000)
  eden space 1328128K, 0% used [0x000000076ec00000,0x000000076ec00000,0x00000007bfd00000)
  from space 1536K, 56% used [0x00000007bfe80000,0x00000007bff57e90,0x00000007c0000000)
  to   space 1536K, 0% used [0x00000007bfd00000,0x00000007bfd00000,0x00000007bfe80000)
 ParOldGen       total 2464768K, used 912242K [0x00000006cc400000, 0x0000000762b00000, 0x000000076ec00000)
  object space 2464768K, 37% used [0x00000006cc400000,0x0000000703edcae8,0x0000000762b00000)
 Metaspace       used 102762K, capacity 112670K, committed 112920K, reserved 1146880K
  class space    used 13068K, capacity 15119K, committed 15144K, reserved 1048576K
}
Event: 730623.472 GC heap before
{Heap before GC invocations=16759 (full 6):
 PSYoungGen      total 1329664K, used 1328991K [0x000000076ec00000, 0x00000007c0000000, 0x00000007c0000000)
  eden space 1328128K, 100% used [0x000000076ec00000,0x00000007bfd00000,0x00000007bfd00000)
  from space 1536K, 56% used [0x00000007bfe80000,0x00000007bff57e90,0x00000007c0000000)
  to   space 1536K, 0% used [0x00000007bfd00000,0x00000007bfd00000,0x00000007bfe80000)
 ParOldGen       total 2464768K, used 912242K [0x00000006cc400000, 0x0000000762b00000, 0x000000076ec00000)
  object space 2464768K, 37% used [0x00000006cc400000,0x0000000703edcae8,0x0000000762b00000)
 Metaspace       used 102762K, capacity 112670K, committed 112920K, reserved 1146880K
  class space    used 13068K, capacity 15119K, committed 15144K, reserved 1048576K
Event: 730623.491 GC heap after
Heap after GC invocations=16759 (full 6):
 PSYoungGen      total 1329664K, used 927K [0x000000076ec00000, 0x00000007c0000000, 0x00000007c0000000)
  eden space 1328128K, 0% used [0x000000076ec00000,0x000000076ec00000,0x00000007bfd00000)
  from space 1536K, 60% used [0x00000007bfd00000,0x00000007bfde7d10,0x00000007bfe80000)
  to   space 1536K, 0% used [0x00000007bfe80000,0x00000007bfe80000,0x00000007c0000000)
 ParOldGen       total 2464768K, used 912290K [0x00000006cc400000, 0x0000000762b00000, 0x000000076ec00000)
  object space 2464768K, 37% used [0x00000006cc400000,0x0000000703ee8ae8,0x0000000762b00000)
 Metaspace       used 102762K, capacity 112670K, committed 112920K, reserved 1146880K
  class space    used 13068K, capacity 15119K, committed 15144K, reserved 1048576K
}
Event: 730784.775 GC heap before
{Heap before GC invocations=16760 (full 6):
 PSYoungGen      total 1329664K, used 1329055K [0x000000076ec00000, 0x00000007c0000000, 0x00000007c0000000)
  eden space 1328128K, 100% used [0x000000076ec00000,0x00000007bfd00000,0x00000007bfd00000)
  from space 1536K, 60% used [0x00000007bfd00000,0x00000007bfde7d10,0x00000007bfe80000)
  to   space 1536K, 0% used [0x00000007bfe80000,0x00000007bfe80000,0x00000007c0000000)
 ParOldGen       total 2464768K, used 912290K [0x00000006cc400000, 0x0000000762b00000, 0x000000076ec00000)
  object space 2464768K, 37% used [0x00000006cc400000,0x0000000703ee8ae8,0x0000000762b00000)
 Metaspace       used 102762K, capacity 112670K, committed 112920K, reserved 1146880K
  class space    used 13068K, capacity 15119K, committed 15144K, reserved 1048576K
Event: 730784.785 GC heap after
Heap after GC invocations=16760 (full 6):
 PSYoungGen      total 1329664K, used 895K [0x000000076ec00000, 0x00000007c0000000, 0x00000007c0000000)
  eden space 1328128K, 0% used [0x000000076ec00000,0x000000076ec00000,0x00000007bfd00000)
  from space 1536K, 58% used [0x00000007bfe80000,0x00000007bff5fd10,0x00000007c0000000)
  to   space 1536K, 0% used [0x00000007bfd00000,0x00000007bfd00000,0x00000007bfe80000)
 ParOldGen       total 2464768K, used 912306K [0x00000006cc400000, 0x0000000762b00000, 0x000000076ec00000)
  object space 2464768K, 37% used [0x00000006cc400000,0x0000000703eecae8,0x0000000762b00000)
 Metaspace       used 102762K, capacity 112670K, committed 112920K, reserved 1146880K
  class space    used 13068K, capacity 15119K, committed 15144K, reserved 1048576K
}
Event: 730938.874 GC heap before
{Heap before GC invocations=16761 (full 6):
 PSYoungGen      total 1329664K, used 1329023K [0x000000076ec00000, 0x00000007c0000000, 0x00000007c0000000)
  eden space 1328128K, 100% used [0x000000076ec00000,0x00000007bfd00000,0x00000007bfd00000)
  from space 1536K, 58% used [0x00000007bfe80000,0x00000007bff5fd10,0x00000007c0000000)
  to   space 1536K, 0% used [0x00000007bfd00000,0x00000007bfd00000,0x00000007bfe80000)
 ParOldGen       total 2464768K, used 912306K [0x00000006cc400000, 0x0000000762b00000, 0x000000076ec00000)
  object space 2464768K, 37% used [0x00000006cc400000,0x0000000703eecae8,0x0000000762b00000)
 Metaspace       used 102762K, capacity 112670K, committed 112920K, reserved 1146880K
  class space    used 13068K, capacity 15119K, committed 15144K, reserved 1048576K
Event: 730938.884 GC heap after
Heap after GC invocations=16761 (full 6):
 PSYoungGen      total 1329664K, used 991K [0x000000076ec00000, 0x00000007c0000000, 0x00000007c0000000)
  eden space 1328128K, 0% used [0x000000076ec00000,0x000000076ec00000,0x00000007bfd00000)
  from space 1536K, 64% used [0x00000007bfd00000,0x00000007bfdf7e90,0x00000007bfe80000)
  to   space 1536K, 0% used [0x00000007bfe80000,0x00000007bfe80000,0x00000007c0000000)
 ParOldGen       total 2464768K, used 912346K [0x00000006cc400000, 0x0000000762b00000, 0x000000076ec00000)
  object space 2464768K, 37% used [0x00000006cc400000,0x0000000703ef6ae8,0x0000000762b00000)
 Metaspace       used 102762K, capacity 112670K, committed 112920K, reserved 1146880K
  class space    used 13068K, capacity 15119K, committed 15144K, reserved 1048576K
}
Event: 731096.875 GC heap before
{Heap before GC invocations=16762 (full 6):
 PSYoungGen      total 1329664K, used 1329119K [0x000000076ec00000, 0x00000007c0000000, 0x00000007c0000000)
  eden space 1328128K, 100% used [0x000000076ec00000,0x00000007bfd00000,0x00000007bfd00000)
  from space 1536K, 64% used [0x00000007bfd00000,0x00000007bfdf7e90,0x00000007bfe80000)
  to   space 1536K, 0% used [0x00000007bfe80000,0x00000007bfe80000,0x00000007c0000000)
 ParOldGen       total 2464768K, used 912346K [0x00000006cc400000, 0x0000000762b00000, 0x000000076ec00000)
  object space 2464768K, 37% used [0x00000006cc400000,0x0000000703ef6ae8,0x0000000762b00000)
 Metaspace       used 102762K, capacity 112670K, committed 112920K, reserved 1146880K
  class space    used 13068K, capacity 15119K, committed 15144K, reserved 1048576K
Event: 731096.885 GC heap after
Heap after GC invocations=16762 (full 6):
 PSYoungGen      total 1329664K, used 895K [0x000000076ec00000, 0x00000007c0000000, 0x00000007c0000000)
  eden space 1328128K, 0% used [0x000000076ec00000,0x000000076ec00000,0x00000007bfd00000)
  from space 1536K, 58% used [0x00000007bfe80000,0x00000007bff5fd10,0x00000007c0000000)
  to   space 1536K, 0% used [0x00000007bfd00000,0x00000007bfd00000,0x00000007bfe80000)
 ParOldGen       total 2464768K, used 912354K [0x00000006cc400000, 0x0000000762b00000, 0x000000076ec00000)
  object space 2464768K, 37% used [0x00000006cc400000,0x0000000703ef8ae8,0x0000000762b00000)
 Metaspace       used 102762K, capacity 112670K, committed 112920K, reserved 1146880K
  class space    used 13068K, capacity 15119K, committed 15144K, reserved 1048576K
}
Event: 731254.470 GC heap before
{Heap before GC invocations=16763 (full 6):
 PSYoungGen      total 1329664K, used 1329023K [0x000000076ec00000, 0x00000007c0000000, 0x00000007c0000000)
  eden space 1328128K, 100% used [0x000000076ec00000,0x00000007bfd00000,0x00000007bfd00000)
  from space 1536K, 58% used [0x00000007bfe80000,0x00000007bff5fd10,0x00000007c0000000)
  to   space 1536K, 0% used [0x00000007bfd00000,0x00000007bfd00000,0x00000007bfe80000)
 ParOldGen       total 2464768K, used 912354K [0x00000006cc400000, 0x0000000762b00000, 0x000000076ec00000)
  object space 2464768K, 37% used [0x00000006cc400000,0x0000000703ef8ae8,0x0000000762b00000)
 Metaspace       used 102762K, capacity 112670K, committed 112920K, reserved 1146880K
  class space    used 13068K, capacity 15119K, committed 15144K, reserved 1048576K
Event: 731254.480 GC heap after
Heap after GC invocations=16763 (full 6):
 PSYoungGen      total 1329664K, used 1072K [0x000000076ec00000, 0x00000007c0000000, 0x00000007c0000000)
  eden space 1328128K, 0% used [0x000000076ec00000,0x000000076ec00000,0x00000007bfd00000)
  from space 1536K, 69% used [0x00000007bfd00000,0x00000007bfe0c3c0,0x00000007bfe80000)
  to   space 1536K, 0% used [0x00000007bfe80000,0x00000007bfe80000,0x00000007c0000000)
 ParOldGen       total 2464768K, used 912434K [0x00000006cc400000, 0x0000000762b00000, 0x000000076ec00000)
  object space 2464768K, 37% used [0x00000006cc400000,0x0000000703f0cb18,0x0000000762b00000)
 Metaspace       used 102762K, capacity 112670K, committed 112920K, reserved 1146880K
  class space    used 13068K, capacity 15119K, committed 15144K, reserved 1048576K
}
Event: 731414.744 GC heap before
{Heap before GC invocations=16764 (full 6):
 PSYoungGen      total 1329664K, used 1329200K [0x000000076ec00000, 0x00000007c0000000, 0x00000007c0000000)
  eden space 1328128K, 100% used [0x000000076ec00000,0x00000007bfd00000,0x00000007bfd00000)
  from space 1536K, 69% used [0x00000007bfd00000,0x00000007bfe0c3c0,0x00000007bfe80000)
  to   space 1536K, 0% used [0x00000007bfe80000,0x00000007bfe80000,0x00000007c0000000)
 ParOldGen       total 2464768K, used 912434K [0x00000006cc400000, 0x0000000762b00000, 0x000000076ec00000)
  object space 2464768K, 37% used [0x00000006cc400000,0x0000000703f0cb18,0x0000000762b00000)
 Metaspace       used 102762K, capacity 112670K, committed 112920K, reserved 1146880K
  class space    used 13068K, capacity 15119K, committed 15144K, reserved 1048576K
Event: 731414.754 GC heap after
Heap after GC invocations=16764 (full 6):
 PSYoungGen      total 1329664K, used 831K [0x000000076ec00000, 0x00000007c0000000, 0x00000007c0000000)
  eden space 1328128K, 0% used [0x000000076ec00000,0x000000076ec00000,0x00000007bfd00000)
  from space 1536K, 54% used [0x00000007bfe80000,0x00000007bff4fe90,0x00000007c0000000)
  to   space 1536K, 0% used [0x00000007bfd00000,0x00000007bfd00000,0x00000007bfe80000)
 ParOldGen       total 2464768K, used 912442K [0x00000006cc400000, 0x0000000762b00000, 0x000000076ec00000)
  object space 2464768K, 37% used [0x00000006cc400000,0x0000000703f0eb18,0x0000000762b00000)
 Metaspace       used 102762K, capacity 112670K, committed 112920K, reserved 1146880K
  class space    used 13068K, capacity 15119K, committed 15144K, reserved 1048576K
}
Event: 731572.467 GC heap before
{Heap before GC invocations=16765 (full 6):
 PSYoungGen      total 1329664K, used 1328959K [0x000000076ec00000, 0x00000007c0000000, 0x00000007c0000000)
  eden space 1328128K, 100% used [0x000000076ec00000,0x00000007bfd00000,0x00000007bfd00000)
  from space 1536K, 54% used [0x00000007bfe80000,0x00000007bff4fe90,0x00000007c0000000)
  to   space 1536K, 0% used [0x00000007bfd00000,0x00000007bfd00000,0x00000007bfe80000)
 ParOldGen       total 2464768K, used 912442K [0x00000006cc400000, 0x0000000762b00000, 0x000000076ec00000)
  object space 2464768K, 37% used [0x00000006cc400000,0x0000000703f0eb18,0x0000000762b00000)
 Metaspace       used 102762K, capacity 112670K, committed 112920K, reserved 1146880K
  class space    used 13068K, capacity 15119K, committed 15144K, reserved 1048576K
Event: 731572.477 GC heap after
Heap after GC invocations=16765 (full 6):
 PSYoungGen      total 1329664K, used 959K [0x000000076ec00000, 0x00000007c0000000, 0x00000007c0000000)
  eden space 1328128K, 0% used [0x000000076ec00000,0x000000076ec00000,0x00000007bfd00000)
  from space 1536K, 62% used [0x00000007bfd00000,0x00000007bfdefe90,0x00000007bfe80000)
  to   space 1536K, 0% used [0x00000007bfe80000,0x00000007bfe80000,0x00000007c0000000)
 ParOldGen       total 2464768K, used 912490K [0x00000006cc400000, 0x0000000762b00000, 0x000000076ec00000)
  object space 2464768K, 37% used [0x00000006cc400000,0x0000000703f1ab18,0x0000000762b00000)
 Metaspace       used 102762K, capacity 112670K, committed 112920K, reserved 1146880K
  class space    used 13068K, capacity 15119K, committed 15144K, reserved 1048576K
}
Event: 731733.651 GC heap before
{Heap before GC invocations=16766 (full 6):
 PSYoungGen      total 1329664K, used 1329087K [0x000000076ec00000, 0x00000007c0000000, 0x00000007c0000000)
  eden space 1328128K, 100% used [0x000000076ec00000,0x00000007bfd00000,0x00000007bfd00000)
  from space 1536K, 62% used [0x00000007bfd00000,0x00000007bfdefe90,0x00000007bfe80000)
  to   space 1536K, 0% used [0x00000007bfe80000,0x00000007bfe80000,0x00000007c0000000)
 ParOldGen       total 2464768K, used 912490K [0x00000006cc400000, 0x0000000762b00000, 0x000000076ec00000)
  object space 2464768K, 37% used [0x00000006cc400000,0x0000000703f1ab18,0x0000000762b00000)
 Metaspace       used 102762K, capacity 112670K, committed 112920K, reserved 1146880K
  class space    used 13068K, capacity 15119K, committed 15144K, reserved 1048576K
Event: 731733.661 GC heap after
Heap after GC invocations=16766 (full 6):
 PSYoungGen      total 1329664K, used 799K [0x000000076ec00000, 0x00000007c0000000, 0x00000007c0000000)
  eden space 1328128K, 0% used [0x000000076ec00000,0x000000076ec00000,0x00000007bfd00000)
  from space 1536K, 52% used [0x00000007bfe80000,0x00000007bff47e90,0x00000007c0000000)
  to   space 1536K, 0% used [0x00000007bfd00000,0x00000007bfd00000,0x00000007bfe80000)
 ParOldGen       total 2464768K, used 912538K [0x00000006cc400000, 0x0000000762b00000, 0x000000076ec00000)
  object space 2464768K, 37% used [0x00000006cc400000,0x0000000703f26b18,0x0000000762b00000)
 Metaspace       used 102762K, capacity 112670K, committed 112920K, reserved 1146880K
  class space    used 13068K, capacity 15119K, committed 15144K, reserved 1048576K
}
Event: 731891.817 GC heap before
{Heap before GC invocations=16767 (full 6):
 PSYoungGen      total 1329664K, used 1328927K [0x000000076ec00000, 0x00000007c0000000, 0x00000007c0000000)
  eden space 1328128K, 100% used [0x000000076ec00000,0x00000007bfd00000,0x00000007bfd00000)
  from space 1536K, 52% used [0x00000007bfe80000,0x00000007bff47e90,0x00000007c0000000)
  to   space 1536K, 0% used [0x00000007bfd00000,0x00000007bfd00000,0x00000007bfe80000)
 ParOldGen       total 2464768K, used 912538K [0x00000006cc400000, 0x0000000762b00000, 0x000000076ec00000)
  object space 2464768K, 37% used [0x00000006cc400000,0x0000000703f26b18,0x0000000762b00000)
 Metaspace       used 102762K, capacity 112670K, committed 112920K, reserved 1146880K
  class space    used 13068K, capacity 15119K, committed 15144K, reserved 1048576K
Event: 731891.827 GC heap after
Heap after GC invocations=16767 (full 6):
 PSYoungGen      total 1329664K, used 863K [0x000000076ec00000, 0x00000007c0000000, 0x00000007c0000000)
  eden space 1328128K, 0% used [0x000000076ec00000,0x000000076ec00000,0x00000007bfd00000)
  from space 1536K, 56% used [0x00000007bfd00000,0x00000007bfdd7d10,0x00000007bfe80000)
  to   space 1536K, 0% used [0x00000007bfe80000,0x00000007bfe80000,0x00000007c0000000)
 ParOldGen       total 2464768K, used 912546K [0x00000006cc400000, 0x0000000762b00000, 0x000000076ec00000)
  object space 2464768K, 37% used [0x00000006cc400000,0x0000000703f28b18,0x0000000762b00000)
 Metaspace       used 102762K, capacity 112670K, committed 112920K, reserved 1146880K
  class space    used 13068K, capacity 15119K, committed 15144K, reserved 1048576K
}
Event: 732045.725 GC heap before
{Heap before GC invocations=16768 (full 6):
 PSYoungGen      total 1329664K, used 1328991K [0x000000076ec00000, 0x00000007c0000000, 0x00000007c0000000)
  eden space 1328128K, 100% used [0x000000076ec00000,0x00000007bfd00000,0x00000007bfd00000)
  from space 1536K, 56% used [0x00000007bfd00000,0x00000007bfdd7d10,0x00000007bfe80000)
  to   space 1536K, 0% used [0x00000007bfe80000,0x00000007bfe80000,0x00000007c0000000)
 ParOldGen       total 2464768K, used 912546K [0x00000006cc400000, 0x0000000762b00000, 0x000000076ec00000)
  object space 2464768K, 37% used [0x00000006cc400000,0x0000000703f28b18,0x0000000762b00000)
 Metaspace       used 102762K, capacity 112670K, committed 112920K, reserved 1146880K
  class space    used 13068K, capacity 15119K, committed 15144K, reserved 1048576K
Event: 732045.736 GC heap after
Heap after GC invocations=16768 (full 6):
 PSYoungGen      total 1329664K, used 959K [0x000000076ec00000, 0x00000007c0000000, 0x00000007c0000000)
  eden space 1328128K, 0% used [0x000000076ec00000,0x000000076ec00000,0x00000007bfd00000)
  from space 1536K, 62% used [0x00000007bfe80000,0x00000007bff6fe90,0x00000007c0000000)
  to   space 1536K, 0% used [0x00000007bfd00000,0x00000007bfd00000,0x00000007bfe80000)
 ParOldGen       total 2464768K, used 912594K [0x00000006cc400000, 0x0000000762b00000, 0x000000076ec00000)
  object space 2464768K, 37% used [0x00000006cc400000,0x0000000703f34b18,0x0000000762b00000)
 Metaspace       used 102762K, capacity 112670K, committed 112920K, reserved 1146880K
  class space    used 13068K, capacity 15119K, committed 15144K, reserved 1048576K
}
Event: 732201.320 GC heap before
{Heap before GC invocations=16769 (full 6):
 PSYoungGen      total 1329664K, used 1329087K [0x000000076ec00000, 0x00000007c0000000, 0x00000007c0000000)
  eden space 1328128K, 100% used [0x000000076ec00000,0x00000007bfd00000,0x00000007bfd00000)
  from space 1536K, 62% used [0x00000007bfe80000,0x00000007bff6fe90,0x00000007c0000000)
  to   space 1536K, 0% used [0x00000007bfd00000,0x00000007bfd00000,0x00000007bfe80000)
 ParOldGen       total 2464768K, used 912594K [0x00000006cc400000, 0x0000000762b00000, 0x000000076ec00000)
  object space 2464768K, 37% used [0x00000006cc400000,0x0000000703f34b18,0x0000000762b00000)
 Metaspace       used 102762K, capacity 112670K, committed 112920K, reserved 1146880K
  class space    used 13068K, capacity 15119K, committed 15144K, reserved 1048576K
Event: 732201.330 GC heap after
Heap after GC invocations=16769 (full 6):
 PSYoungGen      total 1329664K, used 1071K [0x000000076ec00000, 0x00000007c0000000, 0x00000007c0000000)
  eden space 1328128K, 0% used [0x000000076ec00000,0x000000076ec00000,0x00000007bfd00000)
  from space 1536K, 69% used [0x00000007bfd00000,0x00000007bfe0bf40,0x00000007bfe80000)
  to   space 1536K, 0% used [0x00000007bfe80000,0x00000007bfe80000,0x00000007c0000000)
 ParOldGen       total 2464768K, used 912602K [0x00000006cc400000, 0x0000000762b00000, 0x000000076ec00000)
  object space 2464768K, 37% used [0x00000006cc400000,0x0000000703f36b18,0x0000000762b00000)
 Metaspace       used 102762K, capacity 112670K, committed 112920K, reserved 1146880K
  class space    used 13068K, capacity 15119K, committed 15144K, reserved 1048576K
}
Event: 732354.900 GC heap before
{Heap before GC invocations=16770 (full 6):
 PSYoungGen      total 1329664K, used 1329199K [0x000000076ec00000, 0x00000007c0000000, 0x00000007c0000000)
  eden space 1328128K, 100% used [0x000000076ec00000,0x00000007bfd00000,0x00000007bfd00000)
  from space 1536K, 69% used [0x00000007bfd00000,0x00000007bfe0bf40,0x00000007bfe80000)
  to   space 1536K, 0% used [0x00000007bfe80000,0x00000007bfe80000,0x00000007c0000000)
 ParOldGen       total 2464768K, used 912602K [0x00000006cc400000, 0x0000000762b00000, 0x000000076ec00000)
  object space 2464768K, 37% used [0x00000006cc400000,0x0000000703f36b18,0x0000000762b00000)
 Metaspace       used 102762K, capacity 112670K, committed 112920K, reserved 1146880K
  class space    used 13068K, capacity 15119K, committed 15144K, reserved 1048576K
Event: 732354.911 GC heap after
Heap after GC invocations=16770 (full 6):
 PSYoungGen      total 1329664K, used 863K [0x000000076ec00000, 0x00000007c0000000, 0x00000007c0000000)
  eden space 1328128K, 0% used [0x000000076ec00000,0x000000076ec00000,0x00000007bfd00000)
  from space 1536K, 56% used [0x00000007bfe80000,0x00000007bff57e90,0x00000007c0000000)
  to   space 1536K, 0% used [0x00000007bfd00000,0x00000007bfd00000,0x00000007bfe80000)
 ParOldGen       total 2464768K, used 912650K [0x00000006cc400000, 0x0000000762b00000, 0x000000076ec00000)
  object space 2464768K, 37% used [0x00000006cc400000,0x0000000703f42b18,0x0000000762b00000)
 Metaspace       used 102762K, capacity 112670K, committed 112920K, reserved 1146880K
  class space    used 13068K, capacity 15119K, committed 15144K, reserved 1048576K
}
Event: 732509.926 GC heap before
{Heap before GC invocations=16771 (full 6):
 PSYoungGen      total 1329664K, used 1328991K [0x000000076ec00000, 0x00000007c0000000, 0x00000007c0000000)
  eden space 1328128K, 100% used [0x000000076ec00000,0x00000007bfd00000,0x00000007bfd00000)
  from space 1536K, 56% used [0x00000007bfe80000,0x00000007bff57e90,0x00000007c0000000)
  to   space 1536K, 0% used [0x00000007bfd00000,0x00000007bfd00000,0x00000007bfe80000)
 ParOldGen       total 2464768K, used 912650K [0x00000006cc400000, 0x0000000762b00000, 0x000000076ec00000)
  object space 2464768K, 37% used [0x00000006cc400000,0x0000000703f42b18,0x0000000762b00000)
 Metaspace       used 102762K, capacity 112670K, committed 112920K, reserved 1146880K
  class space    used 13068K, capacity 15119K, committed 15144K, reserved 1048576K
Event: 732509.936 GC heap after
Heap after GC invocations=16771 (full 6):
 PSYoungGen      total 1329664K, used 863K [0x000000076ec00000, 0x00000007c0000000, 0x00000007c0000000)
  eden space 1328128K, 0% used [0x000000076ec00000,0x000000076ec00000,0x00000007bfd00000)
  from space 1536K, 56% used [0x00000007bfd00000,0x00000007bfdd7d10,0x00000007bfe80000)
  to   space 1536K, 0% used [0x00000007bfe80000,0x00000007bfe80000,0x00000007c0000000)
 ParOldGen       total 2464768K, used 912666K [0x00000006cc400000, 0x0000000762b00000, 0x000000076ec00000)
  object space 2464768K, 37% used [0x00000006cc400000,0x0000000703f46b18,0x0000000762b00000)
 Metaspace       used 102762K, capacity 112670K, committed 112920K, reserved 1146880K
  class space    used 13068K, capacity 15119K, committed 15144K, reserved 1048576K
}
Event: 732659.815 GC heap before
{Heap before GC invocations=16772 (full 6):
 PSYoungGen      total 1329664K, used 1328991K [0x000000076ec00000, 0x00000007c0000000, 0x00000007c0000000)
  eden space 1328128K, 100% used [0x000000076ec00000,0x00000007bfd00000,0x00000007bfd00000)
  from space 1536K, 56% used [0x00000007bfd00000,0x00000007bfdd7d10,0x00000007bfe80000)
  to   space 1536K, 0% used [0x00000007bfe80000,0x00000007bfe80000,0x00000007c0000000)
 ParOldGen       total 2464768K, used 912666K [0x00000006cc400000, 0x0000000762b00000, 0x000000076ec00000)
  object space 2464768K, 37% used [0x00000006cc400000,0x0000000703f46b18,0x0000000762b00000)
 Metaspace       used 102762K, capacity 112670K, committed 112920K, reserved 1146880K
  class space    used 13068K, capacity 15119K, committed 15144K, reserved 1048576K
Event: 732659.826 GC heap after
Heap after GC invocations=16772 (full 6):
 PSYoungGen      total 1329664K, used 944K [0x000000076ec00000, 0x00000007c0000000, 0x00000007c0000000)
  eden space 1328128K, 0% used [0x000000076ec00000,0x000000076ec00000,0x00000007bfd00000)
  from space 1536K, 61% used [0x00000007bfe80000,0x00000007bff6c0c0,0x00000007c0000000)
  to   space 1536K, 0% used [0x00000007bfd00000,0x00000007bfd00000,0x00000007bfe80000)
 ParOldGen       total 2464768K, used 912706K [0x00000006cc400000, 0x0000000762b00000, 0x000000076ec00000)
  object space 2464768K, 37% used [0x00000006cc400000,0x0000000703f50b18,0x0000000762b00000)
 Metaspace       used 102762K, capacity 112670K, committed 112920K, reserved 1146880K
  class space    used 13068K, capacity 15119K, committed 15144K, reserved 1048576K
}
Event: 732815.300 GC heap before
{Heap before GC invocations=16773 (full 6):
 PSYoungGen      total 1329664K, used 1329072K [0x000000076ec00000, 0x00000007c0000000, 0x00000007c0000000)
  eden space 1328128K, 100% used [0x000000076ec00000,0x00000007bfd00000,0x00000007bfd00000)
  from space 1536K, 61% used [0x00000007bfe80000,0x00000007bff6c0c0,0x00000007c0000000)
  to   space 1536K, 0% used [0x00000007bfd00000,0x00000007bfd00000,0x00000007bfe80000)
 ParOldGen       total 2464768K, used 912706K [0x00000006cc400000, 0x0000000762b00000, 0x000000076ec00000)
  object space 2464768K, 37% used [0x00000006cc400000,0x0000000703f50b18,0x0000000762b00000)
 Metaspace       used 102762K, capacity 112670K, committed 112920K, reserved 1146880K
  class space    used 13068K, capacity 15119K, committed 15144K, reserved 1048576K
Event: 732815.311 GC heap after
Heap after GC invocations=16773 (full 6):
 PSYoungGen      total 1329664K, used 863K [0x000000076ec00000, 0x00000007c0000000, 0x00000007c0000000)
  eden space 1328128K, 0% used [0x000000076ec00000,0x000000076ec00000,0x00000007bfd00000)
  from space 1536K, 56% used [0x00000007bfd00000,0x00000007bfdd7d10,0x00000007bfe80000)
  to   space 1536K, 0% used [0x00000007bfe80000,0x00000007bfe80000,0x00000007c0000000)
 ParOldGen       total 2464768K, used 912722K [0x00000006cc400000, 0x0000000762b00000, 0x000000076ec00000)
  object space 2464768K, 37% used [0x00000006cc400000,0x0000000703f54b18,0x0000000762b00000)
 Metaspace       used 102762K, capacity 112670K, committed 112920K, reserved 1146880K
  class space    used 13068K, capacity 15119K, committed 15144K, reserved 1048576K
}
Event: 732967.436 GC heap before
{Heap before GC invocations=16774 (full 6):
 PSYoungGen      total 1329664K, used 1328991K [0x000000076ec00000, 0x00000007c0000000, 0x00000007c0000000)
  eden space 1328128K, 100% used [0x000000076ec00000,0x00000007bfd00000,0x00000007bfd00000)
  from space 1536K, 56% used [0x00000007bfd00000,0x00000007bfdd7d10,0x00000007bfe80000)
  to   space 1536K, 0% used [0x00000007bfe80000,0x00000007bfe80000,0x00000007c0000000)
 ParOldGen       total 2464768K, used 912722K [0x00000006cc400000, 0x0000000762b00000, 0x000000076ec00000)
  object space 2464768K, 37% used [0x00000006cc400000,0x0000000703f54b18,0x0000000762b00000)
 Metaspace       used 102762K, capacity 112670K, committed 112920K, reserved 1146880K
  class space    used 13068K, capacity 15119K, committed 15144K, reserved 1048576K
Event: 732967.447 GC heap after
Heap after GC invocations=16774 (full 6):
 PSYoungGen      total 1329664K, used 1009K [0x000000076ec00000, 0x00000007c0000000, 0x00000007c0000000)
  eden space 1328128K, 0% used [0x000000076ec00000,0x000000076ec00000,0x00000007bfd00000)
  from space 1536K, 65% used [0x00000007bfe80000,0x00000007bff7c540,0x00000007c0000000)
  to   space 1536K, 0% used [0x00000007bfd00000,0x00000007bfd00000,0x00000007bfe80000)
 ParOldGen       total 2464768K, used 912762K [0x00000006cc400000, 0x0000000762b00000, 0x000000076ec00000)
  object space 2464768K, 37% used [0x00000006cc400000,0x0000000703f5eb18,0x0000000762b00000)
 Metaspace       used 102762K, capacity 112670K, committed 112920K, reserved 1146880K
  class space    used 13068K, capacity 15119K, committed 15144K, reserved 1048576K
}
Event: 733122.664 GC heap before
{Heap before GC invocations=16775 (full 6):
 PSYoungGen      total 1329664K, used 1329137K [0x000000076ec00000, 0x00000007c0000000, 0x00000007c0000000)
  eden space 1328128K, 100% used [0x000000076ec00000,0x00000007bfd00000,0x00000007bfd00000)
  from space 1536K, 65% used [0x00000007bfe80000,0x00000007bff7c540,0x00000007c0000000)
  to   space 1536K, 0% used [0x00000007bfd00000,0x00000007bfd00000,0x00000007bfe80000)
 ParOldGen       total 2464768K, used 912762K [0x00000006cc400000, 0x0000000762b00000, 0x000000076ec00000)
  object space 2464768K, 37% used [0x00000006cc400000,0x0000000703f5eb18,0x0000000762b00000)
 Metaspace       used 102762K, capacity 112670K, committed 112920K, reserved 1146880K
  class space    used 13068K, capacity 15119K, committed 15144K, reserved 1048576K
Event: 733122.674 GC heap after
Heap after GC invocations=16775 (full 6):
 PSYoungGen      total 1329664K, used 799K [0x000000076ec00000, 0x00000007c0000000, 0x00000007c0000000)
  eden space 1328128K, 0% used [0x000000076ec00000,0x000000076ec00000,0x00000007bfd00000)
  from space 1536K, 52% used [0x00000007bfd00000,0x00000007bfdc7e90,0x00000007bfe80000)
  to   space 1536K, 0% used [0x00000007bfe80000,0x00000007bfe80000,0x00000007c0000000)
 ParOldGen       total 2464768K, used 912778K [0x00000006cc400000, 0x0000000762b00000, 0x000000076ec00000)
  object space 2464768K, 37% used [0x00000006cc400000,0x0000000703f62b18,0x0000000762b00000)
 Metaspace       used 102762K, capacity 112670K, committed 112920K, reserved 1146880K
  class space    used 13068K, capacity 15119K, committed 15144K, reserved 1048576K
}
Event: 733275.418 GC heap before
{Heap before GC invocations=16776 (full 6):
 PSYoungGen      total 1329664K, used 1328927K [0x000000076ec00000, 0x00000007c0000000, 0x00000007c0000000)
  eden space 1328128K, 100% used [0x000000076ec00000,0x00000007bfd00000,0x00000007bfd00000)
  from space 1536K, 52% used [0x00000007bfd00000,0x00000007bfdc7e90,0x00000007bfe80000)
  to   space 1536K, 0% used [0x00000007bfe80000,0x00000007bfe80000,0x00000007c0000000)
 ParOldGen       total 2464768K, used 912778K [0x00000006cc400000, 0x0000000762b00000, 0x000000076ec00000)
  object space 2464768K, 37% used [0x00000006cc400000,0x0000000703f62b18,0x0000000762b00000)
 Metaspace       used 102762K, capacity 112670K, committed 112920K, reserved 1146880K
  class space    used 13068K, capacity 15119K, committed 15144K, reserved 1048576K
Event: 733275.430 GC heap after
Heap after GC invocations=16776 (full 6):
 PSYoungGen      total 1329664K, used 1023K [0x000000076ec00000, 0x00000007c0000000, 0x00000007c0000000)
  eden space 1328128K, 0% used [0x000000076ec00000,0x000000076ec00000,0x00000007bfd00000)
  from space 1536K, 66% used [0x00000007bfe80000,0x00000007bff7fd10,0x00000007c0000000)
  to   space 1536K, 0% used [0x00000007bfd00000,0x00000007bfd00000,0x00000007bfe80000)
 ParOldGen       total 2464768K, used 912818K [0x00000006cc400000, 0x0000000762b00000, 0x000000076ec00000)
  object space 2464768K, 37% used [0x00000006cc400000,0x0000000703f6cb18,0x0000000762b00000)
 Metaspace       used 102762K, capacity 112670K, committed 112920K, reserved 1146880K
  class space    used 13068K, capacity 15119K, committed 15144K, reserved 1048576K
}
Event: 733429.501 GC heap before
{Heap before GC invocations=16777 (full 6):
 PSYoungGen      total 1329664K, used 1329151K [0x000000076ec00000, 0x00000007c0000000, 0x00000007c0000000)
  eden space 1328128K, 100% used [0x000000076ec00000,0x00000007bfd00000,0x00000007bfd00000)
  from space 1536K, 66% used [0x00000007bfe80000,0x00000007bff7fd10,0x00000007c0000000)
  to   space 1536K, 0% used [0x00000007bfd00000,0x00000007bfd00000,0x00000007bfe80000)
 ParOldGen       total 2464768K, used 912818K [0x00000006cc400000, 0x0000000762b00000, 0x000000076ec00000)
  object space 2464768K, 37% used [0x00000006cc400000,0x0000000703f6cb18,0x0000000762b00000)
 Metaspace       used 102762K, capacity 112670K, committed 112920K, reserved 1146880K
  class space    used 13068K, capacity 15119K, committed 15144K, reserved 1048576K
Event: 733429.511 GC heap after
Heap after GC invocations=16777 (full 6):
 PSYoungGen      total 1329664K, used 863K [0x000000076ec00000, 0x00000007c0000000, 0x00000007c0000000)
  eden space 1328128K, 0% used [0x000000076ec00000,0x000000076ec00000,0x00000007bfd00000)
  from space 1536K, 56% used [0x00000007bfd00000,0x00000007bfdd7d10,0x00000007bfe80000)
  to   space 1536K, 0% used [0x00000007bfe80000,0x00000007bfe80000,0x00000007c0000000)
 ParOldGen       total 2464768K, used 912834K [0x00000006cc400000, 0x0000000762b00000, 0x000000076ec00000)
  object space 2464768K, 37% used [0x00000006cc400000,0x0000000703f70b18,0x0000000762b00000)
 Metaspace       used 102762K, capacity 112670K, committed 112920K, reserved 1146880K
  class space    used 13068K, capacity 15119K, committed 15144K, reserved 1048576K
}
Event: 733583.549 GC heap before
{Heap before GC invocations=16778 (full 6):
 PSYoungGen      total 1329664K, used 1328991K [0x000000076ec00000, 0x00000007c0000000, 0x00000007c0000000)
  eden space 1328128K, 100% used [0x000000076ec00000,0x00000007bfd00000,0x00000007bfd00000)
  from space 1536K, 56% used [0x00000007bfd00000,0x00000007bfdd7d10,0x00000007bfe80000)
  to   space 1536K, 0% used [0x00000007bfe80000,0x00000007bfe80000,0x00000007c0000000)
 ParOldGen       total 2464768K, used 912834K [0x00000006cc400000, 0x0000000762b00000, 0x000000076ec00000)
  object space 2464768K, 37% used [0x00000006cc400000,0x0000000703f70b18,0x0000000762b00000)
 Metaspace       used 102762K, capacity 112670K, committed 112920K, reserved 1146880K
  class space    used 13068K, capacity 15119K, committed 15144K, reserved 1048576K
Event: 733583.559 GC heap after
Heap after GC invocations=16778 (full 6):
 PSYoungGen      total 1329664K, used 863K [0x000000076ec00000, 0x00000007c0000000, 0x00000007c0000000)
  eden space 1328128K, 0% used [0x000000076ec00000,0x000000076ec00000,0x00000007bfd00000)
  from space 1536K, 56% used [0x00000007bfe80000,0x00000007bff57d10,0x00000007c0000000)
  to   space 1536K, 0% used [0x00000007bfd00000,0x00000007bfd00000,0x00000007bfe80000)
 ParOldGen       total 2464768K, used 912874K [0x00000006cc400000, 0x0000000762b00000, 0x000000076ec00000)
  object space 2464768K, 37% used [0x00000006cc400000,0x0000000703f7ab18,0x0000000762b00000)
 Metaspace       used 102762K, capacity 112670K, committed 112920K, reserved 1146880K
  class space    used 13068K, capacity 15119K, committed 15144K, reserved 1048576K
}
Event: 733739.566 GC heap before
{Heap before GC invocations=16779 (full 6):
 PSYoungGen      total 1329664K, used 1328991K [0x000000076ec00000, 0x00000007c0000000, 0x00000007c0000000)
  eden space 1328128K, 100% used [0x000000076ec00000,0x00000007bfd00000,0x00000007bfd00000)
  from space 1536K, 56% used [0x00000007bfe80000,0x00000007bff57d10,0x00000007c0000000)
  to   space 1536K, 0% used [0x00000007bfd00000,0x00000007bfd00000,0x00000007bfe80000)
 ParOldGen       total 2464768K, used 912874K [0x00000006cc400000, 0x0000000762b00000, 0x000000076ec00000)
  object space 2464768K, 37% used [0x00000006cc400000,0x0000000703f7ab18,0x0000000762b00000)
 Metaspace       used 102762K, capacity 112670K, committed 112920K, reserved 1146880K
  class space    used 13068K, capacity 15119K, committed 15144K, reserved 1048576K
Event: 733739.576 GC heap after
Heap after GC invocations=16779 (full 6):
 PSYoungGen      total 1329664K, used 799K [0x000000076ec00000, 0x00000007c0000000, 0x00000007c0000000)
  eden space 1328128K, 0% used [0x000000076ec00000,0x000000076ec00000,0x00000007bfd00000)
  from space 1536K, 52% used [0x00000007bfd00000,0x00000007bfdc7e90,0x00000007bfe80000)
  to   space 1536K, 0% used [0x00000007bfe80000,0x00000007bfe80000,0x00000007c0000000)
 ParOldGen       total 2464768K, used 912890K [0x00000006cc400000, 0x0000000762b00000, 0x000000076ec00000)
  object space 2464768K, 37% used [0x00000006cc400000,0x0000000703f7eb18,0x0000000762b00000)
 Metaspace       used 102762K, capacity 112670K, committed 112920K, reserved 1146880K
  class space    used 13068K, capacity 15119K, committed 15144K, reserved 1048576K
}
Event: 733890.455 GC heap before
{Heap before GC invocations=16780 (full 6):
 PSYoungGen      total 1329664K, used 1328927K [0x000000076ec00000, 0x00000007c0000000, 0x00000007c0000000)
  eden space 1328128K, 100% used [0x000000076ec00000,0x00000007bfd00000,0x00000007bfd00000)
  from space 1536K, 52% used [0x00000007bfd00000,0x00000007bfdc7e90,0x00000007bfe80000)
  to   space 1536K, 0% used [0x00000007bfe80000,0x00000007bfe80000,0x00000007c0000000)
 ParOldGen       total 2464768K, used 912890K [0x00000006cc400000, 0x0000000762b00000, 0x000000076ec00000)
  object space 2464768K, 37% used [0x00000006cc400000,0x0000000703f7eb18,0x0000000762b00000)
 Metaspace       used 102762K, capacity 112670K, committed 112920K, reserved 1146880K
  class space    used 13068K, capacity 15119K, committed 15144K, reserved 1048576K
Event: 733890.465 GC heap after
Heap after GC invocations=16780 (full 6):
 PSYoungGen      total 1329664K, used 959K [0x000000076ec00000, 0x00000007c0000000, 0x00000007c0000000)
  eden space 1328128K, 0% used [0x000000076ec00000,0x000000076ec00000,0x00000007bfd00000)
  from space 1536K, 62% used [0x00000007bfe80000,0x00000007bff6fd10,0x00000007c0000000)
  to   space 1536K, 0% used [0x00000007bfd00000,0x00000007bfd00000,0x00000007bfe80000)
 ParOldGen       total 2464768K, used 912938K [0x00000006cc400000, 0x0000000762b00000, 0x000000076ec00000)
  object space 2464768K, 37% used [0x00000006cc400000,0x0000000703f8ab18,0x0000000762b00000)
 Metaspace       used 102762K, capacity 112670K, committed 112920K, reserved 1146880K
  class space    used 13068K, capacity 15119K, committed 15144K, reserved 1048576K
}
Event: 734044.508 GC heap before
{Heap before GC invocations=16781 (full 6):
 PSYoungGen      total 1329664K, used 1329087K [0x000000076ec00000, 0x00000007c0000000, 0x00000007c0000000)
  eden space 1328128K, 100% used [0x000000076ec00000,0x00000007bfd00000,0x00000007bfd00000)
  from space 1536K, 62% used [0x00000007bfe80000,0x00000007bff6fd10,0x00000007c0000000)
  to   space 1536K, 0% used [0x00000007bfd00000,0x00000007bfd00000,0x00000007bfe80000)
 ParOldGen       total 2464768K, used 912938K [0x00000006cc400000, 0x0000000762b00000, 0x000000076ec00000)
  object space 2464768K, 37% used [0x00000006cc400000,0x0000000703f8ab18,0x0000000762b00000)
 Metaspace       used 102762K, capacity 112670K, committed 112920K, reserved 1146880K
  class space    used 13068K, capacity 15119K, committed 15144K, reserved 1048576K
Event: 734044.518 GC heap after
Heap after GC invocations=16781 (full 6):
 PSYoungGen      total 1329664K, used 831K [0x000000076ec00000, 0x00000007c0000000, 0x00000007c0000000)
  eden space 1328128K, 0% used [0x000000076ec00000,0x000000076ec00000,0x00000007bfd00000)
  from space 1536K, 54% used [0x00000007bfd00000,0x00000007bfdcfe90,0x00000007bfe80000)
  to   space 1536K, 0% used [0x00000007bfe80000,0x00000007bfe80000,0x00000007c0000000)
 ParOldGen       total 2464768K, used 912946K [0x00000006cc400000, 0x0000000762b00000, 0x000000076ec00000)
  object space 2464768K, 37% used [0x00000006cc400000,0x0000000703f8cb18,0x0000000762b00000)
 Metaspace       used 102762K, capacity 112670K, committed 112920K, reserved 1146880K
  class space    used 13068K, capacity 15119K, committed 15144K, reserved 1048576K
}
Event: 734197.566 GC heap before
{Heap before GC invocations=16782 (full 6):
 PSYoungGen      total 1329664K, used 1328959K [0x000000076ec00000, 0x00000007c0000000, 0x00000007c0000000)
  eden space 1328128K, 100% used [0x000000076ec00000,0x00000007bfd00000,0x00000007bfd00000)
  from space 1536K, 54% used [0x00000007bfd00000,0x00000007bfdcfe90,0x00000007bfe80000)
  to   space 1536K, 0% used [0x00000007bfe80000,0x00000007bfe80000,0x00000007c0000000)
 ParOldGen       total 2464768K, used 912946K [0x00000006cc400000, 0x0000000762b00000, 0x000000076ec00000)
  object space 2464768K, 37% used [0x00000006cc400000,0x0000000703f8cb18,0x0000000762b00000)
 Metaspace       used 102762K, capacity 112670K, committed 112920K, reserved 1146880K
  class space    used 13068K, capacity 15119K, committed 15144K, reserved 1048576K
Event: 734197.576 GC heap after
Heap after GC invocations=16782 (full 6):
 PSYoungGen      total 1329664K, used 863K [0x000000076ec00000, 0x00000007c0000000, 0x00000007c0000000)
  eden space 1328128K, 0% used [0x000000076ec00000,0x000000076ec00000,0x00000007bfd00000)
  from space 1536K, 56% used [0x00000007bfe80000,0x00000007bff57d10,0x00000007c0000000)
  to   space 1536K, 0% used [0x00000007bfd00000,0x00000007bfd00000,0x00000007bfe80000)
 ParOldGen       total 2464768K, used 912986K [0x00000006cc400000, 0x0000000762b00000, 0x000000076ec00000)
  object space 2464768K, 37% used [0x00000006cc400000,0x0000000703f96b18,0x0000000762b00000)
 Metaspace       used 102762K, capacity 112670K, committed 112920K, reserved 1146880K
  class space    used 13068K, capacity 15119K, committed 15144K, reserved 1048576K
}
Event: 734351.601 GC heap before
{Heap before GC invocations=16783 (full 6):
 PSYoungGen      total 1329664K, used 1328991K [0x000000076ec00000, 0x00000007c0000000, 0x00000007c0000000)
  eden space 1328128K, 100% used [0x000000076ec00000,0x00000007bfd00000,0x00000007bfd00000)
  from space 1536K, 56% used [0x00000007bfe80000,0x00000007bff57d10,0x00000007c0000000)
  to   space 1536K, 0% used [0x00000007bfd00000,0x00000007bfd00000,0x00000007bfe80000)
 ParOldGen       total 2464768K, used 912986K [0x00000006cc400000, 0x0000000762b00000, 0x000000076ec00000)
  object space 2464768K, 37% used [0x00000006cc400000,0x0000000703f96b18,0x0000000762b00000)
 Metaspace       used 102762K, capacity 112670K, committed 112920K, reserved 1146880K
  class space    used 13068K, capacity 15119K, committed 15144K, reserved 1048576K
Event: 734351.610 GC heap after
Heap after GC invocations=16783 (full 6):
 PSYoungGen      total 1329664K, used 799K [0x000000076ec00000, 0x00000007c0000000, 0x00000007c0000000)
  eden space 1328128K, 0% used [0x000000076ec00000,0x000000076ec00000,0x00000007bfd00000)
  from space 1536K, 52% used [0x00000007bfd00000,0x00000007bfdc7e90,0x00000007bfe80000)
  to   space 1536K, 0% used [0x00000007bfe80000,0x00000007bfe80000,0x00000007c0000000)
 ParOldGen       total 2464768K, used 913034K [0x00000006cc400000, 0x0000000762b00000, 0x000000076ec00000)
  object space 2464768K, 37% used [0x00000006cc400000,0x0000000703fa2b18,0x0000000762b00000)
 Metaspace       used 102762K, capacity 112670K, committed 112920K, reserved 1146880K
  class space    used 13068K, capacity 15119K, committed 15144K, reserved 1048576K
}
Event: 734501.432 GC heap before
{Heap before GC invocations=16784 (full 6):
 PSYoungGen      total 1329664K, used 1328927K [0x000000076ec00000, 0x00000007c0000000, 0x00000007c0000000)
  eden space 1328128K, 100% used [0x000000076ec00000,0x00000007bfd00000,0x00000007bfd00000)
  from space 1536K, 52% used [0x00000007bfd00000,0x00000007bfdc7e90,0x00000007bfe80000)
  to   space 1536K, 0% used [0x00000007bfe80000,0x00000007bfe80000,0x00000007c0000000)
 ParOldGen       total 2464768K, used 913034K [0x00000006cc400000, 0x0000000762b00000, 0x000000076ec00000)
  object space 2464768K, 37% used [0x00000006cc400000,0x0000000703fa2b18,0x0000000762b00000)
 Metaspace       used 102766K, capacity 112670K, committed 112920K, reserved 1146880K
  class space    used 13068K, capacity 15119K, committed 15144K, reserved 1048576K
Event: 734501.442 GC heap after
Heap after GC invocations=16784 (full 6):
 PSYoungGen      total 1329664K, used 1137K [0x000000076ec00000, 0x00000007c0000000, 0x00000007c0000000)
  eden space 1328128K, 0% used [0x000000076ec00000,0x000000076ec00000,0x00000007bfd00000)
  from space 1536K, 74% used [0x00000007bfe80000,0x00000007bff9c5e0,0x00000007c0000000)
  to   space 1536K, 0% used [0x00000007bfd00000,0x00000007bfd00000,0x00000007bfe80000)
 ParOldGen       total 2464768K, used 913050K [0x00000006cc400000, 0x0000000762b00000, 0x000000076ec00000)
  object space 2464768K, 37% used [0x00000006cc400000,0x0000000703fa6b18,0x0000000762b00000)
 Metaspace       used 102766K, capacity 112670K, committed 112920K, reserved 1146880K
  class space    used 13068K, capacity 15119K, committed 15144K, reserved 1048576K
}
Event: 734658.619 GC heap before
{Heap before GC invocations=16785 (full 6):
 PSYoungGen      total 1329664K, used 1329265K [0x000000076ec00000, 0x00000007c0000000, 0x00000007c0000000)
  eden space 1328128K, 100% used [0x000000076ec00000,0x00000007bfd00000,0x00000007bfd00000)
  from space 1536K, 74% used [0x00000007bfe80000,0x00000007bff9c5e0,0x00000007c0000000)
  to   space 1536K, 0% used [0x00000007bfd00000,0x00000007bfd00000,0x00000007bfe80000)
 ParOldGen       total 2464768K, used 913050K [0x00000006cc400000, 0x0000000762b00000, 0x000000076ec00000)
  object space 2464768K, 37% used [0x00000006cc400000,0x0000000703fa6b18,0x0000000762b00000)
 Metaspace       used 102766K, capacity 112670K, committed 112920K, reserved 1146880K
  class space    used 13068K, capacity 15119K, committed 15144K, reserved 1048576K
Event: 734658.630 GC heap after
Heap after GC invocations=16785 (full 6):
 PSYoungGen      total 1329664K, used 895K [0x000000076ec00000, 0x00000007c0000000, 0x00000007c0000000)
  eden space 1328128K, 0% used [0x000000076ec00000,0x000000076ec00000,0x00000007bfd00000)
  from space 1536K, 58% used [0x00000007bfd00000,0x00000007bfddfd10,0x00000007bfe80000)
  to   space 1536K, 0% used [0x00000007bfe80000,0x00000007bfe80000,0x00000007c0000000)
 ParOldGen       total 2464768K, used 913090K [0x00000006cc400000, 0x0000000762b00000, 0x000000076ec00000)
  object space 2464768K, 37% used [0x00000006cc400000,0x0000000703fb0b18,0x0000000762b00000)
 Metaspace       used 102766K, capacity 112670K, committed 112920K, reserved 1146880K
  class space    used 13068K, capacity 15119K, committed 15144K, reserved 1048576K
}
Event: 734812.399 GC heap before
{Heap before GC invocations=16786 (full 6):
 PSYoungGen      total 1329664K, used 1329023K [0x000000076ec00000, 0x00000007c0000000, 0x00000007c0000000)
  eden space 1328128K, 100% used [0x000000076ec00000,0x00000007bfd00000,0x00000007bfd00000)
  from space 1536K, 58% used [0x00000007bfd00000,0x00000007bfddfd10,0x00000007bfe80000)
  to   space 1536K, 0% used [0x00000007bfe80000,0x00000007bfe80000,0x00000007c0000000)
 ParOldGen       total 2464768K, used 913090K [0x00000006cc400000, 0x0000000762b00000, 0x000000076ec00000)
  object space 2464768K, 37% used [0x00000006cc400000,0x0000000703fb0b18,0x0000000762b00000)
 Metaspace       used 102766K, capacity 112670K, committed 112920K, reserved 1146880K
  class space    used 13068K, capacity 15119K, committed 15144K, reserved 1048576K
Event: 734812.409 GC heap after
Heap after GC invocations=16786 (full 6):
 PSYoungGen      total 1329664K, used 1039K [0x000000076ec00000, 0x00000007c0000000, 0x00000007c0000000)
  eden space 1328128K, 0% used [0x000000076ec00000,0x000000076ec00000,0x00000007bfd00000)
  from space 1536K, 67% used [0x00000007bfe80000,0x00000007bff83f40,0x00000007c0000000)
  to   space 1536K, 0% used [0x00000007bfd00000,0x00000007bfd00000,0x00000007bfe80000)
 ParOldGen       total 2464768K, used 913098K [0x00000006cc400000, 0x0000000762b00000, 0x000000076ec00000)
  object space 2464768K, 37% used [0x00000006cc400000,0x0000000703fb2b18,0x0000000762b00000)
 Metaspace       used 102766K, capacity 112670K, committed 112920K, reserved 1146880K
  class space    used 13068K, capacity 15119K, committed 15144K, reserved 1048576K
}
Event: 734968.101 GC heap before
{Heap before GC invocations=16787 (full 6):
 PSYoungGen      total 1329664K, used 1329167K [0x000000076ec00000, 0x00000007c0000000, 0x00000007c0000000)
  eden space 1328128K, 100% used [0x000000076ec00000,0x00000007bfd00000,0x00000007bfd00000)
  from space 1536K, 67% used [0x00000007bfe80000,0x00000007bff83f40,0x00000007c0000000)
  to   space 1536K, 0% used [0x00000007bfd00000,0x00000007bfd00000,0x00000007bfe80000)
 ParOldGen       total 2464768K, used 913098K [0x00000006cc400000, 0x0000000762b00000, 0x000000076ec00000)
  object space 2464768K, 37% used [0x00000006cc400000,0x0000000703fb2b18,0x0000000762b00000)
 Metaspace       used 102766K, capacity 112670K, committed 112920K, reserved 1146880K
  class space    used 13068K, capacity 15119K, committed 15144K, reserved 1048576K
Event: 734968.111 GC heap after
Heap after GC invocations=16787 (full 6):
 PSYoungGen      total 1329664K, used 799K [0x000000076ec00000, 0x00000007c0000000, 0x00000007c0000000)
  eden space 1328128K, 0% used [0x000000076ec00000,0x000000076ec00000,0x00000007bfd00000)
  from space 1536K, 52% used [0x00000007bfd00000,0x00000007bfdc7e90,0x00000007bfe80000)
  to   space 1536K, 0% used [0x00000007bfe80000,0x00000007bfe80000,0x00000007c0000000)
 ParOldGen       total 2464768K, used 913138K [0x00000006cc400000, 0x0000000762b00000, 0x000000076ec00000)
  object space 2464768K, 37% used [0x00000006cc400000,0x0000000703fbcb18,0x0000000762b00000)
 Metaspace       used 102766K, capacity 112670K, committed 112920K, reserved 1146880K
  class space    used 13068K, capacity 15119K, committed 15144K, reserved 1048576K
}
Event: 735120.420 GC heap before
{Heap before GC invocations=16788 (full 6):
 PSYoungGen      total 1329664K, used 1328927K [0x000000076ec00000, 0x00000007c0000000, 0x00000007c0000000)
  eden space 1328128K, 100% used [0x000000076ec00000,0x00000007bfd00000,0x00000007bfd00000)
  from space 1536K, 52% used [0x00000007bfd00000,0x00000007bfdc7e90,0x00000007bfe80000)
  to   space 1536K, 0% used [0x00000007bfe80000,0x00000007bfe80000,0x00000007c0000000)
 ParOldGen       total 2464768K, used 913138K [0x00000006cc400000, 0x0000000762b00000, 0x000000076ec00000)
  object space 2464768K, 37% used [0x00000006cc400000,0x0000000703fbcb18,0x0000000762b00000)
 Metaspace       used 102766K, capacity 112670K, committed 112920K, reserved 1146880K
  class space    used 13068K, capacity 15119K, committed 15144K, reserved 1048576K
Event: 735120.430 GC heap after
Heap after GC invocations=16788 (full 6):
 PSYoungGen      total 1329664K, used 1055K [0x000000076ec00000, 0x00000007c0000000, 0x00000007c0000000)
  eden space 1328128K, 0% used [0x000000076ec00000,0x000000076ec00000,0x00000007bfd00000)
  from space 1536K, 68% used [0x00000007bfe80000,0x00000007bff87d10,0x00000007c0000000)
  to   space 1536K, 0% used [0x00000007bfd00000,0x00000007bfd00000,0x00000007bfe80000)
 ParOldGen       total 2464768K, used 913146K [0x00000006cc400000, 0x0000000762b00000, 0x000000076ec00000)
  object space 2464768K, 37% used [0x00000006cc400000,0x0000000703fbeb18,0x0000000762b00000)
 Metaspace       used 102766K, capacity 112670K, committed 112920K, reserved 1146880K
  class space    used 13068K, capacity 15119K, committed 15144K, reserved 1048576K
}
Event: 735274.246 GC heap before
{Heap before GC invocations=16789 (full 6):
 PSYoungGen      total 1329664K, used 1329183K [0x000000076ec00000, 0x00000007c0000000, 0x00000007c0000000)
  eden space 1328128K, 100% used [0x000000076ec00000,0x00000007bfd00000,0x00000007bfd00000)
  from space 1536K, 68% used [0x00000007bfe80000,0x00000007bff87d10,0x00000007c0000000)
  to   space 1536K, 0% used [0x00000007bfd00000,0x00000007bfd00000,0x00000007bfe80000)
 ParOldGen       total 2464768K, used 913146K [0x00000006cc400000, 0x0000000762b00000, 0x000000076ec00000)
  object space 2464768K, 37% used [0x00000006cc400000,0x0000000703fbeb18,0x0000000762b00000)
 Metaspace       used 102766K, capacity 112670K, committed 112920K, reserved 1146880K
  class space    used 13068K, capacity 15119K, committed 15144K, reserved 1048576K
Event: 735274.256 GC heap after
Heap after GC invocations=16789 (full 6):
 PSYoungGen      total 1329664K, used 831K [0x000000076ec00000, 0x00000007c0000000, 0x00000007c0000000)
  eden space 1328128K, 0% used [0x000000076ec00000,0x000000076ec00000,0x00000007bfd00000)
  from space 1536K, 54% used [0x00000007bfd00000,0x00000007bfdcfe90,0x00000007bfe80000)
  to   space 1536K, 0% used [0x00000007bfe80000,0x00000007bfe80000,0x00000007c0000000)
 ParOldGen       total 2464768K, used 913194K [0x00000006cc400000, 0x0000000762b00000, 0x000000076ec00000)
  object space 2464768K, 37% used [0x00000006cc400000,0x0000000703fcab18,0x0000000762b00000)
 Metaspace       used 102766K, capacity 112670K, committed 112920K, reserved 1146880K
  class space    used 13068K, capacity 15119K, committed 15144K, reserved 1048576K
}
Event: 735427.582 GC heap before
{Heap before GC invocations=16790 (full 6):
 PSYoungGen      total 1329664K, used 1328959K [0x000000076ec00000, 0x00000007c0000000, 0x00000007c0000000)
  eden space 1328128K, 100% used [0x000000076ec00000,0x00000007bfd00000,0x00000007bfd00000)
  from space 1536K, 54% used [0x00000007bfd00000,0x00000007bfdcfe90,0x00000007bfe80000)
  to   space 1536K, 0% used [0x00000007bfe80000,0x00000007bfe80000,0x00000007c0000000)
 ParOldGen       total 2464768K, used 913194K [0x00000006cc400000, 0x0000000762b00000, 0x000000076ec00000)
  object space 2464768K, 37% used [0x00000006cc400000,0x0000000703fcab18,0x0000000762b00000)
 Metaspace       used 102766K, capacity 112670K, committed 112920K, reserved 1146880K
  class space    used 13068K, capacity 15119K, committed 15144K, reserved 1048576K
Event: 735427.592 GC heap after
Heap after GC invocations=16790 (full 6):
 PSYoungGen      total 1329664K, used 895K [0x000000076ec00000, 0x00000007c0000000, 0x00000007c0000000)
  eden space 1328128K, 0% used [0x000000076ec00000,0x000000076ec00000,0x00000007bfd00000)
  from space 1536K, 58% used [0x00000007bfe80000,0x00000007bff5fd10,0x00000007c0000000)
  to   space 1536K, 0% used [0x00000007bfd00000,0x00000007bfd00000,0x00000007bfe80000)
 ParOldGen       total 2464768K, used 913210K [0x00000006cc400000, 0x0000000762b00000, 0x000000076ec00000)
  object space 2464768K, 37% used [0x00000006cc400000,0x0000000703fceb18,0x0000000762b00000)
 Metaspace       used 102766K, capacity 112670K, committed 112920K, reserved 1146880K
  class space    used 13068K, capacity 15119K, committed 15144K, reserved 1048576K
}

