# JRE version: OpenJDK Runtime Environment (8.0_222-b10) (build 1.8.0_222-b10)
# Java VM: OpenJDK 64-Bit Server VM (25.222-b10 mixed mode linux-amd64 compressed oops)
Heap:
 PSYoungGen      total 1163264K, used 0K [0x0000000777f80000, 0x00000007bff00000, 0x00000007c0000000)
  eden space 1147904K, 0% used [0x0000000777f80000,0x0000000777f80000,0x00000007be080000)
  from space 15360K, 0% used [0x00000007be080000,0x00000007be080000,0x00000007bef80000)
  to   space 14848K, 0% used [0x00000007bf080000,0x00000007bf080000,0x00000007bff00000)
 ParOldGen       total 1864192K, used 414109K [0x00000006e7e00000, 0x0000000759a80000, 0x0000000777f80000)
  object space 1864192K, 22% used [0x00000006e7e00000,0x0000000701267520,0x0000000759a80000)
 Metaspace       used 102546K, capacity 112369K, committed 112680K, reserved 1146880K
  class space    used 13014K, capacity 15030K, committed 15144K, reserved 1048576K
GC Heap History (250 events):
Event: 342355.457 GC heap after
Heap after GC invocations=12044 (full 7):
 PSYoungGen      total 1138176K, used 5583K [0x0000000777f80000, 0x00000007bff00000, 0x00000007c0000000)
  eden space 1099264K, 0% used [0x0000000777f80000,0x0000000777f80000,0x00000007bb100000)
  from space 38912K, 14% used [0x00000007bb100000,0x00000007bb673f68,0x00000007bd700000)
  to   space 37888K, 0% used [0x00000007bda00000,0x00000007bda00000,0x00000007bff00000)
 ParOldGen       total 1864192K, used 1833306K [0x00000006e7e00000, 0x0000000759a80000, 0x0000000777f80000)
  object space 1864192K, 98% used [0x00000006e7e00000,0x0000000757c568e0,0x0000000759a80000)
 Metaspace       used 102543K, capacity 112381K, committed 112680K, reserved 1146880K
  class space    used 13015K, capacity 15032K, committed 15144K, reserved 1048576K
}
Event: 342373.291 GC heap before
{Heap before GC invocations=12045 (full 7):
 PSYoungGen      total 1138176K, used 1104847K [0x0000000777f80000, 0x00000007bff00000, 0x00000007c0000000)
  eden space 1099264K, 100% used [0x0000000777f80000,0x00000007bb100000,0x00000007bb100000)
  from space 38912K, 14% used [0x00000007bb100000,0x00000007bb673f68,0x00000007bd700000)
  to   space 37888K, 0% used [0x00000007bda00000,0x00000007bda00000,0x00000007bff00000)
 ParOldGen       total 1864192K, used 1833306K [0x00000006e7e00000, 0x0000000759a80000, 0x0000000777f80000)
  object space 1864192K, 98% used [0x00000006e7e00000,0x0000000757c568e0,0x0000000759a80000)
 Metaspace       used 102543K, capacity 112381K, committed 112680K, reserved 1146880K
  class space    used 13015K, capacity 15032K, committed 15144K, reserved 1048576K
Event: 342373.309 GC heap after
Heap after GC invocations=12045 (full 7):
 PSYoungGen      total 1139200K, used 3455K [0x0000000777f80000, 0x00000007bfd00000, 0x00000007c0000000)
  eden space 1103360K, 0% used [0x0000000777f80000,0x0000000777f80000,0x00000007bb500000)
  from space 35840K, 9% used [0x00000007bda00000,0x00000007bdd5ff60,0x00000007bfd00000)
  to   space 36864K, 0% used [0x00000007bb500000,0x00000007bb500000,0x00000007bd900000)
 ParOldGen       total 1864192K, used 1835658K [0x00000006e7e00000, 0x0000000759a80000, 0x0000000777f80000)
  object space 1864192K, 98% used [0x00000006e7e00000,0x0000000757ea28e0,0x0000000759a80000)
 Metaspace       used 102543K, capacity 112381K, committed 112680K, reserved 1146880K
  class space    used 13015K, capacity 15032K, committed 15144K, reserved 1048576K
}
Event: 342390.934 GC heap before
{Heap before GC invocations=12046 (full 7):
 PSYoungGen      total 1139200K, used 1106815K [0x0000000777f80000, 0x00000007bfd00000, 0x00000007c0000000)
  eden space 1103360K, 100% used [0x0000000777f80000,0x00000007bb500000,0x00000007bb500000)
  from space 35840K, 9% used [0x00000007bda00000,0x00000007bdd5ff60,0x00000007bfd00000)
  to   space 36864K, 0% used [0x00000007bb500000,0x00000007bb500000,0x00000007bd900000)
 ParOldGen       total 1864192K, used 1835658K [0x00000006e7e00000, 0x0000000759a80000, 0x0000000777f80000)
  object space 1864192K, 98% used [0x00000006e7e00000,0x0000000757ea28e0,0x0000000759a80000)
 Metaspace       used 102543K, capacity 112381K, committed 112680K, reserved 1146880K
  class space    used 13015K, capacity 15032K, committed 15144K, reserved 1048576K
Event: 342390.950 GC heap after
Heap after GC invocations=12046 (full 7):
 PSYoungGen      total 1140224K, used 3520K [0x0000000777f80000, 0x00000007bff00000, 0x00000007c0000000)
  eden space 1103360K, 0% used [0x0000000777f80000,0x0000000777f80000,0x00000007bb500000)
  from space 36864K, 9% used [0x00000007bb500000,0x00000007bb8700d0,0x00000007bd900000)
  to   space 35840K, 0% used [0x00000007bdc00000,0x00000007bdc00000,0x00000007bff00000)
 ParOldGen       total 1864192K, used 1835698K [0x00000006e7e00000, 0x0000000759a80000, 0x0000000777f80000)
  object space 1864192K, 98% used [0x00000006e7e00000,0x0000000757eac8e0,0x0000000759a80000)
 Metaspace       used 102543K, capacity 112381K, committed 112680K, reserved 1146880K
  class space    used 13015K, capacity 15032K, committed 15144K, reserved 1048576K
}
Event: 342406.780 GC heap before
{Heap before GC invocations=12047 (full 7):
 PSYoungGen      total 1140224K, used 1106880K [0x0000000777f80000, 0x00000007bff00000, 0x00000007c0000000)
  eden space 1103360K, 100% used [0x0000000777f80000,0x00000007bb500000,0x00000007bb500000)
  from space 36864K, 9% used [0x00000007bb500000,0x00000007bb8700d0,0x00000007bd900000)
  to   space 35840K, 0% used [0x00000007bdc00000,0x00000007bdc00000,0x00000007bff00000)
 ParOldGen       total 1864192K, used 1835698K [0x00000006e7e00000, 0x0000000759a80000, 0x0000000777f80000)
  object space 1864192K, 98% used [0x00000006e7e00000,0x0000000757eac8e0,0x0000000759a80000)
 Metaspace       used 102543K, capacity 112381K, committed 112680K, reserved 1146880K
  class space    used 13015K, capacity 15032K, committed 15144K, reserved 1048576K
Event: 342406.796 GC heap after
Heap after GC invocations=12047 (full 7):
 PSYoungGen      total 1140224K, used 3551K [0x0000000777f80000, 0x00000007bfc00000, 0x00000007c0000000)
  eden space 1107456K, 0% used [0x0000000777f80000,0x0000000777f80000,0x00000007bb900000)
  from space 32768K, 10% used [0x00000007bdc00000,0x00000007bdf77df0,0x00000007bfc00000)
  to   space 34304K, 0% used [0x00000007bb900000,0x00000007bb900000,0x00000007bda80000)
 ParOldGen       total 1864192K, used 1835714K [0x00000006e7e00000, 0x0000000759a80000, 0x0000000777f80000)
  object space 1864192K, 98% used [0x00000006e7e00000,0x0000000757eb08e0,0x0000000759a80000)
 Metaspace       used 102543K, capacity 112381K, committed 112680K, reserved 1146880K
  class space    used 13015K, capacity 15032K, committed 15144K, reserved 1048576K
}
Event: 342420.548 GC heap before
{Heap before GC invocations=12048 (full 7):
 PSYoungGen      total 1140224K, used 1111007K [0x0000000777f80000, 0x00000007bfc00000, 0x00000007c0000000)
  eden space 1107456K, 100% used [0x0000000777f80000,0x00000007bb900000,0x00000007bb900000)
  from space 32768K, 10% used [0x00000007bdc00000,0x00000007bdf77df0,0x00000007bfc00000)
  to   space 34304K, 0% used [0x00000007bb900000,0x00000007bb900000,0x00000007bda80000)
 ParOldGen       total 1864192K, used 1835714K [0x00000006e7e00000, 0x0000000759a80000, 0x0000000777f80000)
  object space 1864192K, 98% used [0x00000006e7e00000,0x0000000757eb08e0,0x0000000759a80000)
 Metaspace       used 102543K, capacity 112381K, committed 112680K, reserved 1146880K
  class space    used 13015K, capacity 15032K, committed 15144K, reserved 1048576K
Event: 342420.564 GC heap after
Heap after GC invocations=12048 (full 7):
 PSYoungGen      total 1141760K, used 3487K [0x0000000777f80000, 0x00000007bff80000, 0x00000007c0000000)
  eden space 1107456K, 0% used [0x0000000777f80000,0x0000000777f80000,0x00000007bb900000)
  from space 34304K, 10% used [0x00000007bb900000,0x00000007bbc67df0,0x00000007bda80000)
  to   space 33280K, 0% used [0x00000007bdf00000,0x00000007bdf00000,0x00000007bff80000)
 ParOldGen       total 1864192K, used 1835754K [0x00000006e7e00000, 0x0000000759a80000, 0x0000000777f80000)
  object space 1864192K, 98% used [0x00000006e7e00000,0x0000000757eba8e0,0x0000000759a80000)
 Metaspace       used 102543K, capacity 112381K, committed 112680K, reserved 1146880K
  class space    used 13015K, capacity 15032K, committed 15144K, reserved 1048576K
}
Event: 342429.338 GC heap before
{Heap before GC invocations=12049 (full 7):
 PSYoungGen      total 1141760K, used 1110943K [0x0000000777f80000, 0x00000007bff80000, 0x00000007c0000000)
  eden space 1107456K, 100% used [0x0000000777f80000,0x00000007bb900000,0x00000007bb900000)
  from space 34304K, 10% used [0x00000007bb900000,0x00000007bbc67df0,0x00000007bda80000)
  to   space 33280K, 0% used [0x00000007bdf00000,0x00000007bdf00000,0x00000007bff80000)
 ParOldGen       total 1864192K, used 1835754K [0x00000006e7e00000, 0x0000000759a80000, 0x0000000777f80000)
  object space 1864192K, 98% used [0x00000006e7e00000,0x0000000757eba8e0,0x0000000759a80000)
 Metaspace       used 102543K, capacity 112381K, committed 112680K, reserved 1146880K
  class space    used 13015K, capacity 15032K, committed 15144K, reserved 1048576K
Event: 342429.356 GC heap after
Heap after GC invocations=12049 (full 7):
 PSYoungGen      total 1141248K, used 5647K [0x0000000777f80000, 0x00000007bfb00000, 0x00000007c0000000)
  eden space 1112576K, 0% used [0x0000000777f80000,0x0000000777f80000,0x00000007bbe00000)
  from space 28672K, 19% used [0x00000007bdf00000,0x00000007be483f88,0x00000007bfb00000)
  to   space 31232K, 0% used [0x00000007bbe00000,0x00000007bbe00000,0x00000007bdc80000)
 ParOldGen       total 1864192K, used 1835794K [0x00000006e7e00000, 0x0000000759a80000, 0x0000000777f80000)
  object space 1864192K, 98% used [0x00000006e7e00000,0x0000000757ec4910,0x0000000759a80000)
 Metaspace       used 102543K, capacity 112381K, committed 112680K, reserved 1146880K
  class space    used 13015K, capacity 15032K, committed 15144K, reserved 1048576K
}
Event: 342439.672 GC heap before
{Heap before GC invocations=12050 (full 7):
 PSYoungGen      total 1141248K, used 1118223K [0x0000000777f80000, 0x00000007bfb00000, 0x00000007c0000000)
  eden space 1112576K, 100% used [0x0000000777f80000,0x00000007bbe00000,0x00000007bbe00000)
  from space 28672K, 19% used [0x00000007bdf00000,0x00000007be483f88,0x00000007bfb00000)
  to   space 31232K, 0% used [0x00000007bbe00000,0x00000007bbe00000,0x00000007bdc80000)
 ParOldGen       total 1864192K, used 1835794K [0x00000006e7e00000, 0x0000000759a80000, 0x0000000777f80000)
  object space 1864192K, 98% used [0x00000006e7e00000,0x0000000757ec4910,0x0000000759a80000)
 Metaspace       used 102543K, capacity 112381K, committed 112680K, reserved 1146880K
  class space    used 13015K, capacity 15032K, committed 15144K, reserved 1048576K
Event: 342439.690 GC heap after
Heap after GC invocations=12050 (full 7):
 PSYoungGen      total 1143808K, used 5967K [0x0000000777f80000, 0x00000007bff80000, 0x00000007c0000000)
  eden space 1112576K, 0% used [0x0000000777f80000,0x0000000777f80000,0x00000007bbe00000)
  from space 31232K, 19% used [0x00000007bbe00000,0x00000007bc3d3f88,0x00000007bdc80000)
  to   space 29696K, 0% used [0x00000007be280000,0x00000007be280000,0x00000007bff80000)
 ParOldGen       total 1864192K, used 1835834K [0x00000006e7e00000, 0x0000000759a80000, 0x0000000777f80000)
  object space 1864192K, 98% used [0x00000006e7e00000,0x0000000757ece910,0x0000000759a80000)
 Metaspace       used 102543K, capacity 112381K, committed 112680K, reserved 1146880K
  class space    used 13015K, capacity 15032K, committed 15144K, reserved 1048576K
}
Event: 342449.081 GC heap before
{Heap before GC invocations=12051 (full 7):
 PSYoungGen      total 1143808K, used 1118543K [0x0000000777f80000, 0x00000007bff80000, 0x00000007c0000000)
  eden space 1112576K, 100% used [0x0000000777f80000,0x00000007bbe00000,0x00000007bbe00000)
  from space 31232K, 19% used [0x00000007bbe00000,0x00000007bc3d3f88,0x00000007bdc80000)
  to   space 29696K, 0% used [0x00000007be280000,0x00000007be280000,0x00000007bff80000)
 ParOldGen       total 1864192K, used 1835834K [0x00000006e7e00000, 0x0000000759a80000, 0x0000000777f80000)
  object space 1864192K, 98% used [0x00000006e7e00000,0x0000000757ece910,0x0000000759a80000)
 Metaspace       used 102543K, capacity 112381K, committed 112680K, reserved 1146880K
  class space    used 13015K, capacity 15032K, committed 15144K, reserved 1048576K
Event: 342449.099 GC heap after
Heap after GC invocations=12051 (full 7):
 PSYoungGen      total 1144832K, used 5984K [0x0000000777f80000, 0x00000007bfb80000, 0x00000007c0000000)
  eden space 1119232K, 0% used [0x0000000777f80000,0x0000000777f80000,0x00000007bc480000)
  from space 25600K, 23% used [0x00000007be280000,0x00000007be8580e0,0x00000007bfb80000)
  to   space 28160K, 0% used [0x00000007bc480000,0x00000007bc480000,0x00000007be000000)
 ParOldGen       total 1864192K, used 1835890K [0x00000006e7e00000, 0x0000000759a80000, 0x0000000777f80000)
  object space 1864192K, 98% used [0x00000006e7e00000,0x0000000757edc940,0x0000000759a80000)
 Metaspace       used 102543K, capacity 112381K, committed 112680K, reserved 1146880K
  class space    used 13015K, capacity 15032K, committed 15144K, reserved 1048576K
}
Event: 342458.341 GC heap before
{Heap before GC invocations=12052 (full 7):
 PSYoungGen      total 1144832K, used 1125216K [0x0000000777f80000, 0x00000007bfb80000, 0x00000007c0000000)
  eden space 1119232K, 100% used [0x0000000777f80000,0x00000007bc480000,0x00000007bc480000)
  from space 25600K, 23% used [0x00000007be280000,0x00000007be8580e0,0x00000007bfb80000)
  to   space 28160K, 0% used [0x00000007bc480000,0x00000007bc480000,0x00000007be000000)
 ParOldGen       total 1864192K, used 1835890K [0x00000006e7e00000, 0x0000000759a80000, 0x0000000777f80000)
  object space 1864192K, 98% used [0x00000006e7e00000,0x0000000757edc940,0x0000000759a80000)
 Metaspace       used 102543K, capacity 112381K, committed 112680K, reserved 1146880K
  class space    used 13015K, capacity 15032K, committed 15144K, reserved 1048576K
Event: 342458.359 GC heap after
Heap after GC invocations=12052 (full 7):
 PSYoungGen      total 1147392K, used 5903K [0x0000000777f80000, 0x00000007bff80000, 0x00000007c0000000)
  eden space 1119232K, 0% used [0x0000000777f80000,0x0000000777f80000,0x00000007bc480000)
  from space 28160K, 20% used [0x00000007bc480000,0x00000007bca43f88,0x00000007be000000)
  to   space 26624K, 0% used [0x00000007be580000,0x00000007be580000,0x00000007bff80000)
 ParOldGen       total 1864192K, used 1835914K [0x00000006e7e00000, 0x0000000759a80000, 0x0000000777f80000)
  object space 1864192K, 98% used [0x00000006e7e00000,0x0000000757ee2940,0x0000000759a80000)
 Metaspace       used 102543K, capacity 112381K, committed 112680K, reserved 1146880K
  class space    used 13015K, capacity 15032K, committed 15144K, reserved 1048576K
}
Event: 342467.790 GC heap before
{Heap before GC invocations=12053 (full 7):
 PSYoungGen      total 1147392K, used 1125135K [0x0000000777f80000, 0x00000007bff80000, 0x00000007c0000000)
  eden space 1119232K, 100% used [0x0000000777f80000,0x00000007bc480000,0x00000007bc480000)
  from space 28160K, 20% used [0x00000007bc480000,0x00000007bca43f88,0x00000007be000000)
  to   space 26624K, 0% used [0x00000007be580000,0x00000007be580000,0x00000007bff80000)
 ParOldGen       total 1864192K, used 1835914K [0x00000006e7e00000, 0x0000000759a80000, 0x0000000777f80000)
  object space 1864192K, 98% used [0x00000006e7e00000,0x0000000757ee2940,0x0000000759a80000)
 Metaspace       used 102543K, capacity 112381K, committed 112680K, reserved 1146880K
  class space    used 13015K, capacity 15032K, committed 15144K, reserved 1048576K
Event: 342467.807 GC heap after
Heap after GC invocations=12053 (full 7):
 PSYoungGen      total 1147904K, used 5839K [0x0000000777f80000, 0x00000007bfb80000, 0x00000007c0000000)
  eden space 1125376K, 0% used [0x0000000777f80000,0x0000000777f80000,0x00000007bca80000)
  from space 22528K, 25% used [0x00000007be580000,0x00000007beb33f88,0x00000007bfb80000)
  to   space 25088K, 0% used [0x00000007bca80000,0x00000007bca80000,0x00000007be300000)
 ParOldGen       total 1864192K, used 1835946K [0x00000006e7e00000, 0x0000000759a80000, 0x0000000777f80000)
  object space 1864192K, 98% used [0x00000006e7e00000,0x0000000757eea940,0x0000000759a80000)
 Metaspace       used 102543K, capacity 112381K, committed 112680K, reserved 1146880K
  class space    used 13015K, capacity 15032K, committed 15144K, reserved 1048576K
}
Event: 342476.838 GC heap before
{Heap before GC invocations=12054 (full 7):
 PSYoungGen      total 1147904K, used 1131215K [0x0000000777f80000, 0x00000007bfb80000, 0x00000007c0000000)
  eden space 1125376K, 100% used [0x0000000777f80000,0x00000007bca80000,0x00000007bca80000)
  from space 22528K, 25% used [0x00000007be580000,0x00000007beb33f88,0x00000007bfb80000)
  to   space 25088K, 0% used [0x00000007bca80000,0x00000007bca80000,0x00000007be300000)
 ParOldGen       total 1864192K, used 1835946K [0x00000006e7e00000, 0x0000000759a80000, 0x0000000777f80000)
  object space 1864192K, 98% used [0x00000006e7e00000,0x0000000757eea940,0x0000000759a80000)
 Metaspace       used 102543K, capacity 112381K, committed 112680K, reserved 1146880K
  class space    used 13015K, capacity 15032K, committed 15144K, reserved 1048576K
Event: 342476.858 GC heap after
Heap after GC invocations=12054 (full 7):
 PSYoungGen      total 1150464K, used 7007K [0x0000000777f80000, 0x00000007bff80000, 0x00000007c0000000)
  eden space 1125376K, 0% used [0x0000000777f80000,0x0000000777f80000,0x00000007bca80000)
  from space 25088K, 27% used [0x00000007bca80000,0x00000007bd157f70,0x00000007be300000)
  to   space 23552K, 0% used [0x00000007be880000,0x00000007be880000,0x00000007bff80000)
 ParOldGen       total 1864192K, used 1835978K [0x00000006e7e00000, 0x0000000759a80000, 0x0000000777f80000)
  object space 1864192K, 98% used [0x00000006e7e00000,0x0000000757ef2940,0x0000000759a80000)
 Metaspace       used 102543K, capacity 112381K, committed 112680K, reserved 1146880K
  class space    used 13015K, capacity 15032K, committed 15144K, reserved 1048576K
}
Event: 342485.842 GC heap before
{Heap before GC invocations=12055 (full 7):
 PSYoungGen      total 1150464K, used 1132383K [0x0000000777f80000, 0x00000007bff80000, 0x00000007c0000000)
  eden space 1125376K, 100% used [0x0000000777f80000,0x00000007bca80000,0x00000007bca80000)
  from space 25088K, 27% used [0x00000007bca80000,0x00000007bd157f70,0x00000007be300000)
  to   space 23552K, 0% used [0x00000007be880000,0x00000007be880000,0x00000007bff80000)
 ParOldGen       total 1864192K, used 1835978K [0x00000006e7e00000, 0x0000000759a80000, 0x0000000777f80000)
  object space 1864192K, 98% used [0x00000006e7e00000,0x0000000757ef2940,0x0000000759a80000)
 Metaspace       used 102543K, capacity 112381K, committed 112680K, reserved 1146880K
  class space    used 13015K, capacity 15032K, committed 15144K, reserved 1048576K
Event: 342485.861 GC heap after
Heap after GC invocations=12055 (full 7):
 PSYoungGen      total 1150976K, used 7040K [0x0000000777f80000, 0x00000007bfb80000, 0x00000007c0000000)
  eden space 1131520K, 0% used [0x0000000777f80000,0x0000000777f80000,0x00000007bd080000)
  from space 19456K, 36% used [0x00000007be880000,0x00000007bef600e0,0x00000007bfb80000)
  to   space 22016K, 0% used [0x00000007bd080000,0x00000007bd080000,0x00000007be600000)
 ParOldGen       total 1864192K, used 1836010K [0x00000006e7e00000, 0x0000000759a80000, 0x0000000777f80000)
  object space 1864192K, 98% used [0x00000006e7e00000,0x0000000757efa940,0x0000000759a80000)
 Metaspace       used 102543K, capacity 112381K, committed 112680K, reserved 1146880K
  class space    used 13015K, capacity 15032K, committed 15144K, reserved 1048576K
}
Event: 342494.935 GC heap before
{Heap before GC invocations=12056 (full 7):
 PSYoungGen      total 1150976K, used 1138560K [0x0000000777f80000, 0x00000007bfb80000, 0x00000007c0000000)
  eden space 1131520K, 100% used [0x0000000777f80000,0x00000007bd080000,0x00000007bd080000)
  from space 19456K, 36% used [0x00000007be880000,0x00000007bef600e0,0x00000007bfb80000)
  to   space 22016K, 0% used [0x00000007bd080000,0x00000007bd080000,0x00000007be600000)
 ParOldGen       total 1864192K, used 1836010K [0x00000006e7e00000, 0x0000000759a80000, 0x0000000777f80000)
  object space 1864192K, 98% used [0x00000006e7e00000,0x0000000757efa940,0x0000000759a80000)
 Metaspace       used 102543K, capacity 112381K, committed 112680K, reserved 1146880K
  class space    used 13015K, capacity 15032K, committed 15144K, reserved 1048576K
Event: 342494.954 GC heap after
Heap after GC invocations=12056 (full 7):
 PSYoungGen      total 1153536K, used 7103K [0x0000000777f80000, 0x00000007c0000000, 0x00000007c0000000)
  eden space 1131520K, 0% used [0x0000000777f80000,0x0000000777f80000,0x00000007bd080000)
  from space 22016K, 32% used [0x00000007bd080000,0x00000007bd76ff70,0x00000007be600000)
  to   space 20992K, 0% used [0x00000007beb80000,0x00000007beb80000,0x00000007c0000000)
 ParOldGen       total 1864192K, used 1836026K [0x00000006e7e00000, 0x0000000759a80000, 0x0000000777f80000)
  object space 1864192K, 98% used [0x00000006e7e00000,0x0000000757efe940,0x0000000759a80000)
 Metaspace       used 102543K, capacity 112381K, committed 112680K, reserved 1146880K
  class space    used 13015K, capacity 15032K, committed 15144K, reserved 1048576K
}
Event: 342504.090 GC heap before
{Heap before GC invocations=12057 (full 7):
 PSYoungGen      total 1153536K, used 1138623K [0x0000000777f80000, 0x00000007c0000000, 0x00000007c0000000)
  eden space 1131520K, 100% used [0x0000000777f80000,0x00000007bd080000,0x00000007bd080000)
  from space 22016K, 32% used [0x00000007bd080000,0x00000007bd76ff70,0x00000007be600000)
  to   space 20992K, 0% used [0x00000007beb80000,0x00000007beb80000,0x00000007c0000000)
 ParOldGen       total 1864192K, used 1836026K [0x00000006e7e00000, 0x0000000759a80000, 0x0000000777f80000)
  object space 1864192K, 98% used [0x00000006e7e00000,0x0000000757efe940,0x0000000759a80000)
 Metaspace       used 102543K, capacity 112381K, committed 112680K, reserved 1146880K
  class space    used 13015K, capacity 15032K, committed 15144K, reserved 1048576K
Event: 342504.109 GC heap after
Heap after GC invocations=12057 (full 7):
 PSYoungGen      total 1155072K, used 7103K [0x0000000777f80000, 0x00000007bfd00000, 0x00000007c0000000)
  eden space 1137152K, 0% used [0x0000000777f80000,0x0000000777f80000,0x00000007bd600000)
  from space 17920K, 39% used [0x00000007beb80000,0x00000007bf26ff70,0x00000007bfd00000)
  to   space 19968K, 0% used [0x00000007bd600000,0x00000007bd600000,0x00000007be980000)
 ParOldGen       total 1864192K, used 1836042K [0x00000006e7e00000, 0x0000000759a80000, 0x0000000777f80000)
  object space 1864192K, 98% used [0x00000006e7e00000,0x0000000757f02940,0x0000000759a80000)
 Metaspace       used 102543K, capacity 112381K, committed 112680K, reserved 1146880K
  class space    used 13015K, capacity 15032K, committed 15144K, reserved 1048576K
}
Event: 342513.392 GC heap before
{Heap before GC invocations=12058 (full 7):
 PSYoungGen      total 1155072K, used 1144255K [0x0000000777f80000, 0x00000007bfd00000, 0x00000007c0000000)
  eden space 1137152K, 100% used [0x0000000777f80000,0x00000007bd600000,0x00000007bd600000)
  from space 17920K, 39% used [0x00000007beb80000,0x00000007bf26ff70,0x00000007bfd00000)
  to   space 19968K, 0% used [0x00000007bd600000,0x00000007bd600000,0x00000007be980000)
 ParOldGen       total 1864192K, used 1836042K [0x00000006e7e00000, 0x0000000759a80000, 0x0000000777f80000)
  object space 1864192K, 98% used [0x00000006e7e00000,0x0000000757f02940,0x0000000759a80000)
 Metaspace       used 102543K, capacity 112381K, committed 112680K, reserved 1146880K
  class space    used 13015K, capacity 15032K, committed 15144K, reserved 1048576K
Event: 342513.411 GC heap after
Heap after GC invocations=12058 (full 7):
 PSYoungGen      total 1157120K, used 7071K [0x0000000777f80000, 0x00000007bff00000, 0x00000007c0000000)
  eden space 1137152K, 0% used [0x0000000777f80000,0x0000000777f80000,0x00000007bd600000)
  from space 19968K, 35% used [0x00000007bd600000,0x00000007bdce7f70,0x00000007be980000)
  to   space 18432K, 0% used [0x00000007bed00000,0x00000007bed00000,0x00000007bff00000)
 ParOldGen       total 1864192K, used 1836098K [0x00000006e7e00000, 0x0000000759a80000, 0x0000000777f80000)
  object space 1864192K, 98% used [0x00000006e7e00000,0x0000000757f10940,0x0000000759a80000)
 Metaspace       used 102543K, capacity 112381K, committed 112680K, reserved 1146880K
  class space    used 13015K, capacity 15032K, committed 15144K, reserved 1048576K
}
Event: 342522.885 GC heap before
{Heap before GC invocations=12059 (full 7):
 PSYoungGen      total 1157120K, used 1144223K [0x0000000777f80000, 0x00000007bff00000, 0x00000007c0000000)
  eden space 1137152K, 100% used [0x0000000777f80000,0x00000007bd600000,0x00000007bd600000)
  from space 19968K, 35% used [0x00000007bd600000,0x00000007bdce7f70,0x00000007be980000)
  to   space 18432K, 0% used [0x00000007bed00000,0x00000007bed00000,0x00000007bff00000)
 ParOldGen       total 1864192K, used 1836098K [0x00000006e7e00000, 0x0000000759a80000, 0x0000000777f80000)
  object space 1864192K, 98% used [0x00000006e7e00000,0x0000000757f10940,0x0000000759a80000)
 Metaspace       used 102543K, capacity 112381K, committed 112680K, reserved 1146880K
  class space    used 13015K, capacity 15032K, committed 15144K, reserved 1048576K
Event: 342522.904 GC heap after
Heap after GC invocations=12059 (full 7):
 PSYoungGen      total 1158656K, used 6880K [0x0000000777f80000, 0x00000007bfd80000, 0x00000007c0000000)
  eden space 1141760K, 0% used [0x0000000777f80000,0x0000000777f80000,0x00000007bda80000)
  from space 16896K, 40% used [0x00000007bed00000,0x00000007bf3b80e0,0x00000007bfd80000)
  to   space 17920K, 0% used [0x00000007bda80000,0x00000007bda80000,0x00000007bec00000)
 ParOldGen       total 1864192K, used 1836194K [0x00000006e7e00000, 0x0000000759a80000, 0x0000000777f80000)
  object space 1864192K, 98% used [0x00000006e7e00000,0x0000000757f28970,0x0000000759a80000)
 Metaspace       used 102543K, capacity 112381K, committed 112680K, reserved 1146880K
  class space    used 13015K, capacity 15032K, committed 15144K, reserved 1048576K
}
Event: 342531.972 GC heap before
{Heap before GC invocations=12060 (full 7):
 PSYoungGen      total 1158656K, used 1148640K [0x0000000777f80000, 0x00000007bfd80000, 0x00000007c0000000)
  eden space 1141760K, 100% used [0x0000000777f80000,0x00000007bda80000,0x00000007bda80000)
  from space 16896K, 40% used [0x00000007bed00000,0x00000007bf3b80e0,0x00000007bfd80000)
  to   space 17920K, 0% used [0x00000007bda80000,0x00000007bda80000,0x00000007bec00000)
 ParOldGen       total 1864192K, used 1836194K [0x00000006e7e00000, 0x0000000759a80000, 0x0000000777f80000)
  object space 1864192K, 98% used [0x00000006e7e00000,0x0000000757f28970,0x0000000759a80000)
 Metaspace       used 102543K, capacity 112381K, committed 112680K, reserved 1146880K
  class space    used 13015K, capacity 15032K, committed 15144K, reserved 1048576K
Event: 342531.990 GC heap after
Heap after GC invocations=12060 (full 7):
 PSYoungGen      total 1159680K, used 6815K [0x0000000777f80000, 0x00000007bff00000, 0x00000007c0000000)
  eden space 1141760K, 0% used [0x0000000777f80000,0x0000000777f80000,0x00000007bda80000)
  from space 17920K, 38% used [0x00000007bda80000,0x00000007be127f70,0x00000007bec00000)
  to   space 16896K, 0% used [0x00000007bee80000,0x00000007bee80000,0x00000007bff00000)
 ParOldGen       total 1864192K, used 1836306K [0x00000006e7e00000, 0x0000000759a80000, 0x0000000777f80000)
  object space 1864192K, 98% used [0x00000006e7e00000,0x0000000757f44970,0x0000000759a80000)
 Metaspace       used 102543K, capacity 112381K, committed 112680K, reserved 1146880K
  class space    used 13015K, capacity 15032K, committed 15144K, reserved 1048576K
}
Event: 342541.229 GC heap before
{Heap before GC invocations=12061 (full 7):
 PSYoungGen      total 1159680K, used 1148575K [0x0000000777f80000, 0x00000007bff00000, 0x00000007c0000000)
  eden space 1141760K, 100% used [0x0000000777f80000,0x00000007bda80000,0x00000007bda80000)
  from space 17920K, 38% used [0x00000007bda80000,0x00000007be127f70,0x00000007bec00000)
  to   space 16896K, 0% used [0x00000007bee80000,0x00000007bee80000,0x00000007bff00000)
 ParOldGen       total 1864192K, used 1836306K [0x00000006e7e00000, 0x0000000759a80000, 0x0000000777f80000)
  object space 1864192K, 98% used [0x00000006e7e00000,0x0000000757f44970,0x0000000759a80000)
 Metaspace       used 102543K, capacity 112381K, committed 112680K, reserved 1146880K
  class space    used 13015K, capacity 15032K, committed 15144K, reserved 1048576K
Event: 342541.248 GC heap after
Heap after GC invocations=12061 (full 7):
 PSYoungGen      total 1160192K, used 6703K [0x0000000777f80000, 0x00000007bfd00000, 0x00000007c0000000)
  eden space 1145344K, 0% used [0x0000000777f80000,0x0000000777f80000,0x00000007bde00000)
  from space 14848K, 45% used [0x00000007bee80000,0x00000007bf50be08,0x00000007bfd00000)
  to   space 15872K, 0% used [0x00000007bde00000,0x00000007bde00000,0x00000007bed80000)
 ParOldGen       total 1864192K, used 1836426K [0x00000006e7e00000, 0x0000000759a80000, 0x0000000777f80000)
  object space 1864192K, 98% used [0x00000006e7e00000,0x0000000757f629a0,0x0000000759a80000)
 Metaspace       used 102543K, capacity 112381K, committed 112680K, reserved 1146880K
  class space    used 13015K, capacity 15032K, committed 15144K, reserved 1048576K
}
Event: 342550.643 GC heap before
{Heap before GC invocations=12062 (full 7):
 PSYoungGen      total 1160192K, used 1152047K [0x0000000777f80000, 0x00000007bfd00000, 0x00000007c0000000)
  eden space 1145344K, 100% used [0x0000000777f80000,0x00000007bde00000,0x00000007bde00000)
  from space 14848K, 45% used [0x00000007bee80000,0x00000007bf50be08,0x00000007bfd00000)
  to   space 15872K, 0% used [0x00000007bde00000,0x00000007bde00000,0x00000007bed80000)
 ParOldGen       total 1864192K, used 1836426K [0x00000006e7e00000, 0x0000000759a80000, 0x0000000777f80000)
  object space 1864192K, 98% used [0x00000006e7e00000,0x0000000757f629a0,0x0000000759a80000)
 Metaspace       used 102543K, capacity 112381K, committed 112680K, reserved 1146880K
  class space    used 13015K, capacity 15032K, committed 15144K, reserved 1048576K
Event: 342550.661 GC heap after
Heap after GC invocations=12062 (full 7):
 PSYoungGen      total 1161216K, used 6767K [0x0000000777f80000, 0x00000007c0000000, 0x00000007c0000000)
  eden space 1145344K, 0% used [0x0000000777f80000,0x0000000777f80000,0x00000007bde00000)
  from space 15872K, 42% used [0x00000007bde00000,0x00000007be49bf88,0x00000007bed80000)
  to   space 15360K, 0% used [0x00000007bf100000,0x00000007bf100000,0x00000007c0000000)
 ParOldGen       total 1864192K, used 1836490K [0x00000006e7e00000, 0x0000000759a80000, 0x0000000777f80000)
  object space 1864192K, 98% used [0x00000006e7e00000,0x0000000757f729a0,0x0000000759a80000)
 Metaspace       used 102543K, capacity 112381K, committed 112680K, reserved 1146880K
  class space    used 13015K, capacity 15032K, committed 15144K, reserved 1048576K
}
Event: 342559.481 GC heap before
{Heap before GC invocations=12063 (full 7):
 PSYoungGen      total 1161216K, used 1152111K [0x0000000777f80000, 0x00000007c0000000, 0x00000007c0000000)
  eden space 1145344K, 100% used [0x0000000777f80000,0x00000007bde00000,0x00000007bde00000)
  from space 15872K, 42% used [0x00000007bde00000,0x00000007be49bf88,0x00000007bed80000)
  to   space 15360K, 0% used [0x00000007bf100000,0x00000007bf100000,0x00000007c0000000)
 ParOldGen       total 1864192K, used 1836490K [0x00000006e7e00000, 0x0000000759a80000, 0x0000000777f80000)
  object space 1864192K, 98% used [0x00000006e7e00000,0x0000000757f729a0,0x0000000759a80000)
 Metaspace       used 102543K, capacity 112381K, committed 112680K, reserved 1146880K
  class space    used 13015K, capacity 15032K, committed 15144K, reserved 1048576K
Event: 342559.499 GC heap after
Heap after GC invocations=12063 (full 7):
 PSYoungGen      total 1162752K, used 6863K [0x0000000777f80000, 0x00000007bfe80000, 0x00000007c0000000)
  eden space 1148928K, 0% used [0x0000000777f80000,0x0000000777f80000,0x00000007be180000)
  from space 13824K, 49% used [0x00000007bf100000,0x00000007bf7b3f88,0x00000007bfe80000)
  to   space 14848K, 0% used [0x00000007be180000,0x00000007be180000,0x00000007bf000000)
 ParOldGen       total 1864192K, used 1836538K [0x00000006e7e00000, 0x0000000759a80000, 0x0000000777f80000)
  object space 1864192K, 98% used [0x00000006e7e00000,0x0000000757f7e9a0,0x0000000759a80000)
 Metaspace       used 102543K, capacity 112381K, committed 112680K, reserved 1146880K
  class space    used 13015K, capacity 15032K, committed 15144K, reserved 1048576K
}
Event: 342568.935 GC heap before
{Heap before GC invocations=12064 (full 7):
 PSYoungGen      total 1162752K, used 1155791K [0x0000000777f80000, 0x00000007bfe80000, 0x00000007c0000000)
  eden space 1148928K, 100% used [0x0000000777f80000,0x00000007be180000,0x00000007be180000)
  from space 13824K, 49% used [0x00000007bf100000,0x00000007bf7b3f88,0x00000007bfe80000)
  to   space 14848K, 0% used [0x00000007be180000,0x00000007be180000,0x00000007bf000000)
 ParOldGen       total 1864192K, used 1836538K [0x00000006e7e00000, 0x0000000759a80000, 0x0000000777f80000)
  object space 1864192K, 98% used [0x00000006e7e00000,0x0000000757f7e9a0,0x0000000759a80000)
 Metaspace       used 102543K, capacity 112381K, committed 112680K, reserved 1146880K
  class space    used 13015K, capacity 15032K, committed 15144K, reserved 1048576K
Event: 342568.953 GC heap after
Heap after GC invocations=12064 (full 7):
 PSYoungGen      total 1163776K, used 5871K [0x0000000777f80000, 0x00000007c0000000, 0x00000007c0000000)
  eden space 1148928K, 0% used [0x0000000777f80000,0x0000000777f80000,0x00000007be180000)
  from space 14848K, 39% used [0x00000007be180000,0x00000007be73bdf8,0x00000007bf000000)
  to   space 14336K, 0% used [0x00000007bf200000,0x00000007bf200000,0x00000007c0000000)
 ParOldGen       total 1864192K, used 1837634K [0x00000006e7e00000, 0x0000000759a80000, 0x0000000777f80000)
  object space 1864192K, 98% used [0x00000006e7e00000,0x00000007580909a0,0x0000000759a80000)
 Metaspace       used 102543K, capacity 112381K, committed 112680K, reserved 1146880K
  class space    used 13015K, capacity 15032K, committed 15144K, reserved 1048576K
}
Event: 342578.394 GC heap before
{Heap before GC invocations=12065 (full 7):
 PSYoungGen      total 1163776K, used 1154799K [0x0000000777f80000, 0x00000007c0000000, 0x00000007c0000000)
  eden space 1148928K, 100% used [0x0000000777f80000,0x00000007be180000,0x00000007be180000)
  from space 14848K, 39% used [0x00000007be180000,0x00000007be73bdf8,0x00000007bf000000)
  to   space 14336K, 0% used [0x00000007bf200000,0x00000007bf200000,0x00000007c0000000)
 ParOldGen       total 1864192K, used 1837634K [0x00000006e7e00000, 0x0000000759a80000, 0x0000000777f80000)
  object space 1864192K, 98% used [0x00000006e7e00000,0x00000007580909a0,0x0000000759a80000)
 Metaspace       used 102543K, capacity 112381K, committed 112680K, reserved 1146880K
  class space    used 13015K, capacity 15032K, committed 15144K, reserved 1048576K
Event: 342578.412 GC heap after
Heap after GC invocations=12065 (full 7):
 PSYoungGen      total 1163776K, used 5599K [0x0000000777f80000, 0x00000007bfe80000, 0x00000007c0000000)
  eden space 1150976K, 0% used [0x0000000777f80000,0x0000000777f80000,0x00000007be380000)
  from space 12800K, 43% used [0x00000007bf200000,0x00000007bf777f70,0x00000007bfe80000)
  to   space 13824K, 0% used [0x00000007be380000,0x00000007be380000,0x00000007bf100000)
 ParOldGen       total 1864192K, used 1837954K [0x00000006e7e00000, 0x0000000759a80000, 0x0000000777f80000)
  object space 1864192K, 98% used [0x00000006e7e00000,0x00000007580e09d0,0x0000000759a80000)
 Metaspace       used 102543K, capacity 112381K, committed 112680K, reserved 1146880K
  class space    used 13015K, capacity 15032K, committed 15144K, reserved 1048576K
}
Event: 342587.942 GC heap before
{Heap before GC invocations=12066 (full 7):
 PSYoungGen      total 1163776K, used 1156575K [0x0000000777f80000, 0x00000007bfe80000, 0x00000007c0000000)
  eden space 1150976K, 100% used [0x0000000777f80000,0x00000007be380000,0x00000007be380000)
  from space 12800K, 43% used [0x00000007bf200000,0x00000007bf777f70,0x00000007bfe80000)
  to   space 13824K, 0% used [0x00000007be380000,0x00000007be380000,0x00000007bf100000)
 ParOldGen       total 1864192K, used 1837954K [0x00000006e7e00000, 0x0000000759a80000, 0x0000000777f80000)
  object space 1864192K, 98% used [0x00000006e7e00000,0x00000007580e09d0,0x0000000759a80000)
 Metaspace       used 102543K, capacity 112381K, committed 112680K, reserved 1146880K
  class space    used 13015K, capacity 15032K, committed 15144K, reserved 1048576K
Event: 342587.959 GC heap after
Heap after GC invocations=12066 (full 7):
 PSYoungGen      total 1164800K, used 5552K [0x0000000777f80000, 0x00000007c0000000, 0x00000007c0000000)
  eden space 1150976K, 0% used [0x0000000777f80000,0x0000000777f80000,0x00000007be380000)
  from space 13824K, 40% used [0x00000007be380000,0x00000007be8ec0f8,0x00000007bf100000)
  to   space 13312K, 0% used [0x00000007bf300000,0x00000007bf300000,0x00000007c0000000)
 ParOldGen       total 1864192K, used 1837970K [0x00000006e7e00000, 0x0000000759a80000, 0x0000000777f80000)
  object space 1864192K, 98% used [0x00000006e7e00000,0x00000007580e49d0,0x0000000759a80000)
 Metaspace       used 102543K, capacity 112381K, committed 112680K, reserved 1146880K
  class space    used 13015K, capacity 15032K, committed 15144K, reserved 1048576K
}
Event: 342597.387 GC heap before
{Heap before GC invocations=12067 (full 7):
 PSYoungGen      total 1164800K, used 1156528K [0x0000000777f80000, 0x00000007c0000000, 0x00000007c0000000)
  eden space 1150976K, 100% used [0x0000000777f80000,0x00000007be380000,0x00000007be380000)
  from space 13824K, 40% used [0x00000007be380000,0x00000007be8ec0f8,0x00000007bf100000)
  to   space 13312K, 0% used [0x00000007bf300000,0x00000007bf300000,0x00000007c0000000)
 ParOldGen       total 1864192K, used 1837970K [0x00000006e7e00000, 0x0000000759a80000, 0x0000000777f80000)
  object space 1864192K, 98% used [0x00000006e7e00000,0x00000007580e49d0,0x0000000759a80000)
 Metaspace       used 102543K, capacity 112381K, committed 112680K, reserved 1146880K
  class space    used 13015K, capacity 15032K, committed 15144K, reserved 1048576K
Event: 342597.404 GC heap after
Heap after GC invocations=12067 (full 7):
 PSYoungGen      total 1164800K, used 5503K [0x0000000777f80000, 0x00000007bfe80000, 0x00000007c0000000)
  eden space 1153024K, 0% used [0x0000000777f80000,0x0000000777f80000,0x00000007be580000)
  from space 11776K, 46% used [0x00000007bf300000,0x00000007bf85fdf0,0x00000007bfe80000)
  to   space 12800K, 0% used [0x00000007be580000,0x00000007be580000,0x00000007bf200000)
 ParOldGen       total 1864192K, used 1838090K [0x00000006e7e00000, 0x0000000759a80000, 0x0000000777f80000)
  object space 1864192K, 98% used [0x00000006e7e00000,0x00000007581029d0,0x0000000759a80000)
 Metaspace       used 102543K, capacity 112381K, committed 112680K, reserved 1146880K
  class space    used 13015K, capacity 15032K, committed 15144K, reserved 1048576K
}
Event: 342607.034 GC heap before
{Heap before GC invocations=12068 (full 7):
 PSYoungGen      total 1164800K, used 1158527K [0x0000000777f80000, 0x00000007bfe80000, 0x00000007c0000000)
  eden space 1153024K, 100% used [0x0000000777f80000,0x00000007be580000,0x00000007be580000)
  from space 11776K, 46% used [0x00000007bf300000,0x00000007bf85fdf0,0x00000007bfe80000)
  to   space 12800K, 0% used [0x00000007be580000,0x00000007be580000,0x00000007bf200000)
 ParOldGen       total 1864192K, used 1838090K [0x00000006e7e00000, 0x0000000759a80000, 0x0000000777f80000)
  object space 1864192K, 98% used [0x00000006e7e00000,0x00000007581029d0,0x0000000759a80000)
 Metaspace       used 102543K, capacity 112381K, committed 112680K, reserved 1146880K
  class space    used 13015K, capacity 15032K, committed 15144K, reserved 1048576K
Event: 342607.051 GC heap after
Heap after GC invocations=12068 (full 7):
 PSYoungGen      total 1165824K, used 5471K [0x0000000777f80000, 0x00000007c0000000, 0x00000007c0000000)
  eden space 1153024K, 0% used [0x0000000777f80000,0x0000000777f80000,0x00000007be580000)
  from space 12800K, 42% used [0x00000007be580000,0x00000007bead7f60,0x00000007bf200000)
  to   space 12288K, 0% used [0x00000007bf400000,0x00000007bf400000,0x00000007c0000000)
 ParOldGen       total 1864192K, used 1838122K [0x00000006e7e00000, 0x0000000759a80000, 0x0000000777f80000)
  object space 1864192K, 98% used [0x00000006e7e00000,0x000000075810a9d0,0x0000000759a80000)
 Metaspace       used 102543K, capacity 112381K, committed 112680K, reserved 1146880K
  class space    used 13015K, capacity 15032K, committed 15144K, reserved 1048576K
}
Event: 342616.593 GC heap before
{Heap before GC invocations=12069 (full 7):
 PSYoungGen      total 1165824K, used 1158495K [0x0000000777f80000, 0x00000007c0000000, 0x00000007c0000000)
  eden space 1153024K, 100% used [0x0000000777f80000,0x00000007be580000,0x00000007be580000)
  from space 12800K, 42% used [0x00000007be580000,0x00000007bead7f60,0x00000007bf200000)
  to   space 12288K, 0% used [0x00000007bf400000,0x00000007bf400000,0x00000007c0000000)
 ParOldGen       total 1864192K, used 1838122K [0x00000006e7e00000, 0x0000000759a80000, 0x0000000777f80000)
  object space 1864192K, 98% used [0x00000006e7e00000,0x000000075810a9d0,0x0000000759a80000)
 Metaspace       used 102543K, capacity 112381K, committed 112680K, reserved 1146880K
  class space    used 13015K, capacity 15032K, committed 15144K, reserved 1048576K
Event: 342616.611 GC heap after
Heap after GC invocations=12069 (full 7):
 PSYoungGen      total 1166848K, used 3503K [0x0000000777f80000, 0x00000007bff80000, 0x00000007c0000000)
  eden space 1155072K, 0% used [0x0000000777f80000,0x0000000777f80000,0x00000007be780000)
  from space 11776K, 29% used [0x00000007bf400000,0x00000007bf76be08,0x00000007bff80000)
  to   space 12288K, 0% used [0x00000007be780000,0x00000007be780000,0x00000007bf380000)
 ParOldGen       total 1864192K, used 1840354K [0x00000006e7e00000, 0x0000000759a80000, 0x0000000777f80000)
  object space 1864192K, 98% used [0x00000006e7e00000,0x00000007583389d0,0x0000000759a80000)
 Metaspace       used 102543K, capacity 112381K, committed 112680K, reserved 1146880K
  class space    used 13015K, capacity 15032K, committed 15144K, reserved 1048576K
}
Event: 342626.192 GC heap before
{Heap before GC invocations=12070 (full 7):
 PSYoungGen      total 1166848K, used 1158575K [0x0000000777f80000, 0x00000007bff80000, 0x00000007c0000000)
  eden space 1155072K, 100% used [0x0000000777f80000,0x00000007be780000,0x00000007be780000)
  from space 11776K, 29% used [0x00000007bf400000,0x00000007bf76be08,0x00000007bff80000)
  to   space 12288K, 0% used [0x00000007be780000,0x00000007be780000,0x00000007bf380000)
 ParOldGen       total 1864192K, used 1840354K [0x00000006e7e00000, 0x0000000759a80000, 0x0000000777f80000)
  object space 1864192K, 98% used [0x00000006e7e00000,0x00000007583389d0,0x0000000759a80000)
 Metaspace       used 102543K, capacity 112381K, committed 112680K, reserved 1146880K
  class space    used 13015K, capacity 15032K, committed 15144K, reserved 1048576K
Event: 342626.208 GC heap after
Heap after GC invocations=12070 (full 7):
 PSYoungGen      total 1167360K, used 3535K [0x0000000777f80000, 0x00000007c0000000, 0x00000007c0000000)
  eden space 1155072K, 0% used [0x0000000777f80000,0x0000000777f80000,0x00000007be780000)
  from space 12288K, 28% used [0x00000007be780000,0x00000007beaf3e08,0x00000007bf380000)
  to   space 12288K, 0% used [0x00000007bf400000,0x00000007bf400000,0x00000007c0000000)
 ParOldGen       total 1864192K, used 1840426K [0x00000006e7e00000, 0x0000000759a80000, 0x0000000777f80000)
  object space 1864192K, 98% used [0x00000006e7e00000,0x000000075834aa00,0x0000000759a80000)
 Metaspace       used 102543K, capacity 112381K, committed 112680K, reserved 1146880K
  class space    used 13015K, capacity 15032K, committed 15144K, reserved 1048576K
}
Event: 342635.733 GC heap before
{Heap before GC invocations=12071 (full 7):
 PSYoungGen      total 1167360K, used 1158607K [0x0000000777f80000, 0x00000007c0000000, 0x00000007c0000000)
  eden space 1155072K, 100% used [0x0000000777f80000,0x00000007be780000,0x00000007be780000)
  from space 12288K, 28% used [0x00000007be780000,0x00000007beaf3e08,0x00000007bf380000)
  to   space 12288K, 0% used [0x00000007bf400000,0x00000007bf400000,0x00000007c0000000)
 ParOldGen       total 1864192K, used 1840426K [0x00000006e7e00000, 0x0000000759a80000, 0x0000000777f80000)
  object space 1864192K, 98% used [0x00000006e7e00000,0x000000075834aa00,0x0000000759a80000)
 Metaspace       used 102543K, capacity 112381K, committed 112680K, reserved 1146880K
  class space    used 13015K, capacity 15032K, committed 15144K, reserved 1048576K
Event: 342635.748 GC heap after
Heap after GC invocations=12071 (full 7):
 PSYoungGen      total 1167872K, used 3311K [0x0000000777f80000, 0x00000007c0000000, 0x00000007c0000000)
  eden space 1155584K, 0% used [0x0000000777f80000,0x0000000777f80000,0x00000007be800000)
  from space 12288K, 26% used [0x00000007bf400000,0x00000007bf73bf68,0x00000007c0000000)
  to   space 12288K, 0% used [0x00000007be800000,0x00000007be800000,0x00000007bf400000)
 ParOldGen       total 1864192K, used 1840514K [0x00000006e7e00000, 0x0000000759a80000, 0x0000000777f80000)
  object space 1864192K, 98% used [0x00000006e7e00000,0x0000000758360a30,0x0000000759a80000)
 Metaspace       used 102543K, capacity 112381K, committed 112680K, reserved 1146880K
  class space    used 13015K, capacity 15032K, committed 15144K, reserved 1048576K
}
Event: 342644.931 GC heap before
{Heap before GC invocations=12072 (full 7):
 PSYoungGen      total 1167872K, used 1158895K [0x0000000777f80000, 0x00000007c0000000, 0x00000007c0000000)
  eden space 1155584K, 100% used [0x0000000777f80000,0x00000007be800000,0x00000007be800000)
  from space 12288K, 26% used [0x00000007bf400000,0x00000007bf73bf68,0x00000007c0000000)
  to   space 12288K, 0% used [0x00000007be800000,0x00000007be800000,0x00000007bf400000)
 ParOldGen       total 1864192K, used 1840514K [0x00000006e7e00000, 0x0000000759a80000, 0x0000000777f80000)
  object space 1864192K, 98% used [0x00000006e7e00000,0x0000000758360a30,0x0000000759a80000)
 Metaspace       used 102543K, capacity 112381K, committed 112680K, reserved 1146880K
  class space    used 13015K, capacity 15032K, committed 15144K, reserved 1048576K
Event: 342644.947 GC heap after
Heap after GC invocations=12072 (full 7):
 PSYoungGen      total 1159168K, used 3376K [0x0000000777f80000, 0x00000007bff00000, 0x00000007c0000000)
  eden space 1155584K, 0% used [0x0000000777f80000,0x0000000777f80000,0x00000007be800000)
  from space 3584K, 94% used [0x00000007be800000,0x00000007beb4c0e8,0x00000007beb80000)
  to   space 11776K, 0% used [0x00000007bf380000,0x00000007bf380000,0x00000007bff00000)
 ParOldGen       total 1864192K, used 1840554K [0x00000006e7e00000, 0x0000000759a80000, 0x0000000777f80000)
  object space 1864192K, 98% used [0x00000006e7e00000,0x000000075836aa30,0x0000000759a80000)
 Metaspace       used 102543K, capacity 112381K, committed 112680K, reserved 1146880K
  class space    used 13015K, capacity 15032K, committed 15144K, reserved 1048576K
}
Event: 342658.691 GC heap before
{Heap before GC invocations=12073 (full 7):
 PSYoungGen      total 1159168K, used 1158960K [0x0000000777f80000, 0x00000007bff00000, 0x00000007c0000000)
  eden space 1155584K, 100% used [0x0000000777f80000,0x00000007be800000,0x00000007be800000)
  from space 3584K, 94% used [0x00000007be800000,0x00000007beb4c0e8,0x00000007beb80000)
  to   space 11776K, 0% used [0x00000007bf380000,0x00000007bf380000,0x00000007bff00000)
 ParOldGen       total 1864192K, used 1840554K [0x00000006e7e00000, 0x0000000759a80000, 0x0000000777f80000)
  object space 1864192K, 98% used [0x00000006e7e00000,0x000000075836aa30,0x0000000759a80000)
 Metaspace       used 102543K, capacity 112381K, committed 112680K, reserved 1146880K
  class space    used 13015K, capacity 15032K, committed 15144K, reserved 1048576K
Event: 342658.708 GC heap after
Heap after GC invocations=12073 (full 7):
 PSYoungGen      total 1167360K, used 3727K [0x0000000777f80000, 0x00000007c0000000, 0x00000007c0000000)
  eden space 1155584K, 0% used [0x0000000777f80000,0x0000000777f80000,0x00000007be800000)
  from space 11776K, 31% used [0x00000007bf380000,0x00000007bf723f88,0x00000007bff00000)
  to   space 11776K, 0% used [0x00000007be800000,0x00000007be800000,0x00000007bf380000)
 ParOldGen       total 1864192K, used 1840586K [0x00000006e7e00000, 0x0000000759a80000, 0x0000000777f80000)
  object space 1864192K, 98% used [0x00000006e7e00000,0x0000000758372a30,0x0000000759a80000)
 Metaspace       used 102543K, capacity 112381K, committed 112680K, reserved 1146880K
  class space    used 13015K, capacity 15032K, committed 15144K, reserved 1048576K
}
Event: 342673.114 GC heap before
{Heap before GC invocations=12074 (full 7):
 PSYoungGen      total 1167360K, used 1159311K [0x0000000777f80000, 0x00000007c0000000, 0x00000007c0000000)
  eden space 1155584K, 100% used [0x0000000777f80000,0x00000007be800000,0x00000007be800000)
  from space 11776K, 31% used [0x00000007bf380000,0x00000007bf723f88,0x00000007bff00000)
  to   space 11776K, 0% used [0x00000007be800000,0x00000007be800000,0x00000007bf380000)
 ParOldGen       total 1864192K, used 1840586K [0x00000006e7e00000, 0x0000000759a80000, 0x0000000777f80000)
  object space 1864192K, 98% used [0x00000006e7e00000,0x0000000758372a30,0x0000000759a80000)
 Metaspace       used 102543K, capacity 112381K, committed 112680K, reserved 1146880K
  class space    used 13015K, capacity 15032K, committed 15144K, reserved 1048576K
Event: 342673.130 GC heap after
Heap after GC invocations=12074 (full 7):
 PSYoungGen      total 1167360K, used 3759K [0x0000000777f80000, 0x00000007bff00000, 0x00000007c0000000)
  eden space 1155584K, 0% used [0x0000000777f80000,0x0000000777f80000,0x00000007be800000)
  from space 11776K, 31% used [0x00000007be800000,0x00000007bebabf68,0x00000007bf380000)
  to   space 11264K, 0% used [0x00000007bf400000,0x00000007bf400000,0x00000007bff00000)
 ParOldGen       total 1864192K, used 1840626K [0x00000006e7e00000, 0x0000000759a80000, 0x0000000777f80000)
  object space 1864192K, 98% used [0x00000006e7e00000,0x000000075837ca60,0x0000000759a80000)
 Metaspace       used 102543K, capacity 112381K, committed 112680K, reserved 1146880K
  class space    used 13015K, capacity 15032K, committed 15144K, reserved 1048576K
}
Event: 342687.840 GC heap before
{Heap before GC invocations=12075 (full 7):
 PSYoungGen      total 1167360K, used 1159343K [0x0000000777f80000, 0x00000007bff00000, 0x00000007c0000000)
  eden space 1155584K, 100% used [0x0000000777f80000,0x00000007be800000,0x00000007be800000)
  from space 11776K, 31% used [0x00000007be800000,0x00000007bebabf68,0x00000007bf380000)
  to   space 11264K, 0% used [0x00000007bf400000,0x00000007bf400000,0x00000007bff00000)
 ParOldGen       total 1864192K, used 1840626K [0x00000006e7e00000, 0x0000000759a80000, 0x0000000777f80000)
  object space 1864192K, 98% used [0x00000006e7e00000,0x000000075837ca60,0x0000000759a80000)
 Metaspace       used 102543K, capacity 112381K, committed 112680K, reserved 1146880K
  class space    used 13015K, capacity 15032K, committed 15144K, reserved 1048576K
Event: 342687.856 GC heap after
Heap after GC invocations=12075 (full 7):
 PSYoungGen      total 1167872K, used 3695K [0x0000000777f80000, 0x00000007bfe80000, 0x00000007c0000000)
  eden space 1157120K, 0% used [0x0000000777f80000,0x0000000777f80000,0x00000007be980000)
  from space 10752K, 34% used [0x00000007bf400000,0x00000007bf79bf78,0x00000007bfe80000)
  to   space 10752K, 0% used [0x00000007be980000,0x00000007be980000,0x00000007bf400000)
 ParOldGen       total 1864192K, used 1840698K [0x00000006e7e00000, 0x0000000759a80000, 0x0000000777f80000)
  object space 1864192K, 98% used [0x00000006e7e00000,0x000000075838ea60,0x0000000759a80000)
 Metaspace       used 102543K, capacity 112381K, committed 112680K, reserved 1146880K
  class space    used 13015K, capacity 15032K, committed 15144K, reserved 1048576K
}
Event: 342702.581 GC heap before
{Heap before GC invocations=12076 (full 7):
 PSYoungGen      total 1167872K, used 1160815K [0x0000000777f80000, 0x00000007bfe80000, 0x00000007c0000000)
  eden space 1157120K, 100% used [0x0000000777f80000,0x00000007be980000,0x00000007be980000)
  from space 10752K, 34% used [0x00000007bf400000,0x00000007bf79bf78,0x00000007bfe80000)
  to   space 10752K, 0% used [0x00000007be980000,0x00000007be980000,0x00000007bf400000)
 ParOldGen       total 1864192K, used 1840698K [0x00000006e7e00000, 0x0000000759a80000, 0x0000000777f80000)
  object space 1864192K, 98% used [0x00000006e7e00000,0x000000075838ea60,0x0000000759a80000)
 Metaspace       used 102543K, capacity 112381K, committed 112680K, reserved 1146880K
  class space    used 13015K, capacity 15032K, committed 15144K, reserved 1048576K
Event: 342702.597 GC heap after
Heap after GC invocations=12076 (full 7):
 PSYoungGen      total 1167872K, used 3855K [0x0000000777f80000, 0x00000007c0000000, 0x00000007c0000000)
  eden space 1157120K, 0% used [0x0000000777f80000,0x0000000777f80000,0x00000007be980000)
  from space 10752K, 35% used [0x00000007be980000,0x00000007bed43f88,0x00000007bf400000)
  to   space 10752K, 0% used [0x00000007bf580000,0x00000007bf580000,0x00000007c0000000)
 ParOldGen       total 1864192K, used 1840806K [0x00000006e7e00000, 0x0000000759a80000, 0x0000000777f80000)
  object space 1864192K, 98% used [0x00000006e7e00000,0x00000007583a9a78,0x0000000759a80000)
 Metaspace       used 102543K, capacity 112381K, committed 112680K, reserved 1146880K
  class space    used 13015K, capacity 15032K, committed 15144K, reserved 1048576K
}
Event: 342717.572 GC heap before
{Heap before GC invocations=12077 (full 7):
 PSYoungGen      total 1167872K, used 1160975K [0x0000000777f80000, 0x00000007c0000000, 0x00000007c0000000)
  eden space 1157120K, 100% used [0x0000000777f80000,0x00000007be980000,0x00000007be980000)
  from space 10752K, 35% used [0x00000007be980000,0x00000007bed43f88,0x00000007bf400000)
  to   space 10752K, 0% used [0x00000007bf580000,0x00000007bf580000,0x00000007c0000000)
 ParOldGen       total 1864192K, used 1840806K [0x00000006e7e00000, 0x0000000759a80000, 0x0000000777f80000)
  object space 1864192K, 98% used [0x00000006e7e00000,0x00000007583a9a78,0x0000000759a80000)
 Metaspace       used 102543K, capacity 112381K, committed 112680K, reserved 1146880K
  class space    used 13015K, capacity 15032K, committed 15144K, reserved 1048576K
Event: 342717.588 GC heap after
Heap after GC invocations=12077 (full 7):
 PSYoungGen      total 1168384K, used 3759K [0x0000000777f80000, 0x00000007bff00000, 0x00000007c0000000)
  eden space 1158656K, 0% used [0x0000000777f80000,0x0000000777f80000,0x00000007beb00000)
  from space 9728K, 38% used [0x00000007bf580000,0x00000007bf92bf88,0x00000007bff00000)
  to   space 10240K, 0% used [0x00000007beb00000,0x00000007beb00000,0x00000007bf500000)
 ParOldGen       total 1864192K, used 1840822K [0x00000006e7e00000, 0x0000000759a80000, 0x0000000777f80000)
  object space 1864192K, 98% used [0x00000006e7e00000,0x00000007583ada78,0x0000000759a80000)
 Metaspace       used 102543K, capacity 112381K, committed 112680K, reserved 1146880K
  class space    used 13015K, capacity 15032K, committed 15144K, reserved 1048576K
}
Event: 342732.632 GC heap before
{Heap before GC invocations=12078 (full 7):
 PSYoungGen      total 1168384K, used 1162415K [0x0000000777f80000, 0x00000007bff00000, 0x00000007c0000000)
  eden space 1158656K, 100% used [0x0000000777f80000,0x00000007beb00000,0x00000007beb00000)
  from space 9728K, 38% used [0x00000007bf580000,0x00000007bf92bf88,0x00000007bff00000)
  to   space 10240K, 0% used [0x00000007beb00000,0x00000007beb00000,0x00000007bf500000)
 ParOldGen       total 1864192K, used 1840822K [0x00000006e7e00000, 0x0000000759a80000, 0x0000000777f80000)
  object space 1864192K, 98% used [0x00000006e7e00000,0x00000007583ada78,0x0000000759a80000)
 Metaspace       used 102543K, capacity 112381K, committed 112680K, reserved 1146880K
  class space    used 13015K, capacity 15032K, committed 15144K, reserved 1048576K
Event: 342732.648 GC heap after
Heap after GC invocations=12078 (full 7):
 PSYoungGen      total 1168896K, used 3791K [0x0000000777f80000, 0x00000007bff80000, 0x00000007c0000000)
  eden space 1158656K, 0% used [0x0000000777f80000,0x0000000777f80000,0x00000007beb00000)
  from space 10240K, 37% used [0x00000007beb00000,0x00000007beeb3f88,0x00000007bf500000)
  to   space 9728K, 0% used [0x00000007bf600000,0x00000007bf600000,0x00000007bff80000)
 ParOldGen       total 1864192K, used 1840886K [0x00000006e7e00000, 0x0000000759a80000, 0x0000000777f80000)
  object space 1864192K, 98% used [0x00000006e7e00000,0x00000007583bda78,0x0000000759a80000)
 Metaspace       used 102543K, capacity 112381K, committed 112680K, reserved 1146880K
  class space    used 13015K, capacity 15032K, committed 15144K, reserved 1048576K
}
Event: 342748.083 GC heap before
{Heap before GC invocations=12079 (full 7):
 PSYoungGen      total 1168896K, used 1162447K [0x0000000777f80000, 0x00000007bff80000, 0x00000007c0000000)
  eden space 1158656K, 100% used [0x0000000777f80000,0x00000007beb00000,0x00000007beb00000)
  from space 10240K, 37% used [0x00000007beb00000,0x00000007beeb3f88,0x00000007bf500000)
  to   space 9728K, 0% used [0x00000007bf600000,0x00000007bf600000,0x00000007bff80000)
 ParOldGen       total 1864192K, used 1840886K [0x00000006e7e00000, 0x0000000759a80000, 0x0000000777f80000)
  object space 1864192K, 98% used [0x00000006e7e00000,0x00000007583bda78,0x0000000759a80000)
 Metaspace       used 102543K, capacity 112381K, committed 112680K, reserved 1146880K
  class space    used 13015K, capacity 15032K, committed 15144K, reserved 1048576K
Event: 342748.098 GC heap after
Heap after GC invocations=12079 (full 7):
 PSYoungGen      total 1169920K, used 3727K [0x0000000777f80000, 0x00000007bff80000, 0x00000007c0000000)
  eden space 1160192K, 0% used [0x0000000777f80000,0x0000000777f80000,0x00000007bec80000)
  from space 9728K, 38% used [0x00000007bf600000,0x00000007bf9a3df8,0x00000007bff80000)
  to   space 9728K, 0% used [0x00000007bec80000,0x00000007bec80000,0x00000007bf600000)
 ParOldGen       total 1864192K, used 1840918K [0x00000006e7e00000, 0x0000000759a80000, 0x0000000777f80000)
  object space 1864192K, 98% used [0x00000006e7e00000,0x00000007583c5a78,0x0000000759a80000)
 Metaspace       used 102543K, capacity 112381K, committed 112680K, reserved 1146880K
  class space    used 13015K, capacity 15032K, committed 15144K, reserved 1048576K
}
Event: 342763.381 GC heap before
{Heap before GC invocations=12080 (full 7):
 PSYoungGen      total 1169920K, used 1163919K [0x0000000777f80000, 0x00000007bff80000, 0x00000007c0000000)
  eden space 1160192K, 100% used [0x0000000777f80000,0x00000007bec80000,0x00000007bec80000)
  from space 9728K, 38% used [0x00000007bf600000,0x00000007bf9a3df8,0x00000007bff80000)
  to   space 9728K, 0% used [0x00000007bec80000,0x00000007bec80000,0x00000007bf600000)
 ParOldGen       total 1864192K, used 1840918K [0x00000006e7e00000, 0x0000000759a80000, 0x0000000777f80000)
  object space 1864192K, 98% used [0x00000006e7e00000,0x00000007583c5a78,0x0000000759a80000)
 Metaspace       used 102543K, capacity 112381K, committed 112680K, reserved 1146880K
  class space    used 13015K, capacity 15032K, committed 15144K, reserved 1048576K
Event: 342763.397 GC heap after
Heap after GC invocations=12080 (full 7):
 PSYoungGen      total 1169920K, used 3759K [0x0000000777f80000, 0x00000007bff00000, 0x00000007c0000000)
  eden space 1160192K, 0% used [0x0000000777f80000,0x0000000777f80000,0x00000007bec80000)
  from space 9728K, 38% used [0x00000007bec80000,0x00000007bf02bf88,0x00000007bf600000)
  to   space 9216K, 0% used [0x00000007bf600000,0x00000007bf600000,0x00000007bff00000)
 ParOldGen       total 1864192K, used 1840934K [0x00000006e7e00000, 0x0000000759a80000, 0x0000000777f80000)
  object space 1864192K, 98% used [0x00000006e7e00000,0x00000007583c9a78,0x0000000759a80000)
 Metaspace       used 102543K, capacity 112381K, committed 112680K, reserved 1146880K
  class space    used 13015K, capacity 15032K, committed 15144K, reserved 1048576K
}
Event: 342780.835 GC heap before
{Heap before GC invocations=12081 (full 7):
 PSYoungGen      total 1169920K, used 1163951K [0x0000000777f80000, 0x00000007bff00000, 0x00000007c0000000)
  eden space 1160192K, 100% used [0x0000000777f80000,0x00000007bec80000,0x00000007bec80000)
  from space 9728K, 38% used [0x00000007bec80000,0x00000007bf02bf88,0x00000007bf600000)
  to   space 9216K, 0% used [0x00000007bf600000,0x00000007bf600000,0x00000007bff00000)
 ParOldGen       total 1864192K, used 1840934K [0x00000006e7e00000, 0x0000000759a80000, 0x0000000777f80000)
  object space 1864192K, 98% used [0x00000006e7e00000,0x00000007583c9a78,0x0000000759a80000)
 Metaspace       used 102543K, capacity 112381K, committed 112680K, reserved 1146880K
  class space    used 13015K, capacity 15032K, committed 15144K, reserved 1048576K
Event: 342780.851 GC heap after
Heap after GC invocations=12081 (full 7):
 PSYoungGen      total 1169920K, used 3919K [0x0000000777f80000, 0x00000007bfe80000, 0x00000007c0000000)
  eden space 1161216K, 0% used [0x0000000777f80000,0x0000000777f80000,0x00000007bed80000)
  from space 8704K, 45% used [0x00000007bf600000,0x00000007bf9d3f88,0x00000007bfe80000)
  to   space 8704K, 0% used [0x00000007bed80000,0x00000007bed80000,0x00000007bf600000)
 ParOldGen       total 1864192K, used 1840974K [0x00000006e7e00000, 0x0000000759a80000, 0x0000000777f80000)
  object space 1864192K, 98% used [0x00000006e7e00000,0x00000007583d3a78,0x0000000759a80000)
 Metaspace       used 102543K, capacity 112381K, committed 112680K, reserved 1146880K
  class space    used 13015K, capacity 15032K, committed 15144K, reserved 1048576K
}
Event: 342790.894 GC heap before
{Heap before GC invocations=12082 (full 7):
 PSYoungGen      total 1169920K, used 1165135K [0x0000000777f80000, 0x00000007bfe80000, 0x00000007c0000000)
  eden space 1161216K, 100% used [0x0000000777f80000,0x00000007bed80000,0x00000007bed80000)
  from space 8704K, 45% used [0x00000007bf600000,0x00000007bf9d3f88,0x00000007bfe80000)
  to   space 8704K, 0% used [0x00000007bed80000,0x00000007bed80000,0x00000007bf600000)
 ParOldGen       total 1864192K, used 1840974K [0x00000006e7e00000, 0x0000000759a80000, 0x0000000777f80000)
  object space 1864192K, 98% used [0x00000006e7e00000,0x00000007583d3a78,0x0000000759a80000)
 Metaspace       used 102543K, capacity 112381K, committed 112680K, reserved 1146880K
  class space    used 13015K, capacity 15032K, committed 15144K, reserved 1048576K
Event: 342790.910 GC heap after
Heap after GC invocations=12082 (full 7):
 PSYoungGen      total 1169920K, used 3839K [0x0000000777f80000, 0x00000007c0000000, 0x00000007c0000000)
  eden space 1161216K, 0% used [0x0000000777f80000,0x0000000777f80000,0x00000007bed80000)
  from space 8704K, 44% used [0x00000007bed80000,0x00000007bf13ff60,0x00000007bf600000)
  to   space 8704K, 0% used [0x00000007bf780000,0x00000007bf780000,0x00000007c0000000)
 ParOldGen       total 1864192K, used 1841086K [0x00000006e7e00000, 0x0000000759a80000, 0x0000000777f80000)
  object space 1864192K, 98% used [0x00000006e7e00000,0x00000007583efaa8,0x0000000759a80000)
 Metaspace       used 102543K, capacity 112381K, committed 112680K, reserved 1146880K
  class space    used 13015K, capacity 15032K, committed 15144K, reserved 1048576K
}
Event: 342800.481 GC heap before
{Heap before GC invocations=12083 (full 7):
 PSYoungGen      total 1169920K, used 1165055K [0x0000000777f80000, 0x00000007c0000000, 0x00000007c0000000)
  eden space 1161216K, 100% used [0x0000000777f80000,0x00000007bed80000,0x00000007bed80000)
  from space 8704K, 44% used [0x00000007bed80000,0x00000007bf13ff60,0x00000007bf600000)
  to   space 8704K, 0% used [0x00000007bf780000,0x00000007bf780000,0x00000007c0000000)
 ParOldGen       total 1864192K, used 1841086K [0x00000006e7e00000, 0x0000000759a80000, 0x0000000777f80000)
  object space 1864192K, 98% used [0x00000006e7e00000,0x00000007583efaa8,0x0000000759a80000)
 Metaspace       used 102543K, capacity 112381K, committed 112680K, reserved 1146880K
  class space    used 13015K, capacity 15032K, committed 15144K, reserved 1048576K
Event: 342800.497 GC heap after
Heap after GC invocations=12083 (full 7):
 PSYoungGen      total 1170432K, used 3903K [0x0000000777f80000, 0x00000007bff00000, 0x00000007c0000000)
  eden space 1162752K, 0% used [0x0000000777f80000,0x0000000777f80000,0x00000007bef00000)
  from space 7680K, 50% used [0x00000007bf780000,0x00000007bfb4ff60,0x00000007bff00000)
  to   space 8192K, 0% used [0x00000007bef00000,0x00000007bef00000,0x00000007bf700000)
 ParOldGen       total 1864192K, used 1841118K [0x00000006e7e00000, 0x0000000759a80000, 0x0000000777f80000)
  object space 1864192K, 98% used [0x00000006e7e00000,0x00000007583f7aa8,0x0000000759a80000)
 Metaspace       used 102543K, capacity 112381K, committed 112680K, reserved 1146880K
  class space    used 13015K, capacity 15032K, committed 15144K, reserved 1048576K
}
Event: 342814.247 GC heap before
{Heap before GC invocations=12084 (full 7):
 PSYoungGen      total 1170432K, used 1166655K [0x0000000777f80000, 0x00000007bff00000, 0x00000007c0000000)
  eden space 1162752K, 100% used [0x0000000777f80000,0x00000007bef00000,0x00000007bef00000)
  from space 7680K, 50% used [0x00000007bf780000,0x00000007bfb4ff60,0x00000007bff00000)
  to   space 8192K, 0% used [0x00000007bef00000,0x00000007bef00000,0x00000007bf700000)
 ParOldGen       total 1864192K, used 1841118K [0x00000006e7e00000, 0x0000000759a80000, 0x0000000777f80000)
  object space 1864192K, 98% used [0x00000006e7e00000,0x00000007583f7aa8,0x0000000759a80000)
 Metaspace       used 102543K, capacity 112381K, committed 112680K, reserved 1146880K
  class space    used 13015K, capacity 15032K, committed 15144K, reserved 1048576K
Event: 342814.263 GC heap after
Heap after GC invocations=12084 (full 7):
 PSYoungGen      total 1170944K, used 3999K [0x0000000777f80000, 0x00000007c0000000, 0x00000007c0000000)
  eden space 1162752K, 0% used [0x0000000777f80000,0x0000000777f80000,0x00000007bef00000)
  from space 8192K, 48% used [0x00000007bef00000,0x00000007bf2e7f70,0x00000007bf700000)
  to   space 8192K, 0% used [0x00000007bf800000,0x00000007bf800000,0x00000007c0000000)
 ParOldGen       total 1864192K, used 1841166K [0x00000006e7e00000, 0x0000000759a80000, 0x0000000777f80000)
  object space 1864192K, 98% used [0x00000006e7e00000,0x0000000758403aa8,0x0000000759a80000)
 Metaspace       used 102543K, capacity 112381K, committed 112680K, reserved 1146880K
  class space    used 13015K, capacity 15032K, committed 15144K, reserved 1048576K
}
Event: 342829.636 GC heap before
{Heap before GC invocations=12085 (full 7):
 PSYoungGen      total 1170944K, used 1166751K [0x0000000777f80000, 0x00000007c0000000, 0x00000007c0000000)
  eden space 1162752K, 100% used [0x0000000777f80000,0x00000007bef00000,0x00000007bef00000)
  from space 8192K, 48% used [0x00000007bef00000,0x00000007bf2e7f70,0x00000007bf700000)
  to   space 8192K, 0% used [0x00000007bf800000,0x00000007bf800000,0x00000007c0000000)
 ParOldGen       total 1864192K, used 1841166K [0x00000006e7e00000, 0x0000000759a80000, 0x0000000777f80000)
  object space 1864192K, 98% used [0x00000006e7e00000,0x0000000758403aa8,0x0000000759a80000)
 Metaspace       used 102543K, capacity 112381K, committed 112680K, reserved 1146880K
  class space    used 13015K, capacity 15032K, committed 15144K, reserved 1048576K
Event: 342829.652 GC heap after
Heap after GC invocations=12085 (full 7):
 PSYoungGen      total 1170944K, used 3935K [0x0000000777f80000, 0x00000007bff00000, 0x00000007c0000000)
  eden space 1163776K, 0% used [0x0000000777f80000,0x0000000777f80000,0x00000007bf000000)
  from space 7168K, 54% used [0x00000007bf800000,0x00000007bfbd7f70,0x00000007bff00000)
  to   space 7680K, 0% used [0x00000007bf000000,0x00000007bf000000,0x00000007bf780000)
 ParOldGen       total 1864192K, used 1841198K [0x00000006e7e00000, 0x0000000759a80000, 0x0000000777f80000)
  object space 1864192K, 98% used [0x00000006e7e00000,0x000000075840baa8,0x0000000759a80000)
 Metaspace       used 102543K, capacity 112381K, committed 112680K, reserved 1146880K
  class space    used 13015K, capacity 15032K, committed 15144K, reserved 1048576K
}
Event: 342843.881 GC heap before
{Heap before GC invocations=12086 (full 7):
 PSYoungGen      total 1170944K, used 1167711K [0x0000000777f80000, 0x00000007bff00000, 0x00000007c0000000)
  eden space 1163776K, 100% used [0x0000000777f80000,0x00000007bf000000,0x00000007bf000000)
  from space 7168K, 54% used [0x00000007bf800000,0x00000007bfbd7f70,0x00000007bff00000)
  to   space 7680K, 0% used [0x00000007bf000000,0x00000007bf000000,0x00000007bf780000)
 ParOldGen       total 1864192K, used 1841198K [0x00000006e7e00000, 0x0000000759a80000, 0x0000000777f80000)
  object space 1864192K, 98% used [0x00000006e7e00000,0x000000075840baa8,0x0000000759a80000)
 Metaspace       used 102543K, capacity 112381K, committed 112680K, reserved 1146880K
  class space    used 13015K, capacity 15032K, committed 15144K, reserved 1048576K
Event: 342843.897 GC heap after
Heap after GC invocations=12086 (full 7):
 PSYoungGen      total 1171456K, used 3903K [0x0000000777f80000, 0x00000007c0000000, 0x00000007c0000000)
  eden space 1163776K, 0% used [0x0000000777f80000,0x0000000777f80000,0x00000007bf000000)
  from space 7680K, 50% used [0x00000007bf000000,0x00000007bf3cff60,0x00000007bf780000)
  to   space 7680K, 0% used [0x00000007bf880000,0x00000007bf880000,0x00000007c0000000)
 ParOldGen       total 1864192K, used 1841254K [0x00000006e7e00000, 0x0000000759a80000, 0x0000000777f80000)
  object space 1864192K, 98% used [0x00000006e7e00000,0x0000000758419ad8,0x0000000759a80000)
 Metaspace       used 102543K, capacity 112381K, committed 112680K, reserved 1146880K
  class space    used 13015K, capacity 15032K, committed 15144K, reserved 1048576K
}
Event: 342858.245 GC heap before
{Heap before GC invocations=12087 (full 7):
 PSYoungGen      total 1171456K, used 1167679K [0x0000000777f80000, 0x00000007c0000000, 0x00000007c0000000)
  eden space 1163776K, 100% used [0x0000000777f80000,0x00000007bf000000,0x00000007bf000000)
  from space 7680K, 50% used [0x00000007bf000000,0x00000007bf3cff60,0x00000007bf780000)
  to   space 7680K, 0% used [0x00000007bf880000,0x00000007bf880000,0x00000007c0000000)
 ParOldGen       total 1864192K, used 1841254K [0x00000006e7e00000, 0x0000000759a80000, 0x0000000777f80000)
  object space 1864192K, 98% used [0x00000006e7e00000,0x0000000758419ad8,0x0000000759a80000)
 Metaspace       used 102543K, capacity 112381K, committed 112680K, reserved 1146880K
  class space    used 13015K, capacity 15032K, committed 15144K, reserved 1048576K
Event: 342858.262 GC heap after
Heap after GC invocations=12087 (full 7):
 PSYoungGen      total 1171456K, used 3935K [0x0000000777f80000, 0x00000007bff00000, 0x00000007c0000000)
  eden space 1164800K, 0% used [0x0000000777f80000,0x0000000777f80000,0x00000007bf100000)
  from space 6656K, 59% used [0x00000007bf880000,0x00000007bfc57f60,0x00000007bff00000)
  to   space 7168K, 0% used [0x00000007bf100000,0x00000007bf100000,0x00000007bf800000)
 ParOldGen       total 1864192K, used 1841318K [0x00000006e7e00000, 0x0000000759a80000, 0x0000000777f80000)
  object space 1864192K, 98% used [0x00000006e7e00000,0x0000000758429ad8,0x0000000759a80000)
 Metaspace       used 102543K, capacity 112381K, committed 112680K, reserved 1146880K
  class space    used 13015K, capacity 15032K, committed 15144K, reserved 1048576K
}
Event: 342873.386 GC heap before
{Heap before GC invocations=12088 (full 7):
 PSYoungGen      total 1171456K, used 1168735K [0x0000000777f80000, 0x00000007bff00000, 0x00000007c0000000)
  eden space 1164800K, 100% used [0x0000000777f80000,0x00000007bf100000,0x00000007bf100000)
  from space 6656K, 59% used [0x00000007bf880000,0x00000007bfc57f60,0x00000007bff00000)
  to   space 7168K, 0% used [0x00000007bf100000,0x00000007bf100000,0x00000007bf800000)
 ParOldGen       total 1864192K, used 1841318K [0x00000006e7e00000, 0x0000000759a80000, 0x0000000777f80000)
  object space 1864192K, 98% used [0x00000006e7e00000,0x0000000758429ad8,0x0000000759a80000)
 Metaspace       used 102543K, capacity 112381K, committed 112680K, reserved 1146880K
  class space    used 13015K, capacity 15032K, committed 15144K, reserved 1048576K
Event: 342873.402 GC heap after
Heap after GC invocations=12088 (full 7):
 PSYoungGen      total 1171968K, used 3871K [0x0000000777f80000, 0x00000007c0000000, 0x00000007c0000000)
  eden space 1164800K, 0% used [0x0000000777f80000,0x0000000777f80000,0x00000007bf100000)
  from space 7168K, 54% used [0x00000007bf100000,0x00000007bf4c7df0,0x00000007bf800000)
  to   space 7168K, 0% used [0x00000007bf900000,0x00000007bf900000,0x00000007c0000000)
 ParOldGen       total 1864192K, used 1841418K [0x00000006e7e00000, 0x0000000759a80000, 0x0000000777f80000)
  object space 1864192K, 98% used [0x00000006e7e00000,0x0000000758442b20,0x0000000759a80000)
 Metaspace       used 102543K, capacity 112381K, committed 112680K, reserved 1146880K
  class space    used 13015K, capacity 15032K, committed 15144K, reserved 1048576K
}
Event: 342888.793 GC heap before
{Heap before GC invocations=12089 (full 7):
 PSYoungGen      total 1171968K, used 1168671K [0x0000000777f80000, 0x00000007c0000000, 0x00000007c0000000)
  eden space 1164800K, 100% used [0x0000000777f80000,0x00000007bf100000,0x00000007bf100000)
  from space 7168K, 54% used [0x00000007bf100000,0x00000007bf4c7df0,0x00000007bf800000)
  to   space 7168K, 0% used [0x00000007bf900000,0x00000007bf900000,0x00000007c0000000)
 ParOldGen       total 1864192K, used 1841418K [0x00000006e7e00000, 0x0000000759a80000, 0x0000000777f80000)
  object space 1864192K, 98% used [0x00000006e7e00000,0x0000000758442b20,0x0000000759a80000)
 Metaspace       used 102543K, capacity 112381K, committed 112680K, reserved 1146880K
  class space    used 13015K, capacity 15032K, committed 15144K, reserved 1048576K
Event: 342888.810 GC heap after
Heap after GC invocations=12089 (full 7):
 PSYoungGen      total 1171968K, used 3839K [0x0000000777f80000, 0x00000007bff00000, 0x00000007c0000000)
  eden space 1165824K, 0% used [0x0000000777f80000,0x0000000777f80000,0x00000007bf200000)
  from space 6144K, 62% used [0x00000007bf900000,0x00000007bfcbff70,0x00000007bff00000)
  to   space 6656K, 0% used [0x00000007bf200000,0x00000007bf200000,0x00000007bf880000)
 ParOldGen       total 1864192K, used 1841522K [0x00000006e7e00000, 0x0000000759a80000, 0x0000000777f80000)
  object space 1864192K, 98% used [0x00000006e7e00000,0x000000075845cb20,0x0000000759a80000)
 Metaspace       used 102543K, capacity 112381K, committed 112680K, reserved 1146880K
  class space    used 13015K, capacity 15032K, committed 15144K, reserved 1048576K
}
Event: 342903.434 GC heap before
{Heap before GC invocations=12090 (full 7):
 PSYoungGen      total 1171968K, used 1169663K [0x0000000777f80000, 0x00000007bff00000, 0x00000007c0000000)
  eden space 1165824K, 100% used [0x0000000777f80000,0x00000007bf200000,0x00000007bf200000)
  from space 6144K, 62% used [0x00000007bf900000,0x00000007bfcbff70,0x00000007bff00000)
  to   space 6656K, 0% used [0x00000007bf200000,0x00000007bf200000,0x00000007bf880000)
 ParOldGen       total 1864192K, used 1841522K [0x00000006e7e00000, 0x0000000759a80000, 0x0000000777f80000)
  object space 1864192K, 98% used [0x00000006e7e00000,0x000000075845cb20,0x0000000759a80000)
 Metaspace       used 102543K, capacity 112381K, committed 112680K, reserved 1146880K
  class space    used 13015K, capacity 15032K, committed 15144K, reserved 1048576K
Event: 342903.451 GC heap after
Heap after GC invocations=12090 (full 7):
 PSYoungGen      total 1172480K, used 3728K [0x0000000777f80000, 0x00000007c0000000, 0x00000007c0000000)
  eden space 1165824K, 0% used [0x0000000777f80000,0x0000000777f80000,0x00000007bf200000)
  from space 6656K, 56% used [0x00000007bf200000,0x00000007bf5a40f8,0x00000007bf880000)
  to   space 6656K, 0% used [0x00000007bf980000,0x00000007bf980000,0x00000007c0000000)
 ParOldGen       total 1864192K, used 1841606K [0x00000006e7e00000, 0x0000000759a80000, 0x0000000777f80000)
  object space 1864192K, 98% used [0x00000006e7e00000,0x0000000758471b38,0x0000000759a80000)
 Metaspace       used 102543K, capacity 112381K, committed 112680K, reserved 1146880K
  class space    used 13015K, capacity 15032K, committed 15144K, reserved 1048576K
}
Event: 342916.990 GC heap before
{Heap before GC invocations=12091 (full 7):
 PSYoungGen      total 1172480K, used 1169552K [0x0000000777f80000, 0x00000007c0000000, 0x00000007c0000000)
  eden space 1165824K, 100% used [0x0000000777f80000,0x00000007bf200000,0x00000007bf200000)
  from space 6656K, 56% used [0x00000007bf200000,0x00000007bf5a40f8,0x00000007bf880000)
  to   space 6656K, 0% used [0x00000007bf980000,0x00000007bf980000,0x00000007c0000000)
 ParOldGen       total 1864192K, used 1841606K [0x00000006e7e00000, 0x0000000759a80000, 0x0000000777f80000)
  object space 1864192K, 98% used [0x00000006e7e00000,0x0000000758471b38,0x0000000759a80000)
 Metaspace       used 102543K, capacity 112381K, committed 112680K, reserved 1146880K
  class space    used 13015K, capacity 15032K, committed 15144K, reserved 1048576K
Event: 342917.006 GC heap after
Heap after GC invocations=12091 (full 7):
 PSYoungGen      total 1173504K, used 3711K [0x0000000777f80000, 0x00000007c0000000, 0x00000007c0000000)
  eden space 1166848K, 0% used [0x0000000777f80000,0x0000000777f80000,0x00000007bf300000)
  from space 6656K, 55% used [0x00000007bf980000,0x00000007bfd1ff50,0x00000007c0000000)
  to   space 6656K, 0% used [0x00000007bf300000,0x00000007bf300000,0x00000007bf980000)
 ParOldGen       total 1864192K, used 1841678K [0x00000006e7e00000, 0x0000000759a80000, 0x0000000777f80000)
  object space 1864192K, 98% used [0x00000006e7e00000,0x0000000758483b38,0x0000000759a80000)
 Metaspace       used 102543K, capacity 112381K, committed 112680K, reserved 1146880K
  class space    used 13015K, capacity 15032K, committed 15144K, reserved 1048576K
}
Event: 342931.935 GC heap before
{Heap before GC invocations=12092 (full 7):
 PSYoungGen      total 1173504K, used 1170559K [0x0000000777f80000, 0x00000007c0000000, 0x00000007c0000000)
  eden space 1166848K, 100% used [0x0000000777f80000,0x00000007bf300000,0x00000007bf300000)
  from space 6656K, 55% used [0x00000007bf980000,0x00000007bfd1ff50,0x00000007c0000000)
  to   space 6656K, 0% used [0x00000007bf300000,0x00000007bf300000,0x00000007bf980000)
 ParOldGen       total 1864192K, used 1841678K [0x00000006e7e00000, 0x0000000759a80000, 0x0000000777f80000)
  object space 1864192K, 98% used [0x00000006e7e00000,0x0000000758483b38,0x0000000759a80000)
 Metaspace       used 102543K, capacity 112381K, committed 112680K, reserved 1146880K
  class space    used 13015K, capacity 15032K, committed 15144K, reserved 1048576K
Event: 342931.951 GC heap after
Heap after GC invocations=12092 (full 7):
 PSYoungGen      total 1170944K, used 3711K [0x0000000777f80000, 0x00000007bff00000, 0x00000007c0000000)
  eden space 1166848K, 0% used [0x0000000777f80000,0x0000000777f80000,0x00000007bf300000)
  from space 4096K, 90% used [0x00000007bf300000,0x00000007bf69ff60,0x00000007bf700000)
  to   space 6144K, 0% used [0x00000007bf900000,0x00000007bf900000,0x00000007bff00000)
 ParOldGen       total 1864192K, used 1841766K [0x00000006e7e00000, 0x0000000759a80000, 0x0000000777f80000)
  object space 1864192K, 98% used [0x00000006e7e00000,0x0000000758499b68,0x0000000759a80000)
 Metaspace       used 102543K, capacity 112381K, committed 112680K, reserved 1146880K
  class space    used 13015K, capacity 15032K, committed 15144K, reserved 1048576K
}
Event: 342949.491 GC heap before
{Heap before GC invocations=12093 (full 7):
 PSYoungGen      total 1170944K, used 1170559K [0x0000000777f80000, 0x00000007bff00000, 0x00000007c0000000)
  eden space 1166848K, 100% used [0x0000000777f80000,0x00000007bf300000,0x00000007bf300000)
  from space 4096K, 90% used [0x00000007bf300000,0x00000007bf69ff60,0x00000007bf700000)
  to   space 6144K, 0% used [0x00000007bf900000,0x00000007bf900000,0x00000007bff00000)
 ParOldGen       total 1864192K, used 1841766K [0x00000006e7e00000, 0x0000000759a80000, 0x0000000777f80000)
  object space 1864192K, 98% used [0x00000006e7e00000,0x0000000758499b68,0x0000000759a80000)
 Metaspace       used 102543K, capacity 112381K, committed 112680K, reserved 1146880K
  class space    used 13015K, capacity 15032K, committed 15144K, reserved 1048576K
Event: 342949.508 GC heap after
Heap after GC invocations=12093 (full 7):
 PSYoungGen      total 1172992K, used 3807K [0x0000000777f80000, 0x00000007c0000000, 0x00000007c0000000)
  eden space 1166848K, 0% used [0x0000000777f80000,0x0000000777f80000,0x00000007bf300000)
  from space 6144K, 61% used [0x00000007bf900000,0x00000007bfcb7f60,0x00000007bff00000)
  to   space 6144K, 0% used [0x00000007bf300000,0x00000007bf300000,0x00000007bf900000)
 ParOldGen       total 1864192K, used 1841782K [0x00000006e7e00000, 0x0000000759a80000, 0x0000000777f80000)
  object space 1864192K, 98% used [0x00000006e7e00000,0x000000075849db68,0x0000000759a80000)
 Metaspace       used 102543K, capacity 112381K, committed 112680K, reserved 1146880K
  class space    used 13015K, capacity 15032K, committed 15144K, reserved 1048576K
}
Event: 342967.085 GC heap before
{Heap before GC invocations=12094 (full 7):
 PSYoungGen      total 1172992K, used 1170655K [0x0000000777f80000, 0x00000007c0000000, 0x00000007c0000000)
  eden space 1166848K, 100% used [0x0000000777f80000,0x00000007bf300000,0x00000007bf300000)
  from space 6144K, 61% used [0x00000007bf900000,0x00000007bfcb7f60,0x00000007bff00000)
  to   space 6144K, 0% used [0x00000007bf300000,0x00000007bf300000,0x00000007bf900000)
 ParOldGen       total 1864192K, used 1841782K [0x00000006e7e00000, 0x0000000759a80000, 0x0000000777f80000)
  object space 1864192K, 98% used [0x00000006e7e00000,0x000000075849db68,0x0000000759a80000)
 Metaspace       used 102543K, capacity 112381K, committed 112680K, reserved 1146880K
  class space    used 13015K, capacity 15032K, committed 15144K, reserved 1048576K
Event: 342967.101 GC heap after
Heap after GC invocations=12094 (full 7):
 PSYoungGen      total 1172992K, used 3903K [0x0000000777f80000, 0x00000007c0000000, 0x00000007c0000000)
  eden space 1166848K, 0% used [0x0000000777f80000,0x0000000777f80000,0x00000007bf300000)
  from space 6144K, 63% used [0x00000007bf300000,0x00000007bf6cff60,0x00000007bf900000)
  to   space 6144K, 0% used [0x00000007bfa00000,0x00000007bfa00000,0x00000007c0000000)
 ParOldGen       total 1864192K, used 1841838K [0x00000006e7e00000, 0x0000000759a80000, 0x0000000777f80000)
  object space 1864192K, 98% used [0x00000006e7e00000,0x00000007584abb68,0x0000000759a80000)
 Metaspace       used 102543K, capacity 112381K, committed 112680K, reserved 1146880K
  class space    used 13015K, capacity 15032K, committed 15144K, reserved 1048576K
}
Event: 342985.041 GC heap before
{Heap before GC invocations=12095 (full 7):
 PSYoungGen      total 1172992K, used 1170751K [0x0000000777f80000, 0x00000007c0000000, 0x00000007c0000000)
  eden space 1166848K, 100% used [0x0000000777f80000,0x00000007bf300000,0x00000007bf300000)
  from space 6144K, 63% used [0x00000007bf300000,0x00000007bf6cff60,0x00000007bf900000)
  to   space 6144K, 0% used [0x00000007bfa00000,0x00000007bfa00000,0x00000007c0000000)
 ParOldGen       total 1864192K, used 1841838K [0x00000006e7e00000, 0x0000000759a80000, 0x0000000777f80000)
  object space 1864192K, 98% used [0x00000006e7e00000,0x00000007584abb68,0x0000000759a80000)
 Metaspace       used 102543K, capacity 112381K, committed 112680K, reserved 1146880K
  class space    used 13015K, capacity 15032K, committed 15144K, reserved 1048576K
Event: 342985.058 GC heap after
Heap after GC invocations=12095 (full 7):
 PSYoungGen      total 1172992K, used 4063K [0x0000000777f80000, 0x00000007bff00000, 0x00000007c0000000)
  eden space 1167872K, 0% used [0x0000000777f80000,0x0000000777f80000,0x00000007bf400000)
  from space 5120K, 79% used [0x00000007bfa00000,0x00000007bfdf7f60,0x00000007bff00000)
  to   space 5632K, 0% used [0x00000007bf400000,0x00000007bf400000,0x00000007bf980000)
 ParOldGen       total 1864192K, used 1841886K [0x00000006e7e00000, 0x0000000759a80000, 0x0000000777f80000)
  object space 1864192K, 98% used [0x00000006e7e00000,0x00000007584b7b68,0x0000000759a80000)
 Metaspace       used 102543K, capacity 112381K, committed 112680K, reserved 1146880K
  class space    used 13015K, capacity 15032K, committed 15144K, reserved 1048576K
}
Event: 343002.742 GC heap before
{Heap before GC invocations=12096 (full 7):
 PSYoungGen      total 1172992K, used 1171935K [0x0000000777f80000, 0x00000007bff00000, 0x00000007c0000000)
  eden space 1167872K, 100% used [0x0000000777f80000,0x00000007bf400000,0x00000007bf400000)
  from space 5120K, 79% used [0x00000007bfa00000,0x00000007bfdf7f60,0x00000007bff00000)
  to   space 5632K, 0% used [0x00000007bf400000,0x00000007bf400000,0x00000007bf980000)
 ParOldGen       total 1864192K, used 1841886K [0x00000006e7e00000, 0x0000000759a80000, 0x0000000777f80000)
  object space 1864192K, 98% used [0x00000006e7e00000,0x00000007584b7b68,0x0000000759a80000)
 Metaspace       used 102543K, capacity 112381K, committed 112680K, reserved 1146880K
  class space    used 13015K, capacity 15032K, committed 15144K, reserved 1048576K
Event: 343002.758 GC heap after
Heap after GC invocations=12096 (full 7):
 PSYoungGen      total 1173504K, used 4031K [0x0000000777f80000, 0x00000007c0000000, 0x00000007c0000000)
  eden space 1167872K, 0% used [0x0000000777f80000,0x0000000777f80000,0x00000007bf400000)
  from space 5632K, 71% used [0x00000007bf400000,0x00000007bf7eff50,0x00000007bf980000)
  to   space 5632K, 0% used [0x00000007bfa80000,0x00000007bfa80000,0x00000007c0000000)
 ParOldGen       total 1864192K, used 1841950K [0x00000006e7e00000, 0x0000000759a80000, 0x0000000777f80000)
  object space 1864192K, 98% used [0x00000006e7e00000,0x00000007584c7b68,0x0000000759a80000)
 Metaspace       used 102543K, capacity 112381K, committed 112680K, reserved 1146880K
  class space    used 13015K, capacity 15032K, committed 15144K, reserved 1048576K
}
Event: 343019.431 GC heap before
{Heap before GC invocations=12097 (full 7):
 PSYoungGen      total 1173504K, used 1171903K [0x0000000777f80000, 0x00000007c0000000, 0x00000007c0000000)
  eden space 1167872K, 100% used [0x0000000777f80000,0x00000007bf400000,0x00000007bf400000)
  from space 5632K, 71% used [0x00000007bf400000,0x00000007bf7eff50,0x00000007bf980000)
  to   space 5632K, 0% used [0x00000007bfa80000,0x00000007bfa80000,0x00000007c0000000)
 ParOldGen       total 1864192K, used 1841950K [0x00000006e7e00000, 0x0000000759a80000, 0x0000000777f80000)
  object space 1864192K, 98% used [0x00000006e7e00000,0x00000007584c7b68,0x0000000759a80000)
 Metaspace       used 102543K, capacity 112381K, committed 112680K, reserved 1146880K
  class space    used 13015K, capacity 15032K, committed 15144K, reserved 1048576K
Event: 343019.448 GC heap after
Heap after GC invocations=12097 (full 7):
 PSYoungGen      total 1174528K, used 4031K [0x0000000777f80000, 0x00000007c0000000, 0x00000007c0000000)
  eden space 1168896K, 0% used [0x0000000777f80000,0x0000000777f80000,0x00000007bf500000)
  from space 5632K, 71% used [0x00000007bfa80000,0x00000007bfe6ff60,0x00000007c0000000)
  to   space 5632K, 0% used [0x00000007bf500000,0x00000007bf500000,0x00000007bfa80000)
 ParOldGen       total 1864192K, used 1842086K [0x00000006e7e00000, 0x0000000759a80000, 0x0000000777f80000)
  object space 1864192K, 98% used [0x00000006e7e00000,0x00000007584e9b68,0x0000000759a80000)
 Metaspace       used 102543K, capacity 112381K, committed 112680K, reserved 1146880K
  class space    used 13015K, capacity 15032K, committed 15144K, reserved 1048576K
}
Event: 343035.167 GC heap before
{Heap before GC invocations=12098 (full 7):
 PSYoungGen      total 1174528K, used 1172927K [0x0000000777f80000, 0x00000007c0000000, 0x00000007c0000000)
  eden space 1168896K, 100% used [0x0000000777f80000,0x00000007bf500000,0x00000007bf500000)
  from space 5632K, 71% used [0x00000007bfa80000,0x00000007bfe6ff60,0x00000007c0000000)
  to   space 5632K, 0% used [0x00000007bf500000,0x00000007bf500000,0x00000007bfa80000)
 ParOldGen       total 1864192K, used 1842086K [0x00000006e7e00000, 0x0000000759a80000, 0x0000000777f80000)
  object space 1864192K, 98% used [0x00000006e7e00000,0x00000007584e9b68,0x0000000759a80000)
 Metaspace       used 102543K, capacity 112381K, committed 112680K, reserved 1146880K
  class space    used 13015K, capacity 15032K, committed 15144K, reserved 1048576K
Event: 343035.185 GC heap after
Heap after GC invocations=12098 (full 7):
 PSYoungGen      total 1174528K, used 4255K [0x0000000777f80000, 0x00000007c0000000, 0x00000007c0000000)
  eden space 1168896K, 0% used [0x0000000777f80000,0x0000000777f80000,0x00000007bf500000)
  from space 5632K, 75% used [0x00000007bf500000,0x00000007bf927f70,0x00000007bfa80000)
  to   space 5632K, 0% used [0x00000007bfa80000,0x00000007bfa80000,0x00000007c0000000)
 ParOldGen       total 1864192K, used 1842206K [0x00000006e7e00000, 0x0000000759a80000, 0x0000000777f80000)
  object space 1864192K, 98% used [0x00000006e7e00000,0x0000000758507b68,0x0000000759a80000)
 Metaspace       used 102543K, capacity 112381K, committed 112680K, reserved 1146880K
  class space    used 13015K, capacity 15032K, committed 15144K, reserved 1048576K
}
Event: 343053.872 GC heap before
{Heap before GC invocations=12099 (full 7):
 PSYoungGen      total 1174528K, used 1173151K [0x0000000777f80000, 0x00000007c0000000, 0x00000007c0000000)
  eden space 1168896K, 100% used [0x0000000777f80000,0x00000007bf500000,0x00000007bf500000)
  from space 5632K, 75% used [0x00000007bf500000,0x00000007bf927f70,0x00000007bfa80000)
  to   space 5632K, 0% used [0x00000007bfa80000,0x00000007bfa80000,0x00000007c0000000)
 ParOldGen       total 1864192K, used 1842206K [0x00000006e7e00000, 0x0000000759a80000, 0x0000000777f80000)
  object space 1864192K, 98% used [0x00000006e7e00000,0x0000000758507b68,0x0000000759a80000)
 Metaspace       used 102543K, capacity 112381K, committed 112680K, reserved 1146880K
  class space    used 13015K, capacity 15032K, committed 15144K, reserved 1048576K
Event: 343053.889 GC heap after
Heap after GC invocations=12099 (full 7):
 PSYoungGen      total 1174528K, used 4255K [0x0000000777f80000, 0x00000007c0000000, 0x00000007c0000000)
  eden space 1168896K, 0% used [0x0000000777f80000,0x0000000777f80000,0x00000007bf500000)
  from space 5632K, 75% used [0x00000007bfa80000,0x00000007bfea7f60,0x00000007c0000000)
  to   space 5632K, 0% used [0x00000007bf500000,0x00000007bf500000,0x00000007bfa80000)
 ParOldGen       total 1864192K, used 1842270K [0x00000006e7e00000, 0x0000000759a80000, 0x0000000777f80000)
  object space 1864192K, 98% used [0x00000006e7e00000,0x0000000758517b68,0x0000000759a80000)
 Metaspace       used 102543K, capacity 112381K, committed 112680K, reserved 1146880K
  class space    used 13015K, capacity 15032K, committed 15144K, reserved 1048576K
}
Event: 343072.090 GC heap before
{Heap before GC invocations=12100 (full 7):
 PSYoungGen      total 1174528K, used 1173151K [0x0000000777f80000, 0x00000007c0000000, 0x00000007c0000000)
  eden space 1168896K, 100% used [0x0000000777f80000,0x00000007bf500000,0x00000007bf500000)
  from space 5632K, 75% used [0x00000007bfa80000,0x00000007bfea7f60,0x00000007c0000000)
  to   space 5632K, 0% used [0x00000007bf500000,0x00000007bf500000,0x00000007bfa80000)
 ParOldGen       total 1864192K, used 1842270K [0x00000006e7e00000, 0x0000000759a80000, 0x0000000777f80000)
  object space 1864192K, 98% used [0x00000006e7e00000,0x0000000758517b68,0x0000000759a80000)
 Metaspace       used 102543K, capacity 112381K, committed 112680K, reserved 1146880K
  class space    used 13015K, capacity 15032K, committed 15144K, reserved 1048576K
Event: 343072.106 GC heap after
Heap after GC invocations=12100 (full 7):
 PSYoungGen      total 1174528K, used 4239K [0x0000000777f80000, 0x00000007c0000000, 0x00000007c0000000)
  eden space 1168896K, 0% used [0x0000000777f80000,0x0000000777f80000,0x00000007bf500000)
  from space 5632K, 75% used [0x00000007bf500000,0x00000007bf923f88,0x00000007bfa80000)
  to   space 5632K, 0% used [0x00000007bfa80000,0x00000007bfa80000,0x00000007c0000000)
 ParOldGen       total 1864192K, used 1842286K [0x00000006e7e00000, 0x0000000759a80000, 0x0000000777f80000)
  object space 1864192K, 98% used [0x00000006e7e00000,0x000000075851bb68,0x0000000759a80000)
 Metaspace       used 102543K, capacity 112381K, committed 112680K, reserved 1146880K
  class space    used 13015K, capacity 15032K, committed 15144K, reserved 1048576K
}
Event: 343089.938 GC heap before
{Heap before GC invocations=12101 (full 7):
 PSYoungGen      total 1174528K, used 1173135K [0x0000000777f80000, 0x00000007c0000000, 0x00000007c0000000)
  eden space 1168896K, 100% used [0x0000000777f80000,0x00000007bf500000,0x00000007bf500000)
  from space 5632K, 75% used [0x00000007bf500000,0x00000007bf923f88,0x00000007bfa80000)
  to   space 5632K, 0% used [0x00000007bfa80000,0x00000007bfa80000,0x00000007c0000000)
 ParOldGen       total 1864192K, used 1842286K [0x00000006e7e00000, 0x0000000759a80000, 0x0000000777f80000)
  object space 1864192K, 98% used [0x00000006e7e00000,0x000000075851bb68,0x0000000759a80000)
 Metaspace       used 102543K, capacity 112381K, committed 112680K, reserved 1146880K
  class space    used 13015K, capacity 15032K, committed 15144K, reserved 1048576K
Event: 343089.955 GC heap after
Heap after GC invocations=12101 (full 7):
 PSYoungGen      total 1174528K, used 4367K [0x0000000777f80000, 0x00000007c0000000, 0x00000007c0000000)
  eden space 1168896K, 0% used [0x0000000777f80000,0x0000000777f80000,0x00000007bf500000)
  from space 5632K, 77% used [0x00000007bfa80000,0x00000007bfec3f88,0x00000007c0000000)
  to   space 5632K, 0% used [0x00000007bf500000,0x00000007bf500000,0x00000007bfa80000)
 ParOldGen       total 1864192K, used 1842302K [0x00000006e7e00000, 0x0000000759a80000, 0x0000000777f80000)
  object space 1864192K, 98% used [0x00000006e7e00000,0x000000075851fb68,0x0000000759a80000)
 Metaspace       used 102543K, capacity 112381K, committed 112680K, reserved 1146880K
  class space    used 13015K, capacity 15032K, committed 15144K, reserved 1048576K
}
Event: 343105.431 GC heap before
{Heap before GC invocations=12102 (full 7):
 PSYoungGen      total 1174528K, used 1173263K [0x0000000777f80000, 0x00000007c0000000, 0x00000007c0000000)
  eden space 1168896K, 100% used [0x0000000777f80000,0x00000007bf500000,0x00000007bf500000)
  from space 5632K, 77% used [0x00000007bfa80000,0x00000007bfec3f88,0x00000007c0000000)
  to   space 5632K, 0% used [0x00000007bf500000,0x00000007bf500000,0x00000007bfa80000)
 ParOldGen       total 1864192K, used 1842302K [0x00000006e7e00000, 0x0000000759a80000, 0x0000000777f80000)
  object space 1864192K, 98% used [0x00000006e7e00000,0x000000075851fb68,0x0000000759a80000)
 Metaspace       used 102543K, capacity 112381K, committed 112680K, reserved 1146880K
  class space    used 13015K, capacity 15032K, committed 15144K, reserved 1048576K
Event: 343105.447 GC heap after
Heap after GC invocations=12102 (full 7):
 PSYoungGen      total 1174528K, used 4368K [0x0000000777f80000, 0x00000007c0000000, 0x00000007c0000000)
  eden space 1168896K, 0% used [0x0000000777f80000,0x0000000777f80000,0x00000007bf500000)
  from space 5632K, 77% used [0x00000007bf500000,0x00000007bf9440d8,0x00000007bfa80000)
  to   space 5632K, 0% used [0x00000007bfa80000,0x00000007bfa80000,0x00000007c0000000)
 ParOldGen       total 1864192K, used 1842334K [0x00000006e7e00000, 0x0000000759a80000, 0x0000000777f80000)
  object space 1864192K, 98% used [0x00000006e7e00000,0x0000000758527b68,0x0000000759a80000)
 Metaspace       used 102543K, capacity 112381K, committed 112680K, reserved 1146880K
  class space    used 13015K, capacity 15032K, committed 15144K, reserved 1048576K
}
Event: 343123.635 GC heap before
{Heap before GC invocations=12103 (full 7):
 PSYoungGen      total 1174528K, used 1173264K [0x0000000777f80000, 0x00000007c0000000, 0x00000007c0000000)
  eden space 1168896K, 100% used [0x0000000777f80000,0x00000007bf500000,0x00000007bf500000)
  from space 5632K, 77% used [0x00000007bf500000,0x00000007bf9440d8,0x00000007bfa80000)
  to   space 5632K, 0% used [0x00000007bfa80000,0x00000007bfa80000,0x00000007c0000000)
 ParOldGen       total 1864192K, used 1842334K [0x00000006e7e00000, 0x0000000759a80000, 0x0000000777f80000)
  object space 1864192K, 98% used [0x00000006e7e00000,0x0000000758527b68,0x0000000759a80000)
 Metaspace       used 102544K, capacity 112381K, committed 112680K, reserved 1146880K
  class space    used 13015K, capacity 15032K, committed 15144K, reserved 1048576K
Event: 343123.652 GC heap after
Heap after GC invocations=12103 (full 7):
 PSYoungGen      total 1174528K, used 4463K [0x0000000777f80000, 0x00000007c0000000, 0x00000007c0000000)
  eden space 1168896K, 0% used [0x0000000777f80000,0x0000000777f80000,0x00000007bf500000)
  from space 5632K, 79% used [0x00000007bfa80000,0x00000007bfedbf78,0x00000007c0000000)
  to   space 5632K, 0% used [0x00000007bf500000,0x00000007bf500000,0x00000007bfa80000)
 ParOldGen       total 1864192K, used 1842390K [0x00000006e7e00000, 0x0000000759a80000, 0x0000000777f80000)
  object space 1864192K, 98% used [0x00000006e7e00000,0x0000000758535b68,0x0000000759a80000)
 Metaspace       used 102544K, capacity 112381K, committed 112680K, reserved 1146880K
  class space    used 13015K, capacity 15032K, committed 15144K, reserved 1048576K
}
Event: 343136.024 GC heap before
{Heap before GC invocations=12104 (full 7):
 PSYoungGen      total 1174528K, used 1173359K [0x0000000777f80000, 0x00000007c0000000, 0x00000007c0000000)
  eden space 1168896K, 100% used [0x0000000777f80000,0x00000007bf500000,0x00000007bf500000)
  from space 5632K, 79% used [0x00000007bfa80000,0x00000007bfedbf78,0x00000007c0000000)
  to   space 5632K, 0% used [0x00000007bf500000,0x00000007bf500000,0x00000007bfa80000)
 ParOldGen       total 1864192K, used 1842390K [0x00000006e7e00000, 0x0000000759a80000, 0x0000000777f80000)
  object space 1864192K, 98% used [0x00000006e7e00000,0x0000000758535b68,0x0000000759a80000)
 Metaspace       used 102544K, capacity 112381K, committed 112680K, reserved 1146880K
  class space    used 13015K, capacity 15032K, committed 15144K, reserved 1048576K
Event: 343136.041 GC heap after
Heap after GC invocations=12104 (full 7):
 PSYoungGen      total 1174528K, used 4495K [0x0000000777f80000, 0x00000007c0000000, 0x00000007c0000000)
  eden space 1168896K, 0% used [0x0000000777f80000,0x0000000777f80000,0x00000007bf500000)
  from space 5632K, 79% used [0x00000007bf500000,0x00000007bf963e08,0x00000007bfa80000)
  to   space 5632K, 0% used [0x00000007bfa80000,0x00000007bfa80000,0x00000007c0000000)
 ParOldGen       total 1864192K, used 1842438K [0x00000006e7e00000, 0x0000000759a80000, 0x0000000777f80000)
  object space 1864192K, 98% used [0x00000006e7e00000,0x0000000758541b68,0x0000000759a80000)
 Metaspace       used 102544K, capacity 112381K, committed 112680K, reserved 1146880K
  class space    used 13015K, capacity 15032K, committed 15144K, reserved 1048576K
}
Event: 343147.173 GC heap before
{Heap before GC invocations=12105 (full 7):
 PSYoungGen      total 1174528K, used 1173391K [0x0000000777f80000, 0x00000007c0000000, 0x00000007c0000000)
  eden space 1168896K, 100% used [0x0000000777f80000,0x00000007bf500000,0x00000007bf500000)
  from space 5632K, 79% used [0x00000007bf500000,0x00000007bf963e08,0x00000007bfa80000)
  to   space 5632K, 0% used [0x00000007bfa80000,0x00000007bfa80000,0x00000007c0000000)
 ParOldGen       total 1864192K, used 1842438K [0x00000006e7e00000, 0x0000000759a80000, 0x0000000777f80000)
  object space 1864192K, 98% used [0x00000006e7e00000,0x0000000758541b68,0x0000000759a80000)
 Metaspace       used 102544K, capacity 112381K, committed 112680K, reserved 1146880K
  class space    used 13015K, capacity 15032K, committed 15144K, reserved 1048576K
Event: 343147.190 GC heap after
Heap after GC invocations=12105 (full 7):
 PSYoungGen      total 1174528K, used 4335K [0x0000000777f80000, 0x00000007c0000000, 0x00000007c0000000)
  eden space 1168896K, 0% used [0x0000000777f80000,0x0000000777f80000,0x00000007bf500000)
  from space 5632K, 76% used [0x00000007bfa80000,0x00000007bfebbf68,0x00000007c0000000)
  to   space 5632K, 0% used [0x00000007bf500000,0x00000007bf500000,0x00000007bfa80000)
 ParOldGen       total 1864192K, used 1842494K [0x00000006e7e00000, 0x0000000759a80000, 0x0000000777f80000)
  object space 1864192K, 98% used [0x00000006e7e00000,0x000000075854fb68,0x0000000759a80000)
 Metaspace       used 102544K, capacity 112381K, committed 112680K, reserved 1146880K
  class space    used 13015K, capacity 15032K, committed 15144K, reserved 1048576K
}
Event: 343162.230 GC heap before
{Heap before GC invocations=12106 (full 7):
 PSYoungGen      total 1174528K, used 1173231K [0x0000000777f80000, 0x00000007c0000000, 0x00000007c0000000)
  eden space 1168896K, 100% used [0x0000000777f80000,0x00000007bf500000,0x00000007bf500000)
  from space 5632K, 76% used [0x00000007bfa80000,0x00000007bfebbf68,0x00000007c0000000)
  to   space 5632K, 0% used [0x00000007bf500000,0x00000007bf500000,0x00000007bfa80000)
 ParOldGen       total 1864192K, used 1842494K [0x00000006e7e00000, 0x0000000759a80000, 0x0000000777f80000)
  object space 1864192K, 98% used [0x00000006e7e00000,0x000000075854fb68,0x0000000759a80000)
 Metaspace       used 102544K, capacity 112381K, committed 112680K, reserved 1146880K
  class space    used 13015K, capacity 15032K, committed 15144K, reserved 1048576K
Event: 343162.247 GC heap after
Heap after GC invocations=12106 (full 7):
 PSYoungGen      total 1174528K, used 4464K [0x0000000777f80000, 0x00000007c0000000, 0x00000007c0000000)
  eden space 1168896K, 0% used [0x0000000777f80000,0x0000000777f80000,0x00000007bf500000)
  from space 5632K, 79% used [0x00000007bf500000,0x00000007bf95c0e8,0x00000007bfa80000)
  to   space 5632K, 0% used [0x00000007bfa80000,0x00000007bfa80000,0x00000007c0000000)
 ParOldGen       total 1864192K, used 1842510K [0x00000006e7e00000, 0x0000000759a80000, 0x0000000777f80000)
  object space 1864192K, 98% used [0x00000006e7e00000,0x0000000758553b68,0x0000000759a80000)
 Metaspace       used 102544K, capacity 112381K, committed 112680K, reserved 1146880K
  class space    used 13015K, capacity 15032K, committed 15144K, reserved 1048576K
}
Event: 343180.586 GC heap before
{Heap before GC invocations=12107 (full 7):
 PSYoungGen      total 1174528K, used 1173360K [0x0000000777f80000, 0x00000007c0000000, 0x00000007c0000000)
  eden space 1168896K, 100% used [0x0000000777f80000,0x00000007bf500000,0x00000007bf500000)
  from space 5632K, 79% used [0x00000007bf500000,0x00000007bf95c0e8,0x00000007bfa80000)
  to   space 5632K, 0% used [0x00000007bfa80000,0x00000007bfa80000,0x00000007c0000000)
 ParOldGen       total 1864192K, used 1842510K [0x00000006e7e00000, 0x0000000759a80000, 0x0000000777f80000)
  object space 1864192K, 98% used [0x00000006e7e00000,0x0000000758553b68,0x0000000759a80000)
 Metaspace       used 102545K, capacity 112381K, committed 112680K, reserved 1146880K
  class space    used 13015K, capacity 15032K, committed 15144K, reserved 1048576K
Event: 343180.603 GC heap after
Heap after GC invocations=12107 (full 7):
 PSYoungGen      total 1174528K, used 4463K [0x0000000777f80000, 0x00000007c0000000, 0x00000007c0000000)
  eden space 1168896K, 0% used [0x0000000777f80000,0x0000000777f80000,0x00000007bf500000)
  from space 5632K, 79% used [0x00000007bfa80000,0x00000007bfedbf88,0x00000007c0000000)
  to   space 5632K, 0% used [0x00000007bf500000,0x00000007bf500000,0x00000007bfa80000)
 ParOldGen       total 1864192K, used 1842574K [0x00000006e7e00000, 0x0000000759a80000, 0x0000000777f80000)
  object space 1864192K, 98% used [0x00000006e7e00000,0x0000000758563b68,0x0000000759a80000)
 Metaspace       used 102545K, capacity 112381K, committed 112680K, reserved 1146880K
  class space    used 13015K, capacity 15032K, committed 15144K, reserved 1048576K
}
Event: 343196.753 GC heap before
{Heap before GC invocations=12108 (full 7):
 PSYoungGen      total 1174528K, used 1173359K [0x0000000777f80000, 0x00000007c0000000, 0x00000007c0000000)
  eden space 1168896K, 100% used [0x0000000777f80000,0x00000007bf500000,0x00000007bf500000)
  from space 5632K, 79% used [0x00000007bfa80000,0x00000007bfedbf88,0x00000007c0000000)
  to   space 5632K, 0% used [0x00000007bf500000,0x00000007bf500000,0x00000007bfa80000)
 ParOldGen       total 1864192K, used 1842574K [0x00000006e7e00000, 0x0000000759a80000, 0x0000000777f80000)
  object space 1864192K, 98% used [0x00000006e7e00000,0x0000000758563b68,0x0000000759a80000)
 Metaspace       used 102545K, capacity 112381K, committed 112680K, reserved 1146880K
  class space    used 13015K, capacity 15032K, committed 15144K, reserved 1048576K
Event: 343196.770 GC heap after
Heap after GC invocations=12108 (full 7):
 PSYoungGen      total 1173504K, used 4271K [0x0000000777f80000, 0x00000007bff00000, 0x00000007c0000000)
  eden space 1168896K, 0% used [0x0000000777f80000,0x0000000777f80000,0x00000007bf500000)
  from space 4608K, 92% used [0x00000007bf500000,0x00000007bf92bde8,0x00000007bf980000)
  to   space 5120K, 0% used [0x00000007bfa00000,0x00000007bfa00000,0x00000007bff00000)
 ParOldGen       total 1864192K, used 1842662K [0x00000006e7e00000, 0x0000000759a80000, 0x0000000777f80000)
  object space 1864192K, 98% used [0x00000006e7e00000,0x0000000758579b98,0x0000000759a80000)
 Metaspace       used 102545K, capacity 112381K, committed 112680K, reserved 1146880K
  class space    used 13015K, capacity 15032K, committed 15144K, reserved 1048576K
}
Event: 343214.180 GC heap before
{Heap before GC invocations=12109 (full 7):
 PSYoungGen      total 1173504K, used 1173167K [0x0000000777f80000, 0x00000007bff00000, 0x00000007c0000000)
  eden space 1168896K, 100% used [0x0000000777f80000,0x00000007bf500000,0x00000007bf500000)
  from space 4608K, 92% used [0x00000007bf500000,0x00000007bf92bde8,0x00000007bf980000)
  to   space 5120K, 0% used [0x00000007bfa00000,0x00000007bfa00000,0x00000007bff00000)
 ParOldGen       total 1864192K, used 1842662K [0x00000006e7e00000, 0x0000000759a80000, 0x0000000777f80000)
  object space 1864192K, 98% used [0x00000006e7e00000,0x0000000758579b98,0x0000000759a80000)
 Metaspace       used 102545K, capacity 112381K, committed 112680K, reserved 1146880K
  class space    used 13015K, capacity 15032K, committed 15144K, reserved 1048576K
Event: 343214.197 GC heap after
Heap after GC invocations=12109 (full 7):
 PSYoungGen      total 1174016K, used 4207K [0x0000000777f80000, 0x00000007c0000000, 0x00000007c0000000)
  eden space 1168896K, 0% used [0x0000000777f80000,0x0000000777f80000,0x00000007bf500000)
  from space 5120K, 82% used [0x00000007bfa00000,0x00000007bfe1bf88,0x00000007bff00000)
  to   space 5120K, 0% used [0x00000007bf500000,0x00000007bf500000,0x00000007bfa00000)
 ParOldGen       total 1864192K, used 1842838K [0x00000006e7e00000, 0x0000000759a80000, 0x0000000777f80000)
  object space 1864192K, 98% used [0x00000006e7e00000,0x00000007585a5b98,0x0000000759a80000)
 Metaspace       used 102545K, capacity 112381K, committed 112680K, reserved 1146880K
  class space    used 13015K, capacity 15032K, committed 15144K, reserved 1048576K
}
Event: 343232.217 GC heap before
{Heap before GC invocations=12110 (full 7):
 PSYoungGen      total 1174016K, used 1173103K [0x0000000777f80000, 0x00000007c0000000, 0x00000007c0000000)
  eden space 1168896K, 100% used [0x0000000777f80000,0x00000007bf500000,0x00000007bf500000)
  from space 5120K, 82% used [0x00000007bfa00000,0x00000007bfe1bf88,0x00000007bff00000)
  to   space 5120K, 0% used [0x00000007bf500000,0x00000007bf500000,0x00000007bfa00000)
 ParOldGen       total 1864192K, used 1842838K [0x00000006e7e00000, 0x0000000759a80000, 0x0000000777f80000)
  object space 1864192K, 98% used [0x00000006e7e00000,0x00000007585a5b98,0x0000000759a80000)
 Metaspace       used 102545K, capacity 112381K, committed 112680K, reserved 1146880K
  class space    used 13015K, capacity 15032K, committed 15144K, reserved 1048576K
Event: 343232.233 GC heap after
Heap after GC invocations=12110 (full 7):
 PSYoungGen      total 1174016K, used 3983K [0x0000000777f80000, 0x00000007c0000000, 0x00000007c0000000)
  eden space 1168896K, 0% used [0x0000000777f80000,0x0000000777f80000,0x00000007bf500000)
  from space 5120K, 77% used [0x00000007bf500000,0x00000007bf8e3f88,0x00000007bfa00000)
  to   space 5120K, 0% used [0x00000007bfb00000,0x00000007bfb00000,0x00000007c0000000)
 ParOldGen       total 1864192K, used 1842974K [0x00000006e7e00000, 0x0000000759a80000, 0x0000000777f80000)
  object space 1864192K, 98% used [0x00000006e7e00000,0x00000007585c7bc8,0x0000000759a80000)
 Metaspace       used 102545K, capacity 112381K, committed 112680K, reserved 1146880K
  class space    used 13015K, capacity 15032K, committed 15144K, reserved 1048576K
}
Event: 343250.068 GC heap before
{Heap before GC invocations=12111 (full 7):
 PSYoungGen      total 1174016K, used 1172879K [0x0000000777f80000, 0x00000007c0000000, 0x00000007c0000000)
  eden space 1168896K, 100% used [0x0000000777f80000,0x00000007bf500000,0x00000007bf500000)
  from space 5120K, 77% used [0x00000007bf500000,0x00000007bf8e3f88,0x00000007bfa00000)
  to   space 5120K, 0% used [0x00000007bfb00000,0x00000007bfb00000,0x00000007c0000000)
 ParOldGen       total 1864192K, used 1842974K [0x00000006e7e00000, 0x0000000759a80000, 0x0000000777f80000)
  object space 1864192K, 98% used [0x00000006e7e00000,0x00000007585c7bc8,0x0000000759a80000)
 Metaspace       used 102545K, capacity 112381K, committed 112680K, reserved 1146880K
  class space    used 13015K, capacity 15032K, committed 15144K, reserved 1048576K
Event: 343250.084 GC heap after
Heap after GC invocations=12111 (full 7):
 PSYoungGen      total 1175040K, used 4079K [0x0000000777f80000, 0x00000007c0000000, 0x00000007c0000000)
  eden space 1169920K, 0% used [0x0000000777f80000,0x0000000777f80000,0x00000007bf600000)
  from space 5120K, 79% used [0x00000007bfb00000,0x00000007bfefbe08,0x00000007c0000000)
  to   space 5120K, 0% used [0x00000007bf600000,0x00000007bf600000,0x00000007bfb00000)
 ParOldGen       total 1864192K, used 1843038K [0x00000006e7e00000, 0x0000000759a80000, 0x0000000777f80000)
  object space 1864192K, 98% used [0x00000006e7e00000,0x00000007585d7bc8,0x0000000759a80000)
 Metaspace       used 102545K, capacity 112381K, committed 112680K, reserved 1146880K
  class space    used 13015K, capacity 15032K, committed 15144K, reserved 1048576K
}
Event: 343267.978 GC heap before
{Heap before GC invocations=12112 (full 7):
 PSYoungGen      total 1175040K, used 1173999K [0x0000000777f80000, 0x00000007c0000000, 0x00000007c0000000)
  eden space 1169920K, 100% used [0x0000000777f80000,0x00000007bf600000,0x00000007bf600000)
  from space 5120K, 79% used [0x00000007bfb00000,0x00000007bfefbe08,0x00000007c0000000)
  to   space 5120K, 0% used [0x00000007bf600000,0x00000007bf600000,0x00000007bfb00000)
 ParOldGen       total 1864192K, used 1843038K [0x00000006e7e00000, 0x0000000759a80000, 0x0000000777f80000)
  object space 1864192K, 98% used [0x00000006e7e00000,0x00000007585d7bc8,0x0000000759a80000)
 Metaspace       used 102545K, capacity 112381K, committed 112680K, reserved 1146880K
  class space    used 13015K, capacity 15032K, committed 15144K, reserved 1048576K
Event: 343267.995 GC heap after
Heap after GC invocations=12112 (full 7):
 PSYoungGen      total 1175040K, used 4128K [0x0000000777f80000, 0x00000007c0000000, 0x00000007c0000000)
  eden space 1169920K, 0% used [0x0000000777f80000,0x0000000777f80000,0x00000007bf600000)
  from space 5120K, 80% used [0x00000007bf600000,0x00000007bfa08198,0x00000007bfb00000)
  to   space 5120K, 0% used [0x00000007bfb00000,0x00000007bfb00000,0x00000007c0000000)
 ParOldGen       total 1864192K, used 1843134K [0x00000006e7e00000, 0x0000000759a80000, 0x0000000777f80000)
  object space 1864192K, 98% used [0x00000006e7e00000,0x00000007585efbf8,0x0000000759a80000)
 Metaspace       used 102545K, capacity 112381K, committed 112680K, reserved 1146880K
  class space    used 13015K, capacity 15032K, committed 15144K, reserved 1048576K
}
Event: 343286.131 GC heap before
{Heap before GC invocations=12113 (full 7):
 PSYoungGen      total 1175040K, used 1174048K [0x0000000777f80000, 0x00000007c0000000, 0x00000007c0000000)
  eden space 1169920K, 100% used [0x0000000777f80000,0x00000007bf600000,0x00000007bf600000)
  from space 5120K, 80% used [0x00000007bf600000,0x00000007bfa08198,0x00000007bfb00000)
  to   space 5120K, 0% used [0x00000007bfb00000,0x00000007bfb00000,0x00000007c0000000)
 ParOldGen       total 1864192K, used 1843134K [0x00000006e7e00000, 0x0000000759a80000, 0x0000000777f80000)
  object space 1864192K, 98% used [0x00000006e7e00000,0x00000007585efbf8,0x0000000759a80000)
 Metaspace       used 102545K, capacity 112381K, committed 112680K, reserved 1146880K
  class space    used 13015K, capacity 15032K, committed 15144K, reserved 1048576K
Event: 343286.148 GC heap after
Heap after GC invocations=12113 (full 7):
 PSYoungGen      total 1175040K, used 3824K [0x0000000777f80000, 0x00000007c0000000, 0x00000007c0000000)
  eden space 1169920K, 0% used [0x0000000777f80000,0x0000000777f80000,0x00000007bf600000)
  from space 5120K, 74% used [0x00000007bfb00000,0x00000007bfebc2f0,0x00000007c0000000)
  to   space 5120K, 0% used [0x00000007bf600000,0x00000007bf600000,0x00000007bfb00000)
 ParOldGen       total 1864192K, used 1843423K [0x00000006e7e00000, 0x0000000759a80000, 0x0000000777f80000)
  object space 1864192K, 98% used [0x00000006e7e00000,0x0000000758637c28,0x0000000759a80000)
 Metaspace       used 102545K, capacity 112381K, committed 112680K, reserved 1146880K
  class space    used 13015K, capacity 15032K, committed 15144K, reserved 1048576K
}
Event: 343304.062 GC heap before
{Heap before GC invocations=12114 (full 7):
 PSYoungGen      total 1175040K, used 1173744K [0x0000000777f80000, 0x00000007c0000000, 0x00000007c0000000)
  eden space 1169920K, 100% used [0x0000000777f80000,0x00000007bf600000,0x00000007bf600000)
  from space 5120K, 74% used [0x00000007bfb00000,0x00000007bfebc2f0,0x00000007c0000000)
  to   space 5120K, 0% used [0x00000007bf600000,0x00000007bf600000,0x00000007bfb00000)
 ParOldGen       total 1864192K, used 1843423K [0x00000006e7e00000, 0x0000000759a80000, 0x0000000777f80000)
  object space 1864192K, 98% used [0x00000006e7e00000,0x0000000758637c28,0x0000000759a80000)
 Metaspace       used 102545K, capacity 112381K, committed 112680K, reserved 1146880K
  class space    used 13015K, capacity 15032K, committed 15144K, reserved 1048576K
Event: 343304.078 GC heap after
Heap after GC invocations=12114 (full 7):
 PSYoungGen      total 1175040K, used 3871K [0x0000000777f80000, 0x00000007c0000000, 0x00000007c0000000)
  eden space 1169920K, 0% used [0x0000000777f80000,0x0000000777f80000,0x00000007bf600000)
  from space 5120K, 75% used [0x00000007bf600000,0x00000007bf9c7dd0,0x00000007bfb00000)
  to   space 5120K, 0% used [0x00000007bfb00000,0x00000007bfb00000,0x00000007c0000000)
 ParOldGen       total 1864192K, used 1843503K [0x00000006e7e00000, 0x0000000759a80000, 0x0000000777f80000)
  object space 1864192K, 98% used [0x00000006e7e00000,0x000000075864bc28,0x0000000759a80000)
 Metaspace       used 102545K, capacity 112381K, committed 112680K, reserved 1146880K
  class space    used 13015K, capacity 15032K, committed 15144K, reserved 1048576K
}
Event: 343322.034 GC heap before
{Heap before GC invocations=12115 (full 7):
 PSYoungGen      total 1175040K, used 1173791K [0x0000000777f80000, 0x00000007c0000000, 0x00000007c0000000)
  eden space 1169920K, 100% used [0x0000000777f80000,0x00000007bf600000,0x00000007bf600000)
  from space 5120K, 75% used [0x00000007bf600000,0x00000007bf9c7dd0,0x00000007bfb00000)
  to   space 5120K, 0% used [0x00000007bfb00000,0x00000007bfb00000,0x00000007c0000000)
 ParOldGen       total 1864192K, used 1843503K [0x00000006e7e00000, 0x0000000759a80000, 0x0000000777f80000)
  object space 1864192K, 98% used [0x00000006e7e00000,0x000000075864bc28,0x0000000759a80000)
 Metaspace       used 102545K, capacity 112381K, committed 112680K, reserved 1146880K
  class space    used 13015K, capacity 15032K, committed 15144K, reserved 1048576K
Event: 343322.050 GC heap after
Heap after GC invocations=12115 (full 7):
 PSYoungGen      total 1175040K, used 3775K [0x0000000777f80000, 0x00000007c0000000, 0x00000007c0000000)
  eden space 1169920K, 0% used [0x0000000777f80000,0x0000000777f80000,0x00000007bf600000)
  from space 5120K, 73% used [0x00000007bfb00000,0x00000007bfeaff60,0x00000007c0000000)
  to   space 5120K, 0% used [0x00000007bf600000,0x00000007bf600000,0x00000007bfb00000)
 ParOldGen       total 1864192K, used 1843519K [0x00000006e7e00000, 0x0000000759a80000, 0x0000000777f80000)
  object space 1864192K, 98% used [0x00000006e7e00000,0x000000075864fc28,0x0000000759a80000)
 Metaspace       used 102545K, capacity 112381K, committed 112680K, reserved 1146880K
  class space    used 13015K, capacity 15032K, committed 15144K, reserved 1048576K
}
Event: 343340.231 GC heap before
{Heap before GC invocations=12116 (full 7):
 PSYoungGen      total 1175040K, used 1173695K [0x0000000777f80000, 0x00000007c0000000, 0x00000007c0000000)
  eden space 1169920K, 100% used [0x0000000777f80000,0x00000007bf600000,0x00000007bf600000)
  from space 5120K, 73% used [0x00000007bfb00000,0x00000007bfeaff60,0x00000007c0000000)
  to   space 5120K, 0% used [0x00000007bf600000,0x00000007bf600000,0x00000007bfb00000)
 ParOldGen       total 1864192K, used 1843519K [0x00000006e7e00000, 0x0000000759a80000, 0x0000000777f80000)
  object space 1864192K, 98% used [0x00000006e7e00000,0x000000075864fc28,0x0000000759a80000)
 Metaspace       used 102545K, capacity 112381K, committed 112680K, reserved 1146880K
  class space    used 13015K, capacity 15032K, committed 15144K, reserved 1048576K
Event: 343340.247 GC heap after
Heap after GC invocations=12116 (full 7):
 PSYoungGen      total 1175040K, used 3775K [0x0000000777f80000, 0x00000007c0000000, 0x00000007c0000000)
  eden space 1169920K, 0% used [0x0000000777f80000,0x0000000777f80000,0x00000007bf600000)
  from space 5120K, 73% used [0x00000007bf600000,0x00000007bf9afdd0,0x00000007bfb00000)
  to   space 5120K, 0% used [0x00000007bfb00000,0x00000007bfb00000,0x00000007c0000000)
 ParOldGen       total 1864192K, used 1843575K [0x00000006e7e00000, 0x0000000759a80000, 0x0000000777f80000)
  object space 1864192K, 98% used [0x00000006e7e00000,0x000000075865dc28,0x0000000759a80000)
 Metaspace       used 102545K, capacity 112381K, committed 112680K, reserved 1146880K
  class space    used 13015K, capacity 15032K, committed 15144K, reserved 1048576K
}
Event: 343357.925 GC heap before
{Heap before GC invocations=12117 (full 7):
 PSYoungGen      total 1175040K, used 1173695K [0x0000000777f80000, 0x00000007c0000000, 0x00000007c0000000)
  eden space 1169920K, 100% used [0x0000000777f80000,0x00000007bf600000,0x00000007bf600000)
  from space 5120K, 73% used [0x00000007bf600000,0x00000007bf9afdd0,0x00000007bfb00000)
  to   space 5120K, 0% used [0x00000007bfb00000,0x00000007bfb00000,0x00000007c0000000)
 ParOldGen       total 1864192K, used 1843575K [0x00000006e7e00000, 0x0000000759a80000, 0x0000000777f80000)
  object space 1864192K, 98% used [0x00000006e7e00000,0x000000075865dc28,0x0000000759a80000)
 Metaspace       used 102545K, capacity 112381K, committed 112680K, reserved 1146880K
  class space    used 13015K, capacity 15032K, committed 15144K, reserved 1048576K
Event: 343357.941 GC heap after
Heap after GC invocations=12117 (full 7):
 PSYoungGen      total 1175040K, used 3839K [0x0000000777f80000, 0x00000007c0000000, 0x00000007c0000000)
  eden space 1169920K, 0% used [0x0000000777f80000,0x0000000777f80000,0x00000007bf600000)
  from space 5120K, 74% used [0x00000007bfb00000,0x00000007bfebff70,0x00000007c0000000)
  to   space 5120K, 0% used [0x00000007bf600000,0x00000007bf600000,0x00000007bfb00000)
 ParOldGen       total 1864192K, used 1843607K [0x00000006e7e00000, 0x0000000759a80000, 0x0000000777f80000)
  object space 1864192K, 98% used [0x00000006e7e00000,0x0000000758665c28,0x0000000759a80000)
 Metaspace       used 102545K, capacity 112381K, committed 112680K, reserved 1146880K
  class space    used 13015K, capacity 15032K, committed 15144K, reserved 1048576K
}
Event: 343375.992 GC heap before
{Heap before GC invocations=12118 (full 7):
 PSYoungGen      total 1175040K, used 1173759K [0x0000000777f80000, 0x00000007c0000000, 0x00000007c0000000)
  eden space 1169920K, 100% used [0x0000000777f80000,0x00000007bf600000,0x00000007bf600000)
  from space 5120K, 74% used [0x00000007bfb00000,0x00000007bfebff70,0x00000007c0000000)
  to   space 5120K, 0% used [0x00000007bf600000,0x00000007bf600000,0x00000007bfb00000)
 ParOldGen       total 1864192K, used 1843607K [0x00000006e7e00000, 0x0000000759a80000, 0x0000000777f80000)
  object space 1864192K, 98% used [0x00000006e7e00000,0x0000000758665c28,0x0000000759a80000)
 Metaspace       used 102545K, capacity 112381K, committed 112680K, reserved 1146880K
  class space    used 13015K, capacity 15032K, committed 15144K, reserved 1048576K
Event: 343376.008 GC heap after
Heap after GC invocations=12118 (full 7):
 PSYoungGen      total 1175040K, used 3855K [0x0000000777f80000, 0x00000007c0000000, 0x00000007c0000000)
  eden space 1169920K, 0% used [0x0000000777f80000,0x0000000777f80000,0x00000007bf600000)
  from space 5120K, 75% used [0x00000007bf600000,0x00000007bf9c3f88,0x00000007bfb00000)
  to   space 5120K, 0% used [0x00000007bfb00000,0x00000007bfb00000,0x00000007c0000000)
 ParOldGen       total 1864192K, used 1843663K [0x00000006e7e00000, 0x0000000759a80000, 0x0000000777f80000)
  object space 1864192K, 98% used [0x00000006e7e00000,0x0000000758673c28,0x0000000759a80000)
 Metaspace       used 102545K, capacity 112381K, committed 112680K, reserved 1146880K
  class space    used 13015K, capacity 15032K, committed 15144K, reserved 1048576K
}
Event: 343393.731 GC heap before
{Heap before GC invocations=12119 (full 7):
 PSYoungGen      total 1175040K, used 1173775K [0x0000000777f80000, 0x00000007c0000000, 0x00000007c0000000)
  eden space 1169920K, 100% used [0x0000000777f80000,0x00000007bf600000,0x00000007bf600000)
  from space 5120K, 75% used [0x00000007bf600000,0x00000007bf9c3f88,0x00000007bfb00000)
  to   space 5120K, 0% used [0x00000007bfb00000,0x00000007bfb00000,0x00000007c0000000)
 ParOldGen       total 1864192K, used 1843663K [0x00000006e7e00000, 0x0000000759a80000, 0x0000000777f80000)
  object space 1864192K, 98% used [0x00000006e7e00000,0x0000000758673c28,0x0000000759a80000)
 Metaspace       used 102545K, capacity 112381K, committed 112680K, reserved 1146880K
  class space    used 13015K, capacity 15032K, committed 15144K, reserved 1048576K
Event: 343393.747 GC heap after
Heap after GC invocations=12119 (full 7):
 PSYoungGen      total 1175040K, used 3919K [0x0000000777f80000, 0x00000007c0000000, 0x00000007c0000000)
  eden space 1169920K, 0% used [0x0000000777f80000,0x0000000777f80000,0x00000007bf600000)
  from space 5120K, 76% used [0x00000007bfb00000,0x00000007bfed3f78,0x00000007c0000000)
  to   space 5120K, 0% used [0x00000007bf600000,0x00000007bf600000,0x00000007bfb00000)
 ParOldGen       total 1864192K, used 1843687K [0x00000006e7e00000, 0x0000000759a80000, 0x0000000777f80000)
  object space 1864192K, 98% used [0x00000006e7e00000,0x0000000758679c28,0x0000000759a80000)
 Metaspace       used 102545K, capacity 112381K, committed 112680K, reserved 1146880K
  class space    used 13015K, capacity 15032K, committed 15144K, reserved 1048576K
}
Event: 343411.389 GC heap before
{Heap before GC invocations=12120 (full 7):
 PSYoungGen      total 1175040K, used 1173839K [0x0000000777f80000, 0x00000007c0000000, 0x00000007c0000000)
  eden space 1169920K, 100% used [0x0000000777f80000,0x00000007bf600000,0x00000007bf600000)
  from space 5120K, 76% used [0x00000007bfb00000,0x00000007bfed3f78,0x00000007c0000000)
  to   space 5120K, 0% used [0x00000007bf600000,0x00000007bf600000,0x00000007bfb00000)
 ParOldGen       total 1864192K, used 1843687K [0x00000006e7e00000, 0x0000000759a80000, 0x0000000777f80000)
  object space 1864192K, 98% used [0x00000006e7e00000,0x0000000758679c28,0x0000000759a80000)
 Metaspace       used 102545K, capacity 112381K, committed 112680K, reserved 1146880K
  class space    used 13015K, capacity 15032K, committed 15144K, reserved 1048576K
Event: 343411.406 GC heap after
Heap after GC invocations=12120 (full 7):
 PSYoungGen      total 1175040K, used 3967K [0x0000000777f80000, 0x00000007c0000000, 0x00000007c0000000)
  eden space 1169920K, 0% used [0x0000000777f80000,0x0000000777f80000,0x00000007bf600000)
  from space 5120K, 77% used [0x00000007bf600000,0x00000007bf9dfdf0,0x00000007bfb00000)
  to   space 5120K, 0% used [0x00000007bfb00000,0x00000007bfb00000,0x00000007c0000000)
 ParOldGen       total 1864192K, used 1843743K [0x00000006e7e00000, 0x0000000759a80000, 0x0000000777f80000)
  object space 1864192K, 98% used [0x00000006e7e00000,0x0000000758687c28,0x0000000759a80000)
 Metaspace       used 102545K, capacity 112381K, committed 112680K, reserved 1146880K
  class space    used 13015K, capacity 15032K, committed 15144K, reserved 1048576K
}
Event: 343429.202 GC heap before
{Heap before GC invocations=12121 (full 7):
 PSYoungGen      total 1175040K, used 1173887K [0x0000000777f80000, 0x00000007c0000000, 0x00000007c0000000)
  eden space 1169920K, 100% used [0x0000000777f80000,0x00000007bf600000,0x00000007bf600000)
  from space 5120K, 77% used [0x00000007bf600000,0x00000007bf9dfdf0,0x00000007bfb00000)
  to   space 5120K, 0% used [0x00000007bfb00000,0x00000007bfb00000,0x00000007c0000000)
 ParOldGen       total 1864192K, used 1843743K [0x00000006e7e00000, 0x0000000759a80000, 0x0000000777f80000)
  object space 1864192K, 98% used [0x00000006e7e00000,0x0000000758687c28,0x0000000759a80000)
 Metaspace       used 102545K, capacity 112381K, committed 112680K, reserved 1146880K
  class space    used 13015K, capacity 15032K, committed 15144K, reserved 1048576K
Event: 343429.218 GC heap after
Heap after GC invocations=12121 (full 7):
 PSYoungGen      total 1174016K, used 3839K [0x0000000777f80000, 0x00000007bff00000, 0x00000007c0000000)
  eden space 1169920K, 0% used [0x0000000777f80000,0x0000000777f80000,0x00000007bf600000)
  from space 4096K, 93% used [0x00000007bfb00000,0x00000007bfebfde0,0x00000007bff00000)
  to   space 4608K, 0% used [0x00000007bf600000,0x00000007bf600000,0x00000007bfa80000)
 ParOldGen       total 1864192K, used 1843839K [0x00000006e7e00000, 0x0000000759a80000, 0x0000000777f80000)
  object space 1864192K, 98% used [0x00000006e7e00000,0x000000075869fc28,0x0000000759a80000)
 Metaspace       used 102545K, capacity 112381K, committed 112680K, reserved 1146880K
  class space    used 13015K, capacity 15032K, committed 15144K, reserved 1048576K
}
Event: 343447.238 GC heap before
{Heap before GC invocations=12122 (full 7):
 PSYoungGen      total 1174016K, used 1173759K [0x0000000777f80000, 0x00000007bff00000, 0x00000007c0000000)
  eden space 1169920K, 100% used [0x0000000777f80000,0x00000007bf600000,0x00000007bf600000)
  from space 4096K, 93% used [0x00000007bfb00000,0x00000007bfebfde0,0x00000007bff00000)
  to   space 4608K, 0% used [0x00000007bf600000,0x00000007bf600000,0x00000007bfa80000)
 ParOldGen       total 1864192K, used 1843839K [0x00000006e7e00000, 0x0000000759a80000, 0x0000000777f80000)
  object space 1864192K, 98% used [0x00000006e7e00000,0x000000075869fc28,0x0000000759a80000)
 Metaspace       used 102545K, capacity 112381K, committed 112680K, reserved 1146880K
  class space    used 13015K, capacity 15032K, committed 15144K, reserved 1048576K
Event: 343447.255 GC heap after
Heap after GC invocations=12122 (full 7):
 PSYoungGen      total 1174528K, used 3839K [0x0000000777f80000, 0x00000007c0000000, 0x00000007c0000000)
  eden space 1169920K, 0% used [0x0000000777f80000,0x0000000777f80000,0x00000007bf600000)
  from space 4608K, 83% used [0x00000007bf600000,0x00000007bf9bff50,0x00000007bfa80000)
  to   space 4608K, 0% used [0x00000007bfb80000,0x00000007bfb80000,0x00000007c0000000)
 ParOldGen       total 1864192K, used 1843855K [0x00000006e7e00000, 0x0000000759a80000, 0x0000000777f80000)
  object space 1864192K, 98% used [0x00000006e7e00000,0x00000007586a3c28,0x0000000759a80000)
 Metaspace       used 102545K, capacity 112381K, committed 112680K, reserved 1146880K
  class space    used 13015K, capacity 15032K, committed 15144K, reserved 1048576K
}
Event: 343464.387 GC heap before
{Heap before GC invocations=12123 (full 7):
 PSYoungGen      total 1174528K, used 1173759K [0x0000000777f80000, 0x00000007c0000000, 0x00000007c0000000)
  eden space 1169920K, 100% used [0x0000000777f80000,0x00000007bf600000,0x00000007bf600000)
  from space 4608K, 83% used [0x00000007bf600000,0x00000007bf9bff50,0x00000007bfa80000)
  to   space 4608K, 0% used [0x00000007bfb80000,0x00000007bfb80000,0x00000007c0000000)
 ParOldGen       total 1864192K, used 1843855K [0x00000006e7e00000, 0x0000000759a80000, 0x0000000777f80000)
  object space 1864192K, 98% used [0x00000006e7e00000,0x00000007586a3c28,0x0000000759a80000)
 Metaspace       used 102545K, capacity 112381K, committed 112680K, reserved 1146880K
  class space    used 13015K, capacity 15032K, committed 15144K, reserved 1048576K
Event: 343464.404 GC heap after
Heap after GC invocations=12123 (full 7):
 PSYoungGen      total 1175552K, used 3935K [0x0000000777f80000, 0x00000007c0000000, 0x00000007c0000000)
  eden space 1170944K, 0% used [0x0000000777f80000,0x0000000777f80000,0x00000007bf700000)
  from space 4608K, 85% used [0x00000007bfb80000,0x00000007bff57f70,0x00000007c0000000)
  to   space 4608K, 0% used [0x00000007bf700000,0x00000007bf700000,0x00000007bfb80000)
 ParOldGen       total 1864192K, used 1843911K [0x00000006e7e00000, 0x0000000759a80000, 0x0000000777f80000)
  object space 1864192K, 98% used [0x00000006e7e00000,0x00000007586b1c28,0x0000000759a80000)
 Metaspace       used 102545K, capacity 112381K, committed 112680K, reserved 1146880K
  class space    used 13015K, capacity 15032K, committed 15144K, reserved 1048576K
}
Event: 343481.737 GC heap before
{Heap before GC invocations=12124 (full 7):
 PSYoungGen      total 1175552K, used 1174879K [0x0000000777f80000, 0x00000007c0000000, 0x00000007c0000000)
  eden space 1170944K, 100% used [0x0000000777f80000,0x00000007bf700000,0x00000007bf700000)
  from space 4608K, 85% used [0x00000007bfb80000,0x00000007bff57f70,0x00000007c0000000)
  to   space 4608K, 0% used [0x00000007bf700000,0x00000007bf700000,0x00000007bfb80000)
 ParOldGen       total 1864192K, used 1843911K [0x00000006e7e00000, 0x0000000759a80000, 0x0000000777f80000)
  object space 1864192K, 98% used [0x00000006e7e00000,0x00000007586b1c28,0x0000000759a80000)
 Metaspace       used 102545K, capacity 112381K, committed 112680K, reserved 1146880K
  class space    used 13015K, capacity 15032K, committed 15144K, reserved 1048576K
Event: 343481.753 GC heap after
Heap after GC invocations=12124 (full 7):
 PSYoungGen      total 1175552K, used 3871K [0x0000000777f80000, 0x00000007c0000000, 0x00000007c0000000)
  eden space 1170944K, 0% used [0x0000000777f80000,0x0000000777f80000,0x00000007bf700000)
  from space 4608K, 84% used [0x00000007bf700000,0x00000007bfac7f70,0x00000007bfb80000)
  to   space 4608K, 0% used [0x00000007bfb80000,0x00000007bfb80000,0x00000007c0000000)
 ParOldGen       total 1864192K, used 1843967K [0x00000006e7e00000, 0x0000000759a80000, 0x0000000777f80000)
  object space 1864192K, 98% used [0x00000006e7e00000,0x00000007586bfc28,0x0000000759a80000)
 Metaspace       used 102545K, capacity 112381K, committed 112680K, reserved 1146880K
  class space    used 13015K, capacity 15032K, committed 15144K, reserved 1048576K
}
Event: 343491.136 GC heap before
{Heap before GC invocations=12125 (full 7):
 PSYoungGen      total 1175552K, used 1174815K [0x0000000777f80000, 0x00000007c0000000, 0x00000007c0000000)
  eden space 1170944K, 100% used [0x0000000777f80000,0x00000007bf700000,0x00000007bf700000)
  from space 4608K, 84% used [0x00000007bf700000,0x00000007bfac7f70,0x00000007bfb80000)
  to   space 4608K, 0% used [0x00000007bfb80000,0x00000007bfb80000,0x00000007c0000000)
 ParOldGen       total 1864192K, used 1843967K [0x00000006e7e00000, 0x0000000759a80000, 0x0000000777f80000)
  object space 1864192K, 98% used [0x00000006e7e00000,0x00000007586bfc28,0x0000000759a80000)
 Metaspace       used 102545K, capacity 112381K, committed 112680K, reserved 1146880K
  class space    used 13015K, capacity 15032K, committed 15144K, reserved 1048576K
Event: 343491.153 GC heap after
Heap after GC invocations=12125 (full 7):
 PSYoungGen      total 1175552K, used 3999K [0x0000000777f80000, 0x00000007c0000000, 0x00000007c0000000)
  eden space 1170944K, 0% used [0x0000000777f80000,0x0000000777f80000,0x00000007bf700000)
  from space 4608K, 86% used [0x00000007bfb80000,0x00000007bff67f60,0x00000007c0000000)
  to   space 4608K, 0% used [0x00000007bf700000,0x00000007bf700000,0x00000007bfb80000)
 ParOldGen       total 1864192K, used 1844007K [0x00000006e7e00000, 0x0000000759a80000, 0x0000000777f80000)
  object space 1864192K, 98% used [0x00000006e7e00000,0x00000007586c9c28,0x0000000759a80000)
 Metaspace       used 102545K, capacity 112381K, committed 112680K, reserved 1146880K
  class space    used 13015K, capacity 15032K, committed 15144K, reserved 1048576K
}
Event: 343500.683 GC heap before
{Heap before GC invocations=12126 (full 7):
 PSYoungGen      total 1175552K, used 1174943K [0x0000000777f80000, 0x00000007c0000000, 0x00000007c0000000)
  eden space 1170944K, 100% used [0x0000000777f80000,0x00000007bf700000,0x00000007bf700000)
  from space 4608K, 86% used [0x00000007bfb80000,0x00000007bff67f60,0x00000007c0000000)
  to   space 4608K, 0% used [0x00000007bf700000,0x00000007bf700000,0x00000007bfb80000)
 ParOldGen       total 1864192K, used 1844007K [0x00000006e7e00000, 0x0000000759a80000, 0x0000000777f80000)
  object space 1864192K, 98% used [0x00000006e7e00000,0x00000007586c9c28,0x0000000759a80000)
 Metaspace       used 102545K, capacity 112381K, committed 112680K, reserved 1146880K
  class space    used 13015K, capacity 15032K, committed 15144K, reserved 1048576K
Event: 343500.700 GC heap after
Heap after GC invocations=12126 (full 7):
 PSYoungGen      total 1175552K, used 3935K [0x0000000777f80000, 0x00000007c0000000, 0x00000007c0000000)
  eden space 1170944K, 0% used [0x0000000777f80000,0x0000000777f80000,0x00000007bf700000)
  from space 4608K, 85% used [0x00000007bf700000,0x00000007bfad7dd0,0x00000007bfb80000)
  to   space 4608K, 0% used [0x00000007bfb80000,0x00000007bfb80000,0x00000007c0000000)
 ParOldGen       total 1864192K, used 1844079K [0x00000006e7e00000, 0x0000000759a80000, 0x0000000777f80000)
  object space 1864192K, 98% used [0x00000006e7e00000,0x00000007586dbc28,0x0000000759a80000)
 Metaspace       used 102545K, capacity 112381K, committed 112680K, reserved 1146880K
  class space    used 13015K, capacity 15032K, committed 15144K, reserved 1048576K
}
Event: 343512.281 GC heap before
{Heap before GC invocations=12127 (full 7):
 PSYoungGen      total 1175552K, used 1174879K [0x0000000777f80000, 0x00000007c0000000, 0x00000007c0000000)
  eden space 1170944K, 100% used [0x0000000777f80000,0x00000007bf700000,0x00000007bf700000)
  from space 4608K, 85% used [0x00000007bf700000,0x00000007bfad7dd0,0x00000007bfb80000)
  to   space 4608K, 0% used [0x00000007bfb80000,0x00000007bfb80000,0x00000007c0000000)
 ParOldGen       total 1864192K, used 1844079K [0x00000006e7e00000, 0x0000000759a80000, 0x0000000777f80000)
  object space 1864192K, 98% used [0x00000006e7e00000,0x00000007586dbc28,0x0000000759a80000)
 Metaspace       used 102545K, capacity 112381K, committed 112680K, reserved 1146880K
  class space    used 13015K, capacity 15032K, committed 15144K, reserved 1048576K
Event: 343512.297 GC heap after
Heap after GC invocations=12127 (full 7):
 PSYoungGen      total 1175552K, used 3807K [0x0000000777f80000, 0x00000007c0000000, 0x00000007c0000000)
  eden space 1170944K, 0% used [0x0000000777f80000,0x0000000777f80000,0x00000007bf700000)
  from space 4608K, 82% used [0x00000007bfb80000,0x00000007bff37de0,0x00000007c0000000)
  to   space 4608K, 0% used [0x00000007bf700000,0x00000007bf700000,0x00000007bfb80000)
 ParOldGen       total 1864192K, used 1844267K [0x00000006e7e00000, 0x0000000759a80000, 0x0000000777f80000)
  object space 1864192K, 98% used [0x00000006e7e00000,0x000000075870ac70,0x0000000759a80000)
 Metaspace       used 102545K, capacity 112381K, committed 112680K, reserved 1146880K
  class space    used 13015K, capacity 15032K, committed 15144K, reserved 1048576K
}
Event: 343529.974 GC heap before
{Heap before GC invocations=12128 (full 7):
 PSYoungGen      total 1175552K, used 1174751K [0x0000000777f80000, 0x00000007c0000000, 0x00000007c0000000)
  eden space 1170944K, 100% used [0x0000000777f80000,0x00000007bf700000,0x00000007bf700000)
  from space 4608K, 82% used [0x00000007bfb80000,0x00000007bff37de0,0x00000007c0000000)
  to   space 4608K, 0% used [0x00000007bf700000,0x00000007bf700000,0x00000007bfb80000)
 ParOldGen       total 1864192K, used 1844267K [0x00000006e7e00000, 0x0000000759a80000, 0x0000000777f80000)
  object space 1864192K, 98% used [0x00000006e7e00000,0x000000075870ac70,0x0000000759a80000)
 Metaspace       used 102545K, capacity 112381K, committed 112680K, reserved 1146880K
  class space    used 13015K, capacity 15032K, committed 15144K, reserved 1048576K
Event: 343529.997 GC heap after
Heap after GC invocations=12128 (full 7):
 PSYoungGen      total 1175552K, used 3711K [0x0000000777f80000, 0x00000007c0000000, 0x00000007c0000000)
  eden space 1170944K, 0% used [0x0000000777f80000,0x0000000777f80000,0x00000007bf700000)
  from space 4608K, 80% used [0x00000007bf700000,0x00000007bfa9ff50,0x00000007bfb80000)
  to   space 4608K, 0% used [0x00000007bfb80000,0x00000007bfb80000,0x00000007c0000000)
 ParOldGen       total 1864192K, used 1844395K [0x00000006e7e00000, 0x0000000759a80000, 0x0000000777f80000)
  object space 1864192K, 98% used [0x00000006e7e00000,0x000000075872ac70,0x0000000759a80000)
 Metaspace       used 102545K, capacity 112381K, committed 112680K, reserved 1146880K
  class space    used 13015K, capacity 15032K, committed 15144K, reserved 1048576K
}
Event: 343547.581 GC heap before
{Heap before GC invocations=12129 (full 7):
 PSYoungGen      total 1175552K, used 1174655K [0x0000000777f80000, 0x00000007c0000000, 0x00000007c0000000)
  eden space 1170944K, 100% used [0x0000000777f80000,0x00000007bf700000,0x00000007bf700000)
  from space 4608K, 80% used [0x00000007bf700000,0x00000007bfa9ff50,0x00000007bfb80000)
  to   space 4608K, 0% used [0x00000007bfb80000,0x00000007bfb80000,0x00000007c0000000)
 ParOldGen       total 1864192K, used 1844395K [0x00000006e7e00000, 0x0000000759a80000, 0x0000000777f80000)
  object space 1864192K, 98% used [0x00000006e7e00000,0x000000075872ac70,0x0000000759a80000)
 Metaspace       used 102545K, capacity 112381K, committed 112680K, reserved 1146880K
  class space    used 13015K, capacity 15032K, committed 15144K, reserved 1048576K
Event: 343547.597 GC heap after
Heap after GC invocations=12129 (full 7):
 PSYoungGen      total 1175552K, used 3631K [0x0000000777f80000, 0x00000007c0000000, 0x00000007c0000000)
  eden space 1170944K, 0% used [0x0000000777f80000,0x0000000777f80000,0x00000007bf700000)
  from space 4608K, 78% used [0x00000007bfb80000,0x00000007bff0bf78,0x00000007c0000000)
  to   space 4608K, 0% used [0x00000007bf700000,0x00000007bf700000,0x00000007bfb80000)
 ParOldGen       total 1864192K, used 1844499K [0x00000006e7e00000, 0x0000000759a80000, 0x0000000777f80000)
  object space 1864192K, 98% used [0x00000006e7e00000,0x0000000758744c70,0x0000000759a80000)
 Metaspace       used 102545K, capacity 112381K, committed 112680K, reserved 1146880K
  class space    used 13015K, capacity 15032K, committed 15144K, reserved 1048576K
}
Event: 343564.881 GC heap before
{Heap before GC invocations=12130 (full 7):
 PSYoungGen      total 1175552K, used 1174575K [0x0000000777f80000, 0x00000007c0000000, 0x00000007c0000000)
  eden space 1170944K, 100% used [0x0000000777f80000,0x00000007bf700000,0x00000007bf700000)
  from space 4608K, 78% used [0x00000007bfb80000,0x00000007bff0bf78,0x00000007c0000000)
  to   space 4608K, 0% used [0x00000007bf700000,0x00000007bf700000,0x00000007bfb80000)
 ParOldGen       total 1864192K, used 1844499K [0x00000006e7e00000, 0x0000000759a80000, 0x0000000777f80000)
  object space 1864192K, 98% used [0x00000006e7e00000,0x0000000758744c70,0x0000000759a80000)
 Metaspace       used 102545K, capacity 112381K, committed 112680K, reserved 1146880K
  class space    used 13015K, capacity 15032K, committed 15144K, reserved 1048576K
Event: 343564.897 GC heap after
Heap after GC invocations=12130 (full 7):
 PSYoungGen      total 1175552K, used 3743K [0x0000000777f80000, 0x00000007c0000000, 0x00000007c0000000)
  eden space 1170944K, 0% used [0x0000000777f80000,0x0000000777f80000,0x00000007bf700000)
  from space 4608K, 81% used [0x00000007bf700000,0x00000007bfaa7f60,0x00000007bfb80000)
  to   space 4608K, 0% used [0x00000007bfb80000,0x00000007bfb80000,0x00000007c0000000)
 ParOldGen       total 1864192K, used 1844515K [0x00000006e7e00000, 0x0000000759a80000, 0x0000000777f80000)
  object space 1864192K, 98% used [0x00000006e7e00000,0x0000000758748c70,0x0000000759a80000)
 Metaspace       used 102545K, capacity 112381K, committed 112680K, reserved 1146880K
  class space    used 13015K, capacity 15032K, committed 15144K, reserved 1048576K
}
Event: 343582.234 GC heap before
{Heap before GC invocations=12131 (full 7):
 PSYoungGen      total 1175552K, used 1174687K [0x0000000777f80000, 0x00000007c0000000, 0x00000007c0000000)
  eden space 1170944K, 100% used [0x0000000777f80000,0x00000007bf700000,0x00000007bf700000)
  from space 4608K, 81% used [0x00000007bf700000,0x00000007bfaa7f60,0x00000007bfb80000)
  to   space 4608K, 0% used [0x00000007bfb80000,0x00000007bfb80000,0x00000007c0000000)
 ParOldGen       total 1864192K, used 1844515K [0x00000006e7e00000, 0x0000000759a80000, 0x0000000777f80000)
  object space 1864192K, 98% used [0x00000006e7e00000,0x0000000758748c70,0x0000000759a80000)
 Metaspace       used 102545K, capacity 112381K, committed 112680K, reserved 1146880K
  class space    used 13015K, capacity 15032K, committed 15144K, reserved 1048576K
Event: 343582.250 GC heap after
Heap after GC invocations=12131 (full 7):
 PSYoungGen      total 1175552K, used 3903K [0x0000000777f80000, 0x00000007c0000000, 0x00000007c0000000)
  eden space 1170944K, 0% used [0x0000000777f80000,0x0000000777f80000,0x00000007bf700000)
  from space 4608K, 84% used [0x00000007bfb80000,0x00000007bff4fdf0,0x00000007c0000000)
  to   space 4608K, 0% used [0x00000007bf700000,0x00000007bf700000,0x00000007bfb80000)
 ParOldGen       total 1864192K, used 1844547K [0x00000006e7e00000, 0x0000000759a80000, 0x0000000777f80000)
  object space 1864192K, 98% used [0x00000006e7e00000,0x0000000758750c70,0x0000000759a80000)
 Metaspace       used 102545K, capacity 112381K, committed 112680K, reserved 1146880K
  class space    used 13015K, capacity 15032K, committed 15144K, reserved 1048576K
}
Event: 343600.035 GC heap before
{Heap before GC invocations=12132 (full 7):
 PSYoungGen      total 1175552K, used 1174847K [0x0000000777f80000, 0x00000007c0000000, 0x00000007c0000000)
  eden space 1170944K, 100% used [0x0000000777f80000,0x00000007bf700000,0x00000007bf700000)
  from space 4608K, 84% used [0x00000007bfb80000,0x00000007bff4fdf0,0x00000007c0000000)
  to   space 4608K, 0% used [0x00000007bf700000,0x00000007bf700000,0x00000007bfb80000)
 ParOldGen       total 1864192K, used 1844547K [0x00000006e7e00000, 0x0000000759a80000, 0x0000000777f80000)
  object space 1864192K, 98% used [0x00000006e7e00000,0x0000000758750c70,0x0000000759a80000)
 Metaspace       used 102546K, capacity 112381K, committed 112680K, reserved 1146880K
  class space    used 13015K, capacity 15032K, committed 15144K, reserved 1048576K
Event: 343600.052 GC heap after
Heap after GC invocations=12132 (full 7):
 PSYoungGen      total 1175552K, used 3551K [0x0000000777f80000, 0x00000007c0000000, 0x00000007c0000000)
  eden space 1170944K, 0% used [0x0000000777f80000,0x0000000777f80000,0x00000007bf700000)
  from space 4608K, 77% used [0x00000007bf700000,0x00000007bfa77f50,0x00000007bfb80000)
  to   space 4608K, 0% used [0x00000007bfb80000,0x00000007bfb80000,0x00000007c0000000)
 ParOldGen       total 1864192K, used 1844715K [0x00000006e7e00000, 0x0000000759a80000, 0x0000000777f80000)
  object space 1864192K, 98% used [0x00000006e7e00000,0x000000075877ac70,0x0000000759a80000)
 Metaspace       used 102546K, capacity 112381K, committed 112680K, reserved 1146880K
  class space    used 13015K, capacity 15032K, committed 15144K, reserved 1048576K
}
Event: 343613.881 GC heap before
{Heap before GC invocations=12133 (full 7):
 PSYoungGen      total 1175552K, used 1174495K [0x0000000777f80000, 0x00000007c0000000, 0x00000007c0000000)
  eden space 1170944K, 100% used [0x0000000777f80000,0x00000007bf700000,0x00000007bf700000)
  from space 4608K, 77% used [0x00000007bf700000,0x00000007bfa77f50,0x00000007bfb80000)
  to   space 4608K, 0% used [0x00000007bfb80000,0x00000007bfb80000,0x00000007c0000000)
 ParOldGen       total 1864192K, used 1844715K [0x00000006e7e00000, 0x0000000759a80000, 0x0000000777f80000)
  object space 1864192K, 98% used [0x00000006e7e00000,0x000000075877ac70,0x0000000759a80000)
 Metaspace       used 102546K, capacity 112381K, committed 112680K, reserved 1146880K
  class space    used 13015K, capacity 15032K, committed 15144K, reserved 1048576K
Event: 343613.897 GC heap after
Heap after GC invocations=12133 (full 7):
 PSYoungGen      total 1175552K, used 3583K [0x0000000777f80000, 0x00000007c0000000, 0x00000007c0000000)
  eden space 1170944K, 0% used [0x0000000777f80000,0x0000000777f80000,0x00000007bf700000)
  from space 4608K, 77% used [0x00000007bfb80000,0x00000007bfefff70,0x00000007c0000000)
  to   space 4608K, 0% used [0x00000007bf700000,0x00000007bf700000,0x00000007bfb80000)
 ParOldGen       total 1864192K, used 1844763K [0x00000006e7e00000, 0x0000000759a80000, 0x0000000777f80000)
  object space 1864192K, 98% used [0x00000006e7e00000,0x0000000758786c70,0x0000000759a80000)
 Metaspace       used 102546K, capacity 112381K, committed 112680K, reserved 1146880K
  class space    used 13015K, capacity 15032K, committed 15144K, reserved 1048576K
}
Event: 343627.652 GC heap before
{Heap before GC invocations=12134 (full 7):
 PSYoungGen      total 1175552K, used 1174527K [0x0000000777f80000, 0x00000007c0000000, 0x00000007c0000000)
  eden space 1170944K, 100% used [0x0000000777f80000,0x00000007bf700000,0x00000007bf700000)
  from space 4608K, 77% used [0x00000007bfb80000,0x00000007bfefff70,0x00000007c0000000)
  to   space 4608K, 0% used [0x00000007bf700000,0x00000007bf700000,0x00000007bfb80000)
 ParOldGen       total 1864192K, used 1844763K [0x00000006e7e00000, 0x0000000759a80000, 0x0000000777f80000)
  object space 1864192K, 98% used [0x00000006e7e00000,0x0000000758786c70,0x0000000759a80000)
 Metaspace       used 102546K, capacity 112381K, committed 112680K, reserved 1146880K
  class space    used 13015K, capacity 15032K, committed 15144K, reserved 1048576K
Event: 343627.670 GC heap after
Heap after GC invocations=12134 (full 7):
 PSYoungGen      total 1175552K, used 3551K [0x0000000777f80000, 0x00000007c0000000, 0x00000007c0000000)
  eden space 1170944K, 0% used [0x0000000777f80000,0x0000000777f80000,0x00000007bf700000)
  from space 4608K, 77% used [0x00000007bf700000,0x00000007bfa77f70,0x00000007bfb80000)
  to   space 4608K, 0% used [0x00000007bfb80000,0x00000007bfb80000,0x00000007c0000000)
 ParOldGen       total 1864192K, used 1844795K [0x00000006e7e00000, 0x0000000759a80000, 0x0000000777f80000)
  object space 1864192K, 98% used [0x00000006e7e00000,0x000000075878ec70,0x0000000759a80000)
 Metaspace       used 102546K, capacity 112381K, committed 112680K, reserved 1146880K
  class space    used 13015K, capacity 15032K, committed 15144K, reserved 1048576K
}
Event: 343641.644 GC heap before
{Heap before GC invocations=12135 (full 7):
 PSYoungGen      total 1175552K, used 1174495K [0x0000000777f80000, 0x00000007c0000000, 0x00000007c0000000)
  eden space 1170944K, 100% used [0x0000000777f80000,0x00000007bf700000,0x00000007bf700000)
  from space 4608K, 77% used [0x00000007bf700000,0x00000007bfa77f70,0x00000007bfb80000)
  to   space 4608K, 0% used [0x00000007bfb80000,0x00000007bfb80000,0x00000007c0000000)
 ParOldGen       total 1864192K, used 1844795K [0x00000006e7e00000, 0x0000000759a80000, 0x0000000777f80000)
  object space 1864192K, 98% used [0x00000006e7e00000,0x000000075878ec70,0x0000000759a80000)
 Metaspace       used 102546K, capacity 112381K, committed 112680K, reserved 1146880K
  class space    used 13015K, capacity 15032K, committed 15144K, reserved 1048576K
Event: 343641.660 GC heap after
Heap after GC invocations=12135 (full 7):
 PSYoungGen      total 1175552K, used 3679K [0x0000000777f80000, 0x00000007c0000000, 0x00000007c0000000)
  eden space 1170944K, 0% used [0x0000000777f80000,0x0000000777f80000,0x00000007bf700000)
  from space 4608K, 79% used [0x00000007bfb80000,0x00000007bff17f70,0x00000007c0000000)
  to   space 4608K, 0% used [0x00000007bf700000,0x00000007bf700000,0x00000007bfb80000)
 ParOldGen       total 1864192K, used 1844851K [0x00000006e7e00000, 0x0000000759a80000, 0x0000000777f80000)
  object space 1864192K, 98% used [0x00000006e7e00000,0x000000075879cc70,0x0000000759a80000)
 Metaspace       used 102546K, capacity 112381K, committed 112680K, reserved 1146880K
  class space    used 13015K, capacity 15032K, committed 15144K, reserved 1048576K
}
Event: 343650.845 GC heap before
{Heap before GC invocations=12136 (full 7):
 PSYoungGen      total 1175552K, used 1174623K [0x0000000777f80000, 0x00000007c0000000, 0x00000007c0000000)
  eden space 1170944K, 100% used [0x0000000777f80000,0x00000007bf700000,0x00000007bf700000)
  from space 4608K, 79% used [0x00000007bfb80000,0x00000007bff17f70,0x00000007c0000000)
  to   space 4608K, 0% used [0x00000007bf700000,0x00000007bf700000,0x00000007bfb80000)
 ParOldGen       total 1864192K, used 1844851K [0x00000006e7e00000, 0x0000000759a80000, 0x0000000777f80000)
  object space 1864192K, 98% used [0x00000006e7e00000,0x000000075879cc70,0x0000000759a80000)
 Metaspace       used 102546K, capacity 112381K, committed 112680K, reserved 1146880K
  class space    used 13015K, capacity 15032K, committed 15144K, reserved 1048576K
Event: 343650.861 GC heap after
Heap after GC invocations=12136 (full 7):
 PSYoungGen      total 1175552K, used 3679K [0x0000000777f80000, 0x00000007c0000000, 0x00000007c0000000)
  eden space 1170944K, 0% used [0x0000000777f80000,0x0000000777f80000,0x00000007bf700000)
  from space 4608K, 79% used [0x00000007bf700000,0x00000007bfa97de0,0x00000007bfb80000)
  to   space 4608K, 0% used [0x00000007bfb80000,0x00000007bfb80000,0x00000007c0000000)
 ParOldGen       total 1864192K, used 1844867K [0x00000006e7e00000, 0x0000000759a80000, 0x0000000777f80000)
  object space 1864192K, 98% used [0x00000006e7e00000,0x00000007587a0c70,0x0000000759a80000)
 Metaspace       used 102546K, capacity 112381K, committed 112680K, reserved 1146880K
  class space    used 13015K, capacity 15032K, committed 15144K, reserved 1048576K
}
Event: 343659.972 GC heap before
{Heap before GC invocations=12137 (full 7):
 PSYoungGen      total 1175552K, used 1174623K [0x0000000777f80000, 0x00000007c0000000, 0x00000007c0000000)
  eden space 1170944K, 100% used [0x0000000777f80000,0x00000007bf700000,0x00000007bf700000)
  from space 4608K, 79% used [0x00000007bf700000,0x00000007bfa97de0,0x00000007bfb80000)
  to   space 4608K, 0% used [0x00000007bfb80000,0x00000007bfb80000,0x00000007c0000000)
 ParOldGen       total 1864192K, used 1844867K [0x00000006e7e00000, 0x0000000759a80000, 0x0000000777f80000)
  object space 1864192K, 98% used [0x00000006e7e00000,0x00000007587a0c70,0x0000000759a80000)
 Metaspace       used 102546K, capacity 112381K, committed 112680K, reserved 1146880K
  class space    used 13015K, capacity 15032K, committed 15144K, reserved 1048576K
Event: 343659.988 GC heap after
Heap after GC invocations=12137 (full 7):
 PSYoungGen      total 1175552K, used 3711K [0x0000000777f80000, 0x00000007c0000000, 0x00000007c0000000)
  eden space 1170944K, 0% used [0x0000000777f80000,0x0000000777f80000,0x00000007bf700000)
  from space 4608K, 80% used [0x00000007bfb80000,0x00000007bff1ff70,0x00000007c0000000)
  to   space 4608K, 0% used [0x00000007bf700000,0x00000007bf700000,0x00000007bfb80000)
 ParOldGen       total 1864192K, used 1844883K [0x00000006e7e00000, 0x0000000759a80000, 0x0000000777f80000)
  object space 1864192K, 98% used [0x00000006e7e00000,0x00000007587a4c70,0x0000000759a80000)
 Metaspace       used 102546K, capacity 112381K, committed 112680K, reserved 1146880K
  class space    used 13015K, capacity 15032K, committed 15144K, reserved 1048576K
}
Event: 343672.172 GC heap before
{Heap before GC invocations=12138 (full 7):
 PSYoungGen      total 1175552K, used 1174655K [0x0000000777f80000, 0x00000007c0000000, 0x00000007c0000000)
  eden space 1170944K, 100% used [0x0000000777f80000,0x00000007bf700000,0x00000007bf700000)
  from space 4608K, 80% used [0x00000007bfb80000,0x00000007bff1ff70,0x00000007c0000000)
  to   space 4608K, 0% used [0x00000007bf700000,0x00000007bf700000,0x00000007bfb80000)
 ParOldGen       total 1864192K, used 1844883K [0x00000006e7e00000, 0x0000000759a80000, 0x0000000777f80000)
  object space 1864192K, 98% used [0x00000006e7e00000,0x00000007587a4c70,0x0000000759a80000)
 Metaspace       used 102546K, capacity 112381K, committed 112680K, reserved 1146880K
  class space    used 13015K, capacity 15032K, committed 15144K, reserved 1048576K
Event: 343672.188 GC heap after
Heap after GC invocations=12138 (full 7):
 PSYoungGen      total 1175552K, used 3551K [0x0000000777f80000, 0x00000007c0000000, 0x00000007c0000000)
  eden space 1170944K, 0% used [0x0000000777f80000,0x0000000777f80000,0x00000007bf700000)
  from space 4608K, 77% used [0x00000007bf700000,0x00000007bfa77f50,0x00000007bfb80000)
  to   space 4608K, 0% used [0x00000007bfb80000,0x00000007bfb80000,0x00000007c0000000)
 ParOldGen       total 1864192K, used 1844923K [0x00000006e7e00000, 0x0000000759a80000, 0x0000000777f80000)
  object space 1864192K, 98% used [0x00000006e7e00000,0x00000007587aec70,0x0000000759a80000)
 Metaspace       used 102546K, capacity 112381K, committed 112680K, reserved 1146880K
  class space    used 13015K, capacity 15032K, committed 15144K, reserved 1048576K
}
Event: 343686.593 GC heap before
{Heap before GC invocations=12139 (full 7):
 PSYoungGen      total 1175552K, used 1174495K [0x0000000777f80000, 0x00000007c0000000, 0x00000007c0000000)
  eden space 1170944K, 100% used [0x0000000777f80000,0x00000007bf700000,0x00000007bf700000)
  from space 4608K, 77% used [0x00000007bf700000,0x00000007bfa77f50,0x00000007bfb80000)
  to   space 4608K, 0% used [0x00000007bfb80000,0x00000007bfb80000,0x00000007c0000000)
 ParOldGen       total 1864192K, used 1844923K [0x00000006e7e00000, 0x0000000759a80000, 0x0000000777f80000)
  object space 1864192K, 98% used [0x00000006e7e00000,0x00000007587aec70,0x0000000759a80000)
 Metaspace       used 102546K, capacity 112381K, committed 112680K, reserved 1146880K
  class space    used 13015K, capacity 15032K, committed 15144K, reserved 1048576K
Event: 343686.608 GC heap after
Heap after GC invocations=12139 (full 7):
 PSYoungGen      total 1175552K, used 3615K [0x0000000777f80000, 0x00000007c0000000, 0x00000007c0000000)
  eden space 1170944K, 0% used [0x0000000777f80000,0x0000000777f80000,0x00000007bf700000)
  from space 4608K, 78% used [0x00000007bfb80000,0x00000007bff07f50,0x00000007c0000000)
  to   space 4608K, 0% used [0x00000007bf700000,0x00000007bf700000,0x00000007bfb80000)
 ParOldGen       total 1864192K, used 1844955K [0x00000006e7e00000, 0x0000000759a80000, 0x0000000777f80000)
  object space 1864192K, 98% used [0x00000006e7e00000,0x00000007587b6c70,0x0000000759a80000)
 Metaspace       used 102546K, capacity 112381K, committed 112680K, reserved 1146880K
  class space    used 13015K, capacity 15032K, committed 15144K, reserved 1048576K
}
Event: 343701.534 GC heap before
{Heap before GC invocations=12140 (full 7):
 PSYoungGen      total 1175552K, used 1174559K [0x0000000777f80000, 0x00000007c0000000, 0x00000007c0000000)
  eden space 1170944K, 100% used [0x0000000777f80000,0x00000007bf700000,0x00000007bf700000)
  from space 4608K, 78% used [0x00000007bfb80000,0x00000007bff07f50,0x00000007c0000000)
  to   space 4608K, 0% used [0x00000007bf700000,0x00000007bf700000,0x00000007bfb80000)
 ParOldGen       total 1864192K, used 1844955K [0x00000006e7e00000, 0x0000000759a80000, 0x0000000777f80000)
  object space 1864192K, 98% used [0x00000006e7e00000,0x00000007587b6c70,0x0000000759a80000)
 Metaspace       used 102546K, capacity 112381K, committed 112680K, reserved 1146880K
  class space    used 13015K, capacity 15032K, committed 15144K, reserved 1048576K
Event: 343701.550 GC heap after
Heap after GC invocations=12140 (full 7):
 PSYoungGen      total 1175552K, used 3647K [0x0000000777f80000, 0x00000007c0000000, 0x00000007c0000000)
  eden space 1170944K, 0% used [0x0000000777f80000,0x0000000777f80000,0x00000007bf700000)
  from space 4608K, 79% used [0x00000007bf700000,0x00000007bfa8ff70,0x00000007bfb80000)
  to   space 4608K, 0% used [0x00000007bfb80000,0x00000007bfb80000,0x00000007c0000000)
 ParOldGen       total 1864192K, used 1845019K [0x00000006e7e00000, 0x0000000759a80000, 0x0000000777f80000)
  object space 1864192K, 98% used [0x00000006e7e00000,0x00000007587c6c70,0x0000000759a80000)
 Metaspace       used 102546K, capacity 112381K, committed 112680K, reserved 1146880K
  class space    used 13015K, capacity 15032K, committed 15144K, reserved 1048576K
}
Event: 343716.285 GC heap before
{Heap before GC invocations=12141 (full 7):
 PSYoungGen      total 1175552K, used 1174591K [0x0000000777f80000, 0x00000007c0000000, 0x00000007c0000000)
  eden space 1170944K, 100% used [0x0000000777f80000,0x00000007bf700000,0x00000007bf700000)
  from space 4608K, 79% used [0x00000007bf700000,0x00000007bfa8ff70,0x00000007bfb80000)
  to   space 4608K, 0% used [0x00000007bfb80000,0x00000007bfb80000,0x00000007c0000000)
 ParOldGen       total 1864192K, used 1845019K [0x00000006e7e00000, 0x0000000759a80000, 0x0000000777f80000)
  object space 1864192K, 98% used [0x00000006e7e00000,0x00000007587c6c70,0x0000000759a80000)
 Metaspace       used 102546K, capacity 112381K, committed 112680K, reserved 1146880K
  class space    used 13015K, capacity 15032K, committed 15144K, reserved 1048576K
Event: 343716.301 GC heap after
Heap after GC invocations=12141 (full 7):
 PSYoungGen      total 1175552K, used 3583K [0x0000000777f80000, 0x00000007c0000000, 0x00000007c0000000)
  eden space 1170944K, 0% used [0x0000000777f80000,0x0000000777f80000,0x00000007bf700000)
  from space 4608K, 77% used [0x00000007bfb80000,0x00000007bfefff60,0x00000007c0000000)
  to   space 4608K, 0% used [0x00000007bf700000,0x00000007bf700000,0x00000007bfb80000)
 ParOldGen       total 1864192K, used 1845067K [0x00000006e7e00000, 0x0000000759a80000, 0x0000000777f80000)
  object space 1864192K, 98% used [0x00000006e7e00000,0x00000007587d2ca0,0x0000000759a80000)
 Metaspace       used 102546K, capacity 112381K, committed 112680K, reserved 1146880K
  class space    used 13015K, capacity 15032K, committed 15144K, reserved 1048576K
}
Event: 343730.433 GC heap before
{Heap before GC invocations=12142 (full 7):
 PSYoungGen      total 1175552K, used 1174527K [0x0000000777f80000, 0x00000007c0000000, 0x00000007c0000000)
  eden space 1170944K, 100% used [0x0000000777f80000,0x00000007bf700000,0x00000007bf700000)
  from space 4608K, 77% used [0x00000007bfb80000,0x00000007bfefff60,0x00000007c0000000)
  to   space 4608K, 0% used [0x00000007bf700000,0x00000007bf700000,0x00000007bfb80000)
 ParOldGen       total 1864192K, used 1845067K [0x00000006e7e00000, 0x0000000759a80000, 0x0000000777f80000)
  object space 1864192K, 98% used [0x00000006e7e00000,0x00000007587d2ca0,0x0000000759a80000)
 Metaspace       used 102546K, capacity 112381K, committed 112680K, reserved 1146880K
  class space    used 13015K, capacity 15032K, committed 15144K, reserved 1048576K
Event: 343730.448 GC heap after
Heap after GC invocations=12142 (full 7):
 PSYoungGen      total 1175552K, used 3455K [0x0000000777f80000, 0x00000007c0000000, 0x00000007c0000000)
  eden space 1170944K, 0% used [0x0000000777f80000,0x0000000777f80000,0x00000007bf700000)
  from space 4608K, 74% used [0x00000007bf700000,0x00000007bfa5fdd0,0x00000007bfb80000)
  to   space 4608K, 0% used [0x00000007bfb80000,0x00000007bfb80000,0x00000007c0000000)
 ParOldGen       total 1864192K, used 1845115K [0x00000006e7e00000, 0x0000000759a80000, 0x0000000777f80000)
  object space 1864192K, 98% used [0x00000006e7e00000,0x00000007587deca0,0x0000000759a80000)
 Metaspace       used 102546K, capacity 112381K, committed 112680K, reserved 1146880K
  class space    used 13015K, capacity 15032K, committed 15144K, reserved 1048576K
}
Event: 343743.137 GC heap before
{Heap before GC invocations=12143 (full 7):
 PSYoungGen      total 1175552K, used 1174399K [0x0000000777f80000, 0x00000007c0000000, 0x00000007c0000000)
  eden space 1170944K, 100% used [0x0000000777f80000,0x00000007bf700000,0x00000007bf700000)
  from space 4608K, 74% used [0x00000007bf700000,0x00000007bfa5fdd0,0x00000007bfb80000)
  to   space 4608K, 0% used [0x00000007bfb80000,0x00000007bfb80000,0x00000007c0000000)
 ParOldGen       total 1864192K, used 1845115K [0x00000006e7e00000, 0x0000000759a80000, 0x0000000777f80000)
  object space 1864192K, 98% used [0x00000006e7e00000,0x00000007587deca0,0x0000000759a80000)
 Metaspace       used 102546K, capacity 112381K, committed 112680K, reserved 1146880K
  class space    used 13015K, capacity 15032K, committed 15144K, reserved 1048576K
Event: 343743.153 GC heap after
Heap after GC invocations=12143 (full 7):
 PSYoungGen      total 1175552K, used 3519K [0x0000000777f80000, 0x00000007c0000000, 0x00000007c0000000)
  eden space 1170944K, 0% used [0x0000000777f80000,0x0000000777f80000,0x00000007bf700000)
  from space 4608K, 76% used [0x00000007bfb80000,0x00000007bfeeff50,0x00000007c0000000)
  to   space 4608K, 0% used [0x00000007bf700000,0x00000007bf700000,0x00000007bfb80000)
 ParOldGen       total 1864192K, used 1845211K [0x00000006e7e00000, 0x0000000759a80000, 0x0000000777f80000)
  object space 1864192K, 98% used [0x00000006e7e00000,0x00000007587f6ca0,0x0000000759a80000)
 Metaspace       used 102546K, capacity 112381K, committed 112680K, reserved 1146880K
  class space    used 13015K, capacity 15032K, committed 15144K, reserved 1048576K
}
Event: 343755.982 GC heap before
{Heap before GC invocations=12144 (full 7):
 PSYoungGen      total 1175552K, used 1174463K [0x0000000777f80000, 0x00000007c0000000, 0x00000007c0000000)
  eden space 1170944K, 100% used [0x0000000777f80000,0x00000007bf700000,0x00000007bf700000)
  from space 4608K, 76% used [0x00000007bfb80000,0x00000007bfeeff50,0x00000007c0000000)
  to   space 4608K, 0% used [0x00000007bf700000,0x00000007bf700000,0x00000007bfb80000)
 ParOldGen       total 1864192K, used 1845211K [0x00000006e7e00000, 0x0000000759a80000, 0x0000000777f80000)
  object space 1864192K, 98% used [0x00000006e7e00000,0x00000007587f6ca0,0x0000000759a80000)
 Metaspace       used 102546K, capacity 112381K, committed 112680K, reserved 1146880K
  class space    used 13015K, capacity 15032K, committed 15144K, reserved 1048576K
Event: 343755.997 GC heap after
Heap after GC invocations=12144 (full 7):
 PSYoungGen      total 1175552K, used 3455K [0x0000000777f80000, 0x00000007c0000000, 0x00000007c0000000)
  eden space 1170944K, 0% used [0x0000000777f80000,0x0000000777f80000,0x00000007bf700000)
  from space 4608K, 74% used [0x00000007bf700000,0x00000007bfa5ff50,0x00000007bfb80000)
  to   space 4608K, 0% used [0x00000007bfb80000,0x00000007bfb80000,0x00000007c0000000)
 ParOldGen       total 1864192K, used 1845283K [0x00000006e7e00000, 0x0000000759a80000, 0x0000000777f80000)
  object space 1864192K, 98% used [0x00000006e7e00000,0x0000000758808ca0,0x0000000759a80000)
 Metaspace       used 102546K, capacity 112381K, committed 112680K, reserved 1146880K
  class space    used 13015K, capacity 15032K, committed 15144K, reserved 1048576K
}
Event: 343767.964 GC heap before
{Heap before GC invocations=12145 (full 7):
 PSYoungGen      total 1175552K, used 1174399K [0x0000000777f80000, 0x00000007c0000000, 0x00000007c0000000)
  eden space 1170944K, 100% used [0x0000000777f80000,0x00000007bf700000,0x00000007bf700000)
  from space 4608K, 74% used [0x00000007bf700000,0x00000007bfa5ff50,0x00000007bfb80000)
  to   space 4608K, 0% used [0x00000007bfb80000,0x00000007bfb80000,0x00000007c0000000)
 ParOldGen       total 1864192K, used 1845283K [0x00000006e7e00000, 0x0000000759a80000, 0x0000000777f80000)
  object space 1864192K, 98% used [0x00000006e7e00000,0x0000000758808ca0,0x0000000759a80000)
 Metaspace       used 102546K, capacity 112381K, committed 112680K, reserved 1146880K
  class space    used 13015K, capacity 15032K, committed 15144K, reserved 1048576K
Event: 343767.980 GC heap after
Heap after GC invocations=12145 (full 7):
 PSYoungGen      total 1174528K, used 3583K [0x0000000777f80000, 0x00000007bff00000, 0x00000007c0000000)
  eden space 1170944K, 0% used [0x0000000777f80000,0x0000000777f80000,0x00000007bf700000)
  from space 3584K, 99% used [0x00000007bfb80000,0x00000007bfefff70,0x00000007bff00000)
  to   space 4096K, 0% used [0x00000007bf700000,0x00000007bf700000,0x00000007bfb00000)
 ParOldGen       total 1864192K, used 1845419K [0x00000006e7e00000, 0x0000000759a80000, 0x0000000777f80000)
  object space 1864192K, 98% used [0x00000006e7e00000,0x000000075882aca0,0x0000000759a80000)
 Metaspace       used 102546K, capacity 112381K, committed 112680K, reserved 1146880K
  class space    used 13015K, capacity 15032K, committed 15144K, reserved 1048576K
}
Event: 343780.472 GC heap before
{Heap before GC invocations=12146 (full 7):
 PSYoungGen      total 1174528K, used 1174527K [0x0000000777f80000, 0x00000007bff00000, 0x00000007c0000000)
  eden space 1170944K, 100% used [0x0000000777f80000,0x00000007bf700000,0x00000007bf700000)
  from space 3584K, 99% used [0x00000007bfb80000,0x00000007bfefff70,0x00000007bff00000)
  to   space 4096K, 0% used [0x00000007bf700000,0x00000007bf700000,0x00000007bfb00000)
 ParOldGen       total 1864192K, used 1845419K [0x00000006e7e00000, 0x0000000759a80000, 0x0000000777f80000)
  object space 1864192K, 98% used [0x00000006e7e00000,0x000000075882aca0,0x0000000759a80000)
 Metaspace       used 102546K, capacity 112381K, committed 112680K, reserved 1146880K
  class space    used 13015K, capacity 15032K, committed 15144K, reserved 1048576K
Event: 343780.488 GC heap after
Heap after GC invocations=12146 (full 7):
 PSYoungGen      total 1175040K, used 3359K [0x0000000777f80000, 0x00000007c0000000, 0x00000007c0000000)
  eden space 1170944K, 0% used [0x0000000777f80000,0x0000000777f80000,0x00000007bf700000)
  from space 4096K, 82% used [0x00000007bf700000,0x00000007bfa47f60,0x00000007bfb00000)
  to   space 4096K, 0% used [0x00000007bfc00000,0x00000007bfc00000,0x00000007c0000000)
 ParOldGen       total 1864192K, used 1845459K [0x00000006e7e00000, 0x0000000759a80000, 0x0000000777f80000)
  object space 1864192K, 98% used [0x00000006e7e00000,0x0000000758834ca0,0x0000000759a80000)
 Metaspace       used 102546K, capacity 112381K, committed 112680K, reserved 1146880K
  class space    used 13015K, capacity 15032K, committed 15144K, reserved 1048576K
}
Event: 343796.431 GC heap before
{Heap before GC invocations=12147 (full 7):
 PSYoungGen      total 1175040K, used 1174303K [0x0000000777f80000, 0x00000007c0000000, 0x00000007c0000000)
  eden space 1170944K, 100% used [0x0000000777f80000,0x00000007bf700000,0x00000007bf700000)
  from space 4096K, 82% used [0x00000007bf700000,0x00000007bfa47f60,0x00000007bfb00000)
  to   space 4096K, 0% used [0x00000007bfc00000,0x00000007bfc00000,0x00000007c0000000)
 ParOldGen       total 1864192K, used 1845459K [0x00000006e7e00000, 0x0000000759a80000, 0x0000000777f80000)
  object space 1864192K, 98% used [0x00000006e7e00000,0x0000000758834ca0,0x0000000759a80000)
 Metaspace       used 102546K, capacity 112381K, committed 112680K, reserved 1146880K
  class space    used 13015K, capacity 15032K, committed 15144K, reserved 1048576K
Event: 343796.447 GC heap after
Heap after GC invocations=12147 (full 7):
 PSYoungGen      total 1176064K, used 3391K [0x0000000777f80000, 0x00000007c0000000, 0x00000007c0000000)
  eden space 1171968K, 0% used [0x0000000777f80000,0x0000000777f80000,0x00000007bf800000)
  from space 4096K, 82% used [0x00000007bfc00000,0x00000007bff4fdd0,0x00000007c0000000)
  to   space 4096K, 0% used [0x00000007bf800000,0x00000007bf800000,0x00000007bfc00000)
 ParOldGen       total 1864192K, used 1845499K [0x00000006e7e00000, 0x0000000759a80000, 0x0000000777f80000)
  object space 1864192K, 98% used [0x00000006e7e00000,0x000000075883eca0,0x0000000759a80000)
 Metaspace       used 102546K, capacity 112381K, committed 112680K, reserved 1146880K
  class space    used 13015K, capacity 15032K, committed 15144K, reserved 1048576K
}
Event: 343809.444 GC heap before
{Heap before GC invocations=12148 (full 7):
 PSYoungGen      total 1176064K, used 1175359K [0x0000000777f80000, 0x00000007c0000000, 0x00000007c0000000)
  eden space 1171968K, 100% used [0x0000000777f80000,0x00000007bf800000,0x00000007bf800000)
  from space 4096K, 82% used [0x00000007bfc00000,0x00000007bff4fdd0,0x00000007c0000000)
  to   space 4096K, 0% used [0x00000007bf800000,0x00000007bf800000,0x00000007bfc00000)
 ParOldGen       total 1864192K, used 1845499K [0x00000006e7e00000, 0x0000000759a80000, 0x0000000777f80000)
  object space 1864192K, 98% used [0x00000006e7e00000,0x000000075883eca0,0x0000000759a80000)
 Metaspace       used 102547K, capacity 112381K, committed 112680K, reserved 1146880K
  class space    used 13015K, capacity 15032K, committed 15144K, reserved 1048576K
Event: 343809.466 GC heap after
Heap after GC invocations=12148 (full 7):
 PSYoungGen      total 1176064K, used 4065K [0x0000000777f80000, 0x00000007c0000000, 0x00000007c0000000)
  eden space 1171968K, 0% used [0x0000000777f80000,0x0000000777f80000,0x00000007bf800000)
  from space 4096K, 99% used [0x00000007bf800000,0x00000007bfbf8408,0x00000007bfc00000)
  to   space 4096K, 0% used [0x00000007bfc00000,0x00000007bfc00000,0x00000007c0000000)
 ParOldGen       total 1864192K, used 1848531K [0x00000006e7e00000, 0x0000000759a80000, 0x0000000777f80000)
  object space 1864192K, 99% used [0x00000006e7e00000,0x0000000758b34ca0,0x0000000759a80000)
 Metaspace       used 102547K, capacity 112381K, committed 112680K, reserved 1146880K
  class space    used 13015K, capacity 15032K, committed 15144K, reserved 1048576K
}
Event: 343822.434 GC heap before
{Heap before GC invocations=12149 (full 7):
 PSYoungGen      total 1176064K, used 1176033K [0x0000000777f80000, 0x00000007c0000000, 0x00000007c0000000)
  eden space 1171968K, 100% used [0x0000000777f80000,0x00000007bf800000,0x00000007bf800000)
  from space 4096K, 99% used [0x00000007bf800000,0x00000007bfbf8408,0x00000007bfc00000)
  to   space 4096K, 0% used [0x00000007bfc00000,0x00000007bfc00000,0x00000007c0000000)
 ParOldGen       total 1864192K, used 1848531K [0x00000006e7e00000, 0x0000000759a80000, 0x0000000777f80000)
  object space 1864192K, 99% used [0x00000006e7e00000,0x0000000758b34ca0,0x0000000759a80000)
 Metaspace       used 102547K, capacity 112381K, committed 112680K, reserved 1146880K
  class space    used 13015K, capacity 15032K, committed 15144K, reserved 1048576K
Event: 343822.452 GC heap after
Heap after GC invocations=12149 (full 7):
 PSYoungGen      total 1172992K, used 4079K [0x0000000777f80000, 0x00000007c0000000, 0x00000007c0000000)
  eden space 1168896K, 0% used [0x0000000777f80000,0x0000000777f80000,0x00000007bf500000)
  from space 4096K, 99% used [0x00000007bfc00000,0x00000007bfffbe18,0x00000007c0000000)
  to   space 5632K, 0% used [0x00000007bf500000,0x00000007bf500000,0x00000007bfa80000)
 ParOldGen       total 1864192K, used 1849173K [0x00000006e7e00000, 0x0000000759a80000, 0x0000000777f80000)
  object space 1864192K, 99% used [0x00000006e7e00000,0x0000000758bd56a8,0x0000000759a80000)
 Metaspace       used 102547K, capacity 112381K, committed 112680K, reserved 1146880K
  class space    used 13015K, capacity 15032K, committed 15144K, reserved 1048576K
}
Event: 343834.736 GC heap before
{Heap before GC invocations=12150 (full 7):
 PSYoungGen      total 1172992K, used 1172975K [0x0000000777f80000, 0x00000007c0000000, 0x00000007c0000000)
  eden space 1168896K, 100% used [0x0000000777f80000,0x00000007bf500000,0x00000007bf500000)
  from space 4096K, 99% used [0x00000007bfc00000,0x00000007bfffbe18,0x00000007c0000000)
  to   space 5632K, 0% used [0x00000007bf500000,0x00000007bf500000,0x00000007bfa80000)
 ParOldGen       total 1864192K, used 1849173K [0x00000006e7e00000, 0x0000000759a80000, 0x0000000777f80000)
  object space 1864192K, 99% used [0x00000006e7e00000,0x0000000758bd56a8,0x0000000759a80000)
 Metaspace       used 102547K, capacity 112381K, committed 112680K, reserved 1146880K
  class space    used 13015K, capacity 15032K, committed 15144K, reserved 1048576K
Event: 343834.753 GC heap after
Heap after GC invocations=12150 (full 7):
 PSYoungGen      total 1174528K, used 4639K [0x0000000777f80000, 0x00000007c0000000, 0x00000007c0000000)
  eden space 1168896K, 0% used [0x0000000777f80000,0x0000000777f80000,0x00000007bf500000)
  from space 5632K, 82% used [0x00000007bf500000,0x00000007bf987f70,0x00000007bfa80000)
  to   space 5632K, 0% used [0x00000007bfa80000,0x00000007bfa80000,0x00000007c0000000)
 ParOldGen       total 1864192K, used 1849285K [0x00000006e7e00000, 0x0000000759a80000, 0x0000000777f80000)
  object space 1864192K, 99% used [0x00000006e7e00000,0x0000000758bf16a8,0x0000000759a80000)
 Metaspace       used 102547K, capacity 112381K, committed 112680K, reserved 1146880K
  class space    used 13015K, capacity 15032K, committed 15144K, reserved 1048576K
}
Event: 343842.936 GC heap before
{Heap before GC invocations=12151 (full 7):
 PSYoungGen      total 1174528K, used 1173535K [0x0000000777f80000, 0x00000007c0000000, 0x00000007c0000000)
  eden space 1168896K, 100% used [0x0000000777f80000,0x00000007bf500000,0x00000007bf500000)
  from space 5632K, 82% used [0x00000007bf500000,0x00000007bf987f70,0x00000007bfa80000)
  to   space 5632K, 0% used [0x00000007bfa80000,0x00000007bfa80000,0x00000007c0000000)
 ParOldGen       total 1864192K, used 1849285K [0x00000006e7e00000, 0x0000000759a80000, 0x0000000777f80000)
  object space 1864192K, 99% used [0x00000006e7e00000,0x0000000758bf16a8,0x0000000759a80000)
 Metaspace       used 102547K, capacity 112381K, committed 112680K, reserved 1146880K
  class space    used 13015K, capacity 15032K, committed 15144K, reserved 1048576K
Event: 343842.958 GC heap after
Heap after GC invocations=12151 (full 7):
 PSYoungGen      total 1171456K, used 5631K [0x0000000777f80000, 0x00000007c0000000, 0x00000007c0000000)
  eden space 1165824K, 0% used [0x0000000777f80000,0x0000000777f80000,0x00000007bf200000)
  from space 5632K, 99% used [0x00000007bfa80000,0x00000007bfffff70,0x00000007c0000000)
  to   space 7168K, 0% used [0x00000007bf200000,0x00000007bf200000,0x00000007bf900000)
 ParOldGen       total 1864192K, used 1851921K [0x00000006e7e00000, 0x0000000759a80000, 0x0000000777f80000)
  object space 1864192K, 99% used [0x00000006e7e00000,0x0000000758e84798,0x0000000759a80000)
 Metaspace       used 102547K, capacity 112381K, committed 112680K, reserved 1146880K
  class space    used 13015K, capacity 15032K, committed 15144K, reserved 1048576K
}
Event: 343850.904 GC heap before
{Heap before GC invocations=12152 (full 7):
 PSYoungGen      total 1171456K, used 1171455K [0x0000000777f80000, 0x00000007c0000000, 0x00000007c0000000)
  eden space 1165824K, 100% used [0x0000000777f80000,0x00000007bf200000,0x00000007bf200000)
  from space 5632K, 99% used [0x00000007bfa80000,0x00000007bfffff70,0x00000007c0000000)
  to   space 7168K, 0% used [0x00000007bf200000,0x00000007bf200000,0x00000007bf900000)
 ParOldGen       total 1864192K, used 1851921K [0x00000006e7e00000, 0x0000000759a80000, 0x0000000777f80000)
  object space 1864192K, 99% used [0x00000006e7e00000,0x0000000758e84798,0x0000000759a80000)
 Metaspace       used 102547K, capacity 112381K, committed 112680K, reserved 1146880K
  class space    used 13015K, capacity 15032K, committed 15144K, reserved 1048576K
Event: 343850.925 GC heap after
Heap after GC invocations=12152 (full 7):
 PSYoungGen      total 1172992K, used 7167K [0x0000000777f80000, 0x00000007c0000000, 0x00000007c0000000)
  eden space 1165824K, 0% used [0x0000000777f80000,0x0000000777f80000,0x00000007bf200000)
  from space 7168K, 99% used [0x00000007bf200000,0x00000007bf8fff60,0x00000007bf900000)
  to   space 7168K, 0% used [0x00000007bf900000,0x00000007bf900000,0x00000007c0000000)
 ParOldGen       total 1864192K, used 1854350K [0x00000006e7e00000, 0x0000000759a80000, 0x0000000777f80000)
  object space 1864192K, 99% used [0x00000006e7e00000,0x00000007590e3888,0x0000000759a80000)
 Metaspace       used 102547K, capacity 112381K, committed 112680K, reserved 1146880K
  class space    used 13015K, capacity 15032K, committed 15144K, reserved 1048576K
}
Event: 343860.837 GC heap before
{Heap before GC invocations=12153 (full 7):
 PSYoungGen      total 1172992K, used 1172991K [0x0000000777f80000, 0x00000007c0000000, 0x00000007c0000000)
  eden space 1165824K, 100% used [0x0000000777f80000,0x00000007bf200000,0x00000007bf200000)
  from space 7168K, 99% used [0x00000007bf200000,0x00000007bf8fff60,0x00000007bf900000)
  to   space 7168K, 0% used [0x00000007bf900000,0x00000007bf900000,0x00000007c0000000)
 ParOldGen       total 1864192K, used 1854350K [0x00000006e7e00000, 0x0000000759a80000, 0x0000000777f80000)
  object space 1864192K, 99% used [0x00000006e7e00000,0x00000007590e3888,0x0000000759a80000)
 Metaspace       used 102547K, capacity 112381K, committed 112680K, reserved 1146880K
  class space    used 13015K, capacity 15032K, committed 15144K, reserved 1048576K
Event: 343860.859 GC heap after
Heap after GC invocations=12153 (full 7):
 PSYoungGen      total 1166848K, used 7167K [0x0000000777f80000, 0x00000007c0000000, 0x00000007c0000000)
  eden space 1159680K, 0% used [0x0000000777f80000,0x0000000777f80000,0x00000007bec00000)
  from space 7168K, 99% used [0x00000007bf900000,0x00000007bfffff60,0x00000007c0000000)
  to   space 10240K, 0% used [0x00000007bec00000,0x00000007bec00000,0x00000007bf600000)
 ParOldGen       total 1864192K, used 1857289K [0x00000006e7e00000, 0x0000000759a80000, 0x0000000777f80000)
  object space 1864192K, 99% used [0x00000006e7e00000,0x00000007593c2778,0x0000000759a80000)
 Metaspace       used 102547K, capacity 112381K, committed 112680K, reserved 1146880K
  class space    used 13015K, capacity 15032K, committed 15144K, reserved 1048576K
}
Event: 343871.288 GC heap before
{Heap before GC invocations=12154 (full 7):
 PSYoungGen      total 1166848K, used 1166847K [0x0000000777f80000, 0x00000007c0000000, 0x00000007c0000000)
  eden space 1159680K, 100% used [0x0000000777f80000,0x00000007bec00000,0x00000007bec00000)
  from space 7168K, 99% used [0x00000007bf900000,0x00000007bfffff60,0x00000007c0000000)
  to   space 10240K, 0% used [0x00000007bec00000,0x00000007bec00000,0x00000007bf600000)
 ParOldGen       total 1864192K, used 1857289K [0x00000006e7e00000, 0x0000000759a80000, 0x0000000777f80000)
  object space 1864192K, 99% used [0x00000006e7e00000,0x00000007593c2778,0x0000000759a80000)
 Metaspace       used 102550K, capacity 112381K, committed 112680K, reserved 1146880K
  class space    used 13015K, capacity 15032K, committed 15144K, reserved 1048576K
Event: 343871.308 GC heap after
Heap after GC invocations=12154 (full 7):
 PSYoungGen      total 1168384K, used 8400K [0x0000000777f80000, 0x00000007c0000000, 0x00000007c0000000)
  eden space 1159680K, 0% used [0x0000000777f80000,0x0000000777f80000,0x00000007bec00000)
  from space 8704K, 96% used [0x00000007bec00000,0x00000007bf4343e0,0x00000007bf480000)
  to   space 10752K, 0% used [0x00000007bf580000,0x00000007bf580000,0x00000007c0000000)
 ParOldGen       total 1864192K, used 1857393K [0x00000006e7e00000, 0x0000000759a80000, 0x0000000777f80000)
  object space 1864192K, 99% used [0x00000006e7e00000,0x00000007593dc778,0x0000000759a80000)
 Metaspace       used 102550K, capacity 112381K, committed 112680K, reserved 1146880K
  class space    used 13015K, capacity 15032K, committed 15144K, reserved 1048576K
}
Event: 343880.740 GC heap before
{Heap before GC invocations=12155 (full 7):
 PSYoungGen      total 1168384K, used 1168080K [0x0000000777f80000, 0x00000007c0000000, 0x00000007c0000000)
  eden space 1159680K, 100% used [0x0000000777f80000,0x00000007bec00000,0x00000007bec00000)
  from space 8704K, 96% used [0x00000007bec00000,0x00000007bf4343e0,0x00000007bf480000)
  to   space 10752K, 0% used [0x00000007bf580000,0x00000007bf580000,0x00000007c0000000)
 ParOldGen       total 1864192K, used 1857393K [0x00000006e7e00000, 0x0000000759a80000, 0x0000000777f80000)
  object space 1864192K, 99% used [0x00000006e7e00000,0x00000007593dc778,0x0000000759a80000)
 Metaspace       used 102550K, capacity 112381K, committed 112680K, reserved 1146880K
  class space    used 13015K, capacity 15032K, committed 15144K, reserved 1048576K
Event: 343880.761 GC heap after
Heap after GC invocations=12155 (full 7):
 PSYoungGen      total 1167360K, used 9168K [0x0000000777f80000, 0x00000007c0000000, 0x00000007c0000000)
  eden space 1156608K, 0% used [0x0000000777f80000,0x0000000777f80000,0x00000007be900000)
  from space 10752K, 85% used [0x00000007bf580000,0x00000007bfe741a0,0x00000007c0000000)
  to   space 11776K, 0% used [0x00000007be900000,0x00000007be900000,0x00000007bf480000)
 ParOldGen       total 1864192K, used 1857393K [0x00000006e7e00000, 0x0000000759a80000, 0x0000000777f80000)
  object space 1864192K, 99% used [0x00000006e7e00000,0x00000007593dc778,0x0000000759a80000)
 Metaspace       used 102550K, capacity 112381K, committed 112680K, reserved 1146880K
  class space    used 13015K, capacity 15032K, committed 15144K, reserved 1048576K
}
Event: 343890.437 GC heap before
{Heap before GC invocations=12156 (full 7):
 PSYoungGen      total 1167360K, used 1165776K [0x0000000777f80000, 0x00000007c0000000, 0x00000007c0000000)
  eden space 1156608K, 100% used [0x0000000777f80000,0x00000007be900000,0x00000007be900000)
  from space 10752K, 85% used [0x00000007bf580000,0x00000007bfe741a0,0x00000007c0000000)
  to   space 11776K, 0% used [0x00000007be900000,0x00000007be900000,0x00000007bf480000)
 ParOldGen       total 1864192K, used 1857393K [0x00000006e7e00000, 0x0000000759a80000, 0x0000000777f80000)
  object space 1864192K, 99% used [0x00000006e7e00000,0x00000007593dc778,0x0000000759a80000)
 Metaspace       used 102550K, capacity 112381K, committed 112680K, reserved 1146880K
  class space    used 13015K, capacity 15032K, committed 15144K, reserved 1048576K
Event: 343890.458 GC heap after
Heap after GC invocations=12156 (full 7):
 PSYoungGen      total 1167872K, used 11119K [0x0000000777f80000, 0x00000007c0000000, 0x00000007c0000000)
  eden space 1156608K, 0% used [0x0000000777f80000,0x0000000777f80000,0x00000007be900000)
  from space 11264K, 98% used [0x00000007be900000,0x00000007bf3dbf88,0x00000007bf400000)
  to   space 12288K, 0% used [0x00000007bf400000,0x00000007bf400000,0x00000007c0000000)
 ParOldGen       total 1864192K, used 1857393K [0x00000006e7e00000, 0x0000000759a80000, 0x0000000777f80000)
  object space 1864192K, 99% used [0x00000006e7e00000,0x00000007593dc778,0x0000000759a80000)
 Metaspace       used 102550K, capacity 112381K, committed 112680K, reserved 1146880K
  class space    used 13015K, capacity 15032K, committed 15144K, reserved 1048576K
}
Event: 343900.336 GC heap before
{Heap before GC invocations=12157 (full 7):
 PSYoungGen      total 1167872K, used 1167727K [0x0000000777f80000, 0x00000007c0000000, 0x00000007c0000000)
  eden space 1156608K, 100% used [0x0000000777f80000,0x00000007be900000,0x00000007be900000)
  from space 11264K, 98% used [0x00000007be900000,0x00000007bf3dbf88,0x00000007bf400000)
  to   space 12288K, 0% used [0x00000007bf400000,0x00000007bf400000,0x00000007c0000000)
 ParOldGen       total 1864192K, used 1857393K [0x00000006e7e00000, 0x0000000759a80000, 0x0000000777f80000)
  object space 1864192K, 99% used [0x00000006e7e00000,0x00000007593dc778,0x0000000759a80000)
 Metaspace       used 102550K, capacity 112381K, committed 112680K, reserved 1146880K
  class space    used 13015K, capacity 15032K, committed 15144K, reserved 1048576K
Event: 343900.358 GC heap after
Heap after GC invocations=12157 (full 7):
 PSYoungGen      total 1163776K, used 11279K [0x0000000777f80000, 0x00000007c0000000, 0x00000007c0000000)
  eden space 1151488K, 0% used [0x0000000777f80000,0x0000000777f80000,0x00000007be400000)
  from space 12288K, 91% used [0x00000007bf400000,0x00000007bff03f88,0x00000007c0000000)
  to   space 14336K, 0% used [0x00000007be400000,0x00000007be400000,0x00000007bf200000)
 ParOldGen       total 1864192K, used 1857393K [0x00000006e7e00000, 0x0000000759a80000, 0x0000000777f80000)
  object space 1864192K, 99% used [0x00000006e7e00000,0x00000007593dc778,0x0000000759a80000)
 Metaspace       used 102550K, capacity 112381K, committed 112680K, reserved 1146880K
  class space    used 13015K, capacity 15032K, committed 15144K, reserved 1048576K
}
Event: 343910.193 GC heap before
{Heap before GC invocations=12158 (full 7):
 PSYoungGen      total 1163776K, used 1162767K [0x0000000777f80000, 0x00000007c0000000, 0x00000007c0000000)
  eden space 1151488K, 100% used [0x0000000777f80000,0x00000007be400000,0x00000007be400000)
  from space 12288K, 91% used [0x00000007bf400000,0x00000007bff03f88,0x00000007c0000000)
  to   space 14336K, 0% used [0x00000007be400000,0x00000007be400000,0x00000007bf200000)
 ParOldGen       total 1864192K, used 1857393K [0x00000006e7e00000, 0x0000000759a80000, 0x0000000777f80000)
  object space 1864192K, 99% used [0x00000006e7e00000,0x00000007593dc778,0x0000000759a80000)
 Metaspace       used 102550K, capacity 112381K, committed 112680K, reserved 1146880K
  class space    used 13015K, capacity 15032K, committed 15144K, reserved 1048576K
Event: 343910.214 GC heap after
Heap after GC invocations=12158 (full 7):
 PSYoungGen      total 1163264K, used 11295K [0x0000000777f80000, 0x00000007c0000000, 0x00000007c0000000)
  eden space 1151488K, 0% used [0x0000000777f80000,0x0000000777f80000,0x00000007be400000)
  from space 11776K, 95% used [0x00000007be400000,0x00000007bef07f70,0x00000007bef80000)
  to   space 14848K, 0% used [0x00000007bf180000,0x00000007bf180000,0x00000007c0000000)
 ParOldGen       total 1864192K, used 1857393K [0x00000006e7e00000, 0x0000000759a80000, 0x0000000777f80000)
  object space 1864192K, 99% used [0x00000006e7e00000,0x00000007593dc778,0x0000000759a80000)
 Metaspace       used 102550K, capacity 112381K, committed 112680K, reserved 1146880K
  class space    used 13015K, capacity 15032K, committed 15144K, reserved 1048576K
}
Event: 343919.940 GC heap before
{Heap before GC invocations=12159 (full 7):
 PSYoungGen      total 1163264K, used 1162783K [0x0000000777f80000, 0x00000007c0000000, 0x00000007c0000000)
  eden space 1151488K, 100% used [0x0000000777f80000,0x00000007be400000,0x00000007be400000)
  from space 11776K, 95% used [0x00000007be400000,0x00000007bef07f70,0x00000007bef80000)
  to   space 14848K, 0% used [0x00000007bf180000,0x00000007bf180000,0x00000007c0000000)
 ParOldGen       total 1864192K, used 1857393K [0x00000006e7e00000, 0x0000000759a80000, 0x0000000777f80000)
  object space 1864192K, 99% used [0x00000006e7e00000,0x00000007593dc778,0x0000000759a80000)
 Metaspace       used 102550K, capacity 112381K, committed 112680K, reserved 1146880K
  class space    used 13015K, capacity 15032K, committed 15144K, reserved 1048576K
Event: 343919.962 GC heap after
Heap after GC invocations=12159 (full 7):
 PSYoungGen      total 1163264K, used 11439K [0x0000000777f80000, 0x00000007c0000000, 0x00000007c0000000)
  eden space 1148416K, 0% used [0x0000000777f80000,0x0000000777f80000,0x00000007be100000)
  from space 14848K, 77% used [0x00000007bf180000,0x00000007bfcabf88,0x00000007c0000000)
  to   space 15872K, 0% used [0x00000007be100000,0x00000007be100000,0x00000007bf080000)
 ParOldGen       total 1864192K, used 1857409K [0x00000006e7e00000, 0x0000000759a80000, 0x0000000777f80000)
  object space 1864192K, 99% used [0x00000006e7e00000,0x00000007593e0778,0x0000000759a80000)
 Metaspace       used 102550K, capacity 112381K, committed 112680K, reserved 1146880K
  class space    used 13015K, capacity 15032K, committed 15144K, reserved 1048576K
}
Event: 343929.891 GC heap before
{Heap before GC invocations=12160 (full 7):
 PSYoungGen      total 1163264K, used 1159855K [0x0000000777f80000, 0x00000007c0000000, 0x00000007c0000000)
  eden space 1148416K, 100% used [0x0000000777f80000,0x00000007be100000,0x00000007be100000)
  from space 14848K, 77% used [0x00000007bf180000,0x00000007bfcabf88,0x00000007c0000000)
  to   space 15872K, 0% used [0x00000007be100000,0x00000007be100000,0x00000007bf080000)
 ParOldGen       total 1864192K, used 1857409K [0x00000006e7e00000, 0x0000000759a80000, 0x0000000777f80000)
  object space 1864192K, 99% used [0x00000006e7e00000,0x00000007593e0778,0x0000000759a80000)
 Metaspace       used 102550K, capacity 112381K, committed 112680K, reserved 1146880K
  class space    used 13015K, capacity 15032K, committed 15144K, reserved 1048576K
Event: 343929.913 GC heap after
Heap after GC invocations=12160 (full 7):
 PSYoungGen      total 1159680K, used 11247K [0x0000000777f80000, 0x00000007c0000000, 0x00000007c0000000)
  eden space 1148416K, 0% used [0x0000000777f80000,0x0000000777f80000,0x00000007be100000)
  from space 11264K, 99% used [0x00000007be100000,0x00000007bebfbf88,0x00000007bec00000)
  to   space 16384K, 0% used [0x00000007bf000000,0x00000007bf000000,0x00000007c0000000)
 ParOldGen       total 1864192K, used 1857449K [0x00000006e7e00000, 0x0000000759a80000, 0x0000000777f80000)
  object space 1864192K, 99% used [0x00000006e7e00000,0x00000007593ea778,0x0000000759a80000)
 Metaspace       used 102550K, capacity 112381K, committed 112680K, reserved 1146880K
  class space    used 13015K, capacity 15032K, committed 15144K, reserved 1048576K
}
Event: 343939.937 GC heap before
{Heap before GC invocations=12161 (full 7):
 PSYoungGen      total 1159680K, used 1159663K [0x0000000777f80000, 0x00000007c0000000, 0x00000007c0000000)
  eden space 1148416K, 100% used [0x0000000777f80000,0x00000007be100000,0x00000007be100000)
  from space 11264K, 99% used [0x00000007be100000,0x00000007bebfbf88,0x00000007bec00000)
  to   space 16384K, 0% used [0x00000007bf000000,0x00000007bf000000,0x00000007c0000000)
 ParOldGen       total 1864192K, used 1857449K [0x00000006e7e00000, 0x0000000759a80000, 0x0000000777f80000)
  object space 1864192K, 99% used [0x00000006e7e00000,0x00000007593ea778,0x0000000759a80000)
 Metaspace       used 102550K, capacity 112381K, committed 112680K, reserved 1146880K
  class space    used 13015K, capacity 15032K, committed 15144K, reserved 1048576K
Event: 343939.959 GC heap after
Heap after GC invocations=12161 (full 7):
 PSYoungGen      total 1163776K, used 11295K [0x0000000777f80000, 0x00000007c0000000, 0x00000007c0000000)
  eden space 1147392K, 0% used [0x0000000777f80000,0x0000000777f80000,0x00000007be000000)
  from space 16384K, 68% used [0x00000007bf000000,0x00000007bfb07f70,0x00000007c0000000)
  to   space 16384K, 0% used [0x00000007be000000,0x00000007be000000,0x00000007bf000000)
 ParOldGen       total 1864192K, used 1857473K [0x00000006e7e00000, 0x0000000759a80000, 0x0000000777f80000)
  object space 1864192K, 99% used [0x00000006e7e00000,0x00000007593f0778,0x0000000759a80000)
 Metaspace       used 102550K, capacity 112381K, committed 112680K, reserved 1146880K
  class space    used 13015K, capacity 15032K, committed 15144K, reserved 1048576K
}
Event: 343949.588 GC heap before
{Heap before GC invocations=12162 (full 7):
 PSYoungGen      total 1163776K, used 1158687K [0x0000000777f80000, 0x00000007c0000000, 0x00000007c0000000)
  eden space 1147392K, 100% used [0x0000000777f80000,0x00000007be000000,0x00000007be000000)
  from space 16384K, 68% used [0x00000007bf000000,0x00000007bfb07f70,0x00000007c0000000)
  to   space 16384K, 0% used [0x00000007be000000,0x00000007be000000,0x00000007bf000000)
 ParOldGen       total 1864192K, used 1857473K [0x00000006e7e00000, 0x0000000759a80000, 0x0000000777f80000)
  object space 1864192K, 99% used [0x00000006e7e00000,0x00000007593f0778,0x0000000759a80000)
 Metaspace       used 102550K, capacity 112381K, committed 112680K, reserved 1146880K
  class space    used 13015K, capacity 15032K, committed 15144K, reserved 1048576K
Event: 343949.609 GC heap after
Heap after GC invocations=12162 (full 7):
 PSYoungGen      total 1159168K, used 11407K [0x0000000777f80000, 0x00000007c0000000, 0x00000007c0000000)
  eden space 1147392K, 0% used [0x0000000777f80000,0x0000000777f80000,0x00000007be000000)
  from space 11776K, 96% used [0x00000007be000000,0x00000007beb23e08,0x00000007beb80000)
  to   space 16896K, 0% used [0x00000007bef80000,0x00000007bef80000,0x00000007c0000000)
 ParOldGen       total 1864192K, used 1857505K [0x00000006e7e00000, 0x0000000759a80000, 0x0000000777f80000)
  object space 1864192K, 99% used [0x00000006e7e00000,0x00000007593f8778,0x0000000759a80000)
 Metaspace       used 102550K, capacity 112381K, committed 112680K, reserved 1146880K
  class space    used 13015K, capacity 15032K, committed 15144K, reserved 1048576K
}
Event: 343958.888 GC heap before
{Heap before GC invocations=12163 (full 7):
 PSYoungGen      total 1159168K, used 1158799K [0x0000000777f80000, 0x00000007c0000000, 0x00000007c0000000)
  eden space 1147392K, 100% used [0x0000000777f80000,0x00000007be000000,0x00000007be000000)
  from space 11776K, 96% used [0x00000007be000000,0x00000007beb23e08,0x00000007beb80000)
  to   space 16896K, 0% used [0x00000007bef80000,0x00000007bef80000,0x00000007c0000000)
 ParOldGen       total 1864192K, used 1857505K [0x00000006e7e00000, 0x0000000759a80000, 0x0000000777f80000)
  object space 1864192K, 99% used [0x00000006e7e00000,0x00000007593f8778,0x0000000759a80000)
 Metaspace       used 102550K, capacity 112381K, committed 112680K, reserved 1146880K
  class space    used 13015K, capacity 15032K, committed 15144K, reserved 1048576K
Event: 343958.911 GC heap after
Heap after GC invocations=12163 (full 7):
 PSYoungGen      total 1163264K, used 10607K [0x0000000777f80000, 0x00000007c0000000, 0x00000007c0000000)
  eden space 1146368K, 0% used [0x0000000777f80000,0x0000000777f80000,0x00000007bdf00000)
  from space 16896K, 62% used [0x00000007bef80000,0x00000007bf9dbf88,0x00000007c0000000)
  to   space 16896K, 0% used [0x00000007bdf00000,0x00000007bdf00000,0x00000007bef80000)
 ParOldGen       total 1864192K, used 1858629K [0x00000006e7e00000, 0x0000000759a80000, 0x0000000777f80000)
  object space 1864192K, 99% used [0x00000006e7e00000,0x00000007595117f0,0x0000000759a80000)
 Metaspace       used 102550K, capacity 112381K, committed 112680K, reserved 1146880K
  class space    used 13015K, capacity 15032K, committed 15144K, reserved 1048576K
}
Event: 343966.241 GC heap before
{Heap before GC invocations=12164 (full 7):
 PSYoungGen      total 1163264K, used 1156975K [0x0000000777f80000, 0x00000007c0000000, 0x00000007c0000000)
  eden space 1146368K, 100% used [0x0000000777f80000,0x00000007bdf00000,0x00000007bdf00000)
  from space 16896K, 62% used [0x00000007bef80000,0x00000007bf9dbf88,0x00000007c0000000)
  to   space 16896K, 0% used [0x00000007bdf00000,0x00000007bdf00000,0x00000007bef80000)
 ParOldGen       total 1864192K, used 1858629K [0x00000006e7e00000, 0x0000000759a80000, 0x0000000777f80000)
  object space 1864192K, 99% used [0x00000006e7e00000,0x00000007595117f0,0x0000000759a80000)
 Metaspace       used 102550K, capacity 112381K, committed 112680K, reserved 1146880K
  class space    used 13015K, capacity 15032K, committed 15144K, reserved 1048576K
Event: 343966.262 GC heap after
Heap after GC invocations=12164 (full 7):
 PSYoungGen      total 1157120K, used 10511K [0x0000000777f80000, 0x00000007bff00000, 0x00000007c0000000)
  eden space 1146368K, 0% used [0x0000000777f80000,0x0000000777f80000,0x00000007bdf00000)
  from space 10752K, 97% used [0x00000007bdf00000,0x00000007be943e08,0x00000007be980000)
  to   space 16384K, 0% used [0x00000007bef00000,0x00000007bef00000,0x00000007bff00000)
 ParOldGen       total 1864192K, used 1858806K [0x00000006e7e00000, 0x0000000759a80000, 0x0000000777f80000)
  object space 1864192K, 99% used [0x00000006e7e00000,0x000000075953d820,0x0000000759a80000)
 Metaspace       used 102550K, capacity 112381K, committed 112680K, reserved 1146880K
  class space    used 13015K, capacity 15032K, committed 15144K, reserved 1048576K
}
Event: 343974.992 GC heap before
{Heap before GC invocations=12165 (full 7):
 PSYoungGen      total 1157120K, used 1156879K [0x0000000777f80000, 0x00000007bff00000, 0x00000007c0000000)
  eden space 1146368K, 100% used [0x0000000777f80000,0x00000007bdf00000,0x00000007bdf00000)
  from space 10752K, 97% used [0x00000007bdf00000,0x00000007be943e08,0x00000007be980000)
  to   space 16384K, 0% used [0x00000007bef00000,0x00000007bef00000,0x00000007bff00000)
 ParOldGen       total 1864192K, used 1858806K [0x00000006e7e00000, 0x0000000759a80000, 0x0000000777f80000)
  object space 1864192K, 99% used [0x00000006e7e00000,0x000000075953d820,0x0000000759a80000)
 Metaspace       used 102550K, capacity 112381K, committed 112680K, reserved 1146880K
  class space    used 13015K, capacity 15032K, committed 15144K, reserved 1048576K
Event: 343975.013 GC heap after
Heap after GC invocations=12165 (full 7):
 PSYoungGen      total 1162752K, used 10367K [0x0000000777f80000, 0x00000007c0000000, 0x00000007c0000000)
  eden space 1146368K, 0% used [0x0000000777f80000,0x0000000777f80000,0x00000007bdf00000)
  from space 16384K, 63% used [0x00000007bef00000,0x00000007bf91ff70,0x00000007bff00000)
  to   space 16384K, 0% used [0x00000007bdf00000,0x00000007bdf00000,0x00000007bef00000)
 ParOldGen       total 1864192K, used 1858910K [0x00000006e7e00000, 0x0000000759a80000, 0x0000000777f80000)
  object space 1864192K, 99% used [0x00000006e7e00000,0x0000000759557820,0x0000000759a80000)
 Metaspace       used 102550K, capacity 112381K, committed 112680K, reserved 1146880K
  class space    used 13015K, capacity 15032K, committed 15144K, reserved 1048576K
}
Event: 343983.828 GC heap before
{Heap before GC invocations=12166 (full 7):
 PSYoungGen      total 1162752K, used 1156735K [0x0000000777f80000, 0x00000007c0000000, 0x00000007c0000000)
  eden space 1146368K, 100% used [0x0000000777f80000,0x00000007bdf00000,0x00000007bdf00000)
  from space 16384K, 63% used [0x00000007bef00000,0x00000007bf91ff70,0x00000007bff00000)
  to   space 16384K, 0% used [0x00000007bdf00000,0x00000007bdf00000,0x00000007bef00000)
 ParOldGen       total 1864192K, used 1858910K [0x00000006e7e00000, 0x0000000759a80000, 0x0000000777f80000)
  object space 1864192K, 99% used [0x00000006e7e00000,0x0000000759557820,0x0000000759a80000)
 Metaspace       used 102550K, capacity 112381K, committed 112680K, reserved 1146880K
  class space    used 13015K, capacity 15032K, committed 15144K, reserved 1048576K
Event: 343983.849 GC heap after
Heap after GC invocations=12166 (full 7):
 PSYoungGen      total 1162752K, used 9407K [0x0000000777f80000, 0x00000007bff00000, 0x00000007c0000000)
  eden space 1146368K, 0% used [0x0000000777f80000,0x0000000777f80000,0x00000007bdf00000)
  from space 16384K, 57% used [0x00000007bdf00000,0x00000007be82ff70,0x00000007bef00000)
  to   space 15872K, 0% used [0x00000007bef80000,0x00000007bef80000,0x00000007bff00000)
 ParOldGen       total 1864192K, used 1860102K [0x00000006e7e00000, 0x0000000759a80000, 0x0000000777f80000)
  object space 1864192K, 99% used [0x00000006e7e00000,0x0000000759681880,0x0000000759a80000)
 Metaspace       used 102550K, capacity 112381K, committed 112680K, reserved 1146880K
  class space    used 13015K, capacity 15032K, committed 15144K, reserved 1048576K
}
Event: 343994.141 GC heap before
{Heap before GC invocations=12167 (full 7):
 PSYoungGen      total 1162752K, used 1155775K [0x0000000777f80000, 0x00000007bff00000, 0x00000007c0000000)
  eden space 1146368K, 100% used [0x0000000777f80000,0x00000007bdf00000,0x00000007bdf00000)
  from space 16384K, 57% used [0x00000007bdf00000,0x00000007be82ff70,0x00000007bef00000)
  to   space 15872K, 0% used [0x00000007bef80000,0x00000007bef80000,0x00000007bff00000)
 ParOldGen       total 1864192K, used 1860102K [0x00000006e7e00000, 0x0000000759a80000, 0x0000000777f80000)
  object space 1864192K, 99% used [0x00000006e7e00000,0x0000000759681880,0x0000000759a80000)
 Metaspace       used 102550K, capacity 112381K, committed 112680K, reserved 1146880K
  class space    used 13015K, capacity 15032K, committed 15144K, reserved 1048576K
Event: 343994.161 GC heap after
Heap after GC invocations=12167 (full 7):
 PSYoungGen      total 1163264K, used 8223K [0x0000000777f80000, 0x00000007bfe80000, 0x00000007c0000000)
  eden space 1147904K, 0% used [0x0000000777f80000,0x0000000777f80000,0x00000007be080000)
  from space 15360K, 53% used [0x00000007bef80000,0x00000007bf787f70,0x00000007bfe80000)
  to   space 15360K, 0% used [0x00000007be080000,0x00000007be080000,0x00000007bef80000)
 ParOldGen       total 1864192K, used 1861238K [0x00000006e7e00000, 0x0000000759a80000, 0x0000000777f80000)
  object space 1864192K, 99% used [0x00000006e7e00000,0x000000075979d898,0x0000000759a80000)
 Metaspace       used 102550K, capacity 112381K, committed 112680K, reserved 1146880K
  class space    used 13015K, capacity 15032K, committed 15144K, reserved 1048576K
}
Event: 344005.285 GC heap before
{Heap before GC invocations=12168 (full 7):
 PSYoungGen      total 1163264K, used 1156127K [0x0000000777f80000, 0x00000007bfe80000, 0x00000007c0000000)
  eden space 1147904K, 100% used [0x0000000777f80000,0x00000007be080000,0x00000007be080000)
  from space 15360K, 53% used [0x00000007bef80000,0x00000007bf787f70,0x00000007bfe80000)
  to   space 15360K, 0% used [0x00000007be080000,0x00000007be080000,0x00000007bef80000)
 ParOldGen       total 1864192K, used 1861238K [0x00000006e7e00000, 0x0000000759a80000, 0x0000000777f80000)
  object space 1864192K, 99% used [0x00000006e7e00000,0x000000075979d898,0x0000000759a80000)
 Metaspace       used 102550K, capacity 112381K, committed 112680K, reserved 1146880K
  class space    used 13015K, capacity 15032K, committed 15144K, reserved 1048576K
Event: 344005.305 GC heap after
Heap after GC invocations=12168 (full 7):
 PSYoungGen      total 1163264K, used 6975K [0x0000000777f80000, 0x00000007bff00000, 0x00000007c0000000)
  eden space 1147904K, 0% used [0x0000000777f80000,0x0000000777f80000,0x00000007be080000)
  from space 15360K, 45% used [0x00000007be080000,0x00000007be74ff70,0x00000007bef80000)
  to   space 14848K, 0% used [0x00000007bf080000,0x00000007bf080000,0x00000007bff00000)
 ParOldGen       total 1864192K, used 1862494K [0x00000006e7e00000, 0x0000000759a80000, 0x0000000777f80000)
  object space 1864192K, 99% used [0x00000006e7e00000,0x00000007598d7898,0x0000000759a80000)
 Metaspace       used 102550K, capacity 112381K, committed 112680K, reserved 1146880K
  class space    used 13015K, capacity 15032K, committed 15144K, reserved 1048576K
}
Event: 344005.305 GC heap before
{Heap before GC invocations=12169 (full 8):
 PSYoungGen      total 1163264K, used 6975K [0x0000000777f80000, 0x00000007bff00000, 0x00000007c0000000)
  eden space 1147904K, 0% used [0x0000000777f80000,0x0000000777f80000,0x00000007be080000)
  from space 15360K, 45% used [0x00000007be080000,0x00000007be74ff70,0x00000007bef80000)
  to   space 14848K, 0% used [0x00000007bf080000,0x00000007bf080000,0x00000007bff00000)
 ParOldGen       total 1864192K, used 1862494K [0x00000006e7e00000, 0x0000000759a80000, 0x0000000777f80000)
  object space 1864192K, 99% used [0x00000006e7e00000,0x00000007598d7898,0x0000000759a80000)
 Metaspace       used 102550K, capacity 112381K, committed 112680K, reserved 1146880K
  class space    used 13015K, capacity 15032K, committed 15144K, reserved 1048576K

