# JRE version: OpenJDK Runtime Environment (8.0_222-b10) (build 1.8.0_222-b10)
# Java VM: OpenJDK 64-Bit Server VM (25.222-b10 mixed mode linux-amd64 compressed oops)
Heap:
 PSYoungGen      total 968704K, used 33536K [0x000000076ec00000, 0x00000007ae500000, 0x00000007c0000000)
  eden space 914944K, 0% used [0x000000076ec00000,0x000000076ec00000,0x00000007a6980000)
  from space 53760K, 62% used [0x00000007a6980000,0x00000007a8a400a0,0x00000007a9e00000)
  to   space 55808K, 0% used [0x00000007a9e00000,0x00000007a9e00000,0x00000007ad480000)
 ParOldGen       total 699392K, used 67720K [0x00000006cc400000, 0x00000006f6f00000, 0x000000076ec00000)
  object space 699392K, 9% used [0x00000006cc400000,0x00000006d06220a0,0x00000006f6f00000)
 Metaspace       used 47214K, capacity 51040K, committed 51496K, reserved 1093632K
  class space    used 6550K, capacity 7599K, committed 7720K, reserved 1048576K
GC Heap History (21 events):
Event: 2.363 GC heap before
{Heap before GC invocations=1 (full 0):
 PSYoungGen      total 305664K, used 262144K [0x000000076ec00000, 0x0000000784100000, 0x00000007c0000000)
  eden space 262144K, 100% used [0x000000076ec00000,0x000000077ec00000,0x000000077ec00000)
  from space 43520K, 0% used [0x0000000781680000,0x0000000781680000,0x0000000784100000)
  to   space 43520K, 0% used [0x000000077ec00000,0x000000077ec00000,0x0000000781680000)
 ParOldGen       total 699392K, used 0K [0x00000006cc400000, 0x00000006f6f00000, 0x000000076ec00000)
  object space 699392K, 0% used [0x00000006cc400000,0x00000006cc400000,0x00000006f6f00000)
 Metaspace       used 16981K, capacity 17328K, committed 17536K, reserved 1064960K
  class space    used 1938K, capacity 2091K, committed 2176K, reserved 1048576K
Event: 2.385 GC heap after
Heap after GC invocations=1 (full 0):
 PSYoungGen      total 305664K, used 14213K [0x000000076ec00000, 0x0000000784100000, 0x00000007c0000000)
  eden space 262144K, 0% used [0x000000076ec00000,0x000000076ec00000,0x000000077ec00000)
  from space 43520K, 32% used [0x000000077ec00000,0x000000077f9e1628,0x0000000781680000)
  to   space 43520K, 0% used [0x0000000781680000,0x0000000781680000,0x0000000784100000)
 ParOldGen       total 699392K, used 80K [0x00000006cc400000, 0x00000006f6f00000, 0x000000076ec00000)
  object space 699392K, 0% used [0x00000006cc400000,0x00000006cc414010,0x00000006f6f00000)
 Metaspace       used 16981K, capacity 17328K, committed 17536K, reserved 1064960K
  class space    used 1938K, capacity 2091K, committed 2176K, reserved 1048576K
}
Event: 2.676 GC heap before
{Heap before GC invocations=2 (full 0):
 PSYoungGen      total 305664K, used 36989K [0x000000076ec00000, 0x0000000784100000, 0x00000007c0000000)
  eden space 262144K, 8% used [0x000000076ec00000,0x000000077023dec8,0x000000077ec00000)
  from space 43520K, 32% used [0x000000077ec00000,0x000000077f9e1628,0x0000000781680000)
  to   space 43520K, 0% used [0x0000000781680000,0x0000000781680000,0x0000000784100000)
 ParOldGen       total 699392K, used 80K [0x00000006cc400000, 0x00000006f6f00000, 0x000000076ec00000)
  object space 699392K, 0% used [0x00000006cc400000,0x00000006cc414010,0x00000006f6f00000)
 Metaspace       used 20768K, capacity 21104K, committed 21296K, reserved 1069056K
  class space    used 2488K, capacity 2625K, committed 2688K, reserved 1048576K
Event: 2.704 GC heap after
Heap after GC invocations=2 (full 0):
 PSYoungGen      total 305664K, used 13347K [0x000000076ec00000, 0x0000000794100000, 0x00000007c0000000)
  eden space 262144K, 0% used [0x000000076ec00000,0x000000076ec00000,0x000000077ec00000)
  from space 43520K, 30% used [0x0000000781680000,0x0000000782388e10,0x0000000784100000)
  to   space 43520K, 0% used [0x000000077ec00000,0x000000077ec00000,0x0000000781680000)
 ParOldGen       total 699392K, used 88K [0x00000006cc400000, 0x00000006f6f00000, 0x000000076ec00000)
  object space 699392K, 0% used [0x00000006cc400000,0x00000006cc416010,0x00000006f6f00000)
 Metaspace       used 20768K, capacity 21104K, committed 21296K, reserved 1069056K
  class space    used 2488K, capacity 2625K, committed 2688K, reserved 1048576K
}
Event: 2.704 GC heap before
{Heap before GC invocations=3 (full 1):
 PSYoungGen      total 305664K, used 13347K [0x000000076ec00000, 0x0000000794100000, 0x00000007c0000000)
  eden space 262144K, 0% used [0x000000076ec00000,0x000000076ec00000,0x000000077ec00000)
  from space 43520K, 30% used [0x0000000781680000,0x0000000782388e10,0x0000000784100000)
  to   space 43520K, 0% used [0x000000077ec00000,0x000000077ec00000,0x0000000781680000)
 ParOldGen       total 699392K, used 88K [0x00000006cc400000, 0x00000006f6f00000, 0x000000076ec00000)
  object space 699392K, 0% used [0x00000006cc400000,0x00000006cc416010,0x00000006f6f00000)
 Metaspace       used 20768K, capacity 21104K, committed 21296K, reserved 1069056K
  class space    used 2488K, capacity 2625K, committed 2688K, reserved 1048576K
Event: 2.757 GC heap after
Heap after GC invocations=3 (full 1):
 PSYoungGen      total 305664K, used 0K [0x000000076ec00000, 0x0000000794100000, 0x00000007c0000000)
  eden space 262144K, 0% used [0x000000076ec00000,0x000000076ec00000,0x000000077ec00000)
  from space 43520K, 0% used [0x0000000781680000,0x0000000781680000,0x0000000784100000)
  to   space 43520K, 0% used [0x000000077ec00000,0x000000077ec00000,0x0000000781680000)
 ParOldGen       total 699392K, used 12777K [0x00000006cc400000, 0x00000006f6f00000, 0x000000076ec00000)
  object space 699392K, 1% used [0x00000006cc400000,0x00000006cd07a510,0x00000006f6f00000)
 Metaspace       used 20768K, capacity 21104K, committed 21296K, reserved 1069056K
  class space    used 2488K, capacity 2625K, committed 2688K, reserved 1048576K
}
Event: 5.053 GC heap before
{Heap before GC invocations=4 (full 1):
 PSYoungGen      total 305664K, used 262144K [0x000000076ec00000, 0x0000000794100000, 0x00000007c0000000)
  eden space 262144K, 100% used [0x000000076ec00000,0x000000077ec00000,0x000000077ec00000)
  from space 43520K, 0% used [0x0000000781680000,0x0000000781680000,0x0000000784100000)
  to   space 43520K, 0% used [0x000000077ec00000,0x000000077ec00000,0x0000000781680000)
 ParOldGen       total 699392K, used 12777K [0x00000006cc400000, 0x00000006f6f00000, 0x000000076ec00000)
  object space 699392K, 1% used [0x00000006cc400000,0x00000006cd07a510,0x00000006f6f00000)
 Metaspace       used 32187K, capacity 34261K, committed 34560K, reserved 1079296K
  class space    used 4305K, capacity 4802K, committed 4864K, reserved 1048576K
Event: 5.139 GC heap after
Heap after GC invocations=4 (full 1):
 PSYoungGen      total 305664K, used 43508K [0x000000076ec00000, 0x000000078f300000, 0x00000007c0000000)
  eden space 262144K, 0% used [0x000000076ec00000,0x000000076ec00000,0x000000077ec00000)
  from space 43520K, 99% used [0x000000077ec00000,0x000000078167d270,0x0000000781680000)
  to   space 43520K, 0% used [0x000000078c880000,0x000000078c880000,0x000000078f300000)
 ParOldGen       total 699392K, used 13264K [0x00000006cc400000, 0x00000006f6f00000, 0x000000076ec00000)
  object space 699392K, 1% used [0x00000006cc400000,0x00000006cd0f40b8,0x00000006f6f00000)
 Metaspace       used 32187K, capacity 34261K, committed 34560K, reserved 1079296K
  class space    used 4305K, capacity 4802K, committed 4864K, reserved 1048576K
}
Event: 5.937 GC heap before
{Heap before GC invocations=5 (full 1):
 PSYoungGen      total 305664K, used 205585K [0x000000076ec00000, 0x000000078f300000, 0x00000007c0000000)
  eden space 262144K, 61% used [0x000000076ec00000,0x0000000778a47580,0x000000077ec00000)
  from space 43520K, 99% used [0x000000077ec00000,0x000000078167d270,0x0000000781680000)
  to   space 43520K, 0% used [0x000000078c880000,0x000000078c880000,0x000000078f300000)
 ParOldGen       total 699392K, used 13264K [0x00000006cc400000, 0x00000006f6f00000, 0x000000076ec00000)
  object space 699392K, 1% used [0x00000006cc400000,0x00000006cd0f40b8,0x00000006f6f00000)
 Metaspace       used 33281K, capacity 35410K, committed 35496K, reserved 1079296K
  class space    used 4484K, capacity 5032K, committed 5032K, reserved 1048576K
Event: 6.076 GC heap after
Heap after GC invocations=5 (full 1):
 PSYoungGen      total 487936K, used 43509K [0x000000076ec00000, 0x0000000790a00000, 0x00000007c0000000)
  eden space 444416K, 0% used [0x000000076ec00000,0x000000076ec00000,0x0000000789e00000)
  from space 43520K, 99% used [0x000000078c880000,0x000000078f2fd518,0x000000078f300000)
  to   space 43520K, 0% used [0x0000000789e00000,0x0000000789e00000,0x000000078c880000)
 ParOldGen       total 699392K, used 27850K [0x00000006cc400000, 0x00000006f6f00000, 0x000000076ec00000)
  object space 699392K, 3% used [0x00000006cc400000,0x00000006cdf32928,0x00000006f6f00000)
 Metaspace       used 33281K, capacity 35410K, committed 35496K, reserved 1079296K
  class space    used 4484K, capacity 5032K, committed 5032K, reserved 1048576K
}
Event: 6.076 GC heap before
{Heap before GC invocations=6 (full 2):
 PSYoungGen      total 487936K, used 43509K [0x000000076ec00000, 0x0000000790a00000, 0x00000007c0000000)
  eden space 444416K, 0% used [0x000000076ec00000,0x000000076ec00000,0x0000000789e00000)
  from space 43520K, 99% used [0x000000078c880000,0x000000078f2fd518,0x000000078f300000)
  to   space 43520K, 0% used [0x0000000789e00000,0x0000000789e00000,0x000000078c880000)
 ParOldGen       total 699392K, used 27850K [0x00000006cc400000, 0x00000006f6f00000, 0x000000076ec00000)
  object space 699392K, 3% used [0x00000006cc400000,0x00000006cdf32928,0x00000006f6f00000)
 Metaspace       used 33281K, capacity 35410K, committed 35496K, reserved 1079296K
  class space    used 4484K, capacity 5032K, committed 5032K, reserved 1048576K
Event: 6.685 GC heap after
Heap after GC invocations=6 (full 2):
 PSYoungGen      total 487936K, used 0K [0x000000076ec00000, 0x0000000790a00000, 0x00000007c0000000)
  eden space 444416K, 0% used [0x000000076ec00000,0x000000076ec00000,0x0000000789e00000)
  from space 43520K, 0% used [0x000000078c880000,0x000000078c880000,0x000000078f300000)
  to   space 43520K, 0% used [0x0000000789e00000,0x0000000789e00000,0x000000078c880000)
 ParOldGen       total 699392K, used 67704K [0x00000006cc400000, 0x00000006f6f00000, 0x000000076ec00000)
  object space 699392K, 9% used [0x00000006cc400000,0x00000006d061e0a0,0x00000006f6f00000)
 Metaspace       used 33264K, capacity 35368K, committed 35496K, reserved 1079296K
  class space    used 4478K, capacity 5021K, committed 5032K, reserved 1048576K
}
Event: 8.360 GC heap before
{Heap before GC invocations=7 (full 2):
 PSYoungGen      total 487936K, used 444416K [0x000000076ec00000, 0x0000000790a00000, 0x00000007c0000000)
  eden space 444416K, 100% used [0x000000076ec00000,0x0000000789e00000,0x0000000789e00000)
  from space 43520K, 0% used [0x000000078c880000,0x000000078c880000,0x000000078f300000)
  to   space 43520K, 0% used [0x0000000789e00000,0x0000000789e00000,0x000000078c880000)
 ParOldGen       total 699392K, used 67704K [0x00000006cc400000, 0x00000006f6f00000, 0x000000076ec00000)
  object space 699392K, 9% used [0x00000006cc400000,0x00000006d061e0a0,0x00000006f6f00000)
 Metaspace       used 41686K, capacity 45506K, committed 45608K, reserved 1087488K
  class space    used 5853K, capacity 6900K, committed 6952K, reserved 1048576K
Event: 8.445 GC heap after
Heap after GC invocations=7 (full 2):
 PSYoungGen      total 487936K, used 25234K [0x000000076ec00000, 0x000000079cb00000, 0x00000007c0000000)
  eden space 444416K, 0% used [0x000000076ec00000,0x000000076ec00000,0x0000000789e00000)
  from space 43520K, 57% used [0x0000000789e00000,0x000000078b6a4a10,0x000000078c880000)
  to   space 62464K, 0% used [0x0000000798e00000,0x0000000798e00000,0x000000079cb00000)
 ParOldGen       total 699392K, used 67712K [0x00000006cc400000, 0x00000006f6f00000, 0x000000076ec00000)
  object space 699392K, 9% used [0x00000006cc400000,0x00000006d06200a0,0x00000006f6f00000)
 Metaspace       used 41686K, capacity 45506K, committed 45608K, reserved 1087488K
  class space    used 5853K, capacity 6900K, committed 6952K, reserved 1048576K
}
Event: 10.091 GC heap before
{Heap before GC invocations=8 (full 2):
 PSYoungGen      total 487936K, used 469650K [0x000000076ec00000, 0x000000079cb00000, 0x00000007c0000000)
  eden space 444416K, 100% used [0x000000076ec00000,0x0000000789e00000,0x0000000789e00000)
  from space 43520K, 57% used [0x0000000789e00000,0x000000078b6a4a10,0x000000078c880000)
  to   space 62464K, 0% used [0x0000000798e00000,0x0000000798e00000,0x000000079cb00000)
 ParOldGen       total 699392K, used 67712K [0x00000006cc400000, 0x00000006f6f00000, 0x000000076ec00000)
  object space 699392K, 9% used [0x00000006cc400000,0x00000006d06200a0,0x00000006f6f00000)
 Metaspace       used 47107K, capacity 50968K, committed 51240K, reserved 1093632K
  class space    used 6532K, capacity 7597K, committed 7720K, reserved 1048576K
Event: 10.230 GC heap after
Heap after GC invocations=8 (full 2):
 PSYoungGen      total 693760K, used 33507K [0x000000076ec00000, 0x000000079cb00000, 0x00000007c0000000)
  eden space 631296K, 0% used [0x000000076ec00000,0x000000076ec00000,0x0000000795480000)
  from space 62464K, 53% used [0x0000000798e00000,0x000000079aeb8d08,0x000000079cb00000)
  to   space 58880K, 0% used [0x0000000795480000,0x0000000795480000,0x0000000798e00000)
 ParOldGen       total 699392K, used 67720K [0x00000006cc400000, 0x00000006f6f00000, 0x000000076ec00000)
  object space 699392K, 9% used [0x00000006cc400000,0x00000006d06220a0,0x00000006f6f00000)
 Metaspace       used 47107K, capacity 50968K, committed 51240K, reserved 1093632K
  class space    used 6532K, capacity 7597K, committed 7720K, reserved 1048576K
}
Event: 11.102 GC heap before
{Heap before GC invocations=9 (full 2):
 PSYoungGen      total 693760K, used 664803K [0x000000076ec00000, 0x000000079cb00000, 0x00000007c0000000)
  eden space 631296K, 100% used [0x000000076ec00000,0x0000000795480000,0x0000000795480000)
  from space 62464K, 53% used [0x0000000798e00000,0x000000079aeb8d08,0x000000079cb00000)
  to   space 58880K, 0% used [0x0000000795480000,0x0000000795480000,0x0000000798e00000)
 ParOldGen       total 699392K, used 67720K [0x00000006cc400000, 0x00000006f6f00000, 0x000000076ec00000)
  object space 699392K, 9% used [0x00000006cc400000,0x00000006d06220a0,0x00000006f6f00000)
 Metaspace       used 47213K, capacity 51040K, committed 51496K, reserved 1093632K
  class space    used 6550K, capacity 7599K, committed 7720K, reserved 1048576K
Event: 11.182 GC heap after
Heap after GC invocations=9 (full 2):
 PSYoungGen      total 690176K, used 33376K [0x000000076ec00000, 0x00000007ad480000, 0x00000007c0000000)
  eden space 631296K, 0% used [0x000000076ec00000,0x000000076ec00000,0x0000000795480000)
  from space 58880K, 56% used [0x0000000795480000,0x00000007975180c0,0x0000000798e00000)
  to   space 55808K, 0% used [0x00000007a9e00000,0x00000007a9e00000,0x00000007ad480000)
 ParOldGen       total 699392K, used 67720K [0x00000006cc400000, 0x00000006f6f00000, 0x000000076ec00000)
  object space 699392K, 9% used [0x00000006cc400000,0x00000006d06220a0,0x00000006f6f00000)
 Metaspace       used 47213K, capacity 51040K, committed 51496K, reserved 1093632K
  class space    used 6550K, capacity 7599K, committed 7720K, reserved 1048576K
}
Event: 11.845 GC heap before
{Heap before GC invocations=10 (full 2):
 PSYoungGen      total 690176K, used 664672K [0x000000076ec00000, 0x00000007ad480000, 0x00000007c0000000)
  eden space 631296K, 100% used [0x000000076ec00000,0x0000000795480000,0x0000000795480000)
  from space 58880K, 56% used [0x0000000795480000,0x00000007975180c0,0x0000000798e00000)
  to   space 55808K, 0% used [0x00000007a9e00000,0x00000007a9e00000,0x00000007ad480000)
 ParOldGen       total 699392K, used 67720K [0x00000006cc400000, 0x00000006f6f00000, 0x000000076ec00000)
  object space 699392K, 9% used [0x00000006cc400000,0x00000006d06220a0,0x00000006f6f00000)
 Metaspace       used 47214K, capacity 51040K, committed 51496K, reserved 1093632K
  class space    used 6550K, capacity 7599K, committed 7720K, reserved 1048576K
Event: 11.927 GC heap after
Heap after GC invocations=10 (full 2):
 PSYoungGen      total 970752K, used 33376K [0x000000076ec00000, 0x00000007ae500000, 0x00000007c0000000)
  eden space 914944K, 0% used [0x000000076ec00000,0x000000076ec00000,0x00000007a6980000)
  from space 55808K, 59% used [0x00000007a9e00000,0x00000007abe980a0,0x00000007ad480000)
  to   space 53760K, 0% used [0x00000007a6980000,0x00000007a6980000,0x00000007a9e00000)
 ParOldGen       total 699392K, used 67720K [0x00000006cc400000, 0x00000006f6f00000, 0x000000076ec00000)
  object space 699392K, 9% used [0x00000006cc400000,0x00000006d06220a0,0x00000006f6f00000)
 Metaspace       used 47214K, capacity 51040K, committed 51496K, reserved 1093632K
  class space    used 6550K, capacity 7599K, committed 7720K, reserved 1048576K
}
Event: 12.954 GC heap before
{Heap before GC invocations=11 (full 2):
 PSYoungGen      total 970752K, used 948320K [0x000000076ec00000, 0x00000007ae500000, 0x00000007c0000000)
  eden space 914944K, 100% used [0x000000076ec00000,0x00000007a6980000,0x00000007a6980000)
  from space 55808K, 59% used [0x00000007a9e00000,0x00000007abe980a0,0x00000007ad480000)
  to   space 53760K, 0% used [0x00000007a6980000,0x00000007a6980000,0x00000007a9e00000)
 ParOldGen       total 699392K, used 67720K [0x00000006cc400000, 0x00000006f6f00000, 0x000000076ec00000)
  object space 699392K, 9% used [0x00000006cc400000,0x00000006d06220a0,0x00000006f6f00000)
 Metaspace       used 47214K, capacity 51040K, committed 51496K, reserved 1093632K
  class space    used 6550K, capacity 7599K, committed 7720K, reserved 1048576K

