# JRE version: OpenJDK Runtime Environment (8.0_222-b10) (build 1.8.0_222-b10)
# Java VM: OpenJDK 64-Bit Server VM (25.222-b10 mixed mode linux-amd64 compressed oops)
Heap:
 PSYoungGen      total 1352192K, used 0K [0x000000076ab00000, 0x00000007c0000000, 0x00000007c0000000)
  eden space 1337344K, 0% used [0x000000076ab00000,0x000000076ab00000,0x00000007bc500000)
  from space 14848K, 0% used [0x00000007bf180000,0x00000007bf180000,0x00000007c0000000)
  to   space 30208K, 0% used [0x00000007bc500000,0x00000007bc500000,0x00000007be280000)
 ParOldGen       total 1650688K, used 381908K [0x00000006c0000000, 0x0000000724c00000, 0x000000076ab00000)
  object space 1650688K, 23% used [0x00000006c0000000,0x00000006d74f5170,0x0000000724c00000)
 Metaspace       used 101982K, capacity 111672K, committed 111896K, reserved 1146880K
  class space    used 13028K, capacity 15048K, committed 15144K, reserved 1048576K
GC Heap History (250 events):
Event: 105735.803 GC heap after
Heap after GC invocations=7471 (full 5):
 PSYoungGen      total 1350144K, used 31231K [0x000000076ab00000, 0x00000007c0000000, 0x00000007c0000000)
  eden space 1304576K, 0% used [0x000000076ab00000,0x000000076ab00000,0x00000007ba500000)
  from space 45568K, 68% used [0x00000007bd380000,0x00000007bf1fffa8,0x00000007c0000000)
  to   space 46592K, 0% used [0x00000007ba500000,0x00000007ba500000,0x00000007bd280000)
 ParOldGen       total 1650688K, used 1501523K [0x00000006c0000000, 0x0000000724c00000, 0x000000076ab00000)
  object space 1650688K, 90% used [0x00000006c0000000,0x000000071ba54d38,0x0000000724c00000)
 Metaspace       used 101950K, capacity 111556K, committed 111896K, reserved 1146880K
  class space    used 13028K, capacity 15050K, committed 15144K, reserved 1048576K
}
Event: 105762.802 GC heap before
{Heap before GC invocations=7472 (full 5):
 PSYoungGen      total 1350144K, used 1335807K [0x000000076ab00000, 0x00000007c0000000, 0x00000007c0000000)
  eden space 1304576K, 100% used [0x000000076ab00000,0x00000007ba500000,0x00000007ba500000)
  from space 45568K, 68% used [0x00000007bd380000,0x00000007bf1fffa8,0x00000007c0000000)
  to   space 46592K, 0% used [0x00000007ba500000,0x00000007ba500000,0x00000007bd280000)
 ParOldGen       total 1650688K, used 1501523K [0x00000006c0000000, 0x0000000724c00000, 0x000000076ab00000)
  object space 1650688K, 90% used [0x00000006c0000000,0x000000071ba54d38,0x0000000724c00000)
 Metaspace       used 101950K, capacity 111556K, committed 111896K, reserved 1146880K
  class space    used 13028K, capacity 15050K, committed 15144K, reserved 1048576K
Event: 105762.836 GC heap after
Heap after GC invocations=7472 (full 5):
 PSYoungGen      total 1335808K, used 31231K [0x000000076ab00000, 0x00000007c0000000, 0x00000007c0000000)
  eden space 1304576K, 0% used [0x000000076ab00000,0x000000076ab00000,0x00000007ba500000)
  from space 31232K, 99% used [0x00000007ba500000,0x00000007bc37ffa8,0x00000007bc380000)
  to   space 47616K, 0% used [0x00000007bd180000,0x00000007bd180000,0x00000007c0000000)
 ParOldGen       total 1650688K, used 1501555K [0x00000006c0000000, 0x0000000724c00000, 0x000000076ab00000)
  object space 1650688K, 90% used [0x00000006c0000000,0x000000071ba5cd38,0x0000000724c00000)
 Metaspace       used 101950K, capacity 111556K, committed 111896K, reserved 1146880K
  class space    used 13028K, capacity 15050K, committed 15144K, reserved 1048576K
}
Event: 105790.492 GC heap before
{Heap before GC invocations=7473 (full 5):
 PSYoungGen      total 1335808K, used 1335807K [0x000000076ab00000, 0x00000007c0000000, 0x00000007c0000000)
  eden space 1304576K, 100% used [0x000000076ab00000,0x00000007ba500000,0x00000007ba500000)
  from space 31232K, 99% used [0x00000007ba500000,0x00000007bc37ffa8,0x00000007bc380000)
  to   space 47616K, 0% used [0x00000007bd180000,0x00000007bd180000,0x00000007c0000000)
 ParOldGen       total 1650688K, used 1501555K [0x00000006c0000000, 0x0000000724c00000, 0x000000076ab00000)
  object space 1650688K, 90% used [0x00000006c0000000,0x000000071ba5cd38,0x0000000724c00000)
 Metaspace       used 101950K, capacity 111556K, committed 111896K, reserved 1146880K
  class space    used 13028K, capacity 15050K, committed 15144K, reserved 1048576K
Event: 105790.527 GC heap after
Heap after GC invocations=7473 (full 5):
 PSYoungGen      total 1349120K, used 31391K [0x000000076ab00000, 0x00000007c0000000, 0x00000007c0000000)
  eden space 1301504K, 0% used [0x000000076ab00000,0x000000076ab00000,0x00000007ba200000)
  from space 47616K, 65% used [0x00000007bd180000,0x00000007bf027fb8,0x00000007c0000000)
  to   space 48128K, 0% used [0x00000007ba200000,0x00000007ba200000,0x00000007bd100000)
 ParOldGen       total 1650688K, used 1501595K [0x00000006c0000000, 0x0000000724c00000, 0x000000076ab00000)
  object space 1650688K, 90% used [0x00000006c0000000,0x000000071ba66d38,0x0000000724c00000)
 Metaspace       used 101950K, capacity 111556K, committed 111896K, reserved 1146880K
  class space    used 13028K, capacity 15050K, committed 15144K, reserved 1048576K
}
Event: 105815.154 GC heap before
{Heap before GC invocations=7474 (full 5):
 PSYoungGen      total 1349120K, used 1332895K [0x000000076ab00000, 0x00000007c0000000, 0x00000007c0000000)
  eden space 1301504K, 100% used [0x000000076ab00000,0x00000007ba200000,0x00000007ba200000)
  from space 47616K, 65% used [0x00000007bd180000,0x00000007bf027fb8,0x00000007c0000000)
  to   space 48128K, 0% used [0x00000007ba200000,0x00000007ba200000,0x00000007bd100000)
 ParOldGen       total 1650688K, used 1501595K [0x00000006c0000000, 0x0000000724c00000, 0x000000076ab00000)
  object space 1650688K, 90% used [0x00000006c0000000,0x000000071ba66d38,0x0000000724c00000)
 Metaspace       used 101950K, capacity 111556K, committed 111896K, reserved 1146880K
  class space    used 13028K, capacity 15050K, committed 15144K, reserved 1048576K
Event: 105815.190 GC heap after
Heap after GC invocations=7474 (full 5):
 PSYoungGen      total 1349632K, used 31487K [0x000000076ab00000, 0x00000007c0000000, 0x00000007c0000000)
  eden space 1301504K, 0% used [0x000000076ab00000,0x000000076ab00000,0x00000007ba200000)
  from space 48128K, 65% used [0x00000007ba200000,0x00000007bc0bffb8,0x00000007bd100000)
  to   space 48128K, 0% used [0x00000007bd100000,0x00000007bd100000,0x00000007c0000000)
 ParOldGen       total 1650688K, used 1501735K [0x00000006c0000000, 0x0000000724c00000, 0x000000076ab00000)
  object space 1650688K, 90% used [0x00000006c0000000,0x000000071ba89d68,0x0000000724c00000)
 Metaspace       used 101950K, capacity 111556K, committed 111896K, reserved 1146880K
  class space    used 13028K, capacity 15050K, committed 15144K, reserved 1048576K
}
Event: 105842.208 GC heap before
{Heap before GC invocations=7475 (full 5):
 PSYoungGen      total 1349632K, used 1332991K [0x000000076ab00000, 0x00000007c0000000, 0x00000007c0000000)
  eden space 1301504K, 100% used [0x000000076ab00000,0x00000007ba200000,0x00000007ba200000)
  from space 48128K, 65% used [0x00000007ba200000,0x00000007bc0bffb8,0x00000007bd100000)
  to   space 48128K, 0% used [0x00000007bd100000,0x00000007bd100000,0x00000007c0000000)
 ParOldGen       total 1650688K, used 1501735K [0x00000006c0000000, 0x0000000724c00000, 0x000000076ab00000)
  object space 1650688K, 90% used [0x00000006c0000000,0x000000071ba89d68,0x0000000724c00000)
 Metaspace       used 101950K, capacity 111556K, committed 111896K, reserved 1146880K
  class space    used 13028K, capacity 15050K, committed 15144K, reserved 1048576K
Event: 105842.243 GC heap after
Heap after GC invocations=7475 (full 5):
 PSYoungGen      total 1349632K, used 31391K [0x000000076ab00000, 0x00000007c0000000, 0x00000007c0000000)
  eden space 1301504K, 0% used [0x000000076ab00000,0x000000076ab00000,0x00000007ba200000)
  from space 48128K, 65% used [0x00000007bd100000,0x00000007befa7fa8,0x00000007c0000000)
  to   space 48128K, 0% used [0x00000007ba200000,0x00000007ba200000,0x00000007bd100000)
 ParOldGen       total 1650688K, used 1501779K [0x00000006c0000000, 0x0000000724c00000, 0x000000076ab00000)
  object space 1650688K, 90% used [0x00000006c0000000,0x000000071ba94db0,0x0000000724c00000)
 Metaspace       used 101950K, capacity 111556K, committed 111896K, reserved 1146880K
  class space    used 13028K, capacity 15050K, committed 15144K, reserved 1048576K
}
Event: 105869.086 GC heap before
{Heap before GC invocations=7476 (full 5):
 PSYoungGen      total 1349632K, used 1332895K [0x000000076ab00000, 0x00000007c0000000, 0x00000007c0000000)
  eden space 1301504K, 100% used [0x000000076ab00000,0x00000007ba200000,0x00000007ba200000)
  from space 48128K, 65% used [0x00000007bd100000,0x00000007befa7fa8,0x00000007c0000000)
  to   space 48128K, 0% used [0x00000007ba200000,0x00000007ba200000,0x00000007bd100000)
 ParOldGen       total 1650688K, used 1501779K [0x00000006c0000000, 0x0000000724c00000, 0x000000076ab00000)
  object space 1650688K, 90% used [0x00000006c0000000,0x000000071ba94db0,0x0000000724c00000)
 Metaspace       used 101950K, capacity 111556K, committed 111896K, reserved 1146880K
  class space    used 13028K, capacity 15050K, committed 15144K, reserved 1048576K
Event: 105869.121 GC heap after
Heap after GC invocations=7476 (full 5):
 PSYoungGen      total 1349632K, used 31455K [0x000000076ab00000, 0x00000007c0000000, 0x00000007c0000000)
  eden space 1301504K, 0% used [0x000000076ab00000,0x000000076ab00000,0x00000007ba200000)
  from space 48128K, 65% used [0x00000007ba200000,0x00000007bc0b7fb8,0x00000007bd100000)
  to   space 48128K, 0% used [0x00000007bd100000,0x00000007bd100000,0x00000007c0000000)
 ParOldGen       total 1650688K, used 1501847K [0x00000006c0000000, 0x0000000724c00000, 0x000000076ab00000)
  object space 1650688K, 90% used [0x00000006c0000000,0x000000071baa5e58,0x0000000724c00000)
 Metaspace       used 101950K, capacity 111556K, committed 111896K, reserved 1146880K
  class space    used 13028K, capacity 15050K, committed 15144K, reserved 1048576K
}
Event: 105895.978 GC heap before
{Heap before GC invocations=7477 (full 5):
 PSYoungGen      total 1349632K, used 1332959K [0x000000076ab00000, 0x00000007c0000000, 0x00000007c0000000)
  eden space 1301504K, 100% used [0x000000076ab00000,0x00000007ba200000,0x00000007ba200000)
  from space 48128K, 65% used [0x00000007ba200000,0x00000007bc0b7fb8,0x00000007bd100000)
  to   space 48128K, 0% used [0x00000007bd100000,0x00000007bd100000,0x00000007c0000000)
 ParOldGen       total 1650688K, used 1501847K [0x00000006c0000000, 0x0000000724c00000, 0x000000076ab00000)
  object space 1650688K, 90% used [0x00000006c0000000,0x000000071baa5e58,0x0000000724c00000)
 Metaspace       used 101950K, capacity 111556K, committed 111896K, reserved 1146880K
  class space    used 13028K, capacity 15050K, committed 15144K, reserved 1048576K
Event: 105896.016 GC heap after
Heap after GC invocations=7477 (full 5):
 PSYoungGen      total 1345536K, used 24799K [0x000000076ab00000, 0x00000007bfc00000, 0x00000007c0000000)
  eden space 1301504K, 0% used [0x000000076ab00000,0x000000076ab00000,0x00000007ba200000)
  from space 44032K, 56% used [0x00000007bd100000,0x00000007be937fa8,0x00000007bfc00000)
  to   space 46080K, 0% used [0x00000007ba200000,0x00000007ba200000,0x00000007bcf00000)
 ParOldGen       total 1650688K, used 1509087K [0x00000006c0000000, 0x0000000724c00000, 0x000000076ab00000)
  object space 1650688K, 91% used [0x00000006c0000000,0x000000071c1b7e78,0x0000000724c00000)
 Metaspace       used 101950K, capacity 111556K, committed 111896K, reserved 1146880K
  class space    used 13028K, capacity 15050K, committed 15144K, reserved 1048576K
}
Event: 105922.001 GC heap before
{Heap before GC invocations=7478 (full 5):
 PSYoungGen      total 1345536K, used 1326303K [0x000000076ab00000, 0x00000007bfc00000, 0x00000007c0000000)
  eden space 1301504K, 100% used [0x000000076ab00000,0x00000007ba200000,0x00000007ba200000)
  from space 44032K, 56% used [0x00000007bd100000,0x00000007be937fa8,0x00000007bfc00000)
  to   space 46080K, 0% used [0x00000007ba200000,0x00000007ba200000,0x00000007bcf00000)
 ParOldGen       total 1650688K, used 1509087K [0x00000006c0000000, 0x0000000724c00000, 0x000000076ab00000)
  object space 1650688K, 91% used [0x00000006c0000000,0x000000071c1b7e78,0x0000000724c00000)
 Metaspace       used 101950K, capacity 111556K, committed 111896K, reserved 1146880K
  class space    used 13028K, capacity 15050K, committed 15144K, reserved 1048576K
Event: 105922.034 GC heap after
Heap after GC invocations=7478 (full 5):
 PSYoungGen      total 1347584K, used 21823K [0x000000076ab00000, 0x00000007c0000000, 0x00000007c0000000)
  eden space 1301504K, 0% used [0x000000076ab00000,0x000000076ab00000,0x00000007ba200000)
  from space 46080K, 47% used [0x00000007ba200000,0x00000007bb74ff88,0x00000007bcf00000)
  to   space 45056K, 0% used [0x00000007bd400000,0x00000007bd400000,0x00000007c0000000)
 ParOldGen       total 1650688K, used 1512831K [0x00000006c0000000, 0x0000000724c00000, 0x000000076ab00000)
  object space 1650688K, 91% used [0x00000006c0000000,0x000000071c55ff68,0x0000000724c00000)
 Metaspace       used 101950K, capacity 111556K, committed 111896K, reserved 1146880K
  class space    used 13028K, capacity 15050K, committed 15144K, reserved 1048576K
}
Event: 105948.583 GC heap before
{Heap before GC invocations=7479 (full 5):
 PSYoungGen      total 1347584K, used 1323327K [0x000000076ab00000, 0x00000007c0000000, 0x00000007c0000000)
  eden space 1301504K, 100% used [0x000000076ab00000,0x00000007ba200000,0x00000007ba200000)
  from space 46080K, 47% used [0x00000007ba200000,0x00000007bb74ff88,0x00000007bcf00000)
  to   space 45056K, 0% used [0x00000007bd400000,0x00000007bd400000,0x00000007c0000000)
 ParOldGen       total 1650688K, used 1512831K [0x00000006c0000000, 0x0000000724c00000, 0x000000076ab00000)
  object space 1650688K, 91% used [0x00000006c0000000,0x000000071c55ff68,0x0000000724c00000)
 Metaspace       used 101950K, capacity 111556K, committed 111896K, reserved 1146880K
  class space    used 13028K, capacity 15050K, committed 15144K, reserved 1048576K
Event: 105948.636 GC heap after
Heap after GC invocations=7479 (full 5):
 PSYoungGen      total 1350656K, used 13631K [0x000000076ab00000, 0x00000007bff00000, 0x00000007c0000000)
  eden space 1306624K, 0% used [0x000000076ab00000,0x000000076ab00000,0x00000007ba700000)
  from space 44032K, 30% used [0x00000007bd400000,0x00000007be14ff88,0x00000007bff00000)
  to   space 45056K, 0% used [0x00000007ba700000,0x00000007ba700000,0x00000007bd300000)
 ParOldGen       total 1650688K, used 1521720K [0x00000006c0000000, 0x0000000724c00000, 0x000000076ab00000)
  object space 1650688K, 92% used [0x00000006c0000000,0x000000071ce0e300,0x0000000724c00000)
 Metaspace       used 101950K, capacity 111556K, committed 111896K, reserved 1146880K
  class space    used 13028K, capacity 15050K, committed 15144K, reserved 1048576K
}
Event: 105975.453 GC heap before
{Heap before GC invocations=7480 (full 5):
 PSYoungGen      total 1350656K, used 1320255K [0x000000076ab00000, 0x00000007bff00000, 0x00000007c0000000)
  eden space 1306624K, 100% used [0x000000076ab00000,0x00000007ba700000,0x00000007ba700000)
  from space 44032K, 30% used [0x00000007bd400000,0x00000007be14ff88,0x00000007bff00000)
  to   space 45056K, 0% used [0x00000007ba700000,0x00000007ba700000,0x00000007bd300000)
 ParOldGen       total 1650688K, used 1521720K [0x00000006c0000000, 0x0000000724c00000, 0x000000076ab00000)
  object space 1650688K, 92% used [0x00000006c0000000,0x000000071ce0e300,0x0000000724c00000)
 Metaspace       used 101950K, capacity 111556K, committed 111896K, reserved 1146880K
  class space    used 13028K, capacity 15050K, committed 15144K, reserved 1048576K
Event: 105975.478 GC heap after
Heap after GC invocations=7480 (full 5):
 PSYoungGen      total 1351680K, used 12671K [0x000000076ab00000, 0x00000007c0000000, 0x00000007c0000000)
  eden space 1306624K, 0% used [0x000000076ab00000,0x000000076ab00000,0x00000007ba700000)
  from space 45056K, 28% used [0x00000007ba700000,0x00000007bb35ff78,0x00000007bd300000)
  to   space 45056K, 0% used [0x00000007bd400000,0x00000007bd400000,0x00000007c0000000)
 ParOldGen       total 1650688K, used 1523040K [0x00000006c0000000, 0x0000000724c00000, 0x000000076ab00000)
  object space 1650688K, 92% used [0x00000006c0000000,0x000000071cf58300,0x0000000724c00000)
 Metaspace       used 101950K, capacity 111556K, committed 111896K, reserved 1146880K
  class space    used 13028K, capacity 15050K, committed 15144K, reserved 1048576K
}
Event: 106000.911 GC heap before
{Heap before GC invocations=7481 (full 5):
 PSYoungGen      total 1351680K, used 1319295K [0x000000076ab00000, 0x00000007c0000000, 0x00000007c0000000)
  eden space 1306624K, 100% used [0x000000076ab00000,0x00000007ba700000,0x00000007ba700000)
  from space 45056K, 28% used [0x00000007ba700000,0x00000007bb35ff78,0x00000007bd300000)
  to   space 45056K, 0% used [0x00000007bd400000,0x00000007bd400000,0x00000007c0000000)
 ParOldGen       total 1650688K, used 1523040K [0x00000006c0000000, 0x0000000724c00000, 0x000000076ab00000)
  object space 1650688K, 92% used [0x00000006c0000000,0x000000071cf58300,0x0000000724c00000)
 Metaspace       used 101950K, capacity 111556K, committed 111896K, reserved 1146880K
  class space    used 13028K, capacity 15050K, committed 15144K, reserved 1048576K
Event: 106000.939 GC heap after
Heap after GC invocations=7481 (full 5):
 PSYoungGen      total 1352704K, used 10879K [0x000000076ab00000, 0x00000007c0000000, 0x00000007c0000000)
  eden space 1307648K, 0% used [0x000000076ab00000,0x000000076ab00000,0x00000007ba800000)
  from space 45056K, 24% used [0x00000007bd400000,0x00000007bde9fe08,0x00000007c0000000)
  to   space 45056K, 0% used [0x00000007ba800000,0x00000007ba800000,0x00000007bd400000)
 ParOldGen       total 1650688K, used 1527552K [0x00000006c0000000, 0x0000000724c00000, 0x000000076ab00000)
  object space 1650688K, 92% used [0x00000006c0000000,0x000000071d3c0300,0x0000000724c00000)
 Metaspace       used 101950K, capacity 111556K, committed 111896K, reserved 1146880K
  class space    used 13028K, capacity 15050K, committed 15144K, reserved 1048576K
}
Event: 106026.407 GC heap before
{Heap before GC invocations=7482 (full 5):
 PSYoungGen      total 1352704K, used 1318527K [0x000000076ab00000, 0x00000007c0000000, 0x00000007c0000000)
  eden space 1307648K, 100% used [0x000000076ab00000,0x00000007ba800000,0x00000007ba800000)
  from space 45056K, 24% used [0x00000007bd400000,0x00000007bde9fe08,0x00000007c0000000)
  to   space 45056K, 0% used [0x00000007ba800000,0x00000007ba800000,0x00000007bd400000)
 ParOldGen       total 1650688K, used 1527552K [0x00000006c0000000, 0x0000000724c00000, 0x000000076ab00000)
  object space 1650688K, 92% used [0x00000006c0000000,0x000000071d3c0300,0x0000000724c00000)
 Metaspace       used 101950K, capacity 111556K, committed 111896K, reserved 1146880K
  class space    used 13028K, capacity 15050K, committed 15144K, reserved 1048576K
Event: 106026.432 GC heap after
Heap after GC invocations=7482 (full 5):
 PSYoungGen      total 1319936K, used 11999K [0x000000076ab00000, 0x00000007bff00000, 0x00000007c0000000)
  eden space 1307648K, 0% used [0x000000076ab00000,0x000000076ab00000,0x00000007ba800000)
  from space 12288K, 97% used [0x00000007ba800000,0x00000007bb3b7f88,0x00000007bb400000)
  to   space 44544K, 0% used [0x00000007bd380000,0x00000007bd380000,0x00000007bff00000)
 ParOldGen       total 1650688K, used 1527936K [0x00000006c0000000, 0x0000000724c00000, 0x000000076ab00000)
  object space 1650688K, 92% used [0x00000006c0000000,0x000000071d420300,0x0000000724c00000)
 Metaspace       used 101950K, capacity 111556K, committed 111896K, reserved 1146880K
  class space    used 13028K, capacity 15050K, committed 15144K, reserved 1048576K
}
Event: 106050.207 GC heap before
{Heap before GC invocations=7483 (full 5):
 PSYoungGen      total 1319936K, used 1319647K [0x000000076ab00000, 0x00000007bff00000, 0x00000007c0000000)
  eden space 1307648K, 100% used [0x000000076ab00000,0x00000007ba800000,0x00000007ba800000)
  from space 12288K, 97% used [0x00000007ba800000,0x00000007bb3b7f88,0x00000007bb400000)
  to   space 44544K, 0% used [0x00000007bd380000,0x00000007bd380000,0x00000007bff00000)
 ParOldGen       total 1650688K, used 1527936K [0x00000006c0000000, 0x0000000724c00000, 0x000000076ab00000)
  object space 1650688K, 92% used [0x00000006c0000000,0x000000071d420300,0x0000000724c00000)
 Metaspace       used 101950K, capacity 111556K, committed 111896K, reserved 1146880K
  class space    used 13028K, capacity 15050K, committed 15144K, reserved 1048576K
Event: 106050.232 GC heap after
Heap after GC invocations=7483 (full 5):
 PSYoungGen      total 1353216K, used 13023K [0x000000076ab00000, 0x00000007c0000000, 0x00000007c0000000)
  eden space 1308672K, 0% used [0x000000076ab00000,0x000000076ab00000,0x00000007ba900000)
  from space 44544K, 29% used [0x00000007bd380000,0x00000007be037e08,0x00000007bff00000)
  to   space 43520K, 0% used [0x00000007ba900000,0x00000007ba900000,0x00000007bd380000)
 ParOldGen       total 1650688K, used 1528176K [0x00000006c0000000, 0x0000000724c00000, 0x000000076ab00000)
  object space 1650688K, 92% used [0x00000006c0000000,0x000000071d45c300,0x0000000724c00000)
 Metaspace       used 101950K, capacity 111556K, committed 111896K, reserved 1146880K
  class space    used 13028K, capacity 15050K, committed 15144K, reserved 1048576K
}
Event: 106075.303 GC heap before
{Heap before GC invocations=7484 (full 5):
 PSYoungGen      total 1353216K, used 1321695K [0x000000076ab00000, 0x00000007c0000000, 0x00000007c0000000)
  eden space 1308672K, 100% used [0x000000076ab00000,0x00000007ba900000,0x00000007ba900000)
  from space 44544K, 29% used [0x00000007bd380000,0x00000007be037e08,0x00000007bff00000)
  to   space 43520K, 0% used [0x00000007ba900000,0x00000007ba900000,0x00000007bd380000)
 ParOldGen       total 1650688K, used 1528176K [0x00000006c0000000, 0x0000000724c00000, 0x000000076ab00000)
  object space 1650688K, 92% used [0x00000006c0000000,0x000000071d45c300,0x0000000724c00000)
 Metaspace       used 101951K, capacity 111556K, committed 111896K, reserved 1146880K
  class space    used 13028K, capacity 15050K, committed 15144K, reserved 1048576K
Event: 106075.327 GC heap after
Heap after GC invocations=7484 (full 5):
 PSYoungGen      total 1352192K, used 13183K [0x000000076ab00000, 0x00000007bfd00000, 0x00000007c0000000)
  eden space 1308672K, 0% used [0x000000076ab00000,0x000000076ab00000,0x00000007ba900000)
  from space 43520K, 30% used [0x00000007ba900000,0x00000007bb5dff88,0x00000007bd380000)
  to   space 42496K, 0% used [0x00000007bd380000,0x00000007bd380000,0x00000007bfd00000)
 ParOldGen       total 1650688K, used 1528256K [0x00000006c0000000, 0x0000000724c00000, 0x000000076ab00000)
  object space 1650688K, 92% used [0x00000006c0000000,0x000000071d470330,0x0000000724c00000)
 Metaspace       used 101951K, capacity 111556K, committed 111896K, reserved 1146880K
  class space    used 13028K, capacity 15050K, committed 15144K, reserved 1048576K
}
Event: 106099.556 GC heap before
{Heap before GC invocations=7485 (full 5):
 PSYoungGen      total 1352192K, used 1321855K [0x000000076ab00000, 0x00000007bfd00000, 0x00000007c0000000)
  eden space 1308672K, 100% used [0x000000076ab00000,0x00000007ba900000,0x00000007ba900000)
  from space 43520K, 30% used [0x00000007ba900000,0x00000007bb5dff88,0x00000007bd380000)
  to   space 42496K, 0% used [0x00000007bd380000,0x00000007bd380000,0x00000007bfd00000)
 ParOldGen       total 1650688K, used 1528256K [0x00000006c0000000, 0x0000000724c00000, 0x000000076ab00000)
  object space 1650688K, 92% used [0x00000006c0000000,0x000000071d470330,0x0000000724c00000)
 Metaspace       used 101951K, capacity 111556K, committed 111896K, reserved 1146880K
  class space    used 13028K, capacity 15050K, committed 15144K, reserved 1048576K
Event: 106099.581 GC heap after
Heap after GC invocations=7485 (full 5):
 PSYoungGen      total 1353216K, used 13599K [0x000000076ab00000, 0x00000007bfd00000, 0x00000007c0000000)
  eden space 1310720K, 0% used [0x000000076ab00000,0x000000076ab00000,0x00000007bab00000)
  from space 42496K, 32% used [0x00000007bd380000,0x00000007be0c7f88,0x00000007bfd00000)
  to   space 41472K, 0% used [0x00000007bab00000,0x00000007bab00000,0x00000007bd380000)
 ParOldGen       total 1650688K, used 1528312K [0x00000006c0000000, 0x0000000724c00000, 0x000000076ab00000)
  object space 1650688K, 92% used [0x00000006c0000000,0x000000071d47e330,0x0000000724c00000)
 Metaspace       used 101951K, capacity 111556K, committed 111896K, reserved 1146880K
  class space    used 13028K, capacity 15050K, committed 15144K, reserved 1048576K
}
Event: 106119.043 GC heap before
{Heap before GC invocations=7486 (full 5):
 PSYoungGen      total 1353216K, used 1324319K [0x000000076ab00000, 0x00000007bfd00000, 0x00000007c0000000)
  eden space 1310720K, 100% used [0x000000076ab00000,0x00000007bab00000,0x00000007bab00000)
  from space 42496K, 32% used [0x00000007bd380000,0x00000007be0c7f88,0x00000007bfd00000)
  to   space 41472K, 0% used [0x00000007bab00000,0x00000007bab00000,0x00000007bd380000)
 ParOldGen       total 1650688K, used 1528312K [0x00000006c0000000, 0x0000000724c00000, 0x000000076ab00000)
  object space 1650688K, 92% used [0x00000006c0000000,0x000000071d47e330,0x0000000724c00000)
 Metaspace       used 101951K, capacity 111556K, committed 111896K, reserved 1146880K
  class space    used 13028K, capacity 15050K, committed 15144K, reserved 1048576K
Event: 106119.075 GC heap after
Heap after GC invocations=7486 (full 5):
 PSYoungGen      total 1352192K, used 19583K [0x000000076ab00000, 0x00000007bfb00000, 0x00000007c0000000)
  eden space 1310720K, 0% used [0x000000076ab00000,0x000000076ab00000,0x00000007bab00000)
  from space 41472K, 47% used [0x00000007bab00000,0x00000007bbe1ff88,0x00000007bd380000)
  to   space 39424K, 0% used [0x00000007bd480000,0x00000007bd480000,0x00000007bfb00000)
 ParOldGen       total 1650688K, used 1528412K [0x00000006c0000000, 0x0000000724c00000, 0x000000076ab00000)
  object space 1650688K, 92% used [0x00000006c0000000,0x000000071d497378,0x0000000724c00000)
 Metaspace       used 101951K, capacity 111556K, committed 111896K, reserved 1146880K
  class space    used 13028K, capacity 15050K, committed 15144K, reserved 1048576K
}
Event: 106141.340 GC heap before
{Heap before GC invocations=7487 (full 5):
 PSYoungGen      total 1352192K, used 1330303K [0x000000076ab00000, 0x00000007bfb00000, 0x00000007c0000000)
  eden space 1310720K, 100% used [0x000000076ab00000,0x00000007bab00000,0x00000007bab00000)
  from space 41472K, 47% used [0x00000007bab00000,0x00000007bbe1ff88,0x00000007bd380000)
  to   space 39424K, 0% used [0x00000007bd480000,0x00000007bd480000,0x00000007bfb00000)
 ParOldGen       total 1650688K, used 1528412K [0x00000006c0000000, 0x0000000724c00000, 0x000000076ab00000)
  object space 1650688K, 92% used [0x00000006c0000000,0x000000071d497378,0x0000000724c00000)
 Metaspace       used 101951K, capacity 111556K, committed 111896K, reserved 1146880K
  class space    used 13028K, capacity 15050K, committed 15144K, reserved 1048576K
Event: 106141.370 GC heap after
Heap after GC invocations=7487 (full 5):
 PSYoungGen      total 1354240K, used 19423K [0x000000076ab00000, 0x00000007bfa00000, 0x00000007c0000000)
  eden space 1315840K, 0% used [0x000000076ab00000,0x000000076ab00000,0x00000007bb000000)
  from space 38400K, 50% used [0x00000007bd480000,0x00000007be777f88,0x00000007bfa00000)
  to   space 37376K, 0% used [0x00000007bb000000,0x00000007bb000000,0x00000007bd480000)
 ParOldGen       total 1650688K, used 1528540K [0x00000006c0000000, 0x0000000724c00000, 0x000000076ab00000)
  object space 1650688K, 92% used [0x00000006c0000000,0x000000071d4b7378,0x0000000724c00000)
 Metaspace       used 101951K, capacity 111556K, committed 111896K, reserved 1146880K
  class space    used 13028K, capacity 15050K, committed 15144K, reserved 1048576K
}
Event: 106159.864 GC heap before
{Heap before GC invocations=7488 (full 5):
 PSYoungGen      total 1354240K, used 1335263K [0x000000076ab00000, 0x00000007bfa00000, 0x00000007c0000000)
  eden space 1315840K, 100% used [0x000000076ab00000,0x00000007bb000000,0x00000007bb000000)
  from space 38400K, 50% used [0x00000007bd480000,0x00000007be777f88,0x00000007bfa00000)
  to   space 37376K, 0% used [0x00000007bb000000,0x00000007bb000000,0x00000007bd480000)
 ParOldGen       total 1650688K, used 1528540K [0x00000006c0000000, 0x0000000724c00000, 0x000000076ab00000)
  object space 1650688K, 92% used [0x00000006c0000000,0x000000071d4b7378,0x0000000724c00000)
 Metaspace       used 101951K, capacity 111556K, committed 111896K, reserved 1146880K
  class space    used 13028K, capacity 15050K, committed 15144K, reserved 1048576K
Event: 106159.894 GC heap after
Heap after GC invocations=7488 (full 5):
 PSYoungGen      total 1353216K, used 19551K [0x000000076ab00000, 0x00000007bfc00000, 0x00000007c0000000)
  eden space 1315840K, 0% used [0x000000076ab00000,0x000000076ab00000,0x00000007bb000000)
  from space 37376K, 52% used [0x00000007bb000000,0x00000007bc317f88,0x00000007bd480000)
  to   space 35840K, 0% used [0x00000007bd900000,0x00000007bd900000,0x00000007bfc00000)
 ParOldGen       total 1650688K, used 1528596K [0x00000006c0000000, 0x0000000724c00000, 0x000000076ab00000)
  object space 1650688K, 92% used [0x00000006c0000000,0x000000071d4c5378,0x0000000724c00000)
 Metaspace       used 101951K, capacity 111556K, committed 111896K, reserved 1146880K
  class space    used 13028K, capacity 15050K, committed 15144K, reserved 1048576K
}
Event: 106180.203 GC heap before
{Heap before GC invocations=7489 (full 5):
 PSYoungGen      total 1353216K, used 1335391K [0x000000076ab00000, 0x00000007bfc00000, 0x00000007c0000000)
  eden space 1315840K, 100% used [0x000000076ab00000,0x00000007bb000000,0x00000007bb000000)
  from space 37376K, 52% used [0x00000007bb000000,0x00000007bc317f88,0x00000007bd480000)
  to   space 35840K, 0% used [0x00000007bd900000,0x00000007bd900000,0x00000007bfc00000)
 ParOldGen       total 1650688K, used 1528596K [0x00000006c0000000, 0x0000000724c00000, 0x000000076ab00000)
  object space 1650688K, 92% used [0x00000006c0000000,0x000000071d4c5378,0x0000000724c00000)
 Metaspace       used 101951K, capacity 111556K, committed 111896K, reserved 1146880K
  class space    used 13028K, capacity 15050K, committed 15144K, reserved 1048576K
Event: 106180.232 GC heap after
Heap after GC invocations=7489 (full 5):
 PSYoungGen      total 1356800K, used 19615K [0x000000076ab00000, 0x00000007bfa00000, 0x00000007c0000000)
  eden space 1323008K, 0% used [0x000000076ab00000,0x000000076ab00000,0x00000007bb700000)
  from space 33792K, 58% used [0x00000007bd900000,0x00000007bec27f88,0x00000007bfa00000)
  to   space 34304K, 0% used [0x00000007bb700000,0x00000007bb700000,0x00000007bd880000)
 ParOldGen       total 1650688K, used 1528620K [0x00000006c0000000, 0x0000000724c00000, 0x000000076ab00000)
  object space 1650688K, 92% used [0x00000006c0000000,0x000000071d4cb378,0x0000000724c00000)
 Metaspace       used 101951K, capacity 111556K, committed 111896K, reserved 1146880K
  class space    used 13028K, capacity 15050K, committed 15144K, reserved 1048576K
}
Event: 106200.013 GC heap before
{Heap before GC invocations=7490 (full 5):
 PSYoungGen      total 1356800K, used 1342623K [0x000000076ab00000, 0x00000007bfa00000, 0x00000007c0000000)
  eden space 1323008K, 100% used [0x000000076ab00000,0x00000007bb700000,0x00000007bb700000)
  from space 33792K, 58% used [0x00000007bd900000,0x00000007bec27f88,0x00000007bfa00000)
  to   space 34304K, 0% used [0x00000007bb700000,0x00000007bb700000,0x00000007bd880000)
 ParOldGen       total 1650688K, used 1528620K [0x00000006c0000000, 0x0000000724c00000, 0x000000076ab00000)
  object space 1650688K, 92% used [0x00000006c0000000,0x000000071d4cb378,0x0000000724c00000)
 Metaspace       used 101951K, capacity 111556K, committed 111896K, reserved 1146880K
  class space    used 13028K, capacity 15050K, committed 15144K, reserved 1048576K
Event: 106200.041 GC heap after
Heap after GC invocations=7490 (full 5):
 PSYoungGen      total 1357312K, used 19807K [0x000000076ab00000, 0x00000007bfe80000, 0x00000007c0000000)
  eden space 1323008K, 0% used [0x000000076ab00000,0x000000076ab00000,0x00000007bb700000)
  from space 34304K, 57% used [0x00000007bb700000,0x00000007bca57f88,0x00000007bd880000)
  to   space 33280K, 0% used [0x00000007bde00000,0x00000007bde00000,0x00000007bfe80000)
 ParOldGen       total 1650688K, used 1528644K [0x00000006c0000000, 0x0000000724c00000, 0x000000076ab00000)
  object space 1650688K, 92% used [0x00000006c0000000,0x000000071d4d1378,0x0000000724c00000)
 Metaspace       used 101951K, capacity 111556K, committed 111896K, reserved 1146880K
  class space    used 13028K, capacity 15050K, committed 15144K, reserved 1048576K
}
Event: 106221.802 GC heap before
{Heap before GC invocations=7491 (full 5):
 PSYoungGen      total 1357312K, used 1342815K [0x000000076ab00000, 0x00000007bfe80000, 0x00000007c0000000)
  eden space 1323008K, 100% used [0x000000076ab00000,0x00000007bb700000,0x00000007bb700000)
  from space 34304K, 57% used [0x00000007bb700000,0x00000007bca57f88,0x00000007bd880000)
  to   space 33280K, 0% used [0x00000007bde00000,0x00000007bde00000,0x00000007bfe80000)
 ParOldGen       total 1650688K, used 1528644K [0x00000006c0000000, 0x0000000724c00000, 0x000000076ab00000)
  object space 1650688K, 92% used [0x00000006c0000000,0x000000071d4d1378,0x0000000724c00000)
 Metaspace       used 101952K, capacity 111556K, committed 111896K, reserved 1146880K
  class space    used 13028K, capacity 15050K, committed 15144K, reserved 1048576K
Event: 106221.831 GC heap after
Heap after GC invocations=7491 (full 5):
 PSYoungGen      total 1360896K, used 19711K [0x000000076ab00000, 0x00000007bfc00000, 0x00000007c0000000)
  eden space 1330176K, 0% used [0x000000076ab00000,0x000000076ab00000,0x00000007bbe00000)
  from space 30720K, 64% used [0x00000007bde00000,0x00000007bf13ff78,0x00000007bfc00000)
  to   space 31744K, 0% used [0x00000007bbe00000,0x00000007bbe00000,0x00000007bdd00000)
 ParOldGen       total 1650688K, used 1528716K [0x00000006c0000000, 0x0000000724c00000, 0x000000076ab00000)
  object space 1650688K, 92% used [0x00000006c0000000,0x000000071d4e3378,0x0000000724c00000)
 Metaspace       used 101952K, capacity 111556K, committed 111896K, reserved 1146880K
  class space    used 13028K, capacity 15050K, committed 15144K, reserved 1048576K
}
Event: 106243.106 GC heap before
{Heap before GC invocations=7492 (full 5):
 PSYoungGen      total 1360896K, used 1349887K [0x000000076ab00000, 0x00000007bfc00000, 0x00000007c0000000)
  eden space 1330176K, 100% used [0x000000076ab00000,0x00000007bbe00000,0x00000007bbe00000)
  from space 30720K, 64% used [0x00000007bde00000,0x00000007bf13ff78,0x00000007bfc00000)
  to   space 31744K, 0% used [0x00000007bbe00000,0x00000007bbe00000,0x00000007bdd00000)
 ParOldGen       total 1650688K, used 1528716K [0x00000006c0000000, 0x0000000724c00000, 0x000000076ab00000)
  object space 1650688K, 92% used [0x00000006c0000000,0x000000071d4e3378,0x0000000724c00000)
 Metaspace       used 101952K, capacity 111556K, committed 111896K, reserved 1146880K
  class space    used 13028K, capacity 15050K, committed 15144K, reserved 1048576K
Event: 106243.135 GC heap after
Heap after GC invocations=7492 (full 5):
 PSYoungGen      total 1361920K, used 19856K [0x000000076ab00000, 0x00000007bff00000, 0x00000007c0000000)
  eden space 1330176K, 0% used [0x000000076ab00000,0x000000076ab00000,0x00000007bbe00000)
  from space 31744K, 62% used [0x00000007bbe00000,0x00000007bd164278,0x00000007bdd00000)
  to   space 30720K, 0% used [0x00000007be100000,0x00000007be100000,0x00000007bff00000)
 ParOldGen       total 1650688K, used 1528904K [0x00000006c0000000, 0x0000000724c00000, 0x000000076ab00000)
  object space 1650688K, 92% used [0x00000006c0000000,0x000000071d512390,0x0000000724c00000)
 Metaspace       used 101952K, capacity 111556K, committed 111896K, reserved 1146880K
  class space    used 13028K, capacity 15050K, committed 15144K, reserved 1048576K
}
Event: 106265.404 GC heap before
{Heap before GC invocations=7493 (full 5):
 PSYoungGen      total 1361920K, used 1350032K [0x000000076ab00000, 0x00000007bff00000, 0x00000007c0000000)
  eden space 1330176K, 100% used [0x000000076ab00000,0x00000007bbe00000,0x00000007bbe00000)
  from space 31744K, 62% used [0x00000007bbe00000,0x00000007bd164278,0x00000007bdd00000)
  to   space 30720K, 0% used [0x00000007be100000,0x00000007be100000,0x00000007bff00000)
 ParOldGen       total 1650688K, used 1528904K [0x00000006c0000000, 0x0000000724c00000, 0x000000076ab00000)
  object space 1650688K, 92% used [0x00000006c0000000,0x000000071d512390,0x0000000724c00000)
 Metaspace       used 101952K, capacity 111556K, committed 111896K, reserved 1146880K
  class space    used 13028K, capacity 15050K, committed 15144K, reserved 1048576K
Event: 106265.434 GC heap after
Heap after GC invocations=7493 (full 5):
 PSYoungGen      total 1363968K, used 19312K [0x000000076ab00000, 0x00000007bfd00000, 0x00000007c0000000)
  eden space 1335296K, 0% used [0x000000076ab00000,0x000000076ab00000,0x00000007bc300000)
  from space 28672K, 67% used [0x00000007be100000,0x00000007bf3dc1b8,0x00000007bfd00000)
  to   space 29696K, 0% used [0x00000007bc300000,0x00000007bc300000,0x00000007be000000)
 ParOldGen       total 1650688K, used 1529532K [0x00000006c0000000, 0x0000000724c00000, 0x000000076ab00000)
  object space 1650688K, 92% used [0x00000006c0000000,0x000000071d5af3a8,0x0000000724c00000)
 Metaspace       used 101952K, capacity 111556K, committed 111896K, reserved 1146880K
  class space    used 13028K, capacity 15050K, committed 15144K, reserved 1048576K
}
Event: 106286.677 GC heap before
{Heap before GC invocations=7494 (full 5):
 PSYoungGen      total 1363968K, used 1354608K [0x000000076ab00000, 0x00000007bfd00000, 0x00000007c0000000)
  eden space 1335296K, 100% used [0x000000076ab00000,0x00000007bc300000,0x00000007bc300000)
  from space 28672K, 67% used [0x00000007be100000,0x00000007bf3dc1b8,0x00000007bfd00000)
  to   space 29696K, 0% used [0x00000007bc300000,0x00000007bc300000,0x00000007be000000)
 ParOldGen       total 1650688K, used 1529532K [0x00000006c0000000, 0x0000000724c00000, 0x000000076ab00000)
  object space 1650688K, 92% used [0x00000006c0000000,0x000000071d5af3a8,0x0000000724c00000)
 Metaspace       used 101953K, capacity 111556K, committed 111896K, reserved 1146880K
  class space    used 13028K, capacity 15050K, committed 15144K, reserved 1048576K
Event: 106286.707 GC heap after
Heap after GC invocations=7494 (full 5):
 PSYoungGen      total 1364992K, used 19743K [0x000000076ab00000, 0x00000007bff00000, 0x00000007c0000000)
  eden space 1335296K, 0% used [0x000000076ab00000,0x000000076ab00000,0x00000007bc300000)
  from space 29696K, 66% used [0x00000007bc300000,0x00000007bd647fa0,0x00000007be000000)
  to   space 28672K, 0% used [0x00000007be300000,0x00000007be300000,0x00000007bff00000)
 ParOldGen       total 1650688K, used 1529708K [0x00000006c0000000, 0x0000000724c00000, 0x000000076ab00000)
  object space 1650688K, 92% used [0x00000006c0000000,0x000000071d5db3a8,0x0000000724c00000)
 Metaspace       used 101953K, capacity 111556K, committed 111896K, reserved 1146880K
  class space    used 13028K, capacity 15050K, committed 15144K, reserved 1048576K
}
Event: 106307.835 GC heap before
{Heap before GC invocations=7495 (full 5):
 PSYoungGen      total 1364992K, used 1355039K [0x000000076ab00000, 0x00000007bff00000, 0x00000007c0000000)
  eden space 1335296K, 100% used [0x000000076ab00000,0x00000007bc300000,0x00000007bc300000)
  from space 29696K, 66% used [0x00000007bc300000,0x00000007bd647fa0,0x00000007be000000)
  to   space 28672K, 0% used [0x00000007be300000,0x00000007be300000,0x00000007bff00000)
 ParOldGen       total 1650688K, used 1529708K [0x00000006c0000000, 0x0000000724c00000, 0x000000076ab00000)
  object space 1650688K, 92% used [0x00000006c0000000,0x000000071d5db3a8,0x0000000724c00000)
 Metaspace       used 101953K, capacity 111556K, committed 111896K, reserved 1146880K
  class space    used 13028K, capacity 15050K, committed 15144K, reserved 1048576K
Event: 106307.865 GC heap after
Heap after GC invocations=7495 (full 5):
 PSYoungGen      total 1367040K, used 19327K [0x000000076ab00000, 0x00000007bfe00000, 0x00000007c0000000)
  eden space 1339392K, 0% used [0x000000076ab00000,0x000000076ab00000,0x00000007bc700000)
  from space 27648K, 69% used [0x00000007be300000,0x00000007bf5dfe08,0x00000007bfe00000)
  to   space 28160K, 0% used [0x00000007bc700000,0x00000007bc700000,0x00000007be280000)
 ParOldGen       total 1650688K, used 1529836K [0x00000006c0000000, 0x0000000724c00000, 0x000000076ab00000)
  object space 1650688K, 92% used [0x00000006c0000000,0x000000071d5fb3a8,0x0000000724c00000)
 Metaspace       used 101953K, capacity 111556K, committed 111896K, reserved 1146880K
  class space    used 13028K, capacity 15050K, committed 15144K, reserved 1048576K
}
Event: 106329.807 GC heap before
{Heap before GC invocations=7496 (full 5):
 PSYoungGen      total 1367040K, used 1358719K [0x000000076ab00000, 0x00000007bfe00000, 0x00000007c0000000)
  eden space 1339392K, 100% used [0x000000076ab00000,0x00000007bc700000,0x00000007bc700000)
  from space 27648K, 69% used [0x00000007be300000,0x00000007bf5dfe08,0x00000007bfe00000)
  to   space 28160K, 0% used [0x00000007bc700000,0x00000007bc700000,0x00000007be280000)
 ParOldGen       total 1650688K, used 1529836K [0x00000006c0000000, 0x0000000724c00000, 0x000000076ab00000)
  object space 1650688K, 92% used [0x00000006c0000000,0x000000071d5fb3a8,0x0000000724c00000)
 Metaspace       used 101953K, capacity 111556K, committed 111896K, reserved 1146880K
  class space    used 13028K, capacity 15050K, committed 15144K, reserved 1048576K
Event: 106329.837 GC heap after
Heap after GC invocations=7496 (full 5):
 PSYoungGen      total 1367552K, used 17279K [0x000000076ab00000, 0x00000007bff80000, 0x00000007c0000000)
  eden space 1339392K, 0% used [0x000000076ab00000,0x000000076ab00000,0x00000007bc700000)
  from space 28160K, 61% used [0x00000007bc700000,0x00000007bd7dfdf8,0x00000007be280000)
  to   space 27648K, 0% used [0x00000007be480000,0x00000007be480000,0x00000007bff80000)
 ParOldGen       total 1650688K, used 1532180K [0x00000006c0000000, 0x0000000724c00000, 0x000000076ab00000)
  object space 1650688K, 92% used [0x00000006c0000000,0x000000071d8453a8,0x0000000724c00000)
 Metaspace       used 101953K, capacity 111556K, committed 111896K, reserved 1146880K
  class space    used 13028K, capacity 15050K, committed 15144K, reserved 1048576K
}
Event: 106351.800 GC heap before
{Heap before GC invocations=7497 (full 5):
 PSYoungGen      total 1367552K, used 1356671K [0x000000076ab00000, 0x00000007bff80000, 0x00000007c0000000)
  eden space 1339392K, 100% used [0x000000076ab00000,0x00000007bc700000,0x00000007bc700000)
  from space 28160K, 61% used [0x00000007bc700000,0x00000007bd7dfdf8,0x00000007be280000)
  to   space 27648K, 0% used [0x00000007be480000,0x00000007be480000,0x00000007bff80000)
 ParOldGen       total 1650688K, used 1532180K [0x00000006c0000000, 0x0000000724c00000, 0x000000076ab00000)
  object space 1650688K, 92% used [0x00000006c0000000,0x000000071d8453a8,0x0000000724c00000)
 Metaspace       used 101953K, capacity 111556K, committed 111896K, reserved 1146880K
  class space    used 13028K, capacity 15050K, committed 15144K, reserved 1048576K
Event: 106351.829 GC heap after
Heap after GC invocations=7497 (full 5):
 PSYoungGen      total 1368576K, used 15871K [0x000000076ab00000, 0x00000007bfe80000, 0x00000007c0000000)
  eden space 1341952K, 0% used [0x000000076ab00000,0x000000076ab00000,0x00000007bc980000)
  from space 26624K, 59% used [0x00000007be480000,0x00000007bf3fff78,0x00000007bfe80000)
  to   space 27136K, 0% used [0x00000007bc980000,0x00000007bc980000,0x00000007be400000)
 ParOldGen       total 1650688K, used 1533549K [0x00000006c0000000, 0x0000000724c00000, 0x000000076ab00000)
  object space 1650688K, 92% used [0x00000006c0000000,0x000000071d99b438,0x0000000724c00000)
 Metaspace       used 101953K, capacity 111556K, committed 111896K, reserved 1146880K
  class space    used 13028K, capacity 15050K, committed 15144K, reserved 1048576K
}
Event: 106373.621 GC heap before
{Heap before GC invocations=7498 (full 5):
 PSYoungGen      total 1368576K, used 1357823K [0x000000076ab00000, 0x00000007bfe80000, 0x00000007c0000000)
  eden space 1341952K, 100% used [0x000000076ab00000,0x00000007bc980000,0x00000007bc980000)
  from space 26624K, 59% used [0x00000007be480000,0x00000007bf3fff78,0x00000007bfe80000)
  to   space 27136K, 0% used [0x00000007bc980000,0x00000007bc980000,0x00000007be400000)
 ParOldGen       total 1650688K, used 1533549K [0x00000006c0000000, 0x0000000724c00000, 0x000000076ab00000)
  object space 1650688K, 92% used [0x00000006c0000000,0x000000071d99b438,0x0000000724c00000)
 Metaspace       used 101953K, capacity 111556K, committed 111896K, reserved 1146880K
  class space    used 13028K, capacity 15050K, committed 15144K, reserved 1048576K
Event: 106373.655 GC heap after
Heap after GC invocations=7498 (full 5):
 PSYoungGen      total 1369088K, used 13663K [0x000000076ab00000, 0x00000007c0000000, 0x00000007c0000000)
  eden space 1341952K, 0% used [0x000000076ab00000,0x000000076ab00000,0x00000007bc980000)
  from space 27136K, 50% used [0x00000007bc980000,0x00000007bd6d7f88,0x00000007be400000)
  to   space 27136K, 0% used [0x00000007be580000,0x00000007be580000,0x00000007c0000000)
 ParOldGen       total 1650688K, used 1536045K [0x00000006c0000000, 0x0000000724c00000, 0x000000076ab00000)
  object space 1650688K, 93% used [0x00000006c0000000,0x000000071dc0b438,0x0000000724c00000)
 Metaspace       used 101953K, capacity 111556K, committed 111896K, reserved 1146880K
  class space    used 13028K, capacity 15050K, committed 15144K, reserved 1048576K
}
Event: 106395.836 GC heap before
{Heap before GC invocations=7499 (full 5):
 PSYoungGen      total 1369088K, used 1355615K [0x000000076ab00000, 0x00000007c0000000, 0x00000007c0000000)
  eden space 1341952K, 100% used [0x000000076ab00000,0x00000007bc980000,0x00000007bc980000)
  from space 27136K, 50% used [0x00000007bc980000,0x00000007bd6d7f88,0x00000007be400000)
  to   space 27136K, 0% used [0x00000007be580000,0x00000007be580000,0x00000007c0000000)
 ParOldGen       total 1650688K, used 1536045K [0x00000006c0000000, 0x0000000724c00000, 0x000000076ab00000)
  object space 1650688K, 93% used [0x00000006c0000000,0x000000071dc0b438,0x0000000724c00000)
 Metaspace       used 101953K, capacity 111556K, committed 111896K, reserved 1146880K
  class space    used 13028K, capacity 15050K, committed 15144K, reserved 1048576K
Event: 106395.861 GC heap after
Heap after GC invocations=7499 (full 5):
 PSYoungGen      total 1370624K, used 13375K [0x000000076ab00000, 0x00000007c0000000, 0x00000007c0000000)
  eden space 1343488K, 0% used [0x000000076ab00000,0x000000076ab00000,0x00000007bcb00000)
  from space 27136K, 49% used [0x00000007be580000,0x00000007bf28ff88,0x00000007c0000000)
  to   space 27136K, 0% used [0x00000007bcb00000,0x00000007bcb00000,0x00000007be580000)
 ParOldGen       total 1650688K, used 1536469K [0x00000006c0000000, 0x0000000724c00000, 0x000000076ab00000)
  object space 1650688K, 93% used [0x00000006c0000000,0x000000071dc75438,0x0000000724c00000)
 Metaspace       used 101953K, capacity 111556K, committed 111896K, reserved 1146880K
  class space    used 13028K, capacity 15050K, committed 15144K, reserved 1048576K
}
Event: 106416.212 GC heap before
{Heap before GC invocations=7500 (full 5):
 PSYoungGen      total 1370624K, used 1356863K [0x000000076ab00000, 0x00000007c0000000, 0x00000007c0000000)
  eden space 1343488K, 99% used [0x000000076ab00000,0x00000007bcaffd18,0x00000007bcb00000)
  from space 27136K, 49% used [0x00000007be580000,0x00000007bf28ff88,0x00000007c0000000)
  to   space 27136K, 0% used [0x00000007bcb00000,0x00000007bcb00000,0x00000007be580000)
 ParOldGen       total 1650688K, used 1536469K [0x00000006c0000000, 0x0000000724c00000, 0x000000076ab00000)
  object space 1650688K, 93% used [0x00000006c0000000,0x000000071dc75438,0x0000000724c00000)
 Metaspace       used 101953K, capacity 111556K, committed 111896K, reserved 1146880K
  class space    used 13028K, capacity 15050K, committed 15144K, reserved 1048576K
Event: 106416.239 GC heap after
Heap after GC invocations=7500 (full 5):
 PSYoungGen      total 1370624K, used 13743K [0x000000076ab00000, 0x00000007c0000000, 0x00000007c0000000)
  eden space 1343488K, 0% used [0x000000076ab00000,0x000000076ab00000,0x00000007bcb00000)
  from space 27136K, 50% used [0x00000007bcb00000,0x00000007bd86bf90,0x00000007be580000)
  to   space 27136K, 0% used [0x00000007be580000,0x00000007be580000,0x00000007c0000000)
 ParOldGen       total 1650688K, used 1536581K [0x00000006c0000000, 0x0000000724c00000, 0x000000076ab00000)
  object space 1650688K, 93% used [0x00000006c0000000,0x000000071dc91438,0x0000000724c00000)
 Metaspace       used 101953K, capacity 111556K, committed 111896K, reserved 1146880K
  class space    used 13028K, capacity 15050K, committed 15144K, reserved 1048576K
}
Event: 106460.119 GC heap before
{Heap before GC invocations=7501 (full 5):
 PSYoungGen      total 1370624K, used 1357231K [0x000000076ab00000, 0x00000007c0000000, 0x00000007c0000000)
  eden space 1343488K, 100% used [0x000000076ab00000,0x00000007bcb00000,0x00000007bcb00000)
  from space 27136K, 50% used [0x00000007bcb00000,0x00000007bd86bf90,0x00000007be580000)
  to   space 27136K, 0% used [0x00000007be580000,0x00000007be580000,0x00000007c0000000)
 ParOldGen       total 1650688K, used 1536581K [0x00000006c0000000, 0x0000000724c00000, 0x000000076ab00000)
  object space 1650688K, 93% used [0x00000006c0000000,0x000000071dc91438,0x0000000724c00000)
 Metaspace       used 101953K, capacity 111556K, committed 111896K, reserved 1146880K
  class space    used 13028K, capacity 15050K, committed 15144K, reserved 1048576K
Event: 106460.148 GC heap after
Heap after GC invocations=7501 (full 5):
 PSYoungGen      total 1369600K, used 7807K [0x000000076ab00000, 0x00000007c0000000, 0x00000007c0000000)
  eden space 1342464K, 0% used [0x000000076ab00000,0x000000076ab00000,0x00000007bca00000)
  from space 27136K, 28% used [0x00000007be580000,0x00000007bed1ff68,0x00000007c0000000)
  to   space 27648K, 0% used [0x00000007bca00000,0x00000007bca00000,0x00000007be500000)
 ParOldGen       total 1650688K, used 1542445K [0x00000006c0000000, 0x0000000724c00000, 0x000000076ab00000)
  object space 1650688K, 93% used [0x00000006c0000000,0x000000071e24b468,0x0000000724c00000)
 Metaspace       used 101953K, capacity 111556K, committed 111896K, reserved 1146880K
  class space    used 13028K, capacity 15050K, committed 15144K, reserved 1048576K
}
Event: 106505.596 GC heap before
{Heap before GC invocations=7502 (full 5):
 PSYoungGen      total 1369600K, used 1350271K [0x000000076ab00000, 0x00000007c0000000, 0x00000007c0000000)
  eden space 1342464K, 100% used [0x000000076ab00000,0x00000007bca00000,0x00000007bca00000)
  from space 27136K, 28% used [0x00000007be580000,0x00000007bed1ff68,0x00000007c0000000)
  to   space 27648K, 0% used [0x00000007bca00000,0x00000007bca00000,0x00000007be500000)
 ParOldGen       total 1650688K, used 1542445K [0x00000006c0000000, 0x0000000724c00000, 0x000000076ab00000)
  object space 1650688K, 93% used [0x00000006c0000000,0x000000071e24b468,0x0000000724c00000)
 Metaspace       used 101953K, capacity 111556K, committed 111896K, reserved 1146880K
  class space    used 13028K, capacity 15050K, committed 15144K, reserved 1048576K
Event: 106505.618 GC heap after
Heap after GC invocations=7502 (full 5):
 PSYoungGen      total 1349632K, used 7071K [0x000000076ab00000, 0x00000007c0000000, 0x00000007c0000000)
  eden space 1342464K, 0% used [0x000000076ab00000,0x000000076ab00000,0x00000007bca00000)
  from space 7168K, 98% used [0x00000007bca00000,0x00000007bd0e7f78,0x00000007bd100000)
  to   space 28160K, 0% used [0x00000007be480000,0x00000007be480000,0x00000007c0000000)
 ParOldGen       total 1650688K, used 1543101K [0x00000006c0000000, 0x0000000724c00000, 0x000000076ab00000)
  object space 1650688K, 93% used [0x00000006c0000000,0x000000071e2ef468,0x0000000724c00000)
 Metaspace       used 101953K, capacity 111556K, committed 111896K, reserved 1146880K
  class space    used 13028K, capacity 15050K, committed 15144K, reserved 1048576K
}
Event: 106545.105 GC heap before
{Heap before GC invocations=7503 (full 5):
 PSYoungGen      total 1349632K, used 1349535K [0x000000076ab00000, 0x00000007c0000000, 0x00000007c0000000)
  eden space 1342464K, 100% used [0x000000076ab00000,0x00000007bca00000,0x00000007bca00000)
  from space 7168K, 98% used [0x00000007bca00000,0x00000007bd0e7f78,0x00000007bd100000)
  to   space 28160K, 0% used [0x00000007be480000,0x00000007be480000,0x00000007c0000000)
 ParOldGen       total 1650688K, used 1543101K [0x00000006c0000000, 0x0000000724c00000, 0x000000076ab00000)
  object space 1650688K, 93% used [0x00000006c0000000,0x000000071e2ef468,0x0000000724c00000)
 Metaspace       used 101953K, capacity 111556K, committed 111896K, reserved 1146880K
  class space    used 13028K, capacity 15050K, committed 15144K, reserved 1048576K
Event: 106545.126 GC heap after
Heap after GC invocations=7503 (full 5):
 PSYoungGen      total 1368576K, used 6960K [0x000000076ab00000, 0x00000007c0000000, 0x00000007c0000000)
  eden space 1340416K, 0% used [0x000000076ab00000,0x000000076ab00000,0x00000007bc800000)
  from space 28160K, 24% used [0x00000007be480000,0x00000007beb4c3e8,0x00000007c0000000)
  to   space 28672K, 0% used [0x00000007bc800000,0x00000007bc800000,0x00000007be400000)
 ParOldGen       total 1650688K, used 1543453K [0x00000006c0000000, 0x0000000724c00000, 0x000000076ab00000)
  object space 1650688K, 93% used [0x00000006c0000000,0x000000071e347468,0x0000000724c00000)
 Metaspace       used 101953K, capacity 111556K, committed 111896K, reserved 1146880K
  class space    used 13028K, capacity 15050K, committed 15144K, reserved 1048576K
}
Event: 106588.533 GC heap before
{Heap before GC invocations=7504 (full 5):
 PSYoungGen      total 1368576K, used 1347376K [0x000000076ab00000, 0x00000007c0000000, 0x00000007c0000000)
  eden space 1340416K, 100% used [0x000000076ab00000,0x00000007bc800000,0x00000007bc800000)
  from space 28160K, 24% used [0x00000007be480000,0x00000007beb4c3e8,0x00000007c0000000)
  to   space 28672K, 0% used [0x00000007bc800000,0x00000007bc800000,0x00000007be400000)
 ParOldGen       total 1650688K, used 1543453K [0x00000006c0000000, 0x0000000724c00000, 0x000000076ab00000)
  object space 1650688K, 93% used [0x00000006c0000000,0x000000071e347468,0x0000000724c00000)
 Metaspace       used 101953K, capacity 111556K, committed 111896K, reserved 1146880K
  class space    used 13028K, capacity 15050K, committed 15144K, reserved 1048576K
Event: 106588.553 GC heap after
Heap after GC invocations=7504 (full 5):
 PSYoungGen      total 1369088K, used 6943K [0x000000076ab00000, 0x00000007bff80000, 0x00000007c0000000)
  eden space 1340416K, 0% used [0x000000076ab00000,0x000000076ab00000,0x00000007bc800000)
  from space 28672K, 24% used [0x00000007bc800000,0x00000007bcec7f88,0x00000007be400000)
  to   space 28160K, 0% used [0x00000007be400000,0x00000007be400000,0x00000007bff80000)
 ParOldGen       total 1650688K, used 1543541K [0x00000006c0000000, 0x0000000724c00000, 0x000000076ab00000)
  object space 1650688K, 93% used [0x00000006c0000000,0x000000071e35d468,0x0000000724c00000)
 Metaspace       used 101953K, capacity 111556K, committed 111896K, reserved 1146880K
  class space    used 13028K, capacity 15050K, committed 15144K, reserved 1048576K
}
Event: 106633.043 GC heap before
{Heap before GC invocations=7505 (full 5):
 PSYoungGen      total 1369088K, used 1347359K [0x000000076ab00000, 0x00000007bff80000, 0x00000007c0000000)
  eden space 1340416K, 100% used [0x000000076ab00000,0x00000007bc800000,0x00000007bc800000)
  from space 28672K, 24% used [0x00000007bc800000,0x00000007bcec7f88,0x00000007be400000)
  to   space 28160K, 0% used [0x00000007be400000,0x00000007be400000,0x00000007bff80000)
 ParOldGen       total 1650688K, used 1543541K [0x00000006c0000000, 0x0000000724c00000, 0x000000076ab00000)
  object space 1650688K, 93% used [0x00000006c0000000,0x000000071e35d468,0x0000000724c00000)
 Metaspace       used 101953K, capacity 111556K, committed 111896K, reserved 1146880K
  class space    used 13028K, capacity 15050K, committed 15144K, reserved 1048576K
Event: 106633.063 GC heap after
Heap after GC invocations=7505 (full 5):
 PSYoungGen      total 1369088K, used 6911K [0x000000076ab00000, 0x00000007bff80000, 0x00000007c0000000)
  eden space 1340928K, 0% used [0x000000076ab00000,0x000000076ab00000,0x00000007bc880000)
  from space 28160K, 24% used [0x00000007be400000,0x00000007beabff88,0x00000007bff80000)
  to   space 28160K, 0% used [0x00000007bc880000,0x00000007bc880000,0x00000007be400000)
 ParOldGen       total 1650688K, used 1543701K [0x00000006c0000000, 0x0000000724c00000, 0x000000076ab00000)
  object space 1650688K, 93% used [0x00000006c0000000,0x000000071e385468,0x0000000724c00000)
 Metaspace       used 101953K, capacity 111556K, committed 111896K, reserved 1146880K
  class space    used 13028K, capacity 15050K, committed 15144K, reserved 1048576K
}
Event: 106676.902 GC heap before
{Heap before GC invocations=7506 (full 5):
 PSYoungGen      total 1369088K, used 1347839K [0x000000076ab00000, 0x00000007bff80000, 0x00000007c0000000)
  eden space 1340928K, 100% used [0x000000076ab00000,0x00000007bc880000,0x00000007bc880000)
  from space 28160K, 24% used [0x00000007be400000,0x00000007beabff88,0x00000007bff80000)
  to   space 28160K, 0% used [0x00000007bc880000,0x00000007bc880000,0x00000007be400000)
 ParOldGen       total 1650688K, used 1543701K [0x00000006c0000000, 0x0000000724c00000, 0x000000076ab00000)
  object space 1650688K, 93% used [0x00000006c0000000,0x000000071e385468,0x0000000724c00000)
 Metaspace       used 101953K, capacity 111556K, committed 111896K, reserved 1146880K
  class space    used 13028K, capacity 15050K, committed 15144K, reserved 1048576K
Event: 106676.922 GC heap after
Heap after GC invocations=7506 (full 5):
 PSYoungGen      total 1369088K, used 6783K [0x000000076ab00000, 0x00000007bff00000, 0x00000007c0000000)
  eden space 1340928K, 0% used [0x000000076ab00000,0x000000076ab00000,0x00000007bc880000)
  from space 28160K, 24% used [0x00000007bc880000,0x00000007bcf1fe08,0x00000007be400000)
  to   space 27648K, 0% used [0x00000007be400000,0x00000007be400000,0x00000007bff00000)
 ParOldGen       total 1650688K, used 1543861K [0x00000006c0000000, 0x0000000724c00000, 0x000000076ab00000)
  object space 1650688K, 93% used [0x00000006c0000000,0x000000071e3ad468,0x0000000724c00000)
 Metaspace       used 101953K, capacity 111556K, committed 111896K, reserved 1146880K
  class space    used 13028K, capacity 15050K, committed 15144K, reserved 1048576K
}
Event: 106720.610 GC heap before
{Heap before GC invocations=7507 (full 5):
 PSYoungGen      total 1369088K, used 1347711K [0x000000076ab00000, 0x00000007bff00000, 0x00000007c0000000)
  eden space 1340928K, 100% used [0x000000076ab00000,0x00000007bc880000,0x00000007bc880000)
  from space 28160K, 24% used [0x00000007bc880000,0x00000007bcf1fe08,0x00000007be400000)
  to   space 27648K, 0% used [0x00000007be400000,0x00000007be400000,0x00000007bff00000)
 ParOldGen       total 1650688K, used 1543861K [0x00000006c0000000, 0x0000000724c00000, 0x000000076ab00000)
  object space 1650688K, 93% used [0x00000006c0000000,0x000000071e3ad468,0x0000000724c00000)
 Metaspace       used 101953K, capacity 111556K, committed 111896K, reserved 1146880K
  class space    used 13028K, capacity 15050K, committed 15144K, reserved 1048576K
Event: 106720.629 GC heap after
Heap after GC invocations=7507 (full 5):
 PSYoungGen      total 1369088K, used 6719K [0x000000076ab00000, 0x00000007bfe80000, 0x00000007c0000000)
  eden space 1341952K, 0% used [0x000000076ab00000,0x000000076ab00000,0x00000007bc980000)
  from space 27136K, 24% used [0x00000007be400000,0x00000007bea8fe08,0x00000007bfe80000)
  to   space 27136K, 0% used [0x00000007bc980000,0x00000007bc980000,0x00000007be400000)
 ParOldGen       total 1650688K, used 1543989K [0x00000006c0000000, 0x0000000724c00000, 0x000000076ab00000)
  object space 1650688K, 93% used [0x00000006c0000000,0x000000071e3cd468,0x0000000724c00000)
 Metaspace       used 101953K, capacity 111556K, committed 111896K, reserved 1146880K
  class space    used 13028K, capacity 15050K, committed 15144K, reserved 1048576K
}
Event: 106765.267 GC heap before
{Heap before GC invocations=7508 (full 5):
 PSYoungGen      total 1369088K, used 1348671K [0x000000076ab00000, 0x00000007bfe80000, 0x00000007c0000000)
  eden space 1341952K, 100% used [0x000000076ab00000,0x00000007bc980000,0x00000007bc980000)
  from space 27136K, 24% used [0x00000007be400000,0x00000007bea8fe08,0x00000007bfe80000)
  to   space 27136K, 0% used [0x00000007bc980000,0x00000007bc980000,0x00000007be400000)
 ParOldGen       total 1650688K, used 1543989K [0x00000006c0000000, 0x0000000724c00000, 0x000000076ab00000)
  object space 1650688K, 93% used [0x00000006c0000000,0x000000071e3cd468,0x0000000724c00000)
 Metaspace       used 101953K, capacity 111556K, committed 111896K, reserved 1146880K
  class space    used 13028K, capacity 15050K, committed 15144K, reserved 1048576K
Event: 106765.287 GC heap after
Heap after GC invocations=7508 (full 5):
 PSYoungGen      total 1369088K, used 6655K [0x000000076ab00000, 0x00000007bff00000, 0x00000007c0000000)
  eden space 1341952K, 0% used [0x000000076ab00000,0x000000076ab00000,0x00000007bc980000)
  from space 27136K, 24% used [0x00000007bc980000,0x00000007bcffff88,0x00000007be400000)
  to   space 26624K, 0% used [0x00000007be500000,0x00000007be500000,0x00000007bff00000)
 ParOldGen       total 1650688K, used 1544069K [0x00000006c0000000, 0x0000000724c00000, 0x000000076ab00000)
  object space 1650688K, 93% used [0x00000006c0000000,0x000000071e3e1468,0x0000000724c00000)
 Metaspace       used 101953K, capacity 111556K, committed 111896K, reserved 1146880K
  class space    used 13028K, capacity 15050K, committed 15144K, reserved 1048576K
}
Event: 106808.480 GC heap before
{Heap before GC invocations=7509 (full 5):
 PSYoungGen      total 1369088K, used 1348607K [0x000000076ab00000, 0x00000007bff00000, 0x00000007c0000000)
  eden space 1341952K, 100% used [0x000000076ab00000,0x00000007bc980000,0x00000007bc980000)
  from space 27136K, 24% used [0x00000007bc980000,0x00000007bcffff88,0x00000007be400000)
  to   space 26624K, 0% used [0x00000007be500000,0x00000007be500000,0x00000007bff00000)
 ParOldGen       total 1650688K, used 1544069K [0x00000006c0000000, 0x0000000724c00000, 0x000000076ab00000)
  object space 1650688K, 93% used [0x00000006c0000000,0x000000071e3e1468,0x0000000724c00000)
 Metaspace       used 101953K, capacity 111556K, committed 111896K, reserved 1146880K
  class space    used 13028K, capacity 15050K, committed 15144K, reserved 1048576K
Event: 106808.499 GC heap after
Heap after GC invocations=7509 (full 5):
 PSYoungGen      total 1370112K, used 6559K [0x000000076ab00000, 0x00000007bfe80000, 0x00000007c0000000)
  eden space 1344000K, 0% used [0x000000076ab00000,0x000000076ab00000,0x00000007bcb80000)
  from space 26112K, 25% used [0x00000007be500000,0x00000007beb67f88,0x00000007bfe80000)
  to   space 26112K, 0% used [0x00000007bcb80000,0x00000007bcb80000,0x00000007be500000)
 ParOldGen       total 1650688K, used 1544189K [0x00000006c0000000, 0x0000000724c00000, 0x000000076ab00000)
  object space 1650688K, 93% used [0x00000006c0000000,0x000000071e3ff468,0x0000000724c00000)
 Metaspace       used 101953K, capacity 111556K, committed 111896K, reserved 1146880K
  class space    used 13028K, capacity 15050K, committed 15144K, reserved 1048576K
}
Event: 106850.553 GC heap before
{Heap before GC invocations=7510 (full 5):
 PSYoungGen      total 1370112K, used 1350559K [0x000000076ab00000, 0x00000007bfe80000, 0x00000007c0000000)
  eden space 1344000K, 100% used [0x000000076ab00000,0x00000007bcb80000,0x00000007bcb80000)
  from space 26112K, 25% used [0x00000007be500000,0x00000007beb67f88,0x00000007bfe80000)
  to   space 26112K, 0% used [0x00000007bcb80000,0x00000007bcb80000,0x00000007be500000)
 ParOldGen       total 1650688K, used 1544189K [0x00000006c0000000, 0x0000000724c00000, 0x000000076ab00000)
  object space 1650688K, 93% used [0x00000006c0000000,0x000000071e3ff468,0x0000000724c00000)
 Metaspace       used 101954K, capacity 111556K, committed 111896K, reserved 1146880K
  class space    used 13028K, capacity 15050K, committed 15144K, reserved 1048576K
Event: 106850.573 GC heap after
Heap after GC invocations=7510 (full 5):
 PSYoungGen      total 1370112K, used 6560K [0x000000076ab00000, 0x00000007bfe00000, 0x00000007c0000000)
  eden space 1344000K, 0% used [0x000000076ab00000,0x000000076ab00000,0x00000007bcb80000)
  from space 26112K, 25% used [0x00000007bcb80000,0x00000007bd1e8108,0x00000007be500000)
  to   space 25088K, 0% used [0x00000007be580000,0x00000007be580000,0x00000007bfe00000)
 ParOldGen       total 1650688K, used 1544325K [0x00000006c0000000, 0x0000000724c00000, 0x000000076ab00000)
  object space 1650688K, 93% used [0x00000006c0000000,0x000000071e421468,0x0000000724c00000)
 Metaspace       used 101954K, capacity 111556K, committed 111896K, reserved 1146880K
  class space    used 13028K, capacity 15050K, committed 15144K, reserved 1048576K
}
Event: 106892.302 GC heap before
{Heap before GC invocations=7511 (full 5):
 PSYoungGen      total 1370112K, used 1350560K [0x000000076ab00000, 0x00000007bfe00000, 0x00000007c0000000)
  eden space 1344000K, 100% used [0x000000076ab00000,0x00000007bcb80000,0x00000007bcb80000)
  from space 26112K, 25% used [0x00000007bcb80000,0x00000007bd1e8108,0x00000007be500000)
  to   space 25088K, 0% used [0x00000007be580000,0x00000007be580000,0x00000007bfe00000)
 ParOldGen       total 1650688K, used 1544325K [0x00000006c0000000, 0x0000000724c00000, 0x000000076ab00000)
  object space 1650688K, 93% used [0x00000006c0000000,0x000000071e421468,0x0000000724c00000)
 Metaspace       used 101954K, capacity 111556K, committed 111896K, reserved 1146880K
  class space    used 13028K, capacity 15050K, committed 15144K, reserved 1048576K
Event: 106892.321 GC heap after
Heap after GC invocations=7511 (full 5):
 PSYoungGen      total 1371136K, used 6240K [0x000000076ab00000, 0x00000007bfe00000, 0x00000007c0000000)
  eden space 1346048K, 0% used [0x000000076ab00000,0x000000076ab00000,0x00000007bcd80000)
  from space 25088K, 24% used [0x00000007be580000,0x00000007beb981b8,0x00000007bfe00000)
  to   space 24576K, 0% used [0x00000007bcd80000,0x00000007bcd80000,0x00000007be580000)
 ParOldGen       total 1650688K, used 1544605K [0x00000006c0000000, 0x0000000724c00000, 0x000000076ab00000)
  object space 1650688K, 93% used [0x00000006c0000000,0x000000071e467468,0x0000000724c00000)
 Metaspace       used 101954K, capacity 111556K, committed 111896K, reserved 1146880K
  class space    used 13028K, capacity 15050K, committed 15144K, reserved 1048576K
}
Event: 106935.005 GC heap before
{Heap before GC invocations=7512 (full 5):
 PSYoungGen      total 1371136K, used 1352288K [0x000000076ab00000, 0x00000007bfe00000, 0x00000007c0000000)
  eden space 1346048K, 100% used [0x000000076ab00000,0x00000007bcd80000,0x00000007bcd80000)
  from space 25088K, 24% used [0x00000007be580000,0x00000007beb981b8,0x00000007bfe00000)
  to   space 24576K, 0% used [0x00000007bcd80000,0x00000007bcd80000,0x00000007be580000)
 ParOldGen       total 1650688K, used 1544605K [0x00000006c0000000, 0x0000000724c00000, 0x000000076ab00000)
  object space 1650688K, 93% used [0x00000006c0000000,0x000000071e467468,0x0000000724c00000)
 Metaspace       used 101954K, capacity 111556K, committed 111896K, reserved 1146880K
  class space    used 13028K, capacity 15050K, committed 15144K, reserved 1048576K
Event: 106935.024 GC heap after
Heap after GC invocations=7512 (full 5):
 PSYoungGen      total 1370624K, used 6015K [0x000000076ab00000, 0x00000007bfe80000, 0x00000007c0000000)
  eden space 1346048K, 0% used [0x000000076ab00000,0x000000076ab00000,0x00000007bcd80000)
  from space 24576K, 24% used [0x00000007bcd80000,0x00000007bd35ff88,0x00000007be580000)
  to   space 24064K, 0% used [0x00000007be700000,0x00000007be700000,0x00000007bfe80000)
 ParOldGen       total 1650688K, used 1544821K [0x00000006c0000000, 0x0000000724c00000, 0x000000076ab00000)
  object space 1650688K, 93% used [0x00000006c0000000,0x000000071e49d468,0x0000000724c00000)
 Metaspace       used 101954K, capacity 111556K, committed 111896K, reserved 1146880K
  class space    used 13028K, capacity 15050K, committed 15144K, reserved 1048576K
}
Event: 106977.799 GC heap before
{Heap before GC invocations=7513 (full 5):
 PSYoungGen      total 1370624K, used 1352063K [0x000000076ab00000, 0x00000007bfe80000, 0x00000007c0000000)
  eden space 1346048K, 100% used [0x000000076ab00000,0x00000007bcd80000,0x00000007bcd80000)
  from space 24576K, 24% used [0x00000007bcd80000,0x00000007bd35ff88,0x00000007be580000)
  to   space 24064K, 0% used [0x00000007be700000,0x00000007be700000,0x00000007bfe80000)
 ParOldGen       total 1650688K, used 1544821K [0x00000006c0000000, 0x0000000724c00000, 0x000000076ab00000)
  object space 1650688K, 93% used [0x00000006c0000000,0x000000071e49d468,0x0000000724c00000)
 Metaspace       used 101955K, capacity 111556K, committed 111896K, reserved 1146880K
  class space    used 13028K, capacity 15050K, committed 15144K, reserved 1048576K
Event: 106977.820 GC heap after
Heap after GC invocations=7513 (full 5):
 PSYoungGen      total 1371136K, used 7152K [0x000000076ab00000, 0x00000007bfd00000, 0x00000007c0000000)
  eden space 1348608K, 0% used [0x000000076ab00000,0x000000076ab00000,0x00000007bd000000)
  from space 22528K, 31% used [0x00000007be700000,0x00000007bedfc0a0,0x00000007bfd00000)
  to   space 23040K, 0% used [0x00000007bd000000,0x00000007bd000000,0x00000007be680000)
 ParOldGen       total 1650688K, used 1545141K [0x00000006c0000000, 0x0000000724c00000, 0x000000076ab00000)
  object space 1650688K, 93% used [0x00000006c0000000,0x000000071e4ed468,0x0000000724c00000)
 Metaspace       used 101955K, capacity 111556K, committed 111896K, reserved 1146880K
  class space    used 13028K, capacity 15050K, committed 15144K, reserved 1048576K
}
Event: 107153.652 GC heap before
{Heap before GC invocations=7514 (full 5):
 PSYoungGen      total 1371136K, used 1355760K [0x000000076ab00000, 0x00000007bfd00000, 0x00000007c0000000)
  eden space 1348608K, 100% used [0x000000076ab00000,0x00000007bd000000,0x00000007bd000000)
  from space 22528K, 31% used [0x00000007be700000,0x00000007bedfc0a0,0x00000007bfd00000)
  to   space 23040K, 0% used [0x00000007bd000000,0x00000007bd000000,0x00000007be680000)
 ParOldGen       total 1650688K, used 1545141K [0x00000006c0000000, 0x0000000724c00000, 0x000000076ab00000)
  object space 1650688K, 93% used [0x00000006c0000000,0x000000071e4ed468,0x0000000724c00000)
 Metaspace       used 101955K, capacity 111556K, committed 111896K, reserved 1146880K
  class space    used 13028K, capacity 15050K, committed 15144K, reserved 1048576K
Event: 107153.674 GC heap after
Heap after GC invocations=7514 (full 5):
 PSYoungGen      total 1371648K, used 6752K [0x000000076ab00000, 0x00000007bfd00000, 0x00000007c0000000)
  eden space 1348608K, 0% used [0x000000076ab00000,0x000000076ab00000,0x00000007bd000000)
  from space 23040K, 29% used [0x00000007bd000000,0x00000007bd698088,0x00000007be680000)
  to   space 22016K, 0% used [0x00000007be780000,0x00000007be780000,0x00000007bfd00000)
 ParOldGen       total 1650688K, used 1545493K [0x00000006c0000000, 0x0000000724c00000, 0x000000076ab00000)
  object space 1650688K, 93% used [0x00000006c0000000,0x000000071e5454f8,0x0000000724c00000)
 Metaspace       used 101955K, capacity 111556K, committed 111896K, reserved 1146880K
  class space    used 13028K, capacity 15050K, committed 15144K, reserved 1048576K
}
Event: 107333.502 GC heap before
{Heap before GC invocations=7515 (full 5):
 PSYoungGen      total 1371648K, used 1355360K [0x000000076ab00000, 0x00000007bfd00000, 0x00000007c0000000)
  eden space 1348608K, 100% used [0x000000076ab00000,0x00000007bd000000,0x00000007bd000000)
  from space 23040K, 29% used [0x00000007bd000000,0x00000007bd698088,0x00000007be680000)
  to   space 22016K, 0% used [0x00000007be780000,0x00000007be780000,0x00000007bfd00000)
 ParOldGen       total 1650688K, used 1545493K [0x00000006c0000000, 0x0000000724c00000, 0x000000076ab00000)
  object space 1650688K, 93% used [0x00000006c0000000,0x000000071e5454f8,0x0000000724c00000)
 Metaspace       used 101955K, capacity 111556K, committed 111896K, reserved 1146880K
  class space    used 13028K, capacity 15050K, committed 15144K, reserved 1048576K
Event: 107333.520 GC heap after
Heap after GC invocations=7515 (full 5):
 PSYoungGen      total 1371648K, used 6015K [0x000000076ab00000, 0x00000007bfc00000, 0x00000007c0000000)
  eden space 1350656K, 0% used [0x000000076ab00000,0x000000076ab00000,0x00000007bd200000)
  from space 20992K, 28% used [0x00000007be780000,0x00000007bed5ff38,0x00000007bfc00000)
  to   space 21504K, 0% used [0x00000007bd200000,0x00000007bd200000,0x00000007be700000)
 ParOldGen       total 1650688K, used 1546285K [0x00000006c0000000, 0x0000000724c00000, 0x000000076ab00000)
  object space 1650688K, 93% used [0x00000006c0000000,0x000000071e60b428,0x0000000724c00000)
 Metaspace       used 101955K, capacity 111556K, committed 111896K, reserved 1146880K
  class space    used 13028K, capacity 15050K, committed 15144K, reserved 1048576K
}
Event: 107512.408 GC heap before
{Heap before GC invocations=7516 (full 5):
 PSYoungGen      total 1371648K, used 1356671K [0x000000076ab00000, 0x00000007bfc00000, 0x00000007c0000000)
  eden space 1350656K, 100% used [0x000000076ab00000,0x00000007bd200000,0x00000007bd200000)
  from space 20992K, 28% used [0x00000007be780000,0x00000007bed5ff38,0x00000007bfc00000)
  to   space 21504K, 0% used [0x00000007bd200000,0x00000007bd200000,0x00000007be700000)
 ParOldGen       total 1650688K, used 1546285K [0x00000006c0000000, 0x0000000724c00000, 0x000000076ab00000)
  object space 1650688K, 93% used [0x00000006c0000000,0x000000071e60b428,0x0000000724c00000)
 Metaspace       used 101955K, capacity 111556K, committed 111896K, reserved 1146880K
  class space    used 13028K, capacity 15050K, committed 15144K, reserved 1048576K
Event: 107512.425 GC heap after
Heap after GC invocations=7516 (full 5):
 PSYoungGen      total 1372160K, used 6192K [0x000000076ab00000, 0x00000007bfb80000, 0x00000007c0000000)
  eden space 1350656K, 0% used [0x000000076ab00000,0x000000076ab00000,0x00000007bd200000)
  from space 21504K, 28% used [0x00000007bd200000,0x00000007bd80c160,0x00000007be700000)
  to   space 20480K, 0% used [0x00000007be780000,0x00000007be780000,0x00000007bfb80000)
 ParOldGen       total 1650688K, used 1546301K [0x00000006c0000000, 0x0000000724c00000, 0x000000076ab00000)
  object space 1650688K, 93% used [0x00000006c0000000,0x000000071e60f428,0x0000000724c00000)
 Metaspace       used 101955K, capacity 111556K, committed 111896K, reserved 1146880K
  class space    used 13028K, capacity 15050K, committed 15144K, reserved 1048576K
}
Event: 107691.551 GC heap before
{Heap before GC invocations=7517 (full 5):
 PSYoungGen      total 1372160K, used 1356848K [0x000000076ab00000, 0x00000007bfb80000, 0x00000007c0000000)
  eden space 1350656K, 100% used [0x000000076ab00000,0x00000007bd200000,0x00000007bd200000)
  from space 21504K, 28% used [0x00000007bd200000,0x00000007bd80c160,0x00000007be700000)
  to   space 20480K, 0% used [0x00000007be780000,0x00000007be780000,0x00000007bfb80000)
 ParOldGen       total 1650688K, used 1546301K [0x00000006c0000000, 0x0000000724c00000, 0x000000076ab00000)
  object space 1650688K, 93% used [0x00000006c0000000,0x000000071e60f428,0x0000000724c00000)
 Metaspace       used 101955K, capacity 111556K, committed 111896K, reserved 1146880K
  class space    used 13028K, capacity 15050K, committed 15144K, reserved 1048576K
Event: 107691.568 GC heap after
Heap after GC invocations=7517 (full 5):
 PSYoungGen      total 1371648K, used 5983K [0x000000076ab00000, 0x00000007bfa80000, 0x00000007c0000000)
  eden space 1352192K, 0% used [0x000000076ab00000,0x000000076ab00000,0x00000007bd380000)
  from space 19456K, 30% used [0x00000007be780000,0x00000007bed57f38,0x00000007bfa80000)
  to   space 19968K, 0% used [0x00000007bd380000,0x00000007bd380000,0x00000007be700000)
 ParOldGen       total 1650688K, used 1546369K [0x00000006c0000000, 0x0000000724c00000, 0x000000076ab00000)
  object space 1650688K, 93% used [0x00000006c0000000,0x000000071e620440,0x0000000724c00000)
 Metaspace       used 101955K, capacity 111556K, committed 111896K, reserved 1146880K
  class space    used 13028K, capacity 15050K, committed 15144K, reserved 1048576K
}
Event: 107867.121 GC heap before
{Heap before GC invocations=7518 (full 5):
 PSYoungGen      total 1371648K, used 1358175K [0x000000076ab00000, 0x00000007bfa80000, 0x00000007c0000000)
  eden space 1352192K, 100% used [0x000000076ab00000,0x00000007bd380000,0x00000007bd380000)
  from space 19456K, 30% used [0x00000007be780000,0x00000007bed57f38,0x00000007bfa80000)
  to   space 19968K, 0% used [0x00000007bd380000,0x00000007bd380000,0x00000007be700000)
 ParOldGen       total 1650688K, used 1546369K [0x00000006c0000000, 0x0000000724c00000, 0x000000076ab00000)
  object space 1650688K, 93% used [0x00000006c0000000,0x000000071e620440,0x0000000724c00000)
 Metaspace       used 101955K, capacity 111556K, committed 111896K, reserved 1146880K
  class space    used 13028K, capacity 15050K, committed 15144K, reserved 1048576K
Event: 107867.139 GC heap after
Heap after GC invocations=7518 (full 5):
 PSYoungGen      total 1372160K, used 5935K [0x000000076ab00000, 0x00000007bf980000, 0x00000007c0000000)
  eden space 1352192K, 0% used [0x000000076ab00000,0x000000076ab00000,0x00000007bd380000)
  from space 19968K, 29% used [0x00000007bd380000,0x00000007bd94bf20,0x00000007be700000)
  to   space 18944K, 0% used [0x00000007be700000,0x00000007be700000,0x00000007bf980000)
 ParOldGen       total 1650688K, used 1546465K [0x00000006c0000000, 0x0000000724c00000, 0x000000076ab00000)
  object space 1650688K, 93% used [0x00000006c0000000,0x000000071e638440,0x0000000724c00000)
 Metaspace       used 101955K, capacity 111556K, committed 111896K, reserved 1146880K
  class space    used 13028K, capacity 15050K, committed 15144K, reserved 1048576K
}
Event: 108042.106 GC heap before
{Heap before GC invocations=7519 (full 5):
 PSYoungGen      total 1372160K, used 1358127K [0x000000076ab00000, 0x00000007bf980000, 0x00000007c0000000)
  eden space 1352192K, 100% used [0x000000076ab00000,0x00000007bd380000,0x00000007bd380000)
  from space 19968K, 29% used [0x00000007bd380000,0x00000007bd94bf20,0x00000007be700000)
  to   space 18944K, 0% used [0x00000007be700000,0x00000007be700000,0x00000007bf980000)
 ParOldGen       total 1650688K, used 1546465K [0x00000006c0000000, 0x0000000724c00000, 0x000000076ab00000)
  object space 1650688K, 93% used [0x00000006c0000000,0x000000071e638440,0x0000000724c00000)
 Metaspace       used 101955K, capacity 111556K, committed 111896K, reserved 1146880K
  class space    used 13028K, capacity 15050K, committed 15144K, reserved 1048576K
Event: 108042.123 GC heap after
Heap after GC invocations=7519 (full 5):
 PSYoungGen      total 1371136K, used 6321K [0x000000076ab00000, 0x00000007bf880000, 0x00000007c0000000)
  eden space 1353216K, 0% used [0x000000076ab00000,0x000000076ab00000,0x00000007bd480000)
  from space 17920K, 35% used [0x00000007be700000,0x00000007bed2c5f8,0x00000007bf880000)
  to   space 18432K, 0% used [0x00000007bd480000,0x00000007bd480000,0x00000007be680000)
 ParOldGen       total 1650688K, used 1546573K [0x00000006c0000000, 0x0000000724c00000, 0x000000076ab00000)
  object space 1650688K, 93% used [0x00000006c0000000,0x000000071e653458,0x0000000724c00000)
 Metaspace       used 101955K, capacity 111556K, committed 111896K, reserved 1146880K
  class space    used 13028K, capacity 15050K, committed 15144K, reserved 1048576K
}
Event: 108184.616 GC heap before
{Heap before GC invocations=7520 (full 5):
 PSYoungGen      total 1371136K, used 1359537K [0x000000076ab00000, 0x00000007bf880000, 0x00000007c0000000)
  eden space 1353216K, 100% used [0x000000076ab00000,0x00000007bd480000,0x00000007bd480000)
  from space 17920K, 35% used [0x00000007be700000,0x00000007bed2c5f8,0x00000007bf880000)
  to   space 18432K, 0% used [0x00000007bd480000,0x00000007bd480000,0x00000007be680000)
 ParOldGen       total 1650688K, used 1546573K [0x00000006c0000000, 0x0000000724c00000, 0x000000076ab00000)
  object space 1650688K, 93% used [0x00000006c0000000,0x000000071e653458,0x0000000724c00000)
 Metaspace       used 101958K, capacity 111620K, committed 111896K, reserved 1146880K
  class space    used 13028K, capacity 15050K, committed 15144K, reserved 1048576K
Event: 108184.645 GC heap after
Heap after GC invocations=7520 (full 5):
 PSYoungGen      total 1371648K, used 16881K [0x000000076ab00000, 0x00000007bfd80000, 0x00000007c0000000)
  eden space 1353216K, 0% used [0x000000076ab00000,0x000000076ab00000,0x00000007bd480000)
  from space 18432K, 91% used [0x00000007bd480000,0x00000007be4fc628,0x00000007be680000)
  to   space 20480K, 0% used [0x00000007be980000,0x00000007be980000,0x00000007bfd80000)
 ParOldGen       total 1650688K, used 1546637K [0x00000006c0000000, 0x0000000724c00000, 0x000000076ab00000)
  object space 1650688K, 93% used [0x00000006c0000000,0x000000071e663458,0x0000000724c00000)
 Metaspace       used 101958K, capacity 111620K, committed 111896K, reserved 1146880K
  class space    used 13028K, capacity 15050K, committed 15144K, reserved 1048576K
}
Event: 108208.703 GC heap before
{Heap before GC invocations=7521 (full 5):
 PSYoungGen      total 1371648K, used 1370097K [0x000000076ab00000, 0x00000007bfd80000, 0x00000007c0000000)
  eden space 1353216K, 100% used [0x000000076ab00000,0x00000007bd480000,0x00000007bd480000)
  from space 18432K, 91% used [0x00000007bd480000,0x00000007be4fc628,0x00000007be680000)
  to   space 20480K, 0% used [0x00000007be980000,0x00000007be980000,0x00000007bfd80000)
 ParOldGen       total 1650688K, used 1546637K [0x00000006c0000000, 0x0000000724c00000, 0x000000076ab00000)
  object space 1650688K, 93% used [0x00000006c0000000,0x000000071e663458,0x0000000724c00000)
 Metaspace       used 101958K, capacity 111620K, committed 111896K, reserved 1146880K
  class space    used 13028K, capacity 15050K, committed 15144K, reserved 1048576K
Event: 108208.759 GC heap after
Heap after GC invocations=7521 (full 5):
 PSYoungGen      total 1354752K, used 20448K [0x000000076ab00000, 0x00000007c0000000, 0x00000007c0000000)
  eden space 1334272K, 0% used [0x000000076ab00000,0x000000076ab00000,0x00000007bc200000)
  from space 20480K, 99% used [0x00000007be980000,0x00000007bfd78128,0x00000007bfd80000)
  to   space 31744K, 0% used [0x00000007bc200000,0x00000007bc200000,0x00000007be100000)
 ParOldGen       total 1650688K, used 1568510K [0x00000006c0000000, 0x0000000724c00000, 0x000000076ab00000)
  object space 1650688K, 95% used [0x00000006c0000000,0x000000071fbbf810,0x0000000724c00000)
 Metaspace       used 101958K, capacity 111620K, committed 111896K, reserved 1146880K
  class space    used 13028K, capacity 15050K, committed 15144K, reserved 1048576K
}
Event: 108246.125 GC heap before
{Heap before GC invocations=7522 (full 5):
 PSYoungGen      total 1354752K, used 1354720K [0x000000076ab00000, 0x00000007c0000000, 0x00000007c0000000)
  eden space 1334272K, 100% used [0x000000076ab00000,0x00000007bc200000,0x00000007bc200000)
  from space 20480K, 99% used [0x00000007be980000,0x00000007bfd78128,0x00000007bfd80000)
  to   space 31744K, 0% used [0x00000007bc200000,0x00000007bc200000,0x00000007be100000)
 ParOldGen       total 1650688K, used 1568510K [0x00000006c0000000, 0x0000000724c00000, 0x000000076ab00000)
  object space 1650688K, 95% used [0x00000006c0000000,0x000000071fbbf810,0x0000000724c00000)
 Metaspace       used 101958K, capacity 111620K, committed 111896K, reserved 1146880K
  class space    used 13028K, capacity 15050K, committed 15144K, reserved 1048576K
Event: 108246.155 GC heap after
Heap after GC invocations=7522 (full 5):
 PSYoungGen      total 1354752K, used 20287K [0x000000076ab00000, 0x00000007c0000000, 0x00000007c0000000)
  eden space 1334272K, 0% used [0x000000076ab00000,0x000000076ab00000,0x00000007bc200000)
  from space 20480K, 99% used [0x00000007bc200000,0x00000007bd5cffb8,0x00000007bd600000)
  to   space 32768K, 0% used [0x00000007be000000,0x00000007be000000,0x00000007c0000000)
 ParOldGen       total 1650688K, used 1568582K [0x00000006c0000000, 0x0000000724c00000, 0x000000076ab00000)
  object space 1650688K, 95% used [0x00000006c0000000,0x000000071fbd1810,0x0000000724c00000)
 Metaspace       used 101958K, capacity 111620K, committed 111896K, reserved 1146880K
  class space    used 13028K, capacity 15050K, committed 15144K, reserved 1048576K
}
Event: 108288.042 GC heap before
{Heap before GC invocations=7523 (full 5):
 PSYoungGen      total 1354752K, used 1354559K [0x000000076ab00000, 0x00000007c0000000, 0x00000007c0000000)
  eden space 1334272K, 100% used [0x000000076ab00000,0x00000007bc200000,0x00000007bc200000)
  from space 20480K, 99% used [0x00000007bc200000,0x00000007bd5cffb8,0x00000007bd600000)
  to   space 32768K, 0% used [0x00000007be000000,0x00000007be000000,0x00000007c0000000)
 ParOldGen       total 1650688K, used 1568582K [0x00000006c0000000, 0x0000000724c00000, 0x000000076ab00000)
  object space 1650688K, 95% used [0x00000006c0000000,0x000000071fbd1810,0x0000000724c00000)
 Metaspace       used 101958K, capacity 111620K, committed 111896K, reserved 1146880K
  class space    used 13028K, capacity 15050K, committed 15144K, reserved 1048576K
Event: 108288.073 GC heap after
Heap after GC invocations=7523 (full 5):
 PSYoungGen      total 1362944K, used 20863K [0x000000076ab00000, 0x00000007c0000000, 0x00000007c0000000)
  eden space 1330176K, 0% used [0x000000076ab00000,0x000000076ab00000,0x00000007bbe00000)
  from space 32768K, 63% used [0x00000007be000000,0x00000007bf45fe38,0x00000007c0000000)
  to   space 33792K, 0% used [0x00000007bbe00000,0x00000007bbe00000,0x00000007bdf00000)
 ParOldGen       total 1650688K, used 1568582K [0x00000006c0000000, 0x0000000724c00000, 0x000000076ab00000)
  object space 1650688K, 95% used [0x00000006c0000000,0x000000071fbd1810,0x0000000724c00000)
 Metaspace       used 101958K, capacity 111620K, committed 111896K, reserved 1146880K
  class space    used 13028K, capacity 15050K, committed 15144K, reserved 1048576K
}
Event: 108330.301 GC heap before
{Heap before GC invocations=7524 (full 5):
 PSYoungGen      total 1362944K, used 1351039K [0x000000076ab00000, 0x00000007c0000000, 0x00000007c0000000)
  eden space 1330176K, 100% used [0x000000076ab00000,0x00000007bbe00000,0x00000007bbe00000)
  from space 32768K, 63% used [0x00000007be000000,0x00000007bf45fe38,0x00000007c0000000)
  to   space 33792K, 0% used [0x00000007bbe00000,0x00000007bbe00000,0x00000007bdf00000)
 ParOldGen       total 1650688K, used 1568582K [0x00000006c0000000, 0x0000000724c00000, 0x000000076ab00000)
  object space 1650688K, 95% used [0x00000006c0000000,0x000000071fbd1810,0x0000000724c00000)
 Metaspace       used 101959K, capacity 111620K, committed 111896K, reserved 1146880K
  class space    used 13028K, capacity 15050K, committed 15144K, reserved 1048576K
Event: 108330.331 GC heap after
Heap after GC invocations=7524 (full 5):
 PSYoungGen      total 1351680K, used 21056K [0x000000076ab00000, 0x00000007c0000000, 0x00000007c0000000)
  eden space 1330176K, 0% used [0x000000076ab00000,0x000000076ab00000,0x00000007bbe00000)
  from space 21504K, 97% used [0x00000007bbe00000,0x00000007bd290298,0x00000007bd300000)
  to   space 34816K, 0% used [0x00000007bde00000,0x00000007bde00000,0x00000007c0000000)
 ParOldGen       total 1650688K, used 1568622K [0x00000006c0000000, 0x0000000724c00000, 0x000000076ab00000)
  object space 1650688K, 95% used [0x00000006c0000000,0x000000071fbdb810,0x0000000724c00000)
 Metaspace       used 101959K, capacity 111620K, committed 111896K, reserved 1146880K
  class space    used 13028K, capacity 15050K, committed 15144K, reserved 1048576K
}
Event: 108365.792 GC heap before
{Heap before GC invocations=7525 (full 5):
 PSYoungGen      total 1351680K, used 1351232K [0x000000076ab00000, 0x00000007c0000000, 0x00000007c0000000)
  eden space 1330176K, 100% used [0x000000076ab00000,0x00000007bbe00000,0x00000007bbe00000)
  from space 21504K, 97% used [0x00000007bbe00000,0x00000007bd290298,0x00000007bd300000)
  to   space 34816K, 0% used [0x00000007bde00000,0x00000007bde00000,0x00000007c0000000)
 ParOldGen       total 1650688K, used 1568622K [0x00000006c0000000, 0x0000000724c00000, 0x000000076ab00000)
  object space 1650688K, 95% used [0x00000006c0000000,0x000000071fbdb810,0x0000000724c00000)
 Metaspace       used 101959K, capacity 111620K, committed 111896K, reserved 1146880K
  class space    used 13028K, capacity 15050K, committed 15144K, reserved 1048576K
Event: 108365.822 GC heap after
Heap after GC invocations=7525 (full 5):
 PSYoungGen      total 1362944K, used 21151K [0x000000076ab00000, 0x00000007c0000000, 0x00000007c0000000)
  eden space 1328128K, 0% used [0x000000076ab00000,0x000000076ab00000,0x00000007bbc00000)
  from space 34816K, 60% used [0x00000007bde00000,0x00000007bf2a7e38,0x00000007c0000000)
  to   space 34816K, 0% used [0x00000007bbc00000,0x00000007bbc00000,0x00000007bde00000)
 ParOldGen       total 1650688K, used 1568730K [0x00000006c0000000, 0x0000000724c00000, 0x000000076ab00000)
  object space 1650688K, 95% used [0x00000006c0000000,0x000000071fbf6828,0x0000000724c00000)
 Metaspace       used 101959K, capacity 111620K, committed 111896K, reserved 1146880K
  class space    used 13028K, capacity 15050K, committed 15144K, reserved 1048576K
}
Event: 108405.665 GC heap before
{Heap before GC invocations=7526 (full 5):
 PSYoungGen      total 1362944K, used 1349279K [0x000000076ab00000, 0x00000007c0000000, 0x00000007c0000000)
  eden space 1328128K, 100% used [0x000000076ab00000,0x00000007bbc00000,0x00000007bbc00000)
  from space 34816K, 60% used [0x00000007bde00000,0x00000007bf2a7e38,0x00000007c0000000)
  to   space 34816K, 0% used [0x00000007bbc00000,0x00000007bbc00000,0x00000007bde00000)
 ParOldGen       total 1650688K, used 1568730K [0x00000006c0000000, 0x0000000724c00000, 0x000000076ab00000)
  object space 1650688K, 95% used [0x00000006c0000000,0x000000071fbf6828,0x0000000724c00000)
 Metaspace       used 101959K, capacity 111620K, committed 111896K, reserved 1146880K
  class space    used 13028K, capacity 15050K, committed 15144K, reserved 1048576K
Event: 108405.696 GC heap after
Heap after GC invocations=7526 (full 5):
 PSYoungGen      total 1349632K, used 21247K [0x000000076ab00000, 0x00000007c0000000, 0x00000007c0000000)
  eden space 1328128K, 0% used [0x000000076ab00000,0x000000076ab00000,0x00000007bbc00000)
  from space 21504K, 98% used [0x00000007bbc00000,0x00000007bd0bffb8,0x00000007bd100000)
  to   space 35328K, 0% used [0x00000007bdd80000,0x00000007bdd80000,0x00000007c0000000)
 ParOldGen       total 1650688K, used 1568778K [0x00000006c0000000, 0x0000000724c00000, 0x000000076ab00000)
  object space 1650688K, 95% used [0x00000006c0000000,0x000000071fc02828,0x0000000724c00000)
 Metaspace       used 101959K, capacity 111620K, committed 111896K, reserved 1146880K
  class space    used 13028K, capacity 15050K, committed 15144K, reserved 1048576K
}
Event: 108445.950 GC heap before
{Heap before GC invocations=7527 (full 5):
 PSYoungGen      total 1349632K, used 1349375K [0x000000076ab00000, 0x00000007c0000000, 0x00000007c0000000)
  eden space 1328128K, 100% used [0x000000076ab00000,0x00000007bbc00000,0x00000007bbc00000)
  from space 21504K, 98% used [0x00000007bbc00000,0x00000007bd0bffb8,0x00000007bd100000)
  to   space 35328K, 0% used [0x00000007bdd80000,0x00000007bdd80000,0x00000007c0000000)
 ParOldGen       total 1650688K, used 1568778K [0x00000006c0000000, 0x0000000724c00000, 0x000000076ab00000)
  object space 1650688K, 95% used [0x00000006c0000000,0x000000071fc02828,0x0000000724c00000)
 Metaspace       used 101959K, capacity 111620K, committed 111896K, reserved 1146880K
  class space    used 13028K, capacity 15050K, committed 15144K, reserved 1048576K
Event: 108445.981 GC heap after
Heap after GC invocations=7527 (full 5):
 PSYoungGen      total 1362432K, used 21567K [0x000000076ab00000, 0x00000007c0000000, 0x00000007c0000000)
  eden space 1327104K, 0% used [0x000000076ab00000,0x000000076ab00000,0x00000007bbb00000)
  from space 35328K, 61% used [0x00000007bdd80000,0x00000007bf28fff0,0x00000007c0000000)
  to   space 35328K, 0% used [0x00000007bbb00000,0x00000007bbb00000,0x00000007bdd80000)
 ParOldGen       total 1650688K, used 1569026K [0x00000006c0000000, 0x0000000724c00000, 0x000000076ab00000)
  object space 1650688K, 95% used [0x00000006c0000000,0x000000071fc40858,0x0000000724c00000)
 Metaspace       used 101959K, capacity 111620K, committed 111896K, reserved 1146880K
  class space    used 13028K, capacity 15050K, committed 15144K, reserved 1048576K
}
Event: 108483.502 GC heap before
{Heap before GC invocations=7528 (full 5):
 PSYoungGen      total 1362432K, used 1348671K [0x000000076ab00000, 0x00000007c0000000, 0x00000007c0000000)
  eden space 1327104K, 100% used [0x000000076ab00000,0x00000007bbb00000,0x00000007bbb00000)
  from space 35328K, 61% used [0x00000007bdd80000,0x00000007bf28fff0,0x00000007c0000000)
  to   space 35328K, 0% used [0x00000007bbb00000,0x00000007bbb00000,0x00000007bdd80000)
 ParOldGen       total 1650688K, used 1569026K [0x00000006c0000000, 0x0000000724c00000, 0x000000076ab00000)
  object space 1650688K, 95% used [0x00000006c0000000,0x000000071fc40858,0x0000000724c00000)
 Metaspace       used 101959K, capacity 111620K, committed 111896K, reserved 1146880K
  class space    used 13028K, capacity 15050K, committed 15144K, reserved 1048576K
Event: 108483.533 GC heap after
Heap after GC invocations=7528 (full 5):
 PSYoungGen      total 1362432K, used 20927K [0x000000076ab00000, 0x00000007c0000000, 0x00000007c0000000)
  eden space 1327104K, 0% used [0x000000076ab00000,0x000000076ab00000,0x00000007bbb00000)
  from space 35328K, 59% used [0x00000007bbb00000,0x00000007bcf6ffb8,0x00000007bdd80000)
  to   space 35328K, 0% used [0x00000007bdd80000,0x00000007bdd80000,0x00000007c0000000)
 ParOldGen       total 1650688K, used 1569662K [0x00000006c0000000, 0x0000000724c00000, 0x000000076ab00000)
  object space 1650688K, 95% used [0x00000006c0000000,0x000000071fcdf8b8,0x0000000724c00000)
 Metaspace       used 101959K, capacity 111620K, committed 111896K, reserved 1146880K
  class space    used 13028K, capacity 15050K, committed 15144K, reserved 1048576K
}
Event: 108516.416 GC heap before
{Heap before GC invocations=7529 (full 5):
 PSYoungGen      total 1362432K, used 1348031K [0x000000076ab00000, 0x00000007c0000000, 0x00000007c0000000)
  eden space 1327104K, 100% used [0x000000076ab00000,0x00000007bbb00000,0x00000007bbb00000)
  from space 35328K, 59% used [0x00000007bbb00000,0x00000007bcf6ffb8,0x00000007bdd80000)
  to   space 35328K, 0% used [0x00000007bdd80000,0x00000007bdd80000,0x00000007c0000000)
 ParOldGen       total 1650688K, used 1569662K [0x00000006c0000000, 0x0000000724c00000, 0x000000076ab00000)
  object space 1650688K, 95% used [0x00000006c0000000,0x000000071fcdf8b8,0x0000000724c00000)
 Metaspace       used 101959K, capacity 111620K, committed 111896K, reserved 1146880K
  class space    used 13028K, capacity 15050K, committed 15144K, reserved 1048576K
Event: 108516.450 GC heap after
Heap after GC invocations=7529 (full 5):
 PSYoungGen      total 1359360K, used 25711K [0x000000076ab00000, 0x00000007c0000000, 0x00000007c0000000)
  eden space 1324032K, 0% used [0x000000076ab00000,0x000000076ab00000,0x00000007bb800000)
  from space 35328K, 72% used [0x00000007bdd80000,0x00000007bf69bfd0,0x00000007c0000000)
  to   space 36864K, 0% used [0x00000007bb800000,0x00000007bb800000,0x00000007bdc00000)
 ParOldGen       total 1650688K, used 1569718K [0x00000006c0000000, 0x0000000724c00000, 0x000000076ab00000)
  object space 1650688K, 95% used [0x00000006c0000000,0x000000071fced8b8,0x0000000724c00000)
 Metaspace       used 101959K, capacity 111620K, committed 111896K, reserved 1146880K
  class space    used 13028K, capacity 15050K, committed 15144K, reserved 1048576K
}
Event: 108548.801 GC heap before
{Heap before GC invocations=7530 (full 5):
 PSYoungGen      total 1359360K, used 1349743K [0x000000076ab00000, 0x00000007c0000000, 0x00000007c0000000)
  eden space 1324032K, 100% used [0x000000076ab00000,0x00000007bb800000,0x00000007bb800000)
  from space 35328K, 72% used [0x00000007bdd80000,0x00000007bf69bfd0,0x00000007c0000000)
  to   space 36864K, 0% used [0x00000007bb800000,0x00000007bb800000,0x00000007bdc00000)
 ParOldGen       total 1650688K, used 1569718K [0x00000006c0000000, 0x0000000724c00000, 0x000000076ab00000)
  object space 1650688K, 95% used [0x00000006c0000000,0x000000071fced8b8,0x0000000724c00000)
 Metaspace       used 101959K, capacity 111620K, committed 111896K, reserved 1146880K
  class space    used 13028K, capacity 15050K, committed 15144K, reserved 1048576K
Event: 108548.834 GC heap after
Heap after GC invocations=7530 (full 5):
 PSYoungGen      total 1351680K, used 27359K [0x000000076ab00000, 0x00000007c0000000, 0x00000007c0000000)
  eden space 1324032K, 0% used [0x000000076ab00000,0x000000076ab00000,0x00000007bb800000)
  from space 27648K, 98% used [0x00000007bb800000,0x00000007bd2b7f98,0x00000007bd300000)
  to   space 38400K, 0% used [0x00000007bda80000,0x00000007bda80000,0x00000007c0000000)
 ParOldGen       total 1650688K, used 1569734K [0x00000006c0000000, 0x0000000724c00000, 0x000000076ab00000)
  object space 1650688K, 95% used [0x00000006c0000000,0x000000071fcf18b8,0x0000000724c00000)
 Metaspace       used 101959K, capacity 111620K, committed 111896K, reserved 1146880K
  class space    used 13028K, capacity 15050K, committed 15144K, reserved 1048576K
}
Event: 108587.676 GC heap before
{Heap before GC invocations=7531 (full 5):
 PSYoungGen      total 1351680K, used 1351391K [0x000000076ab00000, 0x00000007c0000000, 0x00000007c0000000)
  eden space 1324032K, 100% used [0x000000076ab00000,0x00000007bb800000,0x00000007bb800000)
  from space 27648K, 98% used [0x00000007bb800000,0x00000007bd2b7f98,0x00000007bd300000)
  to   space 38400K, 0% used [0x00000007bda80000,0x00000007bda80000,0x00000007c0000000)
 ParOldGen       total 1650688K, used 1569734K [0x00000006c0000000, 0x0000000724c00000, 0x000000076ab00000)
  object space 1650688K, 95% used [0x00000006c0000000,0x000000071fcf18b8,0x0000000724c00000)
 Metaspace       used 101959K, capacity 111620K, committed 111896K, reserved 1146880K
  class space    used 13028K, capacity 15050K, committed 15144K, reserved 1048576K
Event: 108587.718 GC heap after
Heap after GC invocations=7531 (full 5):
 PSYoungGen      total 1355264K, used 29503K [0x000000076ab00000, 0x00000007c0000000, 0x00000007c0000000)
  eden space 1316864K, 0% used [0x000000076ab00000,0x000000076ab00000,0x00000007bb100000)
  from space 38400K, 76% used [0x00000007bda80000,0x00000007bf74ff98,0x00000007c0000000)
  to   space 40448K, 0% used [0x00000007bb100000,0x00000007bb100000,0x00000007bd880000)
 ParOldGen       total 1650688K, used 1569782K [0x00000006c0000000, 0x0000000724c00000, 0x000000076ab00000)
  object space 1650688K, 95% used [0x00000006c0000000,0x000000071fcfd8b8,0x0000000724c00000)
 Metaspace       used 101959K, capacity 111620K, committed 111896K, reserved 1146880K
  class space    used 13028K, capacity 15050K, committed 15144K, reserved 1048576K
}
Event: 108628.993 GC heap before
{Heap before GC invocations=7532 (full 5):
 PSYoungGen      total 1355264K, used 1346367K [0x000000076ab00000, 0x00000007c0000000, 0x00000007c0000000)
  eden space 1316864K, 100% used [0x000000076ab00000,0x00000007bb100000,0x00000007bb100000)
  from space 38400K, 76% used [0x00000007bda80000,0x00000007bf74ff98,0x00000007c0000000)
  to   space 40448K, 0% used [0x00000007bb100000,0x00000007bb100000,0x00000007bd880000)
 ParOldGen       total 1650688K, used 1569782K [0x00000006c0000000, 0x0000000724c00000, 0x000000076ab00000)
  object space 1650688K, 95% used [0x00000006c0000000,0x000000071fcfd8b8,0x0000000724c00000)
 Metaspace       used 101959K, capacity 111620K, committed 111896K, reserved 1146880K
  class space    used 13028K, capacity 15050K, committed 15144K, reserved 1048576K
Event: 108629.028 GC heap after
Heap after GC invocations=7532 (full 5):
 PSYoungGen      total 1346560K, used 29599K [0x000000076ab00000, 0x00000007c0000000, 0x00000007c0000000)
  eden space 1316864K, 0% used [0x000000076ab00000,0x000000076ab00000,0x00000007bb100000)
  from space 29696K, 99% used [0x00000007bb100000,0x00000007bcde7e18,0x00000007bce00000)
  to   space 41984K, 0% used [0x00000007bd700000,0x00000007bd700000,0x00000007c0000000)
 ParOldGen       total 1650688K, used 1569798K [0x00000006c0000000, 0x0000000724c00000, 0x000000076ab00000)
  object space 1650688K, 95% used [0x00000006c0000000,0x000000071fd018b8,0x0000000724c00000)
 Metaspace       used 101959K, capacity 111620K, committed 111896K, reserved 1146880K
  class space    used 13028K, capacity 15050K, committed 15144K, reserved 1048576K
}
Event: 108668.618 GC heap before
{Heap before GC invocations=7533 (full 5):
 PSYoungGen      total 1346560K, used 1346463K [0x000000076ab00000, 0x00000007c0000000, 0x00000007c0000000)
  eden space 1316864K, 100% used [0x000000076ab00000,0x00000007bb100000,0x00000007bb100000)
  from space 29696K, 99% used [0x00000007bb100000,0x00000007bcde7e18,0x00000007bce00000)
  to   space 41984K, 0% used [0x00000007bd700000,0x00000007bd700000,0x00000007c0000000)
 ParOldGen       total 1650688K, used 1569798K [0x00000006c0000000, 0x0000000724c00000, 0x000000076ab00000)
  object space 1650688K, 95% used [0x00000006c0000000,0x000000071fd018b8,0x0000000724c00000)
 Metaspace       used 101962K, capacity 111620K, committed 111896K, reserved 1146880K
  class space    used 13028K, capacity 15050K, committed 15144K, reserved 1048576K
Event: 108668.654 GC heap after
Heap after GC invocations=7533 (full 5):
 PSYoungGen      total 1352704K, used 29792K [0x000000076ab00000, 0x00000007c0000000, 0x00000007c0000000)
  eden space 1310720K, 0% used [0x000000076ab00000,0x000000076ab00000,0x00000007bab00000)
  from space 41984K, 70% used [0x00000007bd700000,0x00000007bf418288,0x00000007c0000000)
  to   space 43520K, 0% used [0x00000007bab00000,0x00000007bab00000,0x00000007bd580000)
 ParOldGen       total 1650688K, used 1569854K [0x00000006c0000000, 0x0000000724c00000, 0x000000076ab00000)
  object space 1650688K, 95% used [0x00000006c0000000,0x000000071fd0f8b8,0x0000000724c00000)
 Metaspace       used 101962K, capacity 111620K, committed 111896K, reserved 1146880K
  class space    used 13028K, capacity 15050K, committed 15144K, reserved 1048576K
}
Event: 108709.807 GC heap before
{Heap before GC invocations=7534 (full 5):
 PSYoungGen      total 1352704K, used 1340512K [0x000000076ab00000, 0x00000007c0000000, 0x00000007c0000000)
  eden space 1310720K, 100% used [0x000000076ab00000,0x00000007bab00000,0x00000007bab00000)
  from space 41984K, 70% used [0x00000007bd700000,0x00000007bf418288,0x00000007c0000000)
  to   space 43520K, 0% used [0x00000007bab00000,0x00000007bab00000,0x00000007bd580000)
 ParOldGen       total 1650688K, used 1569854K [0x00000006c0000000, 0x0000000724c00000, 0x000000076ab00000)
  object space 1650688K, 95% used [0x00000006c0000000,0x000000071fd0f8b8,0x0000000724c00000)
 Metaspace       used 101962K, capacity 111620K, committed 111896K, reserved 1146880K
  class space    used 13028K, capacity 15050K, committed 15144K, reserved 1048576K
Event: 108709.843 GC heap after
Heap after GC invocations=7534 (full 5):
 PSYoungGen      total 1340928K, used 29711K [0x000000076ab00000, 0x00000007c0000000, 0x00000007c0000000)
  eden space 1310720K, 0% used [0x000000076ab00000,0x000000076ab00000,0x00000007bab00000)
  from space 30208K, 98% used [0x00000007bab00000,0x00000007bc803e30,0x00000007bc880000)
  to   space 44032K, 0% used [0x00000007bd500000,0x00000007bd500000,0x00000007c0000000)
 ParOldGen       total 1650688K, used 1569918K [0x00000006c0000000, 0x0000000724c00000, 0x000000076ab00000)
  object space 1650688K, 95% used [0x00000006c0000000,0x000000071fd1f8b8,0x0000000724c00000)
 Metaspace       used 101962K, capacity 111620K, committed 111896K, reserved 1146880K
  class space    used 13028K, capacity 15050K, committed 15144K, reserved 1048576K
}
Event: 108750.803 GC heap before
{Heap before GC invocations=7535 (full 5):
 PSYoungGen      total 1340928K, used 1340431K [0x000000076ab00000, 0x00000007c0000000, 0x00000007c0000000)
  eden space 1310720K, 100% used [0x000000076ab00000,0x00000007bab00000,0x00000007bab00000)
  from space 30208K, 98% used [0x00000007bab00000,0x00000007bc803e30,0x00000007bc880000)
  to   space 44032K, 0% used [0x00000007bd500000,0x00000007bd500000,0x00000007c0000000)
 ParOldGen       total 1650688K, used 1569918K [0x00000006c0000000, 0x0000000724c00000, 0x000000076ab00000)
  object space 1650688K, 95% used [0x00000006c0000000,0x000000071fd1f8b8,0x0000000724c00000)
 Metaspace       used 101962K, capacity 111620K, committed 111896K, reserved 1146880K
  class space    used 13028K, capacity 15050K, committed 15144K, reserved 1048576K
Event: 108750.953 GC heap after
Heap after GC invocations=7535 (full 5):
 PSYoungGen      total 1354752K, used 25567K [0x000000076ab00000, 0x00000007c0000000, 0x00000007c0000000)
  eden space 1310720K, 0% used [0x000000076ab00000,0x000000076ab00000,0x00000007bab00000)
  from space 44032K, 58% used [0x00000007bd500000,0x00000007bedf7f70,0x00000007c0000000)
  to   space 43008K, 0% used [0x00000007bab00000,0x00000007bab00000,0x00000007bd500000)
 ParOldGen       total 1650688K, used 1574058K [0x00000006c0000000, 0x0000000724c00000, 0x000000076ab00000)
  object space 1650688K, 95% used [0x00000006c0000000,0x000000072012a9d8,0x0000000724c00000)
 Metaspace       used 101962K, capacity 111620K, committed 111896K, reserved 1146880K
  class space    used 13028K, capacity 15050K, committed 15144K, reserved 1048576K
}
Event: 108791.882 GC heap before
{Heap before GC invocations=7536 (full 5):
 PSYoungGen      total 1354752K, used 1336287K [0x000000076ab00000, 0x00000007c0000000, 0x00000007c0000000)
  eden space 1310720K, 100% used [0x000000076ab00000,0x00000007bab00000,0x00000007bab00000)
  from space 44032K, 58% used [0x00000007bd500000,0x00000007bedf7f70,0x00000007c0000000)
  to   space 43008K, 0% used [0x00000007bab00000,0x00000007bab00000,0x00000007bd500000)
 ParOldGen       total 1650688K, used 1574058K [0x00000006c0000000, 0x0000000724c00000, 0x000000076ab00000)
  object space 1650688K, 95% used [0x00000006c0000000,0x000000072012a9d8,0x0000000724c00000)
 Metaspace       used 101962K, capacity 111620K, committed 111896K, reserved 1146880K
  class space    used 13028K, capacity 15050K, committed 15144K, reserved 1048576K
Event: 108791.920 GC heap after
Heap after GC invocations=7536 (full 5):
 PSYoungGen      total 1325568K, used 14639K [0x000000076ab00000, 0x00000007bfe00000, 0x00000007c0000000)
  eden space 1310720K, 0% used [0x000000076ab00000,0x000000076ab00000,0x00000007bab00000)
  from space 14848K, 98% used [0x00000007bab00000,0x00000007bb94bf68,0x00000007bb980000)
  to   space 42496K, 0% used [0x00000007bd480000,0x00000007bd480000,0x00000007bfe00000)
 ParOldGen       total 1650688K, used 1585826K [0x00000006c0000000, 0x0000000724c00000, 0x000000076ab00000)
  object space 1650688K, 96% used [0x00000006c0000000,0x0000000720ca8b88,0x0000000724c00000)
 Metaspace       used 101962K, capacity 111620K, committed 111896K, reserved 1146880K
  class space    used 13028K, capacity 15050K, committed 15144K, reserved 1048576K
}
Event: 108834.357 GC heap before
{Heap before GC invocations=7537 (full 5):
 PSYoungGen      total 1325568K, used 1325359K [0x000000076ab00000, 0x00000007bfe00000, 0x00000007c0000000)
  eden space 1310720K, 100% used [0x000000076ab00000,0x00000007bab00000,0x00000007bab00000)
  from space 14848K, 98% used [0x00000007bab00000,0x00000007bb94bf68,0x00000007bb980000)
  to   space 42496K, 0% used [0x00000007bd480000,0x00000007bd480000,0x00000007bfe00000)
 ParOldGen       total 1650688K, used 1585826K [0x00000006c0000000, 0x0000000724c00000, 0x000000076ab00000)
  object space 1650688K, 96% used [0x00000006c0000000,0x0000000720ca8b88,0x0000000724c00000)
 Metaspace       used 101962K, capacity 111620K, committed 111896K, reserved 1146880K
  class space    used 13028K, capacity 15050K, committed 15144K, reserved 1048576K
Event: 108834.384 GC heap after
Heap after GC invocations=7537 (full 5):
 PSYoungGen      total 1353728K, used 14511K [0x000000076ab00000, 0x00000007c0000000, 0x00000007c0000000)
  eden space 1311232K, 0% used [0x000000076ab00000,0x000000076ab00000,0x00000007bab80000)
  from space 42496K, 34% used [0x00000007bd480000,0x00000007be2abf88,0x00000007bfe00000)
  to   space 41984K, 0% used [0x00000007bab80000,0x00000007bab80000,0x00000007bd480000)
 ParOldGen       total 1650688K, used 1586050K [0x00000006c0000000, 0x0000000724c00000, 0x000000076ab00000)
  object space 1650688K, 96% used [0x00000006c0000000,0x0000000720ce0be8,0x0000000724c00000)
 Metaspace       used 101962K, capacity 111620K, committed 111896K, reserved 1146880K
  class space    used 13028K, capacity 15050K, committed 15144K, reserved 1048576K
}
Event: 108876.821 GC heap before
{Heap before GC invocations=7538 (full 5):
 PSYoungGen      total 1353728K, used 1325743K [0x000000076ab00000, 0x00000007c0000000, 0x00000007c0000000)
  eden space 1311232K, 100% used [0x000000076ab00000,0x00000007bab80000,0x00000007bab80000)
  from space 42496K, 34% used [0x00000007bd480000,0x00000007be2abf88,0x00000007bfe00000)
  to   space 41984K, 0% used [0x00000007bab80000,0x00000007bab80000,0x00000007bd480000)
 ParOldGen       total 1650688K, used 1586050K [0x00000006c0000000, 0x0000000724c00000, 0x000000076ab00000)
  object space 1650688K, 96% used [0x00000006c0000000,0x0000000720ce0be8,0x0000000724c00000)
 Metaspace       used 101962K, capacity 111620K, committed 111896K, reserved 1146880K
  class space    used 13028K, capacity 15050K, committed 15144K, reserved 1048576K
Event: 108876.846 GC heap after
Heap after GC invocations=7538 (full 5):
 PSYoungGen      total 1353216K, used 14463K [0x000000076ab00000, 0x00000007bfd80000, 0x00000007c0000000)
  eden space 1311232K, 0% used [0x000000076ab00000,0x000000076ab00000,0x00000007bab80000)
  from space 41984K, 34% used [0x00000007bab80000,0x00000007bb99ff50,0x00000007bd480000)
  to   space 40960K, 0% used [0x00000007bd580000,0x00000007bd580000,0x00000007bfd80000)
 ParOldGen       total 1650688K, used 1586210K [0x00000006c0000000, 0x0000000724c00000, 0x000000076ab00000)
  object space 1650688K, 96% used [0x00000006c0000000,0x0000000720d08be8,0x0000000724c00000)
 Metaspace       used 101962K, capacity 111620K, committed 111896K, reserved 1146880K
  class space    used 13028K, capacity 15050K, committed 15144K, reserved 1048576K
}
Event: 108917.163 GC heap before
{Heap before GC invocations=7539 (full 5):
 PSYoungGen      total 1353216K, used 1325695K [0x000000076ab00000, 0x00000007bfd80000, 0x00000007c0000000)
  eden space 1311232K, 100% used [0x000000076ab00000,0x00000007bab80000,0x00000007bab80000)
  from space 41984K, 34% used [0x00000007bab80000,0x00000007bb99ff50,0x00000007bd480000)
  to   space 40960K, 0% used [0x00000007bd580000,0x00000007bd580000,0x00000007bfd80000)
 ParOldGen       total 1650688K, used 1586210K [0x00000006c0000000, 0x0000000724c00000, 0x000000076ab00000)
  object space 1650688K, 96% used [0x00000006c0000000,0x0000000720d08be8,0x0000000724c00000)
 Metaspace       used 101962K, capacity 111620K, committed 111896K, reserved 1146880K
  class space    used 13028K, capacity 15050K, committed 15144K, reserved 1048576K
Event: 108917.188 GC heap after
Heap after GC invocations=7539 (full 5):
 PSYoungGen      total 1354752K, used 14495K [0x000000076ab00000, 0x00000007bfd00000, 0x00000007c0000000)
  eden space 1314304K, 0% used [0x000000076ab00000,0x000000076ab00000,0x00000007bae80000)
  from space 40448K, 35% used [0x00000007bd580000,0x00000007be3a7df0,0x00000007bfd00000)
  to   space 39936K, 0% used [0x00000007bae80000,0x00000007bae80000,0x00000007bd580000)
 ParOldGen       total 1650688K, used 1586290K [0x00000006c0000000, 0x0000000724c00000, 0x000000076ab00000)
  object space 1650688K, 96% used [0x00000006c0000000,0x0000000720d1cbe8,0x0000000724c00000)
 Metaspace       used 101962K, capacity 111620K, committed 111896K, reserved 1146880K
  class space    used 13028K, capacity 15050K, committed 15144K, reserved 1048576K
}
Event: 108957.604 GC heap before
{Heap before GC invocations=7540 (full 5):
 PSYoungGen      total 1354752K, used 1328799K [0x000000076ab00000, 0x00000007bfd00000, 0x00000007c0000000)
  eden space 1314304K, 100% used [0x000000076ab00000,0x00000007bae80000,0x00000007bae80000)
  from space 40448K, 35% used [0x00000007bd580000,0x00000007be3a7df0,0x00000007bfd00000)
  to   space 39936K, 0% used [0x00000007bae80000,0x00000007bae80000,0x00000007bd580000)
 ParOldGen       total 1650688K, used 1586290K [0x00000006c0000000, 0x0000000724c00000, 0x000000076ab00000)
  object space 1650688K, 96% used [0x00000006c0000000,0x0000000720d1cbe8,0x0000000724c00000)
 Metaspace       used 101962K, capacity 111620K, committed 111896K, reserved 1146880K
  class space    used 13028K, capacity 15050K, committed 15144K, reserved 1048576K
Event: 108957.629 GC heap after
Heap after GC invocations=7540 (full 5):
 PSYoungGen      total 1354240K, used 14495K [0x000000076ab00000, 0x00000007bfd80000, 0x00000007c0000000)
  eden space 1314304K, 0% used [0x000000076ab00000,0x000000076ab00000,0x00000007bae80000)
  from space 39936K, 36% used [0x00000007bae80000,0x00000007bbca7f70,0x00000007bd580000)
  to   space 38912K, 0% used [0x00000007bd780000,0x00000007bd780000,0x00000007bfd80000)
 ParOldGen       total 1650688K, used 1586434K [0x00000006c0000000, 0x0000000724c00000, 0x000000076ab00000)
  object space 1650688K, 96% used [0x00000006c0000000,0x0000000720d40be8,0x0000000724c00000)
 Metaspace       used 101962K, capacity 111620K, committed 111896K, reserved 1146880K
  class space    used 13028K, capacity 15050K, committed 15144K, reserved 1048576K
}
Event: 108999.537 GC heap before
{Heap before GC invocations=7541 (full 5):
 PSYoungGen      total 1354240K, used 1328799K [0x000000076ab00000, 0x00000007bfd80000, 0x00000007c0000000)
  eden space 1314304K, 100% used [0x000000076ab00000,0x00000007bae80000,0x00000007bae80000)
  from space 39936K, 36% used [0x00000007bae80000,0x00000007bbca7f70,0x00000007bd580000)
  to   space 38912K, 0% used [0x00000007bd780000,0x00000007bd780000,0x00000007bfd80000)
 ParOldGen       total 1650688K, used 1586434K [0x00000006c0000000, 0x0000000724c00000, 0x000000076ab00000)
  object space 1650688K, 96% used [0x00000006c0000000,0x0000000720d40be8,0x0000000724c00000)
 Metaspace       used 101962K, capacity 111620K, committed 111896K, reserved 1146880K
  class space    used 13028K, capacity 15050K, committed 15144K, reserved 1048576K
Event: 108999.562 GC heap after
Heap after GC invocations=7541 (full 5):
 PSYoungGen      total 1356288K, used 14415K [0x000000076ab00000, 0x00000007bfc80000, 0x00000007c0000000)
  eden space 1318400K, 0% used [0x000000076ab00000,0x000000076ab00000,0x00000007bb280000)
  from space 37888K, 38% used [0x00000007bd780000,0x00000007be593f88,0x00000007bfc80000)
  to   space 37888K, 0% used [0x00000007bb280000,0x00000007bb280000,0x00000007bd780000)
 ParOldGen       total 1650688K, used 1586535K [0x00000006c0000000, 0x0000000724c00000, 0x000000076ab00000)
  object space 1650688K, 96% used [0x00000006c0000000,0x0000000720d59c00,0x0000000724c00000)
 Metaspace       used 101962K, capacity 111620K, committed 111896K, reserved 1146880K
  class space    used 13028K, capacity 15050K, committed 15144K, reserved 1048576K
}
Event: 109040.959 GC heap before
{Heap before GC invocations=7542 (full 5):
 PSYoungGen      total 1356288K, used 1332815K [0x000000076ab00000, 0x00000007bfc80000, 0x00000007c0000000)
  eden space 1318400K, 100% used [0x000000076ab00000,0x00000007bb280000,0x00000007bb280000)
  from space 37888K, 38% used [0x00000007bd780000,0x00000007be593f88,0x00000007bfc80000)
  to   space 37888K, 0% used [0x00000007bb280000,0x00000007bb280000,0x00000007bd780000)
 ParOldGen       total 1650688K, used 1586535K [0x00000006c0000000, 0x0000000724c00000, 0x000000076ab00000)
  object space 1650688K, 96% used [0x00000006c0000000,0x0000000720d59c00,0x0000000724c00000)
 Metaspace       used 101962K, capacity 111620K, committed 111896K, reserved 1146880K
  class space    used 13028K, capacity 15050K, committed 15144K, reserved 1048576K
Event: 109040.985 GC heap after
Heap after GC invocations=7542 (full 5):
 PSYoungGen      total 1356288K, used 14607K [0x000000076ab00000, 0x00000007bfe00000, 0x00000007c0000000)
  eden space 1318400K, 0% used [0x000000076ab00000,0x000000076ab00000,0x00000007bb280000)
  from space 37888K, 38% used [0x00000007bb280000,0x00000007bc0c3f88,0x00000007bd780000)
  to   space 36864K, 0% used [0x00000007bda00000,0x00000007bda00000,0x00000007bfe00000)
 ParOldGen       total 1650688K, used 1586623K [0x00000006c0000000, 0x0000000724c00000, 0x000000076ab00000)
  object space 1650688K, 96% used [0x00000006c0000000,0x0000000720d6fc30,0x0000000724c00000)
 Metaspace       used 101962K, capacity 111620K, committed 111896K, reserved 1146880K
  class space    used 13028K, capacity 15050K, committed 15144K, reserved 1048576K
}
Event: 109083.326 GC heap before
{Heap before GC invocations=7543 (full 5):
 PSYoungGen      total 1356288K, used 1333007K [0x000000076ab00000, 0x00000007bfe00000, 0x00000007c0000000)
  eden space 1318400K, 100% used [0x000000076ab00000,0x00000007bb280000,0x00000007bb280000)
  from space 37888K, 38% used [0x00000007bb280000,0x00000007bc0c3f88,0x00000007bd780000)
  to   space 36864K, 0% used [0x00000007bda00000,0x00000007bda00000,0x00000007bfe00000)
 ParOldGen       total 1650688K, used 1586623K [0x00000006c0000000, 0x0000000724c00000, 0x000000076ab00000)
  object space 1650688K, 96% used [0x00000006c0000000,0x0000000720d6fc30,0x0000000724c00000)
 Metaspace       used 101962K, capacity 111620K, committed 111896K, reserved 1146880K
  class space    used 13028K, capacity 15050K, committed 15144K, reserved 1048576K
Event: 109083.351 GC heap after
Heap after GC invocations=7543 (full 5):
 PSYoungGen      total 1356800K, used 14415K [0x000000076ab00000, 0x00000007bfb80000, 0x00000007c0000000)
  eden space 1322496K, 0% used [0x000000076ab00000,0x000000076ab00000,0x00000007bb680000)
  from space 34304K, 42% used [0x00000007bda00000,0x00000007be813f78,0x00000007bfb80000)
  to   space 35328K, 0% used [0x00000007bb680000,0x00000007bb680000,0x00000007bd900000)
 ParOldGen       total 1650688K, used 1586711K [0x00000006c0000000, 0x0000000724c00000, 0x000000076ab00000)
  object space 1650688K, 96% used [0x00000006c0000000,0x0000000720d85c60,0x0000000724c00000)
 Metaspace       used 101962K, capacity 111620K, committed 111896K, reserved 1146880K
  class space    used 13028K, capacity 15050K, committed 15144K, reserved 1048576K
}
Event: 109125.991 GC heap before
{Heap before GC invocations=7544 (full 5):
 PSYoungGen      total 1356800K, used 1336911K [0x000000076ab00000, 0x00000007bfb80000, 0x00000007c0000000)
  eden space 1322496K, 100% used [0x000000076ab00000,0x00000007bb680000,0x00000007bb680000)
  from space 34304K, 42% used [0x00000007bda00000,0x00000007be813f78,0x00000007bfb80000)
  to   space 35328K, 0% used [0x00000007bb680000,0x00000007bb680000,0x00000007bd900000)
 ParOldGen       total 1650688K, used 1586711K [0x00000006c0000000, 0x0000000724c00000, 0x000000076ab00000)
  object space 1650688K, 96% used [0x00000006c0000000,0x0000000720d85c60,0x0000000724c00000)
 Metaspace       used 101962K, capacity 111620K, committed 111896K, reserved 1146880K
  class space    used 13028K, capacity 15050K, committed 15144K, reserved 1048576K
Event: 109126.018 GC heap after
Heap after GC invocations=7544 (full 5):
 PSYoungGen      total 1357824K, used 8943K [0x000000076ab00000, 0x00000007bff00000, 0x00000007c0000000)
  eden space 1322496K, 0% used [0x000000076ab00000,0x000000076ab00000,0x00000007bb680000)
  from space 35328K, 25% used [0x00000007bb680000,0x00000007bbf3bde8,0x00000007bd900000)
  to   space 35328K, 0% used [0x00000007bdc80000,0x00000007bdc80000,0x00000007bff00000)
 ParOldGen       total 1650688K, used 1592579K [0x00000006c0000000, 0x0000000724c00000, 0x000000076ab00000)
  object space 1650688K, 96% used [0x00000006c0000000,0x0000000721340c78,0x0000000724c00000)
 Metaspace       used 101962K, capacity 111620K, committed 111896K, reserved 1146880K
  class space    used 13028K, capacity 15050K, committed 15144K, reserved 1048576K
}
Event: 109161.003 GC heap before
{Heap before GC invocations=7545 (full 5):
 PSYoungGen      total 1357824K, used 1331439K [0x000000076ab00000, 0x00000007bff00000, 0x00000007c0000000)
  eden space 1322496K, 100% used [0x000000076ab00000,0x00000007bb680000,0x00000007bb680000)
  from space 35328K, 25% used [0x00000007bb680000,0x00000007bbf3bde8,0x00000007bd900000)
  to   space 35328K, 0% used [0x00000007bdc80000,0x00000007bdc80000,0x00000007bff00000)
 ParOldGen       total 1650688K, used 1592579K [0x00000006c0000000, 0x0000000724c00000, 0x000000076ab00000)
  object space 1650688K, 96% used [0x00000006c0000000,0x0000000721340c78,0x0000000724c00000)
 Metaspace       used 101962K, capacity 111620K, committed 111896K, reserved 1146880K
  class space    used 13028K, capacity 15050K, committed 15144K, reserved 1048576K
Event: 109161.026 GC heap after
Heap after GC invocations=7545 (full 5):
 PSYoungGen      total 1361408K, used 6623K [0x000000076ab00000, 0x00000007bff00000, 0x00000007c0000000)
  eden space 1326080K, 0% used [0x000000076ab00000,0x000000076ab00000,0x00000007bba00000)
  from space 35328K, 18% used [0x00000007bdc80000,0x00000007be2f7de0,0x00000007bff00000)
  to   space 35328K, 0% used [0x00000007bba00000,0x00000007bba00000,0x00000007bdc80000)
 ParOldGen       total 1650688K, used 1595139K [0x00000006c0000000, 0x0000000724c00000, 0x000000076ab00000)
  object space 1650688K, 96% used [0x00000006c0000000,0x00000007215c0c78,0x0000000724c00000)
 Metaspace       used 101962K, capacity 111620K, committed 111896K, reserved 1146880K
  class space    used 13028K, capacity 15050K, committed 15144K, reserved 1048576K
}
Event: 109192.061 GC heap before
{Heap before GC invocations=7546 (full 5):
 PSYoungGen      total 1361408K, used 1332703K [0x000000076ab00000, 0x00000007bff00000, 0x00000007c0000000)
  eden space 1326080K, 100% used [0x000000076ab00000,0x00000007bba00000,0x00000007bba00000)
  from space 35328K, 18% used [0x00000007bdc80000,0x00000007be2f7de0,0x00000007bff00000)
  to   space 35328K, 0% used [0x00000007bba00000,0x00000007bba00000,0x00000007bdc80000)
 ParOldGen       total 1650688K, used 1595139K [0x00000006c0000000, 0x0000000724c00000, 0x000000076ab00000)
  object space 1650688K, 96% used [0x00000006c0000000,0x00000007215c0c78,0x0000000724c00000)
 Metaspace       used 101962K, capacity 111620K, committed 111896K, reserved 1146880K
  class space    used 13028K, capacity 15050K, committed 15144K, reserved 1048576K
Event: 109192.084 GC heap after
Heap after GC invocations=7546 (full 5):
 PSYoungGen      total 1361408K, used 6287K [0x000000076ab00000, 0x00000007c0000000, 0x00000007c0000000)
  eden space 1326080K, 0% used [0x000000076ab00000,0x000000076ab00000,0x00000007bba00000)
  from space 35328K, 17% used [0x00000007bba00000,0x00000007bc023f68,0x00000007bdc80000)
  to   space 35328K, 0% used [0x00000007bdd80000,0x00000007bdd80000,0x00000007c0000000)
 ParOldGen       total 1650688K, used 1597811K [0x00000006c0000000, 0x0000000724c00000, 0x000000076ab00000)
  object space 1650688K, 96% used [0x00000006c0000000,0x000000072185cc78,0x0000000724c00000)
 Metaspace       used 101962K, capacity 111620K, committed 111896K, reserved 1146880K
  class space    used 13028K, capacity 15050K, committed 15144K, reserved 1048576K
}
Event: 109224.146 GC heap before
{Heap before GC invocations=7547 (full 5):
 PSYoungGen      total 1361408K, used 1332367K [0x000000076ab00000, 0x00000007c0000000, 0x00000007c0000000)
  eden space 1326080K, 100% used [0x000000076ab00000,0x00000007bba00000,0x00000007bba00000)
  from space 35328K, 17% used [0x00000007bba00000,0x00000007bc023f68,0x00000007bdc80000)
  to   space 35328K, 0% used [0x00000007bdd80000,0x00000007bdd80000,0x00000007c0000000)
 ParOldGen       total 1650688K, used 1597811K [0x00000006c0000000, 0x0000000724c00000, 0x000000076ab00000)
  object space 1650688K, 96% used [0x00000006c0000000,0x000000072185cc78,0x0000000724c00000)
 Metaspace       used 101962K, capacity 111620K, committed 111896K, reserved 1146880K
  class space    used 13028K, capacity 15050K, committed 15144K, reserved 1048576K
Event: 109224.166 GC heap after
Heap after GC invocations=7547 (full 5):
 PSYoungGen      total 1361408K, used 6751K [0x000000076ab00000, 0x00000007bff00000, 0x00000007c0000000)
  eden space 1327104K, 0% used [0x000000076ab00000,0x000000076ab00000,0x00000007bbb00000)
  from space 34304K, 19% used [0x00000007bdd80000,0x00000007be417df0,0x00000007bff00000)
  to   space 34816K, 0% used [0x00000007bbb00000,0x00000007bbb00000,0x00000007bdd00000)
 ParOldGen       total 1650688K, used 1597827K [0x00000006c0000000, 0x0000000724c00000, 0x000000076ab00000)
  object space 1650688K, 96% used [0x00000006c0000000,0x0000000721860c78,0x0000000724c00000)
 Metaspace       used 101962K, capacity 111620K, committed 111896K, reserved 1146880K
  class space    used 13028K, capacity 15050K, committed 15144K, reserved 1048576K
}
Event: 109262.543 GC heap before
{Heap before GC invocations=7548 (full 5):
 PSYoungGen      total 1361408K, used 1333855K [0x000000076ab00000, 0x00000007bff00000, 0x00000007c0000000)
  eden space 1327104K, 100% used [0x000000076ab00000,0x00000007bbb00000,0x00000007bbb00000)
  from space 34304K, 19% used [0x00000007bdd80000,0x00000007be417df0,0x00000007bff00000)
  to   space 34816K, 0% used [0x00000007bbb00000,0x00000007bbb00000,0x00000007bdd00000)
 ParOldGen       total 1650688K, used 1597827K [0x00000006c0000000, 0x0000000724c00000, 0x000000076ab00000)
  object space 1650688K, 96% used [0x00000006c0000000,0x0000000721860c78,0x0000000724c00000)
 Metaspace       used 101962K, capacity 111620K, committed 111896K, reserved 1146880K
  class space    used 13028K, capacity 15050K, committed 15144K, reserved 1048576K
Event: 109262.563 GC heap after
Heap after GC invocations=7548 (full 5):
 PSYoungGen      total 1361920K, used 6640K [0x000000076ab00000, 0x00000007bfe80000, 0x00000007c0000000)
  eden space 1327104K, 0% used [0x000000076ab00000,0x000000076ab00000,0x00000007bbb00000)
  from space 34816K, 19% used [0x00000007bbb00000,0x00000007bc17c180,0x00000007bdd00000)
  to   space 33792K, 0% used [0x00000007bdd80000,0x00000007bdd80000,0x00000007bfe80000)
 ParOldGen       total 1650688K, used 1597899K [0x00000006c0000000, 0x0000000724c00000, 0x000000076ab00000)
  object space 1650688K, 96% used [0x00000006c0000000,0x0000000721872c78,0x0000000724c00000)
 Metaspace       used 101962K, capacity 111620K, committed 111896K, reserved 1146880K
  class space    used 13028K, capacity 15050K, committed 15144K, reserved 1048576K
}
Event: 109305.377 GC heap before
{Heap before GC invocations=7549 (full 5):
 PSYoungGen      total 1361920K, used 1333744K [0x000000076ab00000, 0x00000007bfe80000, 0x00000007c0000000)
  eden space 1327104K, 100% used [0x000000076ab00000,0x00000007bbb00000,0x00000007bbb00000)
  from space 34816K, 19% used [0x00000007bbb00000,0x00000007bc17c180,0x00000007bdd00000)
  to   space 33792K, 0% used [0x00000007bdd80000,0x00000007bdd80000,0x00000007bfe80000)
 ParOldGen       total 1650688K, used 1597899K [0x00000006c0000000, 0x0000000724c00000, 0x000000076ab00000)
  object space 1650688K, 96% used [0x00000006c0000000,0x0000000721872c78,0x0000000724c00000)
 Metaspace       used 101962K, capacity 111620K, committed 111896K, reserved 1146880K
  class space    used 13028K, capacity 15050K, committed 15144K, reserved 1048576K
Event: 109305.399 GC heap after
Heap after GC invocations=7549 (full 5):
 PSYoungGen      total 1361408K, used 8959K [0x000000076ab00000, 0x00000007bfd00000, 0x00000007c0000000)
  eden space 1329152K, 0% used [0x000000076ab00000,0x000000076ab00000,0x00000007bbd00000)
  from space 32256K, 27% used [0x00000007bdd80000,0x00000007be63ff50,0x00000007bfd00000)
  to   space 32768K, 0% used [0x00000007bbd00000,0x00000007bbd00000,0x00000007bdd00000)
 ParOldGen       total 1650688K, used 1597939K [0x00000006c0000000, 0x0000000724c00000, 0x000000076ab00000)
  object space 1650688K, 96% used [0x00000006c0000000,0x000000072187cc78,0x0000000724c00000)
 Metaspace       used 101962K, capacity 111620K, committed 111896K, reserved 1146880K
  class space    used 13028K, capacity 15050K, committed 15144K, reserved 1048576K
}
Event: 109348.805 GC heap before
{Heap before GC invocations=7550 (full 5):
 PSYoungGen      total 1361408K, used 1338111K [0x000000076ab00000, 0x00000007bfd00000, 0x00000007c0000000)
  eden space 1329152K, 100% used [0x000000076ab00000,0x00000007bbd00000,0x00000007bbd00000)
  from space 32256K, 27% used [0x00000007bdd80000,0x00000007be63ff50,0x00000007bfd00000)
  to   space 32768K, 0% used [0x00000007bbd00000,0x00000007bbd00000,0x00000007bdd00000)
 ParOldGen       total 1650688K, used 1597939K [0x00000006c0000000, 0x0000000724c00000, 0x000000076ab00000)
  object space 1650688K, 96% used [0x00000006c0000000,0x000000072187cc78,0x0000000724c00000)
 Metaspace       used 101962K, capacity 111620K, committed 111896K, reserved 1146880K
  class space    used 13028K, capacity 15050K, committed 15144K, reserved 1048576K
Event: 109348.826 GC heap after
Heap after GC invocations=7550 (full 5):
 PSYoungGen      total 1361920K, used 9119K [0x000000076ab00000, 0x00000007bfd00000, 0x00000007c0000000)
  eden space 1329152K, 0% used [0x000000076ab00000,0x000000076ab00000,0x00000007bbd00000)
  from space 32768K, 27% used [0x00000007bbd00000,0x00000007bc5e7f70,0x00000007bdd00000)
  to   space 31232K, 0% used [0x00000007bde80000,0x00000007bde80000,0x00000007bfd00000)
 ParOldGen       total 1650688K, used 1597995K [0x00000006c0000000, 0x0000000724c00000, 0x000000076ab00000)
  object space 1650688K, 96% used [0x00000006c0000000,0x000000072188ac78,0x0000000724c00000)
 Metaspace       used 101962K, capacity 111620K, committed 111896K, reserved 1146880K
  class space    used 13028K, capacity 15050K, committed 15144K, reserved 1048576K
}
Event: 109391.805 GC heap before
{Heap before GC invocations=7551 (full 5):
 PSYoungGen      total 1361920K, used 1338271K [0x000000076ab00000, 0x00000007bfd00000, 0x00000007c0000000)
  eden space 1329152K, 100% used [0x000000076ab00000,0x00000007bbd00000,0x00000007bbd00000)
  from space 32768K, 27% used [0x00000007bbd00000,0x00000007bc5e7f70,0x00000007bdd00000)
  to   space 31232K, 0% used [0x00000007bde80000,0x00000007bde80000,0x00000007bfd00000)
 ParOldGen       total 1650688K, used 1597995K [0x00000006c0000000, 0x0000000724c00000, 0x000000076ab00000)
  object space 1650688K, 96% used [0x00000006c0000000,0x000000072188ac78,0x0000000724c00000)
 Metaspace       used 101962K, capacity 111620K, committed 111896K, reserved 1146880K
  class space    used 13028K, capacity 15050K, committed 15144K, reserved 1048576K
Event: 109391.827 GC heap after
Heap after GC invocations=7551 (full 5):
 PSYoungGen      total 1361408K, used 9039K [0x000000076ab00000, 0x00000007bfb00000, 0x00000007c0000000)
  eden space 1332224K, 0% used [0x000000076ab00000,0x000000076ab00000,0x00000007bc000000)
  from space 29184K, 30% used [0x00000007bde80000,0x00000007be753f88,0x00000007bfb00000)
  to   space 30208K, 0% used [0x00000007bc000000,0x00000007bc000000,0x00000007bdd80000)
 ParOldGen       total 1650688K, used 1598019K [0x00000006c0000000, 0x0000000724c00000, 0x000000076ab00000)
  object space 1650688K, 96% used [0x00000006c0000000,0x0000000721890c78,0x0000000724c00000)
 Metaspace       used 101962K, capacity 111620K, committed 111896K, reserved 1146880K
  class space    used 13028K, capacity 15050K, committed 15144K, reserved 1048576K
}
Event: 109436.438 GC heap before
{Heap before GC invocations=7552 (full 5):
 PSYoungGen      total 1361408K, used 1341263K [0x000000076ab00000, 0x00000007bfb00000, 0x00000007c0000000)
  eden space 1332224K, 100% used [0x000000076ab00000,0x00000007bc000000,0x00000007bc000000)
  from space 29184K, 30% used [0x00000007bde80000,0x00000007be753f88,0x00000007bfb00000)
  to   space 30208K, 0% used [0x00000007bc000000,0x00000007bc000000,0x00000007bdd80000)
 ParOldGen       total 1650688K, used 1598019K [0x00000006c0000000, 0x0000000724c00000, 0x000000076ab00000)
  object space 1650688K, 96% used [0x00000006c0000000,0x0000000721890c78,0x0000000724c00000)
 Metaspace       used 101962K, capacity 111620K, committed 111896K, reserved 1146880K
  class space    used 13028K, capacity 15050K, committed 15144K, reserved 1048576K
Event: 109436.460 GC heap after
Heap after GC invocations=7552 (full 5):
 PSYoungGen      total 1362432K, used 9119K [0x000000076ab00000, 0x00000007bfb00000, 0x00000007c0000000)
  eden space 1332224K, 0% used [0x000000076ab00000,0x000000076ab00000,0x00000007bc000000)
  from space 30208K, 30% used [0x00000007bc000000,0x00000007bc8e7f70,0x00000007bdd80000)
  to   space 28672K, 0% used [0x00000007bdf00000,0x00000007bdf00000,0x00000007bfb00000)
 ParOldGen       total 1650688K, used 1598059K [0x00000006c0000000, 0x0000000724c00000, 0x000000076ab00000)
  object space 1650688K, 96% used [0x00000006c0000000,0x000000072189ac78,0x0000000724c00000)
 Metaspace       used 101962K, capacity 111620K, committed 111896K, reserved 1146880K
  class space    used 13028K, capacity 15050K, committed 15144K, reserved 1048576K
}
Event: 109479.618 GC heap before
{Heap before GC invocations=7553 (full 5):
 PSYoungGen      total 1362432K, used 1341343K [0x000000076ab00000, 0x00000007bfb00000, 0x00000007c0000000)
  eden space 1332224K, 100% used [0x000000076ab00000,0x00000007bc000000,0x00000007bc000000)
  from space 30208K, 30% used [0x00000007bc000000,0x00000007bc8e7f70,0x00000007bdd80000)
  to   space 28672K, 0% used [0x00000007bdf00000,0x00000007bdf00000,0x00000007bfb00000)
 ParOldGen       total 1650688K, used 1598059K [0x00000006c0000000, 0x0000000724c00000, 0x000000076ab00000)
  object space 1650688K, 96% used [0x00000006c0000000,0x000000072189ac78,0x0000000724c00000)
 Metaspace       used 101962K, capacity 111620K, committed 111896K, reserved 1146880K
  class space    used 13028K, capacity 15050K, committed 15144K, reserved 1048576K
Event: 109479.640 GC heap after
Heap after GC invocations=7553 (full 5):
 PSYoungGen      total 1361920K, used 9023K [0x000000076ab00000, 0x00000007bf900000, 0x00000007c0000000)
  eden space 1335296K, 0% used [0x000000076ab00000,0x000000076ab00000,0x00000007bc300000)
  from space 26624K, 33% used [0x00000007bdf00000,0x00000007be7cff50,0x00000007bf900000)
  to   space 27648K, 0% used [0x00000007bc300000,0x00000007bc300000,0x00000007bde00000)
 ParOldGen       total 1650688K, used 1598187K [0x00000006c0000000, 0x0000000724c00000, 0x000000076ab00000)
  object space 1650688K, 96% used [0x00000006c0000000,0x00000007218bac78,0x0000000724c00000)
 Metaspace       used 101962K, capacity 111620K, committed 111896K, reserved 1146880K
  class space    used 13028K, capacity 15050K, committed 15144K, reserved 1048576K
}
Event: 109523.857 GC heap before
{Heap before GC invocations=7554 (full 5):
 PSYoungGen      total 1361920K, used 1344319K [0x000000076ab00000, 0x00000007bf900000, 0x00000007c0000000)
  eden space 1335296K, 100% used [0x000000076ab00000,0x00000007bc300000,0x00000007bc300000)
  from space 26624K, 33% used [0x00000007bdf00000,0x00000007be7cff50,0x00000007bf900000)
  to   space 27648K, 0% used [0x00000007bc300000,0x00000007bc300000,0x00000007bde00000)
 ParOldGen       total 1650688K, used 1598187K [0x00000006c0000000, 0x0000000724c00000, 0x000000076ab00000)
  object space 1650688K, 96% used [0x00000006c0000000,0x00000007218bac78,0x0000000724c00000)
 Metaspace       used 101962K, capacity 111620K, committed 111896K, reserved 1146880K
  class space    used 13028K, capacity 15050K, committed 15144K, reserved 1048576K
Event: 109523.878 GC heap after
Heap after GC invocations=7554 (full 5):
 PSYoungGen      total 1362944K, used 8943K [0x000000076ab00000, 0x00000007bfa00000, 0x00000007c0000000)
  eden space 1335296K, 0% used [0x000000076ab00000,0x000000076ab00000,0x00000007bc300000)
  from space 27648K, 32% used [0x00000007bc300000,0x00000007bcbbbdf8,0x00000007bde00000)
  to   space 26624K, 0% used [0x00000007be000000,0x00000007be000000,0x00000007bfa00000)
 ParOldGen       total 1650688K, used 1598243K [0x00000006c0000000, 0x0000000724c00000, 0x000000076ab00000)
  object space 1650688K, 96% used [0x00000006c0000000,0x00000007218c8c78,0x0000000724c00000)
 Metaspace       used 101962K, capacity 111620K, committed 111896K, reserved 1146880K
  class space    used 13028K, capacity 15050K, committed 15144K, reserved 1048576K
}
Event: 109566.371 GC heap before
{Heap before GC invocations=7555 (full 5):
 PSYoungGen      total 1362944K, used 1344239K [0x000000076ab00000, 0x00000007bfa00000, 0x00000007c0000000)
  eden space 1335296K, 100% used [0x000000076ab00000,0x00000007bc300000,0x00000007bc300000)
  from space 27648K, 32% used [0x00000007bc300000,0x00000007bcbbbdf8,0x00000007bde00000)
  to   space 26624K, 0% used [0x00000007be000000,0x00000007be000000,0x00000007bfa00000)
 ParOldGen       total 1650688K, used 1598243K [0x00000006c0000000, 0x0000000724c00000, 0x000000076ab00000)
  object space 1650688K, 96% used [0x00000006c0000000,0x00000007218c8c78,0x0000000724c00000)
 Metaspace       used 101962K, capacity 111620K, committed 111896K, reserved 1146880K
  class space    used 13028K, capacity 15050K, committed 15144K, reserved 1048576K
Event: 109566.393 GC heap after
Heap after GC invocations=7555 (full 5):
 PSYoungGen      total 1362944K, used 8943K [0x000000076ab00000, 0x00000007bf800000, 0x00000007c0000000)
  eden space 1338368K, 0% used [0x000000076ab00000,0x000000076ab00000,0x00000007bc600000)
  from space 24576K, 36% used [0x00000007be000000,0x00000007be8bbdf8,0x00000007bf800000)
  to   space 25600K, 0% used [0x00000007bc600000,0x00000007bc600000,0x00000007bdf00000)
 ParOldGen       total 1650688K, used 1598363K [0x00000006c0000000, 0x0000000724c00000, 0x000000076ab00000)
  object space 1650688K, 96% used [0x00000006c0000000,0x00000007218e6c78,0x0000000724c00000)
 Metaspace       used 101962K, capacity 111620K, committed 111896K, reserved 1146880K
  class space    used 13028K, capacity 15050K, committed 15144K, reserved 1048576K
}
Event: 109609.790 GC heap before
{Heap before GC invocations=7556 (full 5):
 PSYoungGen      total 1362944K, used 1347311K [0x000000076ab00000, 0x00000007bf800000, 0x00000007c0000000)
  eden space 1338368K, 100% used [0x000000076ab00000,0x00000007bc600000,0x00000007bc600000)
  from space 24576K, 36% used [0x00000007be000000,0x00000007be8bbdf8,0x00000007bf800000)
  to   space 25600K, 0% used [0x00000007bc600000,0x00000007bc600000,0x00000007bdf00000)
 ParOldGen       total 1650688K, used 1598363K [0x00000006c0000000, 0x0000000724c00000, 0x000000076ab00000)
  object space 1650688K, 96% used [0x00000006c0000000,0x00000007218e6c78,0x0000000724c00000)
 Metaspace       used 101962K, capacity 111620K, committed 111896K, reserved 1146880K
  class space    used 13028K, capacity 15050K, committed 15144K, reserved 1048576K
Event: 109609.812 GC heap after
Heap after GC invocations=7556 (full 5):
 PSYoungGen      total 1363968K, used 8879K [0x000000076ab00000, 0x00000007bf900000, 0x00000007c0000000)
  eden space 1338368K, 0% used [0x000000076ab00000,0x000000076ab00000,0x00000007bc600000)
  from space 25600K, 34% used [0x00000007bc600000,0x00000007bceabf68,0x00000007bdf00000)
  to   space 24576K, 0% used [0x00000007be100000,0x00000007be100000,0x00000007bf900000)
 ParOldGen       total 1650688K, used 1598411K [0x00000006c0000000, 0x0000000724c00000, 0x000000076ab00000)
  object space 1650688K, 96% used [0x00000006c0000000,0x00000007218f2c78,0x0000000724c00000)
 Metaspace       used 101962K, capacity 111620K, committed 111896K, reserved 1146880K
  class space    used 13028K, capacity 15050K, committed 15144K, reserved 1048576K
}
Event: 109654.290 GC heap before
{Heap before GC invocations=7557 (full 5):
 PSYoungGen      total 1363968K, used 1347247K [0x000000076ab00000, 0x00000007bf900000, 0x00000007c0000000)
  eden space 1338368K, 100% used [0x000000076ab00000,0x00000007bc600000,0x00000007bc600000)
  from space 25600K, 34% used [0x00000007bc600000,0x00000007bceabf68,0x00000007bdf00000)
  to   space 24576K, 0% used [0x00000007be100000,0x00000007be100000,0x00000007bf900000)
 ParOldGen       total 1650688K, used 1598411K [0x00000006c0000000, 0x0000000724c00000, 0x000000076ab00000)
  object space 1650688K, 96% used [0x00000006c0000000,0x00000007218f2c78,0x0000000724c00000)
 Metaspace       used 101962K, capacity 111620K, committed 111896K, reserved 1146880K
  class space    used 13028K, capacity 15050K, committed 15144K, reserved 1048576K
Event: 109654.312 GC heap after
Heap after GC invocations=7557 (full 5):
 PSYoungGen      total 1363968K, used 8783K [0x000000076ab00000, 0x00000007bf700000, 0x00000007c0000000)
  eden space 1341440K, 0% used [0x000000076ab00000,0x000000076ab00000,0x00000007bc900000)
  from space 22528K, 38% used [0x00000007be100000,0x00000007be993f88,0x00000007bf700000)
  to   space 23552K, 0% used [0x00000007bc900000,0x00000007bc900000,0x00000007be000000)
 ParOldGen       total 1650688K, used 1598511K [0x00000006c0000000, 0x0000000724c00000, 0x000000076ab00000)
  object space 1650688K, 96% used [0x00000006c0000000,0x000000072190bc90,0x0000000724c00000)
 Metaspace       used 101962K, capacity 111620K, committed 111896K, reserved 1146880K
  class space    used 13028K, capacity 15050K, committed 15144K, reserved 1048576K
}
Event: 109696.710 GC heap before
{Heap before GC invocations=7558 (full 5):
 PSYoungGen      total 1363968K, used 1350223K [0x000000076ab00000, 0x00000007bf700000, 0x00000007c0000000)
  eden space 1341440K, 100% used [0x000000076ab00000,0x00000007bc900000,0x00000007bc900000)
  from space 22528K, 38% used [0x00000007be100000,0x00000007be993f88,0x00000007bf700000)
  to   space 23552K, 0% used [0x00000007bc900000,0x00000007bc900000,0x00000007be000000)
 ParOldGen       total 1650688K, used 1598511K [0x00000006c0000000, 0x0000000724c00000, 0x000000076ab00000)
  object space 1650688K, 96% used [0x00000006c0000000,0x000000072190bc90,0x0000000724c00000)
 Metaspace       used 101962K, capacity 111620K, committed 111896K, reserved 1146880K
  class space    used 13028K, capacity 15050K, committed 15144K, reserved 1048576K
Event: 109696.731 GC heap after
Heap after GC invocations=7558 (full 5):
 PSYoungGen      total 1364992K, used 8735K [0x000000076ab00000, 0x00000007bf800000, 0x00000007c0000000)
  eden space 1341440K, 0% used [0x000000076ab00000,0x000000076ab00000,0x00000007bc900000)
  from space 23552K, 37% used [0x00000007bc900000,0x00000007bd187f50,0x00000007be000000)
  to   space 22528K, 0% used [0x00000007be200000,0x00000007be200000,0x00000007bf800000)
 ParOldGen       total 1650688K, used 1598567K [0x00000006c0000000, 0x0000000724c00000, 0x000000076ab00000)
  object space 1650688K, 96% used [0x00000006c0000000,0x0000000721919c90,0x0000000724c00000)
 Metaspace       used 101962K, capacity 111620K, committed 111896K, reserved 1146880K
  class space    used 13028K, capacity 15050K, committed 15144K, reserved 1048576K
}
Event: 109740.696 GC heap before
{Heap before GC invocations=7559 (full 5):
 PSYoungGen      total 1364992K, used 1350175K [0x000000076ab00000, 0x00000007bf800000, 0x00000007c0000000)
  eden space 1341440K, 100% used [0x000000076ab00000,0x00000007bc900000,0x00000007bc900000)
  from space 23552K, 37% used [0x00000007bc900000,0x00000007bd187f50,0x00000007be000000)
  to   space 22528K, 0% used [0x00000007be200000,0x00000007be200000,0x00000007bf800000)
 ParOldGen       total 1650688K, used 1598567K [0x00000006c0000000, 0x0000000724c00000, 0x000000076ab00000)
  object space 1650688K, 96% used [0x00000006c0000000,0x0000000721919c90,0x0000000724c00000)
 Metaspace       used 101962K, capacity 111620K, committed 111896K, reserved 1146880K
  class space    used 13028K, capacity 15050K, committed 15144K, reserved 1048576K
Event: 109740.717 GC heap after
Heap after GC invocations=7559 (full 5):
 PSYoungGen      total 1366016K, used 8719K [0x000000076ab00000, 0x00000007bf700000, 0x00000007c0000000)
  eden space 1344512K, 0% used [0x000000076ab00000,0x000000076ab00000,0x00000007bcc00000)
  from space 21504K, 40% used [0x00000007be200000,0x00000007bea83f88,0x00000007bf700000)
  to   space 22016K, 0% used [0x00000007bcc00000,0x00000007bcc00000,0x00000007be180000)
 ParOldGen       total 1650688K, used 1598643K [0x00000006c0000000, 0x0000000724c00000, 0x000000076ab00000)
  object space 1650688K, 96% used [0x00000006c0000000,0x000000072192cca8,0x0000000724c00000)
 Metaspace       used 101962K, capacity 111620K, committed 111896K, reserved 1146880K
  class space    used 13028K, capacity 15050K, committed 15144K, reserved 1048576K
}
Event: 109784.319 GC heap before
{Heap before GC invocations=7560 (full 5):
 PSYoungGen      total 1366016K, used 1353231K [0x000000076ab00000, 0x00000007bf700000, 0x00000007c0000000)
  eden space 1344512K, 100% used [0x000000076ab00000,0x00000007bcc00000,0x00000007bcc00000)
  from space 21504K, 40% used [0x00000007be200000,0x00000007bea83f88,0x00000007bf700000)
  to   space 22016K, 0% used [0x00000007bcc00000,0x00000007bcc00000,0x00000007be180000)
 ParOldGen       total 1650688K, used 1598643K [0x00000006c0000000, 0x0000000724c00000, 0x000000076ab00000)
  object space 1650688K, 96% used [0x00000006c0000000,0x000000072192cca8,0x0000000724c00000)
 Metaspace       used 101962K, capacity 111620K, committed 111896K, reserved 1146880K
  class space    used 13028K, capacity 15050K, committed 15144K, reserved 1048576K
Event: 109784.340 GC heap after
Heap after GC invocations=7560 (full 5):
 PSYoungGen      total 1366528K, used 8655K [0x000000076ab00000, 0x00000007bf780000, 0x00000007c0000000)
  eden space 1344512K, 0% used [0x000000076ab00000,0x000000076ab00000,0x00000007bcc00000)
  from space 22016K, 39% used [0x00000007bcc00000,0x00000007bd473f88,0x00000007be180000)
  to   space 20992K, 0% used [0x00000007be300000,0x00000007be300000,0x00000007bf780000)
 ParOldGen       total 1650688K, used 1598707K [0x00000006c0000000, 0x0000000724c00000, 0x000000076ab00000)
  object space 1650688K, 96% used [0x00000006c0000000,0x000000072193cca8,0x0000000724c00000)
 Metaspace       used 101962K, capacity 111620K, committed 111896K, reserved 1146880K
  class space    used 13028K, capacity 15050K, committed 15144K, reserved 1048576K
}
Event: 109828.202 GC heap before
{Heap before GC invocations=7561 (full 5):
 PSYoungGen      total 1366528K, used 1353167K [0x000000076ab00000, 0x00000007bf780000, 0x00000007c0000000)
  eden space 1344512K, 100% used [0x000000076ab00000,0x00000007bcc00000,0x00000007bcc00000)
  from space 22016K, 39% used [0x00000007bcc00000,0x00000007bd473f88,0x00000007be180000)
  to   space 20992K, 0% used [0x00000007be300000,0x00000007be300000,0x00000007bf780000)
 ParOldGen       total 1650688K, used 1598707K [0x00000006c0000000, 0x0000000724c00000, 0x000000076ab00000)
  object space 1650688K, 96% used [0x00000006c0000000,0x000000072193cca8,0x0000000724c00000)
 Metaspace       used 101962K, capacity 111620K, committed 111896K, reserved 1146880K
  class space    used 13028K, capacity 15050K, committed 15144K, reserved 1048576K
Event: 109828.225 GC heap after
Heap after GC invocations=7561 (full 5):
 PSYoungGen      total 1368064K, used 6639K [0x000000076ab00000, 0x00000007bf700000, 0x00000007c0000000)
  eden space 1347584K, 0% used [0x000000076ab00000,0x000000076ab00000,0x00000007bcf00000)
  from space 20480K, 32% used [0x00000007be300000,0x00000007be97bde8,0x00000007bf700000)
  to   space 20480K, 0% used [0x00000007bcf00000,0x00000007bcf00000,0x00000007be300000)
 ParOldGen       total 1650688K, used 1600939K [0x00000006c0000000, 0x0000000724c00000, 0x000000076ab00000)
  object space 1650688K, 96% used [0x00000006c0000000,0x0000000721b6aca8,0x0000000724c00000)
 Metaspace       used 101962K, capacity 111620K, committed 111896K, reserved 1146880K
  class space    used 13028K, capacity 15050K, committed 15144K, reserved 1048576K
}
Event: 109860.210 GC heap before
{Heap before GC invocations=7562 (full 5):
 PSYoungGen      total 1368064K, used 1354223K [0x000000076ab00000, 0x00000007bf700000, 0x00000007c0000000)
  eden space 1347584K, 100% used [0x000000076ab00000,0x00000007bcf00000,0x00000007bcf00000)
  from space 20480K, 32% used [0x00000007be300000,0x00000007be97bde8,0x00000007bf700000)
  to   space 20480K, 0% used [0x00000007bcf00000,0x00000007bcf00000,0x00000007be300000)
 ParOldGen       total 1650688K, used 1600939K [0x00000006c0000000, 0x0000000724c00000, 0x000000076ab00000)
  object space 1650688K, 96% used [0x00000006c0000000,0x0000000721b6aca8,0x0000000724c00000)
 Metaspace       used 101962K, capacity 111620K, committed 111896K, reserved 1146880K
  class space    used 13028K, capacity 15050K, committed 15144K, reserved 1048576K
Event: 109860.230 GC heap after
Heap after GC invocations=7562 (full 5):
 PSYoungGen      total 1368064K, used 6896K [0x000000076ab00000, 0x00000007bf900000, 0x00000007c0000000)
  eden space 1347584K, 0% used [0x000000076ab00000,0x000000076ab00000,0x00000007bcf00000)
  from space 20480K, 33% used [0x00000007bcf00000,0x00000007bd5bc1b8,0x00000007be300000)
  to   space 19968K, 0% used [0x00000007be580000,0x00000007be580000,0x00000007bf900000)
 ParOldGen       total 1650688K, used 1601019K [0x00000006c0000000, 0x0000000724c00000, 0x000000076ab00000)
  object space 1650688K, 96% used [0x00000006c0000000,0x0000000721b7eca8,0x0000000724c00000)
 Metaspace       used 101962K, capacity 111620K, committed 111896K, reserved 1146880K
  class space    used 13028K, capacity 15050K, committed 15144K, reserved 1048576K
}
Event: 109888.610 GC heap before
{Heap before GC invocations=7563 (full 5):
 PSYoungGen      total 1368064K, used 1354480K [0x000000076ab00000, 0x00000007bf900000, 0x00000007c0000000)
  eden space 1347584K, 100% used [0x000000076ab00000,0x00000007bcf00000,0x00000007bcf00000)
  from space 20480K, 33% used [0x00000007bcf00000,0x00000007bd5bc1b8,0x00000007be300000)
  to   space 19968K, 0% used [0x00000007be580000,0x00000007be580000,0x00000007bf900000)
 ParOldGen       total 1650688K, used 1601019K [0x00000006c0000000, 0x0000000724c00000, 0x000000076ab00000)
  object space 1650688K, 96% used [0x00000006c0000000,0x0000000721b7eca8,0x0000000724c00000)
 Metaspace       used 101962K, capacity 111620K, committed 111896K, reserved 1146880K
  class space    used 13028K, capacity 15050K, committed 15144K, reserved 1048576K
Event: 109888.632 GC heap after
Heap after GC invocations=7563 (full 5):
 PSYoungGen      total 1369600K, used 9039K [0x000000076ab00000, 0x00000007bf780000, 0x00000007c0000000)
  eden space 1351168K, 0% used [0x000000076ab00000,0x000000076ab00000,0x00000007bd280000)
  from space 18432K, 49% used [0x00000007be580000,0x00000007bee53f88,0x00000007bf780000)
  to   space 18944K, 0% used [0x00000007bd280000,0x00000007bd280000,0x00000007be500000)
 ParOldGen       total 1650688K, used 1601147K [0x00000006c0000000, 0x0000000724c00000, 0x000000076ab00000)
  object space 1650688K, 96% used [0x00000006c0000000,0x0000000721b9eca8,0x0000000724c00000)
 Metaspace       used 101962K, capacity 111620K, committed 111896K, reserved 1146880K
  class space    used 13028K, capacity 15050K, committed 15144K, reserved 1048576K
}
Event: 109919.509 GC heap before
{Heap before GC invocations=7564 (full 5):
 PSYoungGen      total 1369600K, used 1360207K [0x000000076ab00000, 0x00000007bf780000, 0x00000007c0000000)
  eden space 1351168K, 100% used [0x000000076ab00000,0x00000007bd280000,0x00000007bd280000)
  from space 18432K, 49% used [0x00000007be580000,0x00000007bee53f88,0x00000007bf780000)
  to   space 18944K, 0% used [0x00000007bd280000,0x00000007bd280000,0x00000007be500000)
 ParOldGen       total 1650688K, used 1601147K [0x00000006c0000000, 0x0000000724c00000, 0x000000076ab00000)
  object space 1650688K, 96% used [0x00000006c0000000,0x0000000721b9eca8,0x0000000724c00000)
 Metaspace       used 101962K, capacity 111620K, committed 111896K, reserved 1146880K
  class space    used 13028K, capacity 15050K, committed 15144K, reserved 1048576K
Event: 109919.533 GC heap after
Heap after GC invocations=7564 (full 5):
 PSYoungGen      total 1370112K, used 7983K [0x000000076ab00000, 0x00000007bfa00000, 0x00000007c0000000)
  eden space 1351168K, 0% used [0x000000076ab00000,0x000000076ab00000,0x00000007bd280000)
  from space 18944K, 42% used [0x00000007bd280000,0x00000007bda4bf88,0x00000007be500000)
  to   space 18432K, 0% used [0x00000007be800000,0x00000007be800000,0x00000007bfa00000)
 ParOldGen       total 1650688K, used 1603531K [0x00000006c0000000, 0x0000000724c00000, 0x000000076ab00000)
  object space 1650688K, 97% used [0x00000006c0000000,0x0000000721df2ca8,0x0000000724c00000)
 Metaspace       used 101962K, capacity 111620K, committed 111896K, reserved 1146880K
  class space    used 13028K, capacity 15050K, committed 15144K, reserved 1048576K
}
Event: 109956.610 GC heap before
{Heap before GC invocations=7565 (full 5):
 PSYoungGen      total 1370112K, used 1359151K [0x000000076ab00000, 0x00000007bfa00000, 0x00000007c0000000)
  eden space 1351168K, 100% used [0x000000076ab00000,0x00000007bd280000,0x00000007bd280000)
  from space 18944K, 42% used [0x00000007bd280000,0x00000007bda4bf88,0x00000007be500000)
  to   space 18432K, 0% used [0x00000007be800000,0x00000007be800000,0x00000007bfa00000)
 ParOldGen       total 1650688K, used 1603531K [0x00000006c0000000, 0x0000000724c00000, 0x000000076ab00000)
  object space 1650688K, 97% used [0x00000006c0000000,0x0000000721df2ca8,0x0000000724c00000)
 Metaspace       used 101962K, capacity 111620K, committed 111896K, reserved 1146880K
  class space    used 13028K, capacity 15050K, committed 15144K, reserved 1048576K
Event: 109956.631 GC heap after
Heap after GC invocations=7565 (full 5):
 PSYoungGen      total 1371136K, used 8479K [0x000000076ab00000, 0x00000007bf800000, 0x00000007c0000000)
  eden space 1354752K, 0% used [0x000000076ab00000,0x000000076ab00000,0x00000007bd600000)
  from space 16384K, 51% used [0x00000007be800000,0x00000007bf047f70,0x00000007bf800000)
  to   space 17408K, 0% used [0x00000007bd600000,0x00000007bd600000,0x00000007be700000)
 ParOldGen       total 1650688K, used 1603727K [0x00000006c0000000, 0x0000000724c00000, 0x000000076ab00000)
  object space 1650688K, 97% used [0x00000006c0000000,0x0000000721e23d20,0x0000000724c00000)
 Metaspace       used 101962K, capacity 111620K, committed 111896K, reserved 1146880K
  class space    used 13028K, capacity 15050K, committed 15144K, reserved 1048576K
}
Event: 109995.487 GC heap before
{Heap before GC invocations=7566 (full 5):
 PSYoungGen      total 1371136K, used 1363231K [0x000000076ab00000, 0x00000007bf800000, 0x00000007c0000000)
  eden space 1354752K, 100% used [0x000000076ab00000,0x00000007bd600000,0x00000007bd600000)
  from space 16384K, 51% used [0x00000007be800000,0x00000007bf047f70,0x00000007bf800000)
  to   space 17408K, 0% used [0x00000007bd600000,0x00000007bd600000,0x00000007be700000)
 ParOldGen       total 1650688K, used 1603727K [0x00000006c0000000, 0x0000000724c00000, 0x000000076ab00000)
  object space 1650688K, 97% used [0x00000006c0000000,0x0000000721e23d20,0x0000000724c00000)
 Metaspace       used 101962K, capacity 111620K, committed 111896K, reserved 1146880K
  class space    used 13028K, capacity 15050K, committed 15144K, reserved 1048576K
Event: 109995.508 GC heap after
Heap after GC invocations=7566 (full 5):
 PSYoungGen      total 1372160K, used 8415K [0x000000076ab00000, 0x00000007bfa80000, 0x00000007c0000000)
  eden space 1354752K, 0% used [0x000000076ab00000,0x000000076ab00000,0x00000007bd600000)
  from space 17408K, 48% used [0x00000007bd600000,0x00000007bde37f70,0x00000007be700000)
  to   space 16896K, 0% used [0x00000007bea00000,0x00000007bea00000,0x00000007bfa80000)
 ParOldGen       total 1650688K, used 1603783K [0x00000006c0000000, 0x0000000724c00000, 0x000000076ab00000)
  object space 1650688K, 97% used [0x00000006c0000000,0x0000000721e31d50,0x0000000724c00000)
 Metaspace       used 101962K, capacity 111620K, committed 111896K, reserved 1146880K
  class space    used 13028K, capacity 15050K, committed 15144K, reserved 1048576K
}
Event: 110033.250 GC heap before
{Heap before GC invocations=7567 (full 5):
 PSYoungGen      total 1372160K, used 1363167K [0x000000076ab00000, 0x00000007bfa80000, 0x00000007c0000000)
  eden space 1354752K, 100% used [0x000000076ab00000,0x00000007bd600000,0x00000007bd600000)
  from space 17408K, 48% used [0x00000007bd600000,0x00000007bde37f70,0x00000007be700000)
  to   space 16896K, 0% used [0x00000007bea00000,0x00000007bea00000,0x00000007bfa80000)
 ParOldGen       total 1650688K, used 1603783K [0x00000006c0000000, 0x0000000724c00000, 0x000000076ab00000)
  object space 1650688K, 97% used [0x00000006c0000000,0x0000000721e31d50,0x0000000724c00000)
 Metaspace       used 101962K, capacity 111620K, committed 111896K, reserved 1146880K
  class space    used 13028K, capacity 15050K, committed 15144K, reserved 1048576K
Event: 110033.271 GC heap after
Heap after GC invocations=7567 (full 5):
 PSYoungGen      total 1373184K, used 8480K [0x000000076ab00000, 0x00000007bf900000, 0x00000007c0000000)
  eden space 1357824K, 0% used [0x000000076ab00000,0x000000076ab00000,0x00000007bd900000)
  from space 15360K, 55% used [0x00000007bea00000,0x00000007bf2480e0,0x00000007bf900000)
  to   space 16384K, 0% used [0x00000007bd900000,0x00000007bd900000,0x00000007be900000)
 ParOldGen       total 1650688K, used 1603807K [0x00000006c0000000, 0x0000000724c00000, 0x000000076ab00000)
  object space 1650688K, 97% used [0x00000006c0000000,0x0000000721e37d50,0x0000000724c00000)
 Metaspace       used 101962K, capacity 111620K, committed 111896K, reserved 1146880K
  class space    used 13028K, capacity 15050K, committed 15144K, reserved 1048576K
}
Event: 110072.608 GC heap before
{Heap before GC invocations=7568 (full 5):
 PSYoungGen      total 1373184K, used 1366304K [0x000000076ab00000, 0x00000007bf900000, 0x00000007c0000000)
  eden space 1357824K, 100% used [0x000000076ab00000,0x00000007bd900000,0x00000007bd900000)
  from space 15360K, 55% used [0x00000007bea00000,0x00000007bf2480e0,0x00000007bf900000)
  to   space 16384K, 0% used [0x00000007bd900000,0x00000007bd900000,0x00000007be900000)
 ParOldGen       total 1650688K, used 1603807K [0x00000006c0000000, 0x0000000724c00000, 0x000000076ab00000)
  object space 1650688K, 97% used [0x00000006c0000000,0x0000000721e37d50,0x0000000724c00000)
 Metaspace       used 101962K, capacity 111620K, committed 111896K, reserved 1146880K
  class space    used 13028K, capacity 15050K, committed 15144K, reserved 1048576K
Event: 110072.630 GC heap after
Heap after GC invocations=7568 (full 5):
 PSYoungGen      total 1374208K, used 8607K [0x000000076ab00000, 0x00000007bfb00000, 0x00000007c0000000)
  eden space 1357824K, 0% used [0x000000076ab00000,0x000000076ab00000,0x00000007bd900000)
  from space 16384K, 52% used [0x00000007bd900000,0x00000007be167f70,0x00000007be900000)
  to   space 15872K, 0% used [0x00000007beb80000,0x00000007beb80000,0x00000007bfb00000)
 ParOldGen       total 1650688K, used 1603847K [0x00000006c0000000, 0x0000000724c00000, 0x000000076ab00000)
  object space 1650688K, 97% used [0x00000006c0000000,0x0000000721e41d50,0x0000000724c00000)
 Metaspace       used 101962K, capacity 111620K, committed 111896K, reserved 1146880K
  class space    used 13028K, capacity 15050K, committed 15144K, reserved 1048576K
}
Event: 110104.909 GC heap before
{Heap before GC invocations=7569 (full 5):
 PSYoungGen      total 1374208K, used 1366431K [0x000000076ab00000, 0x00000007bfb00000, 0x00000007c0000000)
  eden space 1357824K, 100% used [0x000000076ab00000,0x00000007bd900000,0x00000007bd900000)
  from space 16384K, 52% used [0x00000007bd900000,0x00000007be167f70,0x00000007be900000)
  to   space 15872K, 0% used [0x00000007beb80000,0x00000007beb80000,0x00000007bfb00000)
 ParOldGen       total 1650688K, used 1603847K [0x00000006c0000000, 0x0000000724c00000, 0x000000076ab00000)
  object space 1650688K, 97% used [0x00000006c0000000,0x0000000721e41d50,0x0000000724c00000)
 Metaspace       used 101964K, capacity 111620K, committed 111896K, reserved 1146880K
  class space    used 13028K, capacity 15050K, committed 15144K, reserved 1048576K
Event: 110104.932 GC heap after
Heap after GC invocations=7569 (full 5):
 PSYoungGen      total 1376768K, used 10607K [0x000000076ab00000, 0x00000007bfb80000, 0x00000007c0000000)
  eden space 1360896K, 0% used [0x000000076ab00000,0x000000076ab00000,0x00000007bdc00000)
  from space 15872K, 66% used [0x00000007beb80000,0x00000007bf5dbf88,0x00000007bfb00000)
  to   space 15872K, 0% used [0x00000007bdc00000,0x00000007bdc00000,0x00000007beb80000)
 ParOldGen       total 1650688K, used 1603879K [0x00000006c0000000, 0x0000000724c00000, 0x000000076ab00000)
  object space 1650688K, 97% used [0x00000006c0000000,0x0000000721e49d50,0x0000000724c00000)
 Metaspace       used 101964K, capacity 111620K, committed 111896K, reserved 1146880K
  class space    used 13028K, capacity 15050K, committed 15144K, reserved 1048576K
}
Event: 110135.582 GC heap before
{Heap before GC invocations=7570 (full 5):
 PSYoungGen      total 1376768K, used 1371503K [0x000000076ab00000, 0x00000007bfb80000, 0x00000007c0000000)
  eden space 1360896K, 100% used [0x000000076ab00000,0x00000007bdc00000,0x00000007bdc00000)
  from space 15872K, 66% used [0x00000007beb80000,0x00000007bf5dbf88,0x00000007bfb00000)
  to   space 15872K, 0% used [0x00000007bdc00000,0x00000007bdc00000,0x00000007beb80000)
 ParOldGen       total 1650688K, used 1603879K [0x00000006c0000000, 0x0000000724c00000, 0x000000076ab00000)
  object space 1650688K, 97% used [0x00000006c0000000,0x0000000721e49d50,0x0000000724c00000)
 Metaspace       used 101964K, capacity 111620K, committed 111896K, reserved 1146880K
  class space    used 13028K, capacity 15050K, committed 15144K, reserved 1048576K
Event: 110135.604 GC heap after
Heap after GC invocations=7570 (full 5):
 PSYoungGen      total 1376768K, used 10848K [0x000000076ab00000, 0x00000007bfe80000, 0x00000007c0000000)
  eden space 1360896K, 0% used [0x000000076ab00000,0x000000076ab00000,0x00000007bdc00000)
  from space 15872K, 68% used [0x00000007bdc00000,0x00000007be6983f8,0x00000007beb80000)
  to   space 15872K, 0% used [0x00000007bef00000,0x00000007bef00000,0x00000007bfe80000)
 ParOldGen       total 1650688K, used 1603959K [0x00000006c0000000, 0x0000000724c00000, 0x000000076ab00000)
  object space 1650688K, 97% used [0x00000006c0000000,0x0000000721e5dd50,0x0000000724c00000)
 Metaspace       used 101964K, capacity 111620K, committed 111896K, reserved 1146880K
  class space    used 13028K, capacity 15050K, committed 15144K, reserved 1048576K
}
Event: 110168.462 GC heap before
{Heap before GC invocations=7571 (full 5):
 PSYoungGen      total 1376768K, used 1371744K [0x000000076ab00000, 0x00000007bfe80000, 0x00000007c0000000)
  eden space 1360896K, 100% used [0x000000076ab00000,0x00000007bdc00000,0x00000007bdc00000)
  from space 15872K, 68% used [0x00000007bdc00000,0x00000007be6983f8,0x00000007beb80000)
  to   space 15872K, 0% used [0x00000007bef00000,0x00000007bef00000,0x00000007bfe80000)
 ParOldGen       total 1650688K, used 1603959K [0x00000006c0000000, 0x0000000724c00000, 0x000000076ab00000)
  object space 1650688K, 97% used [0x00000006c0000000,0x0000000721e5dd50,0x0000000724c00000)
 Metaspace       used 101964K, capacity 111620K, committed 111896K, reserved 1146880K
  class space    used 13028K, capacity 15050K, committed 15144K, reserved 1048576K
Event: 110168.485 GC heap after
Heap after GC invocations=7571 (full 5):
 PSYoungGen      total 1379328K, used 10703K [0x000000076ab00000, 0x00000007bfd80000, 0x00000007c0000000)
  eden space 1364480K, 0% used [0x000000076ab00000,0x000000076ab00000,0x00000007bdf80000)
  from space 14848K, 72% used [0x00000007bef00000,0x00000007bf973f60,0x00000007bfd80000)
  to   space 15360K, 0% used [0x00000007bdf80000,0x00000007bdf80000,0x00000007bee80000)
 ParOldGen       total 1650688K, used 1603975K [0x00000006c0000000, 0x0000000724c00000, 0x000000076ab00000)
  object space 1650688K, 97% used [0x00000006c0000000,0x0000000721e61d50,0x0000000724c00000)
 Metaspace       used 101964K, capacity 111620K, committed 111896K, reserved 1146880K
  class space    used 13028K, capacity 15050K, committed 15144K, reserved 1048576K
}
Event: 110202.455 GC heap before
{Heap before GC invocations=7572 (full 5):
 PSYoungGen      total 1379328K, used 1375183K [0x000000076ab00000, 0x00000007bfd80000, 0x00000007c0000000)
  eden space 1364480K, 100% used [0x000000076ab00000,0x00000007bdf80000,0x00000007bdf80000)
  from space 14848K, 72% used [0x00000007bef00000,0x00000007bf973f60,0x00000007bfd80000)
  to   space 15360K, 0% used [0x00000007bdf80000,0x00000007bdf80000,0x00000007bee80000)
 ParOldGen       total 1650688K, used 1603975K [0x00000006c0000000, 0x0000000724c00000, 0x000000076ab00000)
  object space 1650688K, 97% used [0x00000006c0000000,0x0000000721e61d50,0x0000000724c00000)
 Metaspace       used 101964K, capacity 111620K, committed 111896K, reserved 1146880K
  class space    used 13028K, capacity 15050K, committed 15144K, reserved 1048576K
Event: 110202.477 GC heap after
Heap after GC invocations=7572 (full 5):
 PSYoungGen      total 1379840K, used 10639K [0x000000076ab00000, 0x00000007c0000000, 0x00000007c0000000)
  eden space 1364480K, 0% used [0x000000076ab00000,0x000000076ab00000,0x00000007bdf80000)
  from space 15360K, 69% used [0x00000007bdf80000,0x00000007be9e3f68,0x00000007bee80000)
  to   space 15360K, 0% used [0x00000007bf100000,0x00000007bf100000,0x00000007c0000000)
 ParOldGen       total 1650688K, used 1604023K [0x00000006c0000000, 0x0000000724c00000, 0x000000076ab00000)
  object space 1650688K, 97% used [0x00000006c0000000,0x0000000721e6dd50,0x0000000724c00000)
 Metaspace       used 101964K, capacity 111620K, committed 111896K, reserved 1146880K
  class space    used 13028K, capacity 15050K, committed 15144K, reserved 1048576K
}
Event: 110236.987 GC heap before
{Heap before GC invocations=7573 (full 5):
 PSYoungGen      total 1379840K, used 1375119K [0x000000076ab00000, 0x00000007c0000000, 0x00000007c0000000)
  eden space 1364480K, 100% used [0x000000076ab00000,0x00000007bdf80000,0x00000007bdf80000)
  from space 15360K, 69% used [0x00000007bdf80000,0x00000007be9e3f68,0x00000007bee80000)
  to   space 15360K, 0% used [0x00000007bf100000,0x00000007bf100000,0x00000007c0000000)
 ParOldGen       total 1650688K, used 1604023K [0x00000006c0000000, 0x0000000724c00000, 0x000000076ab00000)
  object space 1650688K, 97% used [0x00000006c0000000,0x0000000721e6dd50,0x0000000724c00000)
 Metaspace       used 101964K, capacity 111620K, committed 111896K, reserved 1146880K
  class space    used 13028K, capacity 15050K, committed 15144K, reserved 1048576K
Event: 110237.010 GC heap after
Heap after GC invocations=7573 (full 5):
 PSYoungGen      total 1382400K, used 10655K [0x000000076ab00000, 0x00000007c0000000, 0x00000007c0000000)
  eden space 1367040K, 0% used [0x000000076ab00000,0x000000076ab00000,0x00000007be200000)
  from space 15360K, 69% used [0x00000007bf100000,0x00000007bfb67f50,0x00000007c0000000)
  to   space 15360K, 0% used [0x00000007be200000,0x00000007be200000,0x00000007bf100000)
 ParOldGen       total 1650688K, used 1604047K [0x00000006c0000000, 0x0000000724c00000, 0x000000076ab00000)
  object space 1650688K, 97% used [0x00000006c0000000,0x0000000721e73d50,0x0000000724c00000)
 Metaspace       used 101964K, capacity 111620K, committed 111896K, reserved 1146880K
  class space    used 13028K, capacity 15050K, committed 15144K, reserved 1048576K
}
Event: 110272.502 GC heap before
{Heap before GC invocations=7574 (full 5):
 PSYoungGen      total 1382400K, used 1377695K [0x000000076ab00000, 0x00000007c0000000, 0x00000007c0000000)
  eden space 1367040K, 100% used [0x000000076ab00000,0x00000007be200000,0x00000007be200000)
  from space 15360K, 69% used [0x00000007bf100000,0x00000007bfb67f50,0x00000007c0000000)
  to   space 15360K, 0% used [0x00000007be200000,0x00000007be200000,0x00000007bf100000)
 ParOldGen       total 1650688K, used 1604047K [0x00000006c0000000, 0x0000000724c00000, 0x000000076ab00000)
  object space 1650688K, 97% used [0x00000006c0000000,0x0000000721e73d50,0x0000000724c00000)
 Metaspace       used 101964K, capacity 111620K, committed 111896K, reserved 1146880K
  class space    used 13028K, capacity 15050K, committed 15144K, reserved 1048576K
Event: 110272.525 GC heap after
Heap after GC invocations=7574 (full 5):
 PSYoungGen      total 1377792K, used 10447K [0x000000076ab00000, 0x00000007bff00000, 0x00000007c0000000)
  eden space 1367040K, 0% used [0x000000076ab00000,0x000000076ab00000,0x00000007be200000)
  from space 10752K, 97% used [0x00000007be200000,0x00000007bec33f68,0x00000007bec80000)
  to   space 14848K, 0% used [0x00000007bf080000,0x00000007bf080000,0x00000007bff00000)
 ParOldGen       total 1650688K, used 1604119K [0x00000006c0000000, 0x0000000724c00000, 0x000000076ab00000)
  object space 1650688K, 97% used [0x00000006c0000000,0x0000000721e85d50,0x0000000724c00000)
 Metaspace       used 101964K, capacity 111620K, committed 111896K, reserved 1146880K
  class space    used 13028K, capacity 15050K, committed 15144K, reserved 1048576K
}
Event: 110306.606 GC heap before
{Heap before GC invocations=7575 (full 5):
 PSYoungGen      total 1377792K, used 1377487K [0x000000076ab00000, 0x00000007bff00000, 0x00000007c0000000)
  eden space 1367040K, 100% used [0x000000076ab00000,0x00000007be200000,0x00000007be200000)
  from space 10752K, 97% used [0x00000007be200000,0x00000007bec33f68,0x00000007bec80000)
  to   space 14848K, 0% used [0x00000007bf080000,0x00000007bf080000,0x00000007bff00000)
 ParOldGen       total 1650688K, used 1604119K [0x00000006c0000000, 0x0000000724c00000, 0x000000076ab00000)
  object space 1650688K, 97% used [0x00000006c0000000,0x0000000721e85d50,0x0000000724c00000)
 Metaspace       used 101964K, capacity 111620K, committed 111896K, reserved 1146880K
  class space    used 13028K, capacity 15050K, committed 15144K, reserved 1048576K
Event: 110306.628 GC heap after
Heap after GC invocations=7575 (full 5):
 PSYoungGen      total 1381888K, used 10479K [0x000000076ab00000, 0x00000007c0000000, 0x00000007c0000000)
  eden space 1367040K, 0% used [0x000000076ab00000,0x000000076ab00000,0x00000007be200000)
  from space 14848K, 70% used [0x00000007bf080000,0x00000007bfabbf68,0x00000007bff00000)
  to   space 14848K, 0% used [0x00000007be200000,0x00000007be200000,0x00000007bf080000)
 ParOldGen       total 1650688K, used 1604191K [0x00000006c0000000, 0x0000000724c00000, 0x000000076ab00000)
  object space 1650688K, 97% used [0x00000006c0000000,0x0000000721e97d50,0x0000000724c00000)
 Metaspace       used 101964K, capacity 111620K, committed 111896K, reserved 1146880K
  class space    used 13028K, capacity 15050K, committed 15144K, reserved 1048576K
}
Event: 110341.353 GC heap before
{Heap before GC invocations=7576 (full 5):
 PSYoungGen      total 1381888K, used 1377519K [0x000000076ab00000, 0x00000007c0000000, 0x00000007c0000000)
  eden space 1367040K, 100% used [0x000000076ab00000,0x00000007be200000,0x00000007be200000)
  from space 14848K, 70% used [0x00000007bf080000,0x00000007bfabbf68,0x00000007bff00000)
  to   space 14848K, 0% used [0x00000007be200000,0x00000007be200000,0x00000007bf080000)
 ParOldGen       total 1650688K, used 1604191K [0x00000006c0000000, 0x0000000724c00000, 0x000000076ab00000)
  object space 1650688K, 97% used [0x00000006c0000000,0x0000000721e97d50,0x0000000724c00000)
 Metaspace       used 101964K, capacity 111620K, committed 111896K, reserved 1146880K
  class space    used 13028K, capacity 15050K, committed 15144K, reserved 1048576K
Event: 110341.376 GC heap after
Heap after GC invocations=7576 (full 5):
 PSYoungGen      total 1381888K, used 10431K [0x000000076ab00000, 0x00000007bff00000, 0x00000007c0000000)
  eden space 1367040K, 0% used [0x000000076ab00000,0x000000076ab00000,0x00000007be200000)
  from space 14848K, 70% used [0x00000007be200000,0x00000007bec2ff60,0x00000007bf080000)
  to   space 14336K, 0% used [0x00000007bf100000,0x00000007bf100000,0x00000007bff00000)
 ParOldGen       total 1650688K, used 1604287K [0x00000006c0000000, 0x0000000724c00000, 0x000000076ab00000)
  object space 1650688K, 97% used [0x00000006c0000000,0x0000000721eafd50,0x0000000724c00000)
 Metaspace       used 101964K, capacity 111620K, committed 111896K, reserved 1146880K
  class space    used 13028K, capacity 15050K, committed 15144K, reserved 1048576K
}
Event: 110377.506 GC heap before
{Heap before GC invocations=7577 (full 5):
 PSYoungGen      total 1381888K, used 1377471K [0x000000076ab00000, 0x00000007bff00000, 0x00000007c0000000)
  eden space 1367040K, 100% used [0x000000076ab00000,0x00000007be200000,0x00000007be200000)
  from space 14848K, 70% used [0x00000007be200000,0x00000007bec2ff60,0x00000007bf080000)
  to   space 14336K, 0% used [0x00000007bf100000,0x00000007bf100000,0x00000007bff00000)
 ParOldGen       total 1650688K, used 1604287K [0x00000006c0000000, 0x0000000724c00000, 0x000000076ab00000)
  object space 1650688K, 97% used [0x00000006c0000000,0x0000000721eafd50,0x0000000724c00000)
 Metaspace       used 101964K, capacity 111620K, committed 111896K, reserved 1146880K
  class space    used 13028K, capacity 15050K, committed 15144K, reserved 1048576K
Event: 110377.528 GC heap after
Heap after GC invocations=7577 (full 5):
 PSYoungGen      total 1382400K, used 10031K [0x000000076ab00000, 0x00000007bfe80000, 0x00000007c0000000)
  eden space 1368576K, 0% used [0x000000076ab00000,0x000000076ab00000,0x00000007be380000)
  from space 13824K, 72% used [0x00000007bf100000,0x00000007bfacbe08,0x00000007bfe80000)
  to   space 13824K, 0% used [0x00000007be380000,0x00000007be380000,0x00000007bf100000)
 ParOldGen       total 1650688K, used 1604735K [0x00000006c0000000, 0x0000000724c00000, 0x000000076ab00000)
  object space 1650688K, 97% used [0x00000006c0000000,0x0000000721f1fd50,0x0000000724c00000)
 Metaspace       used 101964K, capacity 111620K, committed 111896K, reserved 1146880K
  class space    used 13028K, capacity 15050K, committed 15144K, reserved 1048576K
}
Event: 110456.902 GC heap before
{Heap before GC invocations=7578 (full 5):
 PSYoungGen      total 1382400K, used 1378607K [0x000000076ab00000, 0x00000007bfe80000, 0x00000007c0000000)
  eden space 1368576K, 100% used [0x000000076ab00000,0x00000007be380000,0x00000007be380000)
  from space 13824K, 72% used [0x00000007bf100000,0x00000007bfacbe08,0x00000007bfe80000)
  to   space 13824K, 0% used [0x00000007be380000,0x00000007be380000,0x00000007bf100000)
 ParOldGen       total 1650688K, used 1604735K [0x00000006c0000000, 0x0000000724c00000, 0x000000076ab00000)
  object space 1650688K, 97% used [0x00000006c0000000,0x0000000721f1fd50,0x0000000724c00000)
 Metaspace       used 101964K, capacity 111620K, committed 111896K, reserved 1146880K
  class space    used 13028K, capacity 15050K, committed 15144K, reserved 1048576K
Event: 110456.925 GC heap after
Heap after GC invocations=7578 (full 5):
 PSYoungGen      total 1382400K, used 9071K [0x000000076ab00000, 0x00000007c0000000, 0x00000007c0000000)
  eden space 1368576K, 0% used [0x000000076ab00000,0x000000076ab00000,0x00000007be380000)
  from space 13824K, 65% used [0x00000007be380000,0x00000007bec5bf68,0x00000007bf100000)
  to   space 13824K, 0% used [0x00000007bf280000,0x00000007bf280000,0x00000007c0000000)
 ParOldGen       total 1650688K, used 1605831K [0x00000006c0000000, 0x0000000724c00000, 0x000000076ab00000)
  object space 1650688K, 97% used [0x00000006c0000000,0x0000000722031d50,0x0000000724c00000)
 Metaspace       used 101964K, capacity 111620K, committed 111896K, reserved 1146880K
  class space    used 13028K, capacity 15050K, committed 15144K, reserved 1048576K
}
Event: 110636.303 GC heap before
{Heap before GC invocations=7579 (full 5):
 PSYoungGen      total 1382400K, used 1377647K [0x000000076ab00000, 0x00000007c0000000, 0x00000007c0000000)
  eden space 1368576K, 100% used [0x000000076ab00000,0x00000007be380000,0x00000007be380000)
  from space 13824K, 65% used [0x00000007be380000,0x00000007bec5bf68,0x00000007bf100000)
  to   space 13824K, 0% used [0x00000007bf280000,0x00000007bf280000,0x00000007c0000000)
 ParOldGen       total 1650688K, used 1605831K [0x00000006c0000000, 0x0000000724c00000, 0x000000076ab00000)
  object space 1650688K, 97% used [0x00000006c0000000,0x0000000722031d50,0x0000000724c00000)
 Metaspace       used 101964K, capacity 111620K, committed 111896K, reserved 1146880K
  class space    used 13028K, capacity 15050K, committed 15144K, reserved 1048576K
Event: 110636.324 GC heap after
Heap after GC invocations=7579 (full 5):
 PSYoungGen      total 1383936K, used 6687K [0x000000076ab00000, 0x00000007c0000000, 0x00000007c0000000)
  eden space 1370112K, 0% used [0x000000076ab00000,0x000000076ab00000,0x00000007be500000)
  from space 13824K, 48% used [0x00000007bf280000,0x00000007bf907f50,0x00000007c0000000)
  to   space 13824K, 0% used [0x00000007be500000,0x00000007be500000,0x00000007bf280000)
 ParOldGen       total 1650688K, used 1608095K [0x00000006c0000000, 0x0000000724c00000, 0x000000076ab00000)
  object space 1650688K, 97% used [0x00000006c0000000,0x0000000722267d50,0x0000000724c00000)
 Metaspace       used 101964K, capacity 111620K, committed 111896K, reserved 1146880K
  class space    used 13028K, capacity 15050K, committed 15144K, reserved 1048576K
}
Event: 110813.735 GC heap before
{Heap before GC invocations=7580 (full 5):
 PSYoungGen      total 1383936K, used 1376799K [0x000000076ab00000, 0x00000007c0000000, 0x00000007c0000000)
  eden space 1370112K, 100% used [0x000000076ab00000,0x00000007be500000,0x00000007be500000)
  from space 13824K, 48% used [0x00000007bf280000,0x00000007bf907f50,0x00000007c0000000)
  to   space 13824K, 0% used [0x00000007be500000,0x00000007be500000,0x00000007bf280000)
 ParOldGen       total 1650688K, used 1608095K [0x00000006c0000000, 0x0000000724c00000, 0x000000076ab00000)
  object space 1650688K, 97% used [0x00000006c0000000,0x0000000722267d50,0x0000000724c00000)
 Metaspace       used 101964K, capacity 111620K, committed 111896K, reserved 1146880K
  class space    used 13028K, capacity 15050K, committed 15144K, reserved 1048576K
Event: 110813.755 GC heap after
Heap after GC invocations=7580 (full 5):
 PSYoungGen      total 1376256K, used 5967K [0x000000076ab00000, 0x00000007c0000000, 0x00000007c0000000)
  eden space 1370112K, 0% used [0x000000076ab00000,0x000000076ab00000,0x00000007be500000)
  from space 6144K, 97% used [0x00000007be500000,0x00000007bead3de8,0x00000007beb00000)
  to   space 14336K, 0% used [0x00000007bf200000,0x00000007bf200000,0x00000007c0000000)
 ParOldGen       total 1650688K, used 1608951K [0x00000006c0000000, 0x0000000724c00000, 0x000000076ab00000)
  object space 1650688K, 97% used [0x00000006c0000000,0x000000072233dd50,0x0000000724c00000)
 Metaspace       used 101964K, capacity 111620K, committed 111896K, reserved 1146880K
  class space    used 13028K, capacity 15050K, committed 15144K, reserved 1048576K
}
Event: 110992.501 GC heap before
{Heap before GC invocations=7581 (full 5):
 PSYoungGen      total 1376256K, used 1376079K [0x000000076ab00000, 0x00000007c0000000, 0x00000007c0000000)
  eden space 1370112K, 100% used [0x000000076ab00000,0x00000007be500000,0x00000007be500000)
  from space 6144K, 97% used [0x00000007be500000,0x00000007bead3de8,0x00000007beb00000)
  to   space 14336K, 0% used [0x00000007bf200000,0x00000007bf200000,0x00000007c0000000)
 ParOldGen       total 1650688K, used 1608951K [0x00000006c0000000, 0x0000000724c00000, 0x000000076ab00000)
  object space 1650688K, 97% used [0x00000006c0000000,0x000000072233dd50,0x0000000724c00000)
 Metaspace       used 101964K, capacity 111620K, committed 111896K, reserved 1146880K
  class space    used 13028K, capacity 15050K, committed 15144K, reserved 1048576K
Event: 110992.519 GC heap after
Heap after GC invocations=7581 (full 5):
 PSYoungGen      total 1383424K, used 5871K [0x000000076ab00000, 0x00000007c0000000, 0x00000007c0000000)
  eden space 1369088K, 0% used [0x000000076ab00000,0x000000076ab00000,0x00000007be400000)
  from space 14336K, 40% used [0x00000007bf200000,0x00000007bf7bbf68,0x00000007c0000000)
  to   space 14336K, 0% used [0x00000007be400000,0x00000007be400000,0x00000007bf200000)
 ParOldGen       total 1650688K, used 1608991K [0x00000006c0000000, 0x0000000724c00000, 0x000000076ab00000)
  object space 1650688K, 97% used [0x00000006c0000000,0x0000000722347d50,0x0000000724c00000)
 Metaspace       used 101964K, capacity 111620K, committed 111896K, reserved 1146880K
  class space    used 13028K, capacity 15050K, committed 15144K, reserved 1048576K
}
Event: 111169.921 GC heap before
{Heap before GC invocations=7582 (full 5):
 PSYoungGen      total 1383424K, used 1374959K [0x000000076ab00000, 0x00000007c0000000, 0x00000007c0000000)
  eden space 1369088K, 100% used [0x000000076ab00000,0x00000007be400000,0x00000007be400000)
  from space 14336K, 40% used [0x00000007bf200000,0x00000007bf7bbf68,0x00000007c0000000)
  to   space 14336K, 0% used [0x00000007be400000,0x00000007be400000,0x00000007bf200000)
 ParOldGen       total 1650688K, used 1608991K [0x00000006c0000000, 0x0000000724c00000, 0x000000076ab00000)
  object space 1650688K, 97% used [0x00000006c0000000,0x0000000722347d50,0x0000000724c00000)
 Metaspace       used 101964K, capacity 111620K, committed 111896K, reserved 1146880K
  class space    used 13028K, capacity 15050K, committed 15144K, reserved 1048576K
Event: 111169.941 GC heap after
Heap after GC invocations=7582 (full 5):
 PSYoungGen      total 1383424K, used 6032K [0x000000076ab00000, 0x00000007c0000000, 0x00000007c0000000)
  eden space 1369088K, 0% used [0x000000076ab00000,0x000000076ab00000,0x00000007be400000)
  from space 14336K, 42% used [0x00000007be400000,0x00000007be9e4028,0x00000007bf200000)
  to   space 14336K, 0% used [0x00000007bf200000,0x00000007bf200000,0x00000007c0000000)
 ParOldGen       total 1650688K, used 1609047K [0x00000006c0000000, 0x0000000724c00000, 0x000000076ab00000)
  object space 1650688K, 97% used [0x00000006c0000000,0x0000000722355d50,0x0000000724c00000)
 Metaspace       used 101964K, capacity 111620K, committed 111896K, reserved 1146880K
  class space    used 13028K, capacity 15050K, committed 15144K, reserved 1048576K
}
Event: 111348.609 GC heap before
{Heap before GC invocations=7583 (full 5):
 PSYoungGen      total 1383424K, used 1375120K [0x000000076ab00000, 0x00000007c0000000, 0x00000007c0000000)
  eden space 1369088K, 100% used [0x000000076ab00000,0x00000007be400000,0x00000007be400000)
  from space 14336K, 42% used [0x00000007be400000,0x00000007be9e4028,0x00000007bf200000)
  to   space 14336K, 0% used [0x00000007bf200000,0x00000007bf200000,0x00000007c0000000)
 ParOldGen       total 1650688K, used 1609047K [0x00000006c0000000, 0x0000000724c00000, 0x000000076ab00000)
  object space 1650688K, 97% used [0x00000006c0000000,0x0000000722355d50,0x0000000724c00000)
 Metaspace       used 101964K, capacity 111620K, committed 111896K, reserved 1146880K
  class space    used 13028K, capacity 15050K, committed 15144K, reserved 1048576K
Event: 111348.640 GC heap after
Heap after GC invocations=7583 (full 5):
 PSYoungGen      total 1383424K, used 5743K [0x000000076ab00000, 0x00000007c0000000, 0x00000007c0000000)
  eden space 1369088K, 0% used [0x000000076ab00000,0x000000076ab00000,0x00000007be400000)
  from space 14336K, 40% used [0x00000007bf200000,0x00000007bf79bf68,0x00000007c0000000)
  to   space 14336K, 0% used [0x00000007be400000,0x00000007be400000,0x00000007bf200000)
 ParOldGen       total 1650688K, used 1609207K [0x00000006c0000000, 0x0000000724c00000, 0x000000076ab00000)
  object space 1650688K, 97% used [0x00000006c0000000,0x000000072237dd80,0x0000000724c00000)
 Metaspace       used 101964K, capacity 111620K, committed 111896K, reserved 1146880K
  class space    used 13028K, capacity 15050K, committed 15144K, reserved 1048576K
}
Event: 111527.742 GC heap before
{Heap before GC invocations=7584 (full 5):
 PSYoungGen      total 1383424K, used 1374831K [0x000000076ab00000, 0x00000007c0000000, 0x00000007c0000000)
  eden space 1369088K, 100% used [0x000000076ab00000,0x00000007be400000,0x00000007be400000)
  from space 14336K, 40% used [0x00000007bf200000,0x00000007bf79bf68,0x00000007c0000000)
  to   space 14336K, 0% used [0x00000007be400000,0x00000007be400000,0x00000007bf200000)
 ParOldGen       total 1650688K, used 1609207K [0x00000006c0000000, 0x0000000724c00000, 0x000000076ab00000)
  object space 1650688K, 97% used [0x00000006c0000000,0x000000072237dd80,0x0000000724c00000)
 Metaspace       used 101964K, capacity 111620K, committed 111896K, reserved 1146880K
  class space    used 13028K, capacity 15050K, committed 15144K, reserved 1048576K
Event: 111527.776 GC heap after
Heap after GC invocations=7584 (full 5):
 PSYoungGen      total 1383424K, used 3759K [0x000000076ab00000, 0x00000007c0000000, 0x00000007c0000000)
  eden space 1369088K, 0% used [0x000000076ab00000,0x000000076ab00000,0x00000007be400000)
  from space 14336K, 26% used [0x00000007be400000,0x00000007be7abde8,0x00000007bf200000)
  to   space 14336K, 0% used [0x00000007bf200000,0x00000007bf200000,0x00000007c0000000)
 ParOldGen       total 1650688K, used 1611327K [0x00000006c0000000, 0x0000000724c00000, 0x000000076ab00000)
  object space 1650688K, 97% used [0x00000006c0000000,0x000000072258fd80,0x0000000724c00000)
 Metaspace       used 101964K, capacity 111620K, committed 111896K, reserved 1146880K
  class space    used 13028K, capacity 15050K, committed 15144K, reserved 1048576K
}
Event: 111705.551 GC heap before
{Heap before GC invocations=7585 (full 5):
 PSYoungGen      total 1383424K, used 1372847K [0x000000076ab00000, 0x00000007c0000000, 0x00000007c0000000)
  eden space 1369088K, 100% used [0x000000076ab00000,0x00000007be400000,0x00000007be400000)
  from space 14336K, 26% used [0x00000007be400000,0x00000007be7abde8,0x00000007bf200000)
  to   space 14336K, 0% used [0x00000007bf200000,0x00000007bf200000,0x00000007c0000000)
 ParOldGen       total 1650688K, used 1611327K [0x00000006c0000000, 0x0000000724c00000, 0x000000076ab00000)
  object space 1650688K, 97% used [0x00000006c0000000,0x000000072258fd80,0x0000000724c00000)
 Metaspace       used 101977K, capacity 111684K, committed 111896K, reserved 1146880K
  class space    used 13028K, capacity 15050K, committed 15144K, reserved 1048576K
Event: 111705.568 GC heap after
Heap after GC invocations=7585 (full 5):
 PSYoungGen      total 1383424K, used 3552K [0x000000076ab00000, 0x00000007c0000000, 0x00000007c0000000)
  eden space 1369088K, 0% used [0x000000076ab00000,0x000000076ab00000,0x00000007be400000)
  from space 14336K, 24% used [0x00000007bf200000,0x00000007bf5781c0,0x00000007c0000000)
  to   space 14336K, 0% used [0x00000007be400000,0x00000007be400000,0x00000007bf200000)
 ParOldGen       total 1650688K, used 1611631K [0x00000006c0000000, 0x0000000724c00000, 0x000000076ab00000)
  object space 1650688K, 97% used [0x00000006c0000000,0x00000007225dbd80,0x0000000724c00000)
 Metaspace       used 101977K, capacity 111684K, committed 111896K, reserved 1146880K
  class space    used 13028K, capacity 15050K, committed 15144K, reserved 1048576K
}
Event: 111890.101 GC heap before
{Heap before GC invocations=7586 (full 5):
 PSYoungGen      total 1383424K, used 1372640K [0x000000076ab00000, 0x00000007c0000000, 0x00000007c0000000)
  eden space 1369088K, 100% used [0x000000076ab00000,0x00000007be400000,0x00000007be400000)
  from space 14336K, 24% used [0x00000007bf200000,0x00000007bf5781c0,0x00000007c0000000)
  to   space 14336K, 0% used [0x00000007be400000,0x00000007be400000,0x00000007bf200000)
 ParOldGen       total 1650688K, used 1611631K [0x00000006c0000000, 0x0000000724c00000, 0x000000076ab00000)
  object space 1650688K, 97% used [0x00000006c0000000,0x00000007225dbd80,0x0000000724c00000)
 Metaspace       used 101977K, capacity 111684K, committed 111896K, reserved 1146880K
  class space    used 13028K, capacity 15050K, committed 15144K, reserved 1048576K
Event: 111890.117 GC heap after
Heap after GC invocations=7586 (full 5):
 PSYoungGen      total 1383424K, used 3359K [0x000000076ab00000, 0x00000007c0000000, 0x00000007c0000000)
  eden space 1369088K, 0% used [0x000000076ab00000,0x000000076ab00000,0x00000007be400000)
  from space 14336K, 23% used [0x00000007be400000,0x00000007be747dd0,0x00000007bf200000)
  to   space 14336K, 0% used [0x00000007bf200000,0x00000007bf200000,0x00000007c0000000)
 ParOldGen       total 1650688K, used 1611761K [0x00000006c0000000, 0x0000000724c00000, 0x000000076ab00000)
  object space 1650688K, 97% used [0x00000006c0000000,0x00000007225fc460,0x0000000724c00000)
 Metaspace       used 101977K, capacity 111684K, committed 111896K, reserved 1146880K
  class space    used 13028K, capacity 15050K, committed 15144K, reserved 1048576K
}
Event: 112064.963 GC heap before
{Heap before GC invocations=7587 (full 5):
 PSYoungGen      total 1383424K, used 1372447K [0x000000076ab00000, 0x00000007c0000000, 0x00000007c0000000)
  eden space 1369088K, 100% used [0x000000076ab00000,0x00000007be400000,0x00000007be400000)
  from space 14336K, 23% used [0x00000007be400000,0x00000007be747dd0,0x00000007bf200000)
  to   space 14336K, 0% used [0x00000007bf200000,0x00000007bf200000,0x00000007c0000000)
 ParOldGen       total 1650688K, used 1611761K [0x00000006c0000000, 0x0000000724c00000, 0x000000076ab00000)
  object space 1650688K, 97% used [0x00000006c0000000,0x00000007225fc460,0x0000000724c00000)
 Metaspace       used 101978K, capacity 111684K, committed 111896K, reserved 1146880K
  class space    used 13028K, capacity 15050K, committed 15144K, reserved 1048576K
Event: 112064.981 GC heap after
Heap after GC invocations=7587 (full 5):
 PSYoungGen      total 1383424K, used 3505K [0x000000076ab00000, 0x00000007c0000000, 0x00000007c0000000)
  eden space 1369088K, 0% used [0x000000076ab00000,0x000000076ab00000,0x00000007be400000)
  from space 14336K, 24% used [0x00000007bf200000,0x00000007bf56c480,0x00000007c0000000)
  to   space 14336K, 0% used [0x00000007be400000,0x00000007be400000,0x00000007bf200000)
 ParOldGen       total 1650688K, used 1611841K [0x00000006c0000000, 0x0000000724c00000, 0x000000076ab00000)
  object space 1650688K, 97% used [0x00000006c0000000,0x0000000722610460,0x0000000724c00000)
 Metaspace       used 101978K, capacity 111684K, committed 111896K, reserved 1146880K
  class space    used 13028K, capacity 15050K, committed 15144K, reserved 1048576K
}
Event: 112243.045 GC heap before
{Heap before GC invocations=7588 (full 5):
 PSYoungGen      total 1383424K, used 1372593K [0x000000076ab00000, 0x00000007c0000000, 0x00000007c0000000)
  eden space 1369088K, 100% used [0x000000076ab00000,0x00000007be400000,0x00000007be400000)
  from space 14336K, 24% used [0x00000007bf200000,0x00000007bf56c480,0x00000007c0000000)
  to   space 14336K, 0% used [0x00000007be400000,0x00000007be400000,0x00000007bf200000)
 ParOldGen       total 1650688K, used 1611841K [0x00000006c0000000, 0x0000000724c00000, 0x000000076ab00000)
  object space 1650688K, 97% used [0x00000006c0000000,0x0000000722610460,0x0000000724c00000)
 Metaspace       used 101983K, capacity 111684K, committed 111896K, reserved 1146880K
  class space    used 13028K, capacity 15050K, committed 15144K, reserved 1048576K
Event: 112243.061 GC heap after
Heap after GC invocations=7588 (full 5):
 PSYoungGen      total 1383424K, used 3360K [0x000000076ab00000, 0x00000007c0000000, 0x00000007c0000000)
  eden space 1369088K, 0% used [0x000000076ab00000,0x000000076ab00000,0x00000007be400000)
  from space 14336K, 23% used [0x00000007be400000,0x00000007be748198,0x00000007bf200000)
  to   space 14336K, 0% used [0x00000007bf200000,0x00000007bf200000,0x00000007c0000000)
 ParOldGen       total 1650688K, used 1611945K [0x00000006c0000000, 0x0000000724c00000, 0x000000076ab00000)
  object space 1650688K, 97% used [0x00000006c0000000,0x000000072262a460,0x0000000724c00000)
 Metaspace       used 101983K, capacity 111684K, committed 111896K, reserved 1146880K
  class space    used 13028K, capacity 15050K, committed 15144K, reserved 1048576K
}
Event: 112423.311 GC heap before
{Heap before GC invocations=7589 (full 5):
 PSYoungGen      total 1383424K, used 1372448K [0x000000076ab00000, 0x00000007c0000000, 0x00000007c0000000)
  eden space 1369088K, 100% used [0x000000076ab00000,0x00000007be400000,0x00000007be400000)
  from space 14336K, 23% used [0x00000007be400000,0x00000007be748198,0x00000007bf200000)
  to   space 14336K, 0% used [0x00000007bf200000,0x00000007bf200000,0x00000007c0000000)
 ParOldGen       total 1650688K, used 1611945K [0x00000006c0000000, 0x0000000724c00000, 0x000000076ab00000)
  object space 1650688K, 97% used [0x00000006c0000000,0x000000072262a460,0x0000000724c00000)
 Metaspace       used 101983K, capacity 111684K, committed 111896K, reserved 1146880K
  class space    used 13028K, capacity 15050K, committed 15144K, reserved 1048576K
Event: 112423.327 GC heap after
Heap after GC invocations=7589 (full 5):
 PSYoungGen      total 1382400K, used 3296K [0x000000076ab00000, 0x00000007bff00000, 0x00000007c0000000)
  eden space 1369088K, 0% used [0x000000076ab00000,0x000000076ab00000,0x00000007be400000)
  from space 13312K, 24% used [0x00000007bf200000,0x00000007bf538018,0x00000007bff00000)
  to   space 13824K, 0% used [0x00000007be400000,0x00000007be400000,0x00000007bf180000)
 ParOldGen       total 1650688K, used 1612001K [0x00000006c0000000, 0x0000000724c00000, 0x000000076ab00000)
  object space 1650688K, 97% used [0x00000006c0000000,0x0000000722638460,0x0000000724c00000)
 Metaspace       used 101983K, capacity 111684K, committed 111896K, reserved 1146880K
  class space    used 13028K, capacity 15050K, committed 15144K, reserved 1048576K
}
Event: 112600.364 GC heap before
{Heap before GC invocations=7590 (full 5):
 PSYoungGen      total 1382400K, used 1372384K [0x000000076ab00000, 0x00000007bff00000, 0x00000007c0000000)
  eden space 1369088K, 100% used [0x000000076ab00000,0x00000007be400000,0x00000007be400000)
  from space 13312K, 24% used [0x00000007bf200000,0x00000007bf538018,0x00000007bff00000)
  to   space 13824K, 0% used [0x00000007be400000,0x00000007be400000,0x00000007bf180000)
 ParOldGen       total 1650688K, used 1612001K [0x00000006c0000000, 0x0000000724c00000, 0x000000076ab00000)
  object space 1650688K, 97% used [0x00000006c0000000,0x0000000722638460,0x0000000724c00000)
 Metaspace       used 101983K, capacity 111684K, committed 111896K, reserved 1146880K
  class space    used 13028K, capacity 15050K, committed 15144K, reserved 1048576K
Event: 112600.380 GC heap after
Heap after GC invocations=7590 (full 5):
 PSYoungGen      total 1382912K, used 3055K [0x000000076ab00000, 0x00000007c0000000, 0x00000007c0000000)
  eden space 1369088K, 0% used [0x000000076ab00000,0x000000076ab00000,0x00000007be400000)
  from space 13824K, 22% used [0x00000007be400000,0x00000007be6fbf68,0x00000007bf180000)
  to   space 13824K, 0% used [0x00000007bf280000,0x00000007bf280000,0x00000007c0000000)
 ParOldGen       total 1650688K, used 1612201K [0x00000006c0000000, 0x0000000724c00000, 0x000000076ab00000)
  object space 1650688K, 97% used [0x00000006c0000000,0x000000072266a4c0,0x0000000724c00000)
 Metaspace       used 101983K, capacity 111684K, committed 111896K, reserved 1146880K
  class space    used 13028K, capacity 15050K, committed 15144K, reserved 1048576K
}
Event: 112780.919 GC heap before
{Heap before GC invocations=7591 (full 5):
 PSYoungGen      total 1382912K, used 1372143K [0x000000076ab00000, 0x00000007c0000000, 0x00000007c0000000)
  eden space 1369088K, 100% used [0x000000076ab00000,0x00000007be400000,0x00000007be400000)
  from space 13824K, 22% used [0x00000007be400000,0x00000007be6fbf68,0x00000007bf180000)
  to   space 13824K, 0% used [0x00000007bf280000,0x00000007bf280000,0x00000007c0000000)
 ParOldGen       total 1650688K, used 1612201K [0x00000006c0000000, 0x0000000724c00000, 0x000000076ab00000)
  object space 1650688K, 97% used [0x00000006c0000000,0x000000072266a4c0,0x0000000724c00000)
 Metaspace       used 101983K, capacity 111684K, committed 111896K, reserved 1146880K
  class space    used 13028K, capacity 15050K, committed 15144K, reserved 1048576K
Event: 112780.935 GC heap after
Heap after GC invocations=7591 (full 5):
 PSYoungGen      total 1382912K, used 2815K [0x000000076ab00000, 0x00000007bff00000, 0x00000007c0000000)
  eden space 1370112K, 0% used [0x000000076ab00000,0x000000076ab00000,0x00000007be500000)
  from space 12800K, 21% used [0x00000007bf280000,0x00000007bf53fdd0,0x00000007bff00000)
  to   space 13312K, 0% used [0x00000007be500000,0x00000007be500000,0x00000007bf200000)
 ParOldGen       total 1650688K, used 1612501K [0x00000006c0000000, 0x0000000724c00000, 0x000000076ab00000)
  object space 1650688K, 97% used [0x00000006c0000000,0x00000007226b54d8,0x0000000724c00000)
 Metaspace       used 101983K, capacity 111684K, committed 111896K, reserved 1146880K
  class space    used 13028K, capacity 15050K, committed 15144K, reserved 1048576K
}
Event: 112960.402 GC heap before
{Heap before GC invocations=7592 (full 5):
 PSYoungGen      total 1382912K, used 1372927K [0x000000076ab00000, 0x00000007bff00000, 0x00000007c0000000)
  eden space 1370112K, 100% used [0x000000076ab00000,0x00000007be500000,0x00000007be500000)
  from space 12800K, 21% used [0x00000007bf280000,0x00000007bf53fdd0,0x00000007bff00000)
  to   space 13312K, 0% used [0x00000007be500000,0x00000007be500000,0x00000007bf200000)
 ParOldGen       total 1650688K, used 1612501K [0x00000006c0000000, 0x0000000724c00000, 0x000000076ab00000)
  object space 1650688K, 97% used [0x00000006c0000000,0x00000007226b54d8,0x0000000724c00000)
 Metaspace       used 101984K, capacity 111684K, committed 111896K, reserved 1146880K
  class space    used 13028K, capacity 15050K, committed 15144K, reserved 1048576K
Event: 112960.417 GC heap after
Heap after GC invocations=7592 (full 5):
 PSYoungGen      total 1383424K, used 2047K [0x000000076ab00000, 0x00000007c0000000, 0x00000007c0000000)
  eden space 1370112K, 0% used [0x000000076ab00000,0x000000076ab00000,0x00000007be500000)
  from space 13312K, 15% used [0x00000007be500000,0x00000007be6fff20,0x00000007bf200000)
  to   space 13312K, 0% used [0x00000007bf300000,0x00000007bf300000,0x00000007c0000000)
 ParOldGen       total 1650688K, used 1613321K [0x00000006c0000000, 0x0000000724c00000, 0x000000076ab00000)
  object space 1650688K, 97% used [0x00000006c0000000,0x0000000722782580,0x0000000724c00000)
 Metaspace       used 101984K, capacity 111684K, committed 111896K, reserved 1146880K
  class space    used 13028K, capacity 15050K, committed 15144K, reserved 1048576K
}
Event: 113138.691 GC heap before
{Heap before GC invocations=7593 (full 5):
 PSYoungGen      total 1383424K, used 1372159K [0x000000076ab00000, 0x00000007c0000000, 0x00000007c0000000)
  eden space 1370112K, 100% used [0x000000076ab00000,0x00000007be500000,0x00000007be500000)
  from space 13312K, 15% used [0x00000007be500000,0x00000007be6fff20,0x00000007bf200000)
  to   space 13312K, 0% used [0x00000007bf300000,0x00000007bf300000,0x00000007c0000000)
 ParOldGen       total 1650688K, used 1613321K [0x00000006c0000000, 0x0000000724c00000, 0x000000076ab00000)
  object space 1650688K, 97% used [0x00000006c0000000,0x0000000722782580,0x0000000724c00000)
 Metaspace       used 101984K, capacity 111684K, committed 111896K, reserved 1146880K
  class space    used 13028K, capacity 15050K, committed 15144K, reserved 1048576K
Event: 113138.707 GC heap after
Heap after GC invocations=7593 (full 5):
 PSYoungGen      total 1384448K, used 799K [0x000000076ab00000, 0x00000007c0000000, 0x00000007c0000000)
  eden space 1371136K, 0% used [0x000000076ab00000,0x000000076ab00000,0x00000007be600000)
  from space 13312K, 6% used [0x00000007bf300000,0x00000007bf3c7d10,0x00000007c0000000)
  to   space 13312K, 0% used [0x00000007be600000,0x00000007be600000,0x00000007bf300000)
 ParOldGen       total 1650688K, used 1614529K [0x00000006c0000000, 0x0000000724c00000, 0x000000076ab00000)
  object space 1650688K, 97% used [0x00000006c0000000,0x00000007228b0670,0x0000000724c00000)
 Metaspace       used 101984K, capacity 111684K, committed 111896K, reserved 1146880K
  class space    used 13028K, capacity 15050K, committed 15144K, reserved 1048576K
}
Event: 113289.236 GC heap before
{Heap before GC invocations=7594 (full 5):
 PSYoungGen      total 1384448K, used 1371935K [0x000000076ab00000, 0x00000007c0000000, 0x00000007c0000000)
  eden space 1371136K, 100% used [0x000000076ab00000,0x00000007be600000,0x00000007be600000)
  from space 13312K, 6% used [0x00000007bf300000,0x00000007bf3c7d10,0x00000007c0000000)
  to   space 13312K, 0% used [0x00000007be600000,0x00000007be600000,0x00000007bf300000)
 ParOldGen       total 1650688K, used 1614529K [0x00000006c0000000, 0x0000000724c00000, 0x000000076ab00000)
  object space 1650688K, 97% used [0x00000006c0000000,0x00000007228b0670,0x0000000724c00000)
 Metaspace       used 101987K, capacity 111684K, committed 111896K, reserved 1146880K
  class space    used 13029K, capacity 15050K, committed 15144K, reserved 1048576K
Event: 113289.261 GC heap after
Heap after GC invocations=7594 (full 5):
 PSYoungGen      total 1382400K, used 11248K [0x000000076ab00000, 0x00000007c0000000, 0x00000007c0000000)
  eden space 1371136K, 0% used [0x000000076ab00000,0x000000076ab00000,0x00000007be600000)
  from space 11264K, 99% used [0x00000007be600000,0x00000007bf0fc208,0x00000007bf100000)
  to   space 14848K, 0% used [0x00000007bf180000,0x00000007bf180000,0x00000007c0000000)
 ParOldGen       total 1650688K, used 1614545K [0x00000006c0000000, 0x0000000724c00000, 0x000000076ab00000)
  object space 1650688K, 97% used [0x00000006c0000000,0x00000007228b4670,0x0000000724c00000)
 Metaspace       used 101987K, capacity 111684K, committed 111896K, reserved 1146880K
  class space    used 13029K, capacity 15050K, committed 15144K, reserved 1048576K
}
Event: 113302.895 GC heap before
{Heap before GC invocations=7595 (full 5):
 PSYoungGen      total 1382400K, used 1382384K [0x000000076ab00000, 0x00000007c0000000, 0x00000007c0000000)
  eden space 1371136K, 100% used [0x000000076ab00000,0x00000007be600000,0x00000007be600000)
  from space 11264K, 99% used [0x00000007be600000,0x00000007bf0fc208,0x00000007bf100000)
  to   space 14848K, 0% used [0x00000007bf180000,0x00000007bf180000,0x00000007c0000000)
 ParOldGen       total 1650688K, used 1614545K [0x00000006c0000000, 0x0000000724c00000, 0x000000076ab00000)
  object space 1650688K, 97% used [0x00000006c0000000,0x00000007228b4670,0x0000000724c00000)
 Metaspace       used 101987K, capacity 111684K, committed 111896K, reserved 1146880K
  class space    used 13029K, capacity 15050K, committed 15144K, reserved 1048576K
Event: 113302.965 GC heap after
Heap after GC invocations=7595 (full 5):
 PSYoungGen      total 1352192K, used 14832K [0x000000076ab00000, 0x00000007c0000000, 0x00000007c0000000)
  eden space 1337344K, 0% used [0x000000076ab00000,0x000000076ab00000,0x00000007bc500000)
  from space 14848K, 99% used [0x00000007bf180000,0x00000007bfffc260,0x00000007c0000000)
  to   space 30208K, 0% used [0x00000007bc500000,0x00000007bc500000,0x00000007be280000)
 ParOldGen       total 1650688K, used 1649288K [0x00000006c0000000, 0x0000000724c00000, 0x000000076ab00000)
  object space 1650688K, 99% used [0x00000006c0000000,0x0000000724aa2348,0x0000000724c00000)
 Metaspace       used 101987K, capacity 111684K, committed 111896K, reserved 1146880K
  class space    used 13029K, capacity 15050K, committed 15144K, reserved 1048576K
}
Event: 113302.965 GC heap before
{Heap before GC invocations=7596 (full 6):
 PSYoungGen      total 1352192K, used 14832K [0x000000076ab00000, 0x00000007c0000000, 0x00000007c0000000)
  eden space 1337344K, 0% used [0x000000076ab00000,0x000000076ab00000,0x00000007bc500000)
  from space 14848K, 99% used [0x00000007bf180000,0x00000007bfffc260,0x00000007c0000000)
  to   space 30208K, 0% used [0x00000007bc500000,0x00000007bc500000,0x00000007be280000)
 ParOldGen       total 1650688K, used 1649288K [0x00000006c0000000, 0x0000000724c00000, 0x000000076ab00000)
  object space 1650688K, 99% used [0x00000006c0000000,0x0000000724aa2348,0x0000000724c00000)
 Metaspace       used 101987K, capacity 111684K, committed 111896K, reserved 1146880K
  class space    used 13029K, capacity 15050K, committed 15144K, reserved 1048576K

