# JRE version: OpenJDK Runtime Environment (8.0_222-b10) (build 1.8.0_222-b10)
# Java VM: OpenJDK 64-Bit Server VM (25.222-b10 mixed mode linux-amd64 compressed oops)
Heap:
 PSYoungGen      total 915968K, used 43504K [0x000000076ec00000, 0x00000007b2f00000, 0x00000007c0000000)
  eden space 854016K, 0% used [0x000000076ec00000,0x000000076ec00000,0x00000007a2e00000)
  from space 61952K, 70% used [0x00000007af280000,0x00000007b1cfc0a0,0x00000007b2f00000)
  to   space 43520K, 0% used [0x00000007a2e00000,0x00000007a2e00000,0x00000007a5880000)
 ParOldGen       total 699392K, used 65985K [0x00000006cc400000, 0x00000006f6f00000, 0x000000076ec00000)
  object space 699392K, 9% used [0x00000006cc400000,0x00000006d0470648,0x00000006f6f00000)
 Metaspace       used 47240K, capacity 51099K, committed 51496K, reserved 1093632K
  class space    used 6549K, capacity 7598K, committed 7720K, reserved 1048576K
GC Heap History (15 events):
Event: 1.716 GC heap before
{Heap before GC invocations=1 (full 0):
 PSYoungGen      total 305664K, used 262144K [0x000000076ec00000, 0x0000000784100000, 0x00000007c0000000)
  eden space 262144K, 100% used [0x000000076ec00000,0x000000077ec00000,0x000000077ec00000)
  from space 43520K, 0% used [0x0000000781680000,0x0000000781680000,0x0000000784100000)
  to   space 43520K, 0% used [0x000000077ec00000,0x000000077ec00000,0x0000000781680000)
 ParOldGen       total 699392K, used 0K [0x00000006cc400000, 0x00000006f6f00000, 0x000000076ec00000)
  object space 699392K, 0% used [0x00000006cc400000,0x00000006cc400000,0x00000006f6f00000)
 Metaspace       used 16960K, capacity 17328K, committed 17536K, reserved 1064960K
  class space    used 1937K, capacity 2091K, committed 2176K, reserved 1048576K
Event: 1.739 GC heap after
Heap after GC invocations=1 (full 0):
 PSYoungGen      total 305664K, used 14213K [0x000000076ec00000, 0x0000000794100000, 0x00000007c0000000)
  eden space 262144K, 0% used [0x000000076ec00000,0x000000076ec00000,0x000000077ec00000)
  from space 43520K, 32% used [0x000000077ec00000,0x000000077f9e1628,0x0000000781680000)
  to   space 43520K, 0% used [0x0000000791680000,0x0000000791680000,0x0000000794100000)
 ParOldGen       total 699392K, used 80K [0x00000006cc400000, 0x00000006f6f00000, 0x000000076ec00000)
  object space 699392K, 0% used [0x00000006cc400000,0x00000006cc414010,0x00000006f6f00000)
 Metaspace       used 16960K, capacity 17328K, committed 17536K, reserved 1064960K
  class space    used 1937K, capacity 2091K, committed 2176K, reserved 1048576K
}
Event: 2.024 GC heap before
{Heap before GC invocations=2 (full 0):
 PSYoungGen      total 305664K, used 36988K [0x000000076ec00000, 0x0000000794100000, 0x00000007c0000000)
  eden space 262144K, 8% used [0x000000076ec00000,0x000000077023dad8,0x000000077ec00000)
  from space 43520K, 32% used [0x000000077ec00000,0x000000077f9e1628,0x0000000781680000)
  to   space 43520K, 0% used [0x0000000791680000,0x0000000791680000,0x0000000794100000)
 ParOldGen       total 699392K, used 80K [0x00000006cc400000, 0x00000006f6f00000, 0x000000076ec00000)
  object space 699392K, 0% used [0x00000006cc400000,0x00000006cc414010,0x00000006f6f00000)
 Metaspace       used 20762K, capacity 21104K, committed 21296K, reserved 1069056K
  class space    used 2487K, capacity 2625K, committed 2688K, reserved 1048576K
Event: 2.049 GC heap after
Heap after GC invocations=2 (full 0):
 PSYoungGen      total 567808K, used 13360K [0x000000076ec00000, 0x0000000794100000, 0x00000007c0000000)
  eden space 524288K, 0% used [0x000000076ec00000,0x000000076ec00000,0x000000078ec00000)
  from space 43520K, 30% used [0x0000000791680000,0x000000079238c258,0x0000000794100000)
  to   space 43520K, 0% used [0x000000078ec00000,0x000000078ec00000,0x0000000791680000)
 ParOldGen       total 699392K, used 88K [0x00000006cc400000, 0x00000006f6f00000, 0x000000076ec00000)
  object space 699392K, 0% used [0x00000006cc400000,0x00000006cc416010,0x00000006f6f00000)
 Metaspace       used 20762K, capacity 21104K, committed 21296K, reserved 1069056K
  class space    used 2487K, capacity 2625K, committed 2688K, reserved 1048576K
}
Event: 2.049 GC heap before
{Heap before GC invocations=3 (full 1):
 PSYoungGen      total 567808K, used 13360K [0x000000076ec00000, 0x0000000794100000, 0x00000007c0000000)
  eden space 524288K, 0% used [0x000000076ec00000,0x000000076ec00000,0x000000078ec00000)
  from space 43520K, 30% used [0x0000000791680000,0x000000079238c258,0x0000000794100000)
  to   space 43520K, 0% used [0x000000078ec00000,0x000000078ec00000,0x0000000791680000)
 ParOldGen       total 699392K, used 88K [0x00000006cc400000, 0x00000006f6f00000, 0x000000076ec00000)
  object space 699392K, 0% used [0x00000006cc400000,0x00000006cc416010,0x00000006f6f00000)
 Metaspace       used 20762K, capacity 21104K, committed 21296K, reserved 1069056K
  class space    used 2487K, capacity 2625K, committed 2688K, reserved 1048576K
Event: 2.101 GC heap after
Heap after GC invocations=3 (full 1):
 PSYoungGen      total 567808K, used 0K [0x000000076ec00000, 0x0000000794100000, 0x00000007c0000000)
  eden space 524288K, 0% used [0x000000076ec00000,0x000000076ec00000,0x000000078ec00000)
  from space 43520K, 0% used [0x0000000791680000,0x0000000791680000,0x0000000794100000)
  to   space 43520K, 0% used [0x000000078ec00000,0x000000078ec00000,0x0000000791680000)
 ParOldGen       total 699392K, used 12776K [0x00000006cc400000, 0x00000006f6f00000, 0x000000076ec00000)
  object space 699392K, 1% used [0x00000006cc400000,0x00000006cd07a0d0,0x00000006f6f00000)
 Metaspace       used 20762K, capacity 21104K, committed 21296K, reserved 1069056K
  class space    used 2487K, capacity 2625K, committed 2688K, reserved 1048576K
}
Event: 5.451 GC heap before
{Heap before GC invocations=4 (full 1):
 PSYoungGen      total 567808K, used 358748K [0x000000076ec00000, 0x0000000794100000, 0x00000007c0000000)
  eden space 524288K, 68% used [0x000000076ec00000,0x0000000784a57320,0x000000078ec00000)
  from space 43520K, 0% used [0x0000000791680000,0x0000000791680000,0x0000000794100000)
  to   space 43520K, 0% used [0x000000078ec00000,0x000000078ec00000,0x0000000791680000)
 ParOldGen       total 699392K, used 12776K [0x00000006cc400000, 0x00000006f6f00000, 0x000000076ec00000)
  object space 699392K, 1% used [0x00000006cc400000,0x00000006cd07a0d0,0x00000006f6f00000)
 Metaspace       used 33350K, capacity 35455K, committed 35496K, reserved 1079296K
  class space    used 4505K, capacity 5007K, committed 5032K, reserved 1048576K
Event: 5.580 GC heap after
Heap after GC invocations=4 (full 1):
 PSYoungGen      total 567808K, used 43509K [0x000000076ec00000, 0x00000007a8800000, 0x00000007c0000000)
  eden space 524288K, 0% used [0x000000076ec00000,0x000000076ec00000,0x000000078ec00000)
  from space 43520K, 99% used [0x000000078ec00000,0x000000079167d518,0x0000000791680000)
  to   space 43520K, 0% used [0x00000007a5d80000,0x00000007a5d80000,0x00000007a8800000)
 ParOldGen       total 699392K, used 24853K [0x00000006cc400000, 0x00000006f6f00000, 0x000000076ec00000)
  object space 699392K, 3% used [0x00000006cc400000,0x00000006cdc45670,0x00000006f6f00000)
 Metaspace       used 33350K, capacity 35455K, committed 35496K, reserved 1079296K
  class space    used 4505K, capacity 5007K, committed 5032K, reserved 1048576K
}
Event: 5.580 GC heap before
{Heap before GC invocations=5 (full 2):
 PSYoungGen      total 567808K, used 43509K [0x000000076ec00000, 0x00000007a8800000, 0x00000007c0000000)
  eden space 524288K, 0% used [0x000000076ec00000,0x000000076ec00000,0x000000078ec00000)
  from space 43520K, 99% used [0x000000078ec00000,0x000000079167d518,0x0000000791680000)
  to   space 43520K, 0% used [0x00000007a5d80000,0x00000007a5d80000,0x00000007a8800000)
 ParOldGen       total 699392K, used 24853K [0x00000006cc400000, 0x00000006f6f00000, 0x000000076ec00000)
  object space 699392K, 3% used [0x00000006cc400000,0x00000006cdc45670,0x00000006f6f00000)
 Metaspace       used 33350K, capacity 35455K, committed 35496K, reserved 1079296K
  class space    used 4505K, capacity 5007K, committed 5032K, reserved 1048576K
Event: 6.064 GC heap after
Heap after GC invocations=5 (full 2):
 PSYoungGen      total 567808K, used 0K [0x000000076ec00000, 0x00000007a8800000, 0x00000007c0000000)
  eden space 524288K, 0% used [0x000000076ec00000,0x000000076ec00000,0x000000078ec00000)
  from space 43520K, 0% used [0x000000078ec00000,0x000000078ec00000,0x0000000791680000)
  to   space 43520K, 0% used [0x00000007a5d80000,0x00000007a5d80000,0x00000007a8800000)
 ParOldGen       total 699392K, used 64931K [0x00000006cc400000, 0x00000006f6f00000, 0x000000076ec00000)
  object space 699392K, 9% used [0x00000006cc400000,0x00000006d0368f28,0x00000006f6f00000)
 Metaspace       used 33340K, capacity 35423K, committed 35496K, reserved 1079296K
  class space    used 4502K, capacity 5001K, committed 5032K, reserved 1048576K
}
Event: 8.935 GC heap before
{Heap before GC invocations=6 (full 2):
 PSYoungGen      total 567808K, used 524288K [0x000000076ec00000, 0x00000007a8800000, 0x00000007c0000000)
  eden space 524288K, 100% used [0x000000076ec00000,0x000000078ec00000,0x000000078ec00000)
  from space 43520K, 0% used [0x000000078ec00000,0x000000078ec00000,0x0000000791680000)
  to   space 43520K, 0% used [0x00000007a5d80000,0x00000007a5d80000,0x00000007a8800000)
 ParOldGen       total 699392K, used 64931K [0x00000006cc400000, 0x00000006f6f00000, 0x000000076ec00000)
  object space 699392K, 9% used [0x00000006cc400000,0x00000006d0368f28,0x00000006f6f00000)
 Metaspace       used 45385K, capacity 49167K, committed 49448K, reserved 1091584K
  class space    used 6302K, capacity 7338K, committed 7464K, reserved 1048576K
Event: 9.044 GC heap after
Heap after GC invocations=6 (full 2):
 PSYoungGen      total 749568K, used 37948K [0x000000076ec00000, 0x00000007a8300000, 0x00000007c0000000)
  eden space 711168K, 0% used [0x000000076ec00000,0x000000076ec00000,0x000000079a280000)
  from space 38400K, 98% used [0x00000007a5d80000,0x00000007a828f240,0x00000007a8300000)
  to   space 43520K, 0% used [0x00000007a2e00000,0x00000007a2e00000,0x00000007a5880000)
 ParOldGen       total 699392K, used 64939K [0x00000006cc400000, 0x00000006f6f00000, 0x000000076ec00000)
  object space 699392K, 9% used [0x00000006cc400000,0x00000006d036af28,0x00000006f6f00000)
 Metaspace       used 45385K, capacity 49167K, committed 49448K, reserved 1091584K
  class space    used 6302K, capacity 7338K, committed 7464K, reserved 1048576K
}
Event: 11.411 GC heap before
{Heap before GC invocations=7 (full 2):
 PSYoungGen      total 749568K, used 749116K [0x000000076ec00000, 0x00000007a8300000, 0x00000007c0000000)
  eden space 711168K, 100% used [0x000000076ec00000,0x000000079a280000,0x000000079a280000)
  from space 38400K, 98% used [0x00000007a5d80000,0x00000007a828f240,0x00000007a8300000)
  to   space 43520K, 0% used [0x00000007a2e00000,0x00000007a2e00000,0x00000007a5880000)
 ParOldGen       total 699392K, used 64939K [0x00000006cc400000, 0x00000006f6f00000, 0x000000076ec00000)
  object space 699392K, 9% used [0x00000006cc400000,0x00000006d036af28,0x00000006f6f00000)
 Metaspace       used 47240K, capacity 51099K, committed 51496K, reserved 1093632K
  class space    used 6549K, capacity 7598K, committed 7720K, reserved 1048576K
Event: 11.592 GC heap after
Heap after GC invocations=7 (full 2):
 PSYoungGen      total 897536K, used 43492K [0x000000076ec00000, 0x00000007b2f00000, 0x00000007c0000000)
  eden space 854016K, 0% used [0x000000076ec00000,0x000000076ec00000,0x00000007a2e00000)
  from space 43520K, 99% used [0x00000007a2e00000,0x00000007a58792a8,0x00000007a5880000)
  to   space 61952K, 0% used [0x00000007af280000,0x00000007af280000,0x00000007b2f00000)
 ParOldGen       total 699392K, used 65985K [0x00000006cc400000, 0x00000006f6f00000, 0x000000076ec00000)
  object space 699392K, 9% used [0x00000006cc400000,0x00000006d0470648,0x00000006f6f00000)
 Metaspace       used 47240K, capacity 51099K, committed 51496K, reserved 1093632K
  class space    used 6549K, capacity 7598K, committed 7720K, reserved 1048576K
}
Event: 12.806 GC heap before
{Heap before GC invocations=8 (full 2):
 PSYoungGen      total 897536K, used 897508K [0x000000076ec00000, 0x00000007b2f00000, 0x00000007c0000000)
  eden space 854016K, 100% used [0x000000076ec00000,0x00000007a2e00000,0x00000007a2e00000)
  from space 43520K, 99% used [0x00000007a2e00000,0x00000007a58792a8,0x00000007a5880000)
  to   space 61952K, 0% used [0x00000007af280000,0x00000007af280000,0x00000007b2f00000)
 ParOldGen       total 699392K, used 65985K [0x00000006cc400000, 0x00000006f6f00000, 0x000000076ec00000)
  object space 699392K, 9% used [0x00000006cc400000,0x00000006d0470648,0x00000006f6f00000)
 Metaspace       used 47240K, capacity 51099K, committed 51496K, reserved 1093632K
  class space    used 6549K, capacity 7598K, committed 7720K, reserved 1048576K

