# JRE version: OpenJDK Runtime Environment (8.0_222-b10) (build 1.8.0_222-b10)
# Java VM: OpenJDK 64-Bit Server VM (25.222-b10 mixed mode linux-amd64 compressed oops)
Heap:
 PSYoungGen      total 899584K, used 28096K [0x000000076ec00000, 0x00000007ac280000, 0x00000007c0000000)
  eden space 841216K, 0% used [0x000000076ec00000,0x000000076ec00000,0x00000007a2180000)
  from space 58368K, 48% used [0x00000007a8980000,0x00000007aa4f0080,0x00000007ac280000)
  to   space 43520K, 0% used [0x00000007a2180000,0x00000007a2180000,0x00000007a4c00000)
 ParOldGen       total 721408K, used 80059K [0x00000006cc400000, 0x00000006f8480000, 0x000000076ec00000)
  object space 721408K, 11% used [0x00000006cc400000,0x00000006d122ec68,0x00000006f8480000)
 Metaspace       used 47265K, capacity 51099K, committed 51496K, reserved 1093632K
  class space    used 6548K, capacity 7598K, committed 7720K, reserved 1048576K
GC Heap History (15 events):
Event: 2.129 GC heap before
{Heap before GC invocations=1 (full 0):
 PSYoungGen      total 305664K, used 262144K [0x000000076ec00000, 0x0000000784100000, 0x00000007c0000000)
  eden space 262144K, 100% used [0x000000076ec00000,0x000000077ec00000,0x000000077ec00000)
  from space 43520K, 0% used [0x0000000781680000,0x0000000781680000,0x0000000784100000)
  to   space 43520K, 0% used [0x000000077ec00000,0x000000077ec00000,0x0000000781680000)
 ParOldGen       total 699392K, used 0K [0x00000006cc400000, 0x00000006f6f00000, 0x000000076ec00000)
  object space 699392K, 0% used [0x00000006cc400000,0x00000006cc400000,0x00000006f6f00000)
 Metaspace       used 17005K, capacity 17392K, committed 17536K, reserved 1064960K
  class space    used 1937K, capacity 2091K, committed 2176K, reserved 1048576K
Event: 2.155 GC heap after
Heap after GC invocations=1 (full 0):
 PSYoungGen      total 305664K, used 14181K [0x000000076ec00000, 0x0000000794100000, 0x00000007c0000000)
  eden space 262144K, 0% used [0x000000076ec00000,0x000000076ec00000,0x000000077ec00000)
  from space 43520K, 32% used [0x000000077ec00000,0x000000077f9d9728,0x0000000781680000)
  to   space 43520K, 0% used [0x0000000791680000,0x0000000791680000,0x0000000794100000)
 ParOldGen       total 699392K, used 80K [0x00000006cc400000, 0x00000006f6f00000, 0x000000076ec00000)
  object space 699392K, 0% used [0x00000006cc400000,0x00000006cc414010,0x00000006f6f00000)
 Metaspace       used 17005K, capacity 17392K, committed 17536K, reserved 1064960K
  class space    used 1937K, capacity 2091K, committed 2176K, reserved 1048576K
}
Event: 2.425 GC heap before
{Heap before GC invocations=2 (full 0):
 PSYoungGen      total 305664K, used 36746K [0x000000076ec00000, 0x0000000794100000, 0x00000007c0000000)
  eden space 262144K, 8% used [0x000000076ec00000,0x0000000770209418,0x000000077ec00000)
  from space 43520K, 32% used [0x000000077ec00000,0x000000077f9d9728,0x0000000781680000)
  to   space 43520K, 0% used [0x0000000791680000,0x0000000791680000,0x0000000794100000)
 ParOldGen       total 699392K, used 80K [0x00000006cc400000, 0x00000006f6f00000, 0x000000076ec00000)
  object space 699392K, 0% used [0x00000006cc400000,0x00000006cc414010,0x00000006f6f00000)
 Metaspace       used 20713K, capacity 21102K, committed 21296K, reserved 1069056K
  class space    used 2477K, capacity 2624K, committed 2688K, reserved 1048576K
Event: 2.443 GC heap after
Heap after GC invocations=2 (full 0):
 PSYoungGen      total 567808K, used 13271K [0x000000076ec00000, 0x0000000794100000, 0x00000007c0000000)
  eden space 524288K, 0% used [0x000000076ec00000,0x000000076ec00000,0x000000078ec00000)
  from space 43520K, 30% used [0x0000000791680000,0x0000000792375ec8,0x0000000794100000)
  to   space 43520K, 0% used [0x000000078ec00000,0x000000078ec00000,0x0000000791680000)
 ParOldGen       total 699392K, used 88K [0x00000006cc400000, 0x00000006f6f00000, 0x000000076ec00000)
  object space 699392K, 0% used [0x00000006cc400000,0x00000006cc416010,0x00000006f6f00000)
 Metaspace       used 20713K, capacity 21102K, committed 21296K, reserved 1069056K
  class space    used 2477K, capacity 2624K, committed 2688K, reserved 1048576K
}
Event: 2.443 GC heap before
{Heap before GC invocations=3 (full 1):
 PSYoungGen      total 567808K, used 13271K [0x000000076ec00000, 0x0000000794100000, 0x00000007c0000000)
  eden space 524288K, 0% used [0x000000076ec00000,0x000000076ec00000,0x000000078ec00000)
  from space 43520K, 30% used [0x0000000791680000,0x0000000792375ec8,0x0000000794100000)
  to   space 43520K, 0% used [0x000000078ec00000,0x000000078ec00000,0x0000000791680000)
 ParOldGen       total 699392K, used 88K [0x00000006cc400000, 0x00000006f6f00000, 0x000000076ec00000)
  object space 699392K, 0% used [0x00000006cc400000,0x00000006cc416010,0x00000006f6f00000)
 Metaspace       used 20713K, capacity 21102K, committed 21296K, reserved 1069056K
  class space    used 2477K, capacity 2624K, committed 2688K, reserved 1048576K
Event: 2.499 GC heap after
Heap after GC invocations=3 (full 1):
 PSYoungGen      total 567808K, used 0K [0x000000076ec00000, 0x0000000794100000, 0x00000007c0000000)
  eden space 524288K, 0% used [0x000000076ec00000,0x000000076ec00000,0x000000078ec00000)
  from space 43520K, 0% used [0x0000000791680000,0x0000000791680000,0x0000000794100000)
  to   space 43520K, 0% used [0x000000078ec00000,0x000000078ec00000,0x0000000791680000)
 ParOldGen       total 699392K, used 12727K [0x00000006cc400000, 0x00000006f6f00000, 0x000000076ec00000)
  object space 699392K, 1% used [0x00000006cc400000,0x00000006cd06dd08,0x00000006f6f00000)
 Metaspace       used 20713K, capacity 21102K, committed 21296K, reserved 1069056K
  class space    used 2477K, capacity 2624K, committed 2688K, reserved 1048576K
}
Event: 5.875 GC heap before
{Heap before GC invocations=4 (full 1):
 PSYoungGen      total 567808K, used 468337K [0x000000076ec00000, 0x0000000794100000, 0x00000007c0000000)
  eden space 524288K, 89% used [0x000000076ec00000,0x000000078b55c6f8,0x000000078ec00000)
  from space 43520K, 0% used [0x0000000791680000,0x0000000791680000,0x0000000794100000)
  to   space 43520K, 0% used [0x000000078ec00000,0x000000078ec00000,0x0000000791680000)
 ParOldGen       total 699392K, used 12727K [0x00000006cc400000, 0x00000006f6f00000, 0x000000076ec00000)
  object space 699392K, 1% used [0x00000006cc400000,0x00000006cd06dd08,0x00000006f6f00000)
 Metaspace       used 33373K, capacity 35445K, committed 35496K, reserved 1079296K
  class space    used 4500K, capacity 5006K, committed 5032K, reserved 1048576K
Event: 6.059 GC heap after
Heap after GC invocations=4 (full 1):
 PSYoungGen      total 567808K, used 43493K [0x000000076ec00000, 0x00000007a8c00000, 0x00000007c0000000)
  eden space 524288K, 0% used [0x000000076ec00000,0x000000076ec00000,0x000000078ec00000)
  from space 43520K, 99% used [0x000000078ec00000,0x0000000791679508,0x0000000791680000)
  to   space 43520K, 0% used [0x00000007a6180000,0x00000007a6180000,0x00000007a8c00000)
 ParOldGen       total 699392K, used 40026K [0x00000006cc400000, 0x00000006f6f00000, 0x000000076ec00000)
  object space 699392K, 5% used [0x00000006cc400000,0x00000006ceb16b30,0x00000006f6f00000)
 Metaspace       used 33373K, capacity 35445K, committed 35496K, reserved 1079296K
  class space    used 4500K, capacity 5006K, committed 5032K, reserved 1048576K
}
Event: 6.059 GC heap before
{Heap before GC invocations=5 (full 2):
 PSYoungGen      total 567808K, used 43493K [0x000000076ec00000, 0x00000007a8c00000, 0x00000007c0000000)
  eden space 524288K, 0% used [0x000000076ec00000,0x000000076ec00000,0x000000078ec00000)
  from space 43520K, 99% used [0x000000078ec00000,0x0000000791679508,0x0000000791680000)
  to   space 43520K, 0% used [0x00000007a6180000,0x00000007a6180000,0x00000007a8c00000)
 ParOldGen       total 699392K, used 40026K [0x00000006cc400000, 0x00000006f6f00000, 0x000000076ec00000)
  object space 699392K, 5% used [0x00000006cc400000,0x00000006ceb16b30,0x00000006f6f00000)
 Metaspace       used 33373K, capacity 35445K, committed 35496K, reserved 1079296K
  class space    used 4500K, capacity 5006K, committed 5032K, reserved 1048576K
Event: 6.737 GC heap after
Heap after GC invocations=5 (full 2):
 PSYoungGen      total 567808K, used 0K [0x000000076ec00000, 0x00000007a8c00000, 0x00000007c0000000)
  eden space 524288K, 0% used [0x000000076ec00000,0x000000076ec00000,0x000000078ec00000)
  from space 43520K, 0% used [0x000000078ec00000,0x000000078ec00000,0x0000000791680000)
  to   space 43520K, 0% used [0x00000007a6180000,0x00000007a6180000,0x00000007a8c00000)
 ParOldGen       total 721408K, used 80051K [0x00000006cc400000, 0x00000006f8480000, 0x000000076ec00000)
  object space 721408K, 11% used [0x00000006cc400000,0x00000006d122cc68,0x00000006f8480000)
 Metaspace       used 33365K, capacity 35423K, committed 35496K, reserved 1079296K
  class space    used 4497K, capacity 5001K, committed 5032K, reserved 1048576K
}
Event: 8.592 GC heap before
{Heap before GC invocations=6 (full 2):
 PSYoungGen      total 567808K, used 524288K [0x000000076ec00000, 0x00000007a8c00000, 0x00000007c0000000)
  eden space 524288K, 100% used [0x000000076ec00000,0x000000078ec00000,0x000000078ec00000)
  from space 43520K, 0% used [0x000000078ec00000,0x000000078ec00000,0x0000000791680000)
  to   space 43520K, 0% used [0x00000007a6180000,0x00000007a6180000,0x00000007a8c00000)
 ParOldGen       total 721408K, used 80051K [0x00000006cc400000, 0x00000006f8480000, 0x000000076ec00000)
  object space 721408K, 11% used [0x00000006cc400000,0x00000006d122cc68,0x00000006f8480000)
 Metaspace       used 42386K, capacity 46205K, committed 46504K, reserved 1089536K
  class space    used 5946K, capacity 6963K, committed 7080K, reserved 1048576K
Event: 8.655 GC heap after
Heap after GC invocations=6 (full 2):
 PSYoungGen      total 696320K, used 21191K [0x000000076ec00000, 0x00000007a7680000, 0x00000007c0000000)
  eden space 674816K, 0% used [0x000000076ec00000,0x000000076ec00000,0x0000000797f00000)
  from space 21504K, 98% used [0x00000007a6180000,0x00000007a7631c20,0x00000007a7680000)
  to   space 43520K, 0% used [0x00000007a2180000,0x00000007a2180000,0x00000007a4c00000)
 ParOldGen       total 721408K, used 80051K [0x00000006cc400000, 0x00000006f8480000, 0x000000076ec00000)
  object space 721408K, 11% used [0x00000006cc400000,0x00000006d122cc68,0x00000006f8480000)
 Metaspace       used 42386K, capacity 46205K, committed 46504K, reserved 1089536K
  class space    used 5946K, capacity 6963K, committed 7080K, reserved 1048576K
}
Event: 10.872 GC heap before
{Heap before GC invocations=7 (full 2):
 PSYoungGen      total 696320K, used 696007K [0x000000076ec00000, 0x00000007a7680000, 0x00000007c0000000)
  eden space 674816K, 100% used [0x000000076ec00000,0x0000000797f00000,0x0000000797f00000)
  from space 21504K, 98% used [0x00000007a6180000,0x00000007a7631c20,0x00000007a7680000)
  to   space 43520K, 0% used [0x00000007a2180000,0x00000007a2180000,0x00000007a4c00000)
 ParOldGen       total 721408K, used 80051K [0x00000006cc400000, 0x00000006f8480000, 0x000000076ec00000)
  object space 721408K, 11% used [0x00000006cc400000,0x00000006d122cc68,0x00000006f8480000)
 Metaspace       used 47264K, capacity 51099K, committed 51496K, reserved 1093632K
  class space    used 6548K, capacity 7598K, committed 7720K, reserved 1048576K
Event: 11.013 GC heap after
Heap after GC invocations=7 (full 2):
 PSYoungGen      total 884736K, used 30364K [0x000000076ec00000, 0x00000007ac280000, 0x00000007c0000000)
  eden space 841216K, 0% used [0x000000076ec00000,0x000000076ec00000,0x00000007a2180000)
  from space 43520K, 69% used [0x00000007a2180000,0x00000007a3f270f0,0x00000007a4c00000)
  to   space 58368K, 0% used [0x00000007a8980000,0x00000007a8980000,0x00000007ac280000)
 ParOldGen       total 721408K, used 80059K [0x00000006cc400000, 0x00000006f8480000, 0x000000076ec00000)
  object space 721408K, 11% used [0x00000006cc400000,0x00000006d122ec68,0x00000006f8480000)
 Metaspace       used 47264K, capacity 51099K, committed 51496K, reserved 1093632K
  class space    used 6548K, capacity 7598K, committed 7720K, reserved 1048576K
}
Event: 12.354 GC heap before
{Heap before GC invocations=8 (full 2):
 PSYoungGen      total 884736K, used 871580K [0x000000076ec00000, 0x00000007ac280000, 0x00000007c0000000)
  eden space 841216K, 100% used [0x000000076ec00000,0x00000007a2180000,0x00000007a2180000)
  from space 43520K, 69% used [0x00000007a2180000,0x00000007a3f270f0,0x00000007a4c00000)
  to   space 58368K, 0% used [0x00000007a8980000,0x00000007a8980000,0x00000007ac280000)
 ParOldGen       total 721408K, used 80059K [0x00000006cc400000, 0x00000006f8480000, 0x000000076ec00000)
  object space 721408K, 11% used [0x00000006cc400000,0x00000006d122ec68,0x00000006f8480000)
 Metaspace       used 47265K, capacity 51099K, committed 51496K, reserved 1093632K
  class space    used 6548K, capacity 7598K, committed 7720K, reserved 1048576K

